TpTrace Verbose: 0 : 28804, 1, 2024/04/25, 16:19:37.828, 8024999433612, vstest.console.dll, Version: 17.9.0-release-24072-02 Current process architecture: X64
TpTrace Verbose: 0 : 28804, 1, 2024/04/25, 16:19:37.831, 8024999460514, vstest.console.dll, Runtime location: C:\Program Files\dotnet\shared\Microsoft.NETCore.App\8.0.3
TpTrace Verbose: 0 : 28804, 1, 2024/04/25, 16:19:37.833, 8024999479618, vstest.console.dll, ArtifactProcessingPostProcessModeProcessorExecutor.Initialize: ArtifactProcessingMode.Collect
TpTrace Verbose: 0 : 28804, 1, 2024/04/25, 16:19:37.833, 8024999481030, vstest.console.dll, TestSessionCorrelationIdProcessorModeProcessorExecutor.Initialize: TestSessionCorrelationId '17340_1ff78856-6a7f-44bf-8f40-76ed06a4f48b'
TpTrace Information: 0 : 28804, 1, 2024/04/25, 16:19:37.841, 8024999556681, vstest.console.dll, FilePatternParser: The given file C:\dotNet\Day11\ShoppingAppSolution\ShoppingAppDALTests\bin\Debug\net8.0\fine-code-coverage\build-output\ShoppingAppDALTests.dll is a full path.
TpTrace Verbose: 0 : 28804, 1, 2024/04/25, 16:19:37.845, 8024999596980, vstest.console.dll, TestPluginCache.DiscoverTestExtensions: finding test extensions in assemblies ends with: RuntimeProvider.dll TPluginInfo: Microsoft.VisualStudio.TestPlatform.Common.ExtensionFramework.Utilities.TestRuntimePluginInformation TExtension: Microsoft.VisualStudio.TestPlatform.ObjectModel.Host.ITestRuntimeProvider
TpTrace Verbose: 0 : 28804, 1, 2024/04/25, 16:19:37.845, 8024999600343, vstest.console.dll, TestPluginCache.GetExtensionPaths: Filtered extension paths: 
TpTrace Verbose: 0 : 28804, 1, 2024/04/25, 16:19:37.845, 8024999601214, vstest.console.dll, TestPluginCache.GetExtensionPaths: Added default extension paths: C:\Program Files\dotnet\sdk\8.0.202\Extensions\Microsoft.Diagnostics.NETCore.Client.dll
C:\Program Files\dotnet\sdk\8.0.202\Extensions\Microsoft.TestPlatform.Extensions.BlameDataCollector.dll
C:\Program Files\dotnet\sdk\8.0.202\Extensions\Microsoft.TestPlatform.Extensions.EventLogCollector.dll
C:\Program Files\dotnet\sdk\8.0.202\Extensions\Microsoft.TestPlatform.TestHostRuntimeProvider.dll
C:\Program Files\dotnet\sdk\8.0.202\Extensions\Microsoft.VisualStudio.TestPlatform.Extensions.Html.TestLogger.dll
C:\Program Files\dotnet\sdk\8.0.202\Extensions\Microsoft.VisualStudio.TestPlatform.Extensions.Trx.TestLogger.dll
TpTrace Verbose: 0 : 28804, 1, 2024/04/25, 16:19:37.845, 8024999601505, vstest.console.dll, TestPluginCache.GetExtensionPaths: Added unfilterableExtensionPaths: 
TpTrace Information: 0 : 28804, 1, 2024/04/25, 16:19:37.845, 8024999605831, vstest.console.dll, AssemblyResolver.ctor: Creating AssemblyResolver with searchDirectories C:\Program Files\dotnet\sdk\8.0.202\Extensions,C:\Program Files\dotnet\sdk\8.0.202
TpTrace Verbose: 0 : 28804, 1, 2024/04/25, 16:19:37.847, 8024999623671, vstest.console.dll, TestPluginCache.DiscoverTestExtensions: Discovering the extensions using extension path.
TpTrace Verbose: 0 : 28804, 1, 2024/04/25, 16:19:37.847, 8024999625681, vstest.console.dll, TestPluginCache.GetExtensionPaths: Filtered extension paths: 
TpTrace Verbose: 0 : 28804, 1, 2024/04/25, 16:19:37.848, 8024999626114, vstest.console.dll, TestPluginCache.GetExtensionPaths: Added default extension paths: C:\Program Files\dotnet\sdk\8.0.202\Extensions\Microsoft.Diagnostics.NETCore.Client.dll
C:\Program Files\dotnet\sdk\8.0.202\Extensions\Microsoft.TestPlatform.Extensions.BlameDataCollector.dll
C:\Program Files\dotnet\sdk\8.0.202\Extensions\Microsoft.TestPlatform.Extensions.EventLogCollector.dll
C:\Program Files\dotnet\sdk\8.0.202\Extensions\Microsoft.TestPlatform.TestHostRuntimeProvider.dll
C:\Program Files\dotnet\sdk\8.0.202\Extensions\Microsoft.VisualStudio.TestPlatform.Extensions.Html.TestLogger.dll
C:\Program Files\dotnet\sdk\8.0.202\Extensions\Microsoft.VisualStudio.TestPlatform.Extensions.Trx.TestLogger.dll
TpTrace Verbose: 0 : 28804, 1, 2024/04/25, 16:19:37.848, 8024999626406, vstest.console.dll, TestPluginCache.GetExtensionPaths: Added unfilterableExtensionPaths: 
TpTrace Verbose: 0 : 28804, 1, 2024/04/25, 16:19:37.848, 8024999627026, vstest.console.dll, TestPluginCache.DiscoverTestExtensions: Discovering the extensions using allExtensionPaths: C:\Program Files\dotnet\sdk\8.0.202\Extensions\Microsoft.Diagnostics.NETCore.Client.dll
C:\Program Files\dotnet\sdk\8.0.202\Extensions\Microsoft.TestPlatform.Extensions.BlameDataCollector.dll
C:\Program Files\dotnet\sdk\8.0.202\Extensions\Microsoft.TestPlatform.Extensions.EventLogCollector.dll
C:\Program Files\dotnet\sdk\8.0.202\Extensions\Microsoft.TestPlatform.TestHostRuntimeProvider.dll
C:\Program Files\dotnet\sdk\8.0.202\Extensions\Microsoft.VisualStudio.TestPlatform.Extensions.Html.TestLogger.dll
C:\Program Files\dotnet\sdk\8.0.202\Extensions\Microsoft.VisualStudio.TestPlatform.Extensions.Trx.TestLogger.dll
TpTrace Information: 0 : 28804, 1, 2024/04/25, 16:19:37.848, 8024999628464, vstest.console.dll, AssemblyResolver.AddSearchDirectories: Adding more searchDirectories C:\Program Files\dotnet\sdk\8.0.202\Extensions,C:\Program Files\dotnet\sdk\8.0.202
TpTrace Information: 0 : 28804, 1, 2024/04/25, 16:19:37.848, 8024999628969, vstest.console.dll, AssemblyResolver.AddSearchDirectories: Adding more searchDirectories C:\Program Files\dotnet\sdk\8.0.202\Extensions,C:\Program Files\dotnet\sdk\8.0.202
TpTrace Information: 0 : 28804, 1, 2024/04/25, 16:19:37.848, 8024999629484, vstest.console.dll, AssemblyResolver.AddSearchDirectories: Adding more searchDirectories C:\Program Files\dotnet\sdk\8.0.202\Extensions,C:\Program Files\dotnet\sdk\8.0.202
TpTrace Information: 0 : 28804, 1, 2024/04/25, 16:19:37.848, 8024999629796, vstest.console.dll, AssemblyResolver.AddSearchDirectories: Adding more searchDirectories C:\Program Files\dotnet\sdk\8.0.202\Extensions,C:\Program Files\dotnet\sdk\8.0.202
TpTrace Information: 0 : 28804, 1, 2024/04/25, 16:19:37.848, 8024999630142, vstest.console.dll, AssemblyResolver.AddSearchDirectories: Adding more searchDirectories C:\Program Files\dotnet\sdk\8.0.202\Extensions,C:\Program Files\dotnet\sdk\8.0.202
TpTrace Information: 0 : 28804, 1, 2024/04/25, 16:19:37.848, 8024999631478, vstest.console.dll, AssemblyResolver.AddSearchDirectories: Adding more searchDirectories C:\Program Files\dotnet\sdk\8.0.202\Extensions,C:\Program Files\dotnet\sdk\8.0.202
TpTrace Information: 0 : 28804, 1, 2024/04/25, 16:19:37.849, 8024999637409, vstest.console.dll, AssemblyResolver.OnResolve: Microsoft.Diagnostics.NETCore.Client: Resolving assembly.
TpTrace Information: 0 : 28804, 1, 2024/04/25, 16:19:37.849, 8024999638061, vstest.console.dll, AssemblyResolver.OnResolve: Microsoft.Diagnostics.NETCore.Client: Searching in: 'C:\Program Files\dotnet\sdk\8.0.202\Extensions'.
TpTrace Information: 0 : 28804, 1, 2024/04/25, 16:19:37.856, 8024999708015, vstest.console.dll, AssemblyResolver.OnResolve: Microsoft.Diagnostics.NETCore.Client: Loading assembly 'C:\Program Files\dotnet\sdk\8.0.202\Extensions\Microsoft.Diagnostics.NETCore.Client.dll'.
TpTrace Information: 0 : 28804, 1, 2024/04/25, 16:19:37.857, 8024999719769, vstest.console.dll, AssemblyResolver.OnResolve: Resolved assembly: Microsoft.Diagnostics.NETCore.Client, from path: C:\Program Files\dotnet\sdk\8.0.202\Extensions\Microsoft.Diagnostics.NETCore.Client.dll
TpTrace Verbose: 0 : 28804, 1, 2024/04/25, 16:19:37.861, 8024999763388, vstest.console.dll, MetadataReaderExtensionsHelper: Discovering extensions inside assembly 'Microsoft.Diagnostics.NETCore.Client, Version=0.2.9.2401, Culture=neutral, PublicKeyToken=31bf3856ad364e35' file path 'C:\Program Files\dotnet\sdk\8.0.202\Extensions\Microsoft.Diagnostics.NETCore.Client.dll'
TpTrace Information: 0 : 28804, 1, 2024/04/25, 16:19:37.866, 8024999808339, vstest.console.dll, AssemblyResolver.OnResolve: Microsoft.Bcl.AsyncInterfaces: Resolving assembly.
TpTrace Information: 0 : 28804, 1, 2024/04/25, 16:19:37.866, 8024999809494, vstest.console.dll, AssemblyResolver.OnResolve: Microsoft.Bcl.AsyncInterfaces: Searching in: 'C:\Program Files\dotnet\sdk\8.0.202\Extensions'.
TpTrace Information: 0 : 28804, 1, 2024/04/25, 16:19:37.866, 8024999810791, vstest.console.dll, AssemblyResolver.OnResolve: Microsoft.Bcl.AsyncInterfaces: Assembly path does not exist: 'C:\Program Files\dotnet\sdk\8.0.202\Extensions\Microsoft.Bcl.AsyncInterfaces.dll', returning.
TpTrace Information: 0 : 28804, 1, 2024/04/25, 16:19:37.866, 8024999811594, vstest.console.dll, AssemblyResolver.OnResolve: Microsoft.Bcl.AsyncInterfaces: Assembly path does not exist: 'C:\Program Files\dotnet\sdk\8.0.202\Extensions\Microsoft.Bcl.AsyncInterfaces.exe', returning.
TpTrace Information: 0 : 28804, 1, 2024/04/25, 16:19:37.866, 8024999811941, vstest.console.dll, AssemblyResolver.OnResolve: Microsoft.Bcl.AsyncInterfaces: Searching in: 'C:\Program Files\dotnet\sdk\8.0.202'.
TpTrace Information: 0 : 28804, 1, 2024/04/25, 16:19:37.866, 8024999812379, vstest.console.dll, AssemblyResolver.OnResolve: Microsoft.Bcl.AsyncInterfaces: Assembly path does not exist: 'C:\Program Files\dotnet\sdk\8.0.202\Microsoft.Bcl.AsyncInterfaces.dll', returning.
TpTrace Information: 0 : 28804, 1, 2024/04/25, 16:19:37.866, 8024999812750, vstest.console.dll, AssemblyResolver.OnResolve: Microsoft.Bcl.AsyncInterfaces: Assembly path does not exist: 'C:\Program Files\dotnet\sdk\8.0.202\Microsoft.Bcl.AsyncInterfaces.exe', returning.
TpTrace Information: 0 : 28804, 1, 2024/04/25, 16:19:37.866, 8024999812967, vstest.console.dll, AssemblyResolver.OnResolve: Microsoft.Bcl.AsyncInterfaces: Failed to load assembly.
TpTrace Verbose: 0 : 28804, 1, 2024/04/25, 16:19:37.866, 8024999813278, vstest.console.dll, CurrentDomainAssemblyResolve: Resolving assembly 'Microsoft.Bcl.AsyncInterfaces'.
TpTrace Information: 0 : 28804, 1, 2024/04/25, 16:19:37.866, 8024999813804, vstest.console.dll, AssemblyResolver.OnResolve: Microsoft.Bcl.AsyncInterfaces: Resolving assembly.
TpTrace Information: 0 : 28804, 1, 2024/04/25, 16:19:37.866, 8024999814120, vstest.console.dll, AssemblyResolver.OnResolve: Microsoft.Bcl.AsyncInterfaces: Resolved from cache.
TpTrace Verbose: 0 : 28804, 1, 2024/04/25, 16:19:37.866, 8024999814330, vstest.console.dll, CurrentDomainAssemblyResolve: Resolving assembly 'Microsoft.Bcl.AsyncInterfaces'.
TpTrace Verbose: 0 : 28804, 1, 2024/04/25, 16:19:37.866, 8024999814640, vstest.console.dll, CurrentDomainAssemblyResolve: Failed to resolve assembly 'Microsoft.Bcl.AsyncInterfaces'.
TpTrace Verbose: 0 : 28804, 1, 2024/04/25, 16:19:37.867, 8024999822177, vstest.console.dll, CurrentDomainAssemblyResolve: Failed to resolve assembly 'Microsoft.Bcl.AsyncInterfaces'.
TpTrace Warning: 0 : 28804, 1, 2024/04/25, 16:19:37.877, 8024999924984, vstest.console.dll, TestPluginDiscoverer: Failed to get types from assembly 'Microsoft.Diagnostics.NETCore.Client, Version=0.2.9.2401, Culture=neutral, PublicKeyToken=31bf3856ad364e35'. Error: System.Reflection.ReflectionTypeLoadException: Unable to load one or more of the requested types.
Could not load file or assembly 'Microsoft.Bcl.AsyncInterfaces, Version=6.0.0.0, Culture=neutral, PublicKeyToken=cc7b13ffcd2ddd51'. The system cannot find the file specified.
   at System.Reflection.RuntimeModule.GetTypes(RuntimeModule module)
   at System.Reflection.RuntimeModule.GetTypes()
   at Microsoft.VisualStudio.TestPlatform.Common.ExtensionFramework.TestPluginDiscoverer.GetTestExtensionsFromAssembly[TPluginInfo,TExtension](Assembly assembly, Dictionary`2 pluginInfos, String filePath) in /_/src/Microsoft.TestPlatform.Common/ExtensionFramework/TestPluginDiscoverer.cs:line 158
System.IO.FileNotFoundException: Could not load file or assembly 'Microsoft.Bcl.AsyncInterfaces, Version=6.0.0.0, Culture=neutral, PublicKeyToken=cc7b13ffcd2ddd51'. The system cannot find the file specified.
File name: 'Microsoft.Bcl.AsyncInterfaces, Version=6.0.0.0, Culture=neutral, PublicKeyToken=cc7b13ffcd2ddd51'
 ---> System.IO.FileNotFoundException: Could not load file or assembly 'Microsoft.Bcl.AsyncInterfaces, Culture=neutral, PublicKeyToken=null'. The system cannot find the file specified.
File name: 'Microsoft.Bcl.AsyncInterfaces, Culture=neutral, PublicKeyToken=null'
   at System.Reflection.RuntimeAssembly.InternalLoad(AssemblyName assemblyName, StackCrawlMark& stackMark, AssemblyLoadContext assemblyLoadContext, RuntimeAssembly requestingAssembly, Boolean throwOnFileNotFound)
   at System.Reflection.Assembly.Load(AssemblyName assemblyRef)
   at Microsoft.VisualStudio.TestPlatform.Common.ExtensionFramework.TestPluginCache.CurrentDomainAssemblyResolve(Object sender, AssemblyResolveEventArgs args) in /_/src/Microsoft.TestPlatform.Common/ExtensionFramework/TestPluginCache.cs:line 513
   at System.Runtime.Loader.AssemblyLoadContext.GetFirstResolvedAssemblyFromResolvingEvent(AssemblyName assemblyName)
   at System.Runtime.Loader.AssemblyLoadContext.ResolveUsingEvent(AssemblyName assemblyName)
   at System.Runtime.Loader.AssemblyLoadContext.ResolveUsingResolvingEvent(IntPtr gchManagedAssemblyLoadContext, AssemblyName assemblyName)
TpTrace Warning: 0 : 28804, 1, 2024/04/25, 16:19:37.878, 8024999928287, vstest.console.dll, LoaderExceptions: System.IO.FileNotFoundException: Could not load file or assembly 'Microsoft.Bcl.AsyncInterfaces, Version=6.0.0.0, Culture=neutral, PublicKeyToken=cc7b13ffcd2ddd51'. The system cannot find the file specified.
File name: 'Microsoft.Bcl.AsyncInterfaces, Version=6.0.0.0, Culture=neutral, PublicKeyToken=cc7b13ffcd2ddd51'
 ---> System.IO.FileNotFoundException: Could not load file or assembly 'Microsoft.Bcl.AsyncInterfaces, Culture=neutral, PublicKeyToken=null'. The system cannot find the file specified.
File name: 'Microsoft.Bcl.AsyncInterfaces, Culture=neutral, PublicKeyToken=null'
   at System.Reflection.RuntimeAssembly.InternalLoad(AssemblyName assemblyName, StackCrawlMark& stackMark, AssemblyLoadContext assemblyLoadContext, RuntimeAssembly requestingAssembly, Boolean throwOnFileNotFound)
   at System.Reflection.Assembly.Load(AssemblyName assemblyRef)
   at Microsoft.VisualStudio.TestPlatform.Common.ExtensionFramework.TestPluginCache.CurrentDomainAssemblyResolve(Object sender, AssemblyResolveEventArgs args) in /_/src/Microsoft.TestPlatform.Common/ExtensionFramework/TestPluginCache.cs:line 513
   at System.Runtime.Loader.AssemblyLoadContext.GetFirstResolvedAssemblyFromResolvingEvent(AssemblyName assemblyName)
   at System.Runtime.Loader.AssemblyLoadContext.ResolveUsingEvent(AssemblyName assemblyName)
   at System.Runtime.Loader.AssemblyLoadContext.ResolveUsingResolvingEvent(IntPtr gchManagedAssemblyLoadContext, AssemblyName assemblyName)
TpTrace Information: 0 : 28804, 1, 2024/04/25, 16:19:37.878, 8024999931192, vstest.console.dll, AssemblyResolver.OnResolve: Microsoft.TestPlatform.Extensions.BlameDataCollector: Resolving assembly.
TpTrace Information: 0 : 28804, 1, 2024/04/25, 16:19:37.878, 8024999931542, vstest.console.dll, AssemblyResolver.OnResolve: Microsoft.TestPlatform.Extensions.BlameDataCollector: Searching in: 'C:\Program Files\dotnet\sdk\8.0.202\Extensions'.
TpTrace Information: 0 : 28804, 1, 2024/04/25, 16:19:37.878, 8024999933968, vstest.console.dll, AssemblyResolver.OnResolve: Microsoft.TestPlatform.Extensions.BlameDataCollector: Loading assembly 'C:\Program Files\dotnet\sdk\8.0.202\Extensions\Microsoft.TestPlatform.Extensions.BlameDataCollector.dll'.
TpTrace Information: 0 : 28804, 1, 2024/04/25, 16:19:37.879, 8024999938719, vstest.console.dll, AssemblyResolver.OnResolve: Resolved assembly: Microsoft.TestPlatform.Extensions.BlameDataCollector, from path: C:\Program Files\dotnet\sdk\8.0.202\Extensions\Microsoft.TestPlatform.Extensions.BlameDataCollector.dll
TpTrace Verbose: 0 : 28804, 1, 2024/04/25, 16:19:37.879, 8024999939571, vstest.console.dll, MetadataReaderExtensionsHelper: Discovering extensions inside assembly 'Microsoft.TestPlatform.Extensions.BlameDataCollector, Version=15.0.0.0, Culture=neutral, PublicKeyToken=b03f5f7f11d50a3a' file path 'C:\Program Files\dotnet\sdk\8.0.202\Extensions\Microsoft.TestPlatform.Extensions.BlameDataCollector.dll'
TpTrace Information: 0 : 28804, 1, 2024/04/25, 16:19:37.880, 8024999950898, vstest.console.dll, AssemblyResolver.OnResolve: Microsoft.TestPlatform.Extensions.EventLogCollector: Resolving assembly.
TpTrace Information: 0 : 28804, 1, 2024/04/25, 16:19:37.880, 8024999951373, vstest.console.dll, AssemblyResolver.OnResolve: Microsoft.TestPlatform.Extensions.EventLogCollector: Searching in: 'C:\Program Files\dotnet\sdk\8.0.202\Extensions'.
TpTrace Information: 0 : 28804, 1, 2024/04/25, 16:19:37.880, 8024999953653, vstest.console.dll, AssemblyResolver.OnResolve: Microsoft.TestPlatform.Extensions.EventLogCollector: Loading assembly 'C:\Program Files\dotnet\sdk\8.0.202\Extensions\Microsoft.TestPlatform.Extensions.EventLogCollector.dll'.
TpTrace Information: 0 : 28804, 1, 2024/04/25, 16:19:37.881, 8024999957235, vstest.console.dll, AssemblyResolver.OnResolve: Resolved assembly: Microsoft.TestPlatform.Extensions.EventLogCollector, from path: C:\Program Files\dotnet\sdk\8.0.202\Extensions\Microsoft.TestPlatform.Extensions.EventLogCollector.dll
TpTrace Verbose: 0 : 28804, 1, 2024/04/25, 16:19:37.881, 8024999957699, vstest.console.dll, MetadataReaderExtensionsHelper: Discovering extensions inside assembly 'Microsoft.TestPlatform.Extensions.EventLogCollector, Version=15.0.0.0, Culture=neutral, PublicKeyToken=b03f5f7f11d50a3a' file path 'C:\Program Files\dotnet\sdk\8.0.202\Extensions\Microsoft.TestPlatform.Extensions.EventLogCollector.dll'
TpTrace Information: 0 : 28804, 1, 2024/04/25, 16:19:37.883, 8024999978427, vstest.console.dll, AssemblyResolver.OnResolve: Microsoft.TestPlatform.TestHostRuntimeProvider: Resolving assembly.
TpTrace Information: 0 : 28804, 1, 2024/04/25, 16:19:37.883, 8024999979630, vstest.console.dll, AssemblyResolver.OnResolve: Microsoft.TestPlatform.TestHostRuntimeProvider: Searching in: 'C:\Program Files\dotnet\sdk\8.0.202\Extensions'.
TpTrace Information: 0 : 28804, 1, 2024/04/25, 16:19:37.883, 8024999983046, vstest.console.dll, AssemblyResolver.OnResolve: Microsoft.TestPlatform.TestHostRuntimeProvider: Loading assembly 'C:\Program Files\dotnet\sdk\8.0.202\Extensions\Microsoft.TestPlatform.TestHostRuntimeProvider.dll'.
TpTrace Information: 0 : 28804, 1, 2024/04/25, 16:19:37.884, 8024999987580, vstest.console.dll, AssemblyResolver.OnResolve: Resolved assembly: Microsoft.TestPlatform.TestHostRuntimeProvider, from path: C:\Program Files\dotnet\sdk\8.0.202\Extensions\Microsoft.TestPlatform.TestHostRuntimeProvider.dll
TpTrace Verbose: 0 : 28804, 1, 2024/04/25, 16:19:37.884, 8024999988129, vstest.console.dll, MetadataReaderExtensionsHelper: Discovering extensions inside assembly 'Microsoft.TestPlatform.TestHostRuntimeProvider, Version=15.0.0.0, Culture=neutral, PublicKeyToken=b03f5f7f11d50a3a' file path 'C:\Program Files\dotnet\sdk\8.0.202\Extensions\Microsoft.TestPlatform.TestHostRuntimeProvider.dll'
TpTrace Information: 0 : 28804, 1, 2024/04/25, 16:19:37.886, 8025000007084, vstest.console.dll, GetTestExtensionFromType: Register extension with identifier data 'HostProvider://DefaultTestHost' and type 'Microsoft.VisualStudio.TestPlatform.CrossPlatEngine.Hosting.DefaultTestHostManager, Microsoft.TestPlatform.TestHostRuntimeProvider, Version=15.0.0.0, Culture=neutral, PublicKeyToken=b03f5f7f11d50a3a' inside file 'C:\Program Files\dotnet\sdk\8.0.202\Extensions\Microsoft.TestPlatform.TestHostRuntimeProvider.dll'
TpTrace Information: 0 : 28804, 1, 2024/04/25, 16:19:37.886, 8025000010089, vstest.console.dll, GetTestExtensionFromType: Register extension with identifier data 'HostProvider://DotnetTestHost' and type 'Microsoft.VisualStudio.TestPlatform.CrossPlatEngine.Hosting.DotnetTestHostManager, Microsoft.TestPlatform.TestHostRuntimeProvider, Version=15.0.0.0, Culture=neutral, PublicKeyToken=b03f5f7f11d50a3a' inside file 'C:\Program Files\dotnet\sdk\8.0.202\Extensions\Microsoft.TestPlatform.TestHostRuntimeProvider.dll'
TpTrace Information: 0 : 28804, 1, 2024/04/25, 16:19:37.886, 8025000010918, vstest.console.dll, AssemblyResolver.OnResolve: Microsoft.VisualStudio.TestPlatform.Extensions.Html.TestLogger: Resolving assembly.
TpTrace Information: 0 : 28804, 1, 2024/04/25, 16:19:37.886, 8025000011312, vstest.console.dll, AssemblyResolver.OnResolve: Microsoft.VisualStudio.TestPlatform.Extensions.Html.TestLogger: Searching in: 'C:\Program Files\dotnet\sdk\8.0.202\Extensions'.
TpTrace Information: 0 : 28804, 1, 2024/04/25, 16:19:37.886, 8025000014844, vstest.console.dll, AssemblyResolver.OnResolve: Microsoft.VisualStudio.TestPlatform.Extensions.Html.TestLogger: Loading assembly 'C:\Program Files\dotnet\sdk\8.0.202\Extensions\Microsoft.VisualStudio.TestPlatform.Extensions.Html.TestLogger.dll'.
TpTrace Information: 0 : 28804, 1, 2024/04/25, 16:19:37.887, 8025000022252, vstest.console.dll, AssemblyResolver.OnResolve: Resolved assembly: Microsoft.VisualStudio.TestPlatform.Extensions.Html.TestLogger, from path: C:\Program Files\dotnet\sdk\8.0.202\Extensions\Microsoft.VisualStudio.TestPlatform.Extensions.Html.TestLogger.dll
TpTrace Verbose: 0 : 28804, 1, 2024/04/25, 16:19:37.887, 8025000023090, vstest.console.dll, MetadataReaderExtensionsHelper: Discovering extensions inside assembly 'Microsoft.VisualStudio.TestPlatform.Extensions.Html.TestLogger, Version=15.0.0.0, Culture=neutral, PublicKeyToken=b03f5f7f11d50a3a' file path 'C:\Program Files\dotnet\sdk\8.0.202\Extensions\Microsoft.VisualStudio.TestPlatform.Extensions.Html.TestLogger.dll'
TpTrace Information: 0 : 28804, 1, 2024/04/25, 16:19:37.888, 8025000030301, vstest.console.dll, AssemblyResolver.OnResolve: Microsoft.VisualStudio.TestPlatform.Extensions.Trx.TestLogger: Resolving assembly.
TpTrace Information: 0 : 28804, 1, 2024/04/25, 16:19:37.888, 8025000030860, vstest.console.dll, AssemblyResolver.OnResolve: Microsoft.VisualStudio.TestPlatform.Extensions.Trx.TestLogger: Searching in: 'C:\Program Files\dotnet\sdk\8.0.202\Extensions'.
TpTrace Information: 0 : 28804, 1, 2024/04/25, 16:19:37.888, 8025000033186, vstest.console.dll, AssemblyResolver.OnResolve: Microsoft.VisualStudio.TestPlatform.Extensions.Trx.TestLogger: Loading assembly 'C:\Program Files\dotnet\sdk\8.0.202\Extensions\Microsoft.VisualStudio.TestPlatform.Extensions.Trx.TestLogger.dll'.
TpTrace Information: 0 : 28804, 1, 2024/04/25, 16:19:37.889, 8025000039354, vstest.console.dll, AssemblyResolver.OnResolve: Resolved assembly: Microsoft.VisualStudio.TestPlatform.Extensions.Trx.TestLogger, from path: C:\Program Files\dotnet\sdk\8.0.202\Extensions\Microsoft.VisualStudio.TestPlatform.Extensions.Trx.TestLogger.dll
TpTrace Verbose: 0 : 28804, 1, 2024/04/25, 16:19:37.889, 8025000039967, vstest.console.dll, MetadataReaderExtensionsHelper: Discovering extensions inside assembly 'Microsoft.VisualStudio.TestPlatform.Extensions.Trx.TestLogger, Version=15.0.0.0, Culture=neutral, PublicKeyToken=b03f5f7f11d50a3a' file path 'C:\Program Files\dotnet\sdk\8.0.202\Extensions\Microsoft.VisualStudio.TestPlatform.Extensions.Trx.TestLogger.dll'
TpTrace Verbose: 0 : 28804, 1, 2024/04/25, 16:19:37.890, 8025000048223, vstest.console.dll, TestPluginCache: Discovered the extensions using extension path ''.
TpTrace Verbose: 0 : 28804, 1, 2024/04/25, 16:19:37.890, 8025000048977, vstest.console.dll, TestPluginCache: Discoverers are ''.
TpTrace Verbose: 0 : 28804, 1, 2024/04/25, 16:19:37.890, 8025000049267, vstest.console.dll, TestPluginCache: Executors are ''.
TpTrace Verbose: 0 : 28804, 1, 2024/04/25, 16:19:37.890, 8025000049511, vstest.console.dll, TestPluginCache: Executors2 are ''.
TpTrace Verbose: 0 : 28804, 1, 2024/04/25, 16:19:37.890, 8025000049756, vstest.console.dll, TestPluginCache: Setting providers are ''.
TpTrace Verbose: 0 : 28804, 1, 2024/04/25, 16:19:37.890, 8025000050001, vstest.console.dll, TestPluginCache: Loggers are ''.
TpTrace Verbose: 0 : 28804, 1, 2024/04/25, 16:19:37.890, 8025000051390, vstest.console.dll, TestPluginCache: TestHosts are 'HostProvider://DefaultTestHost,HostProvider://DotnetTestHost'.
TpTrace Verbose: 0 : 28804, 1, 2024/04/25, 16:19:37.890, 8025000051754, vstest.console.dll, TestPluginCache: DataCollectors are ''.
TpTrace Information: 0 : 28804, 1, 2024/04/25, 16:19:37.905, 8025000196695, vstest.console.dll, RunTestsArgumentProcessor:Execute: Test run is starting.
TpTrace Verbose: 0 : 28804, 1, 2024/04/25, 16:19:37.905, 8025000198103, vstest.console.dll, RunTestsArgumentProcessor:Execute: Queuing Test run.
TpTrace Information: 0 : 28804, 1, 2024/04/25, 16:19:37.905, 8025000202968, vstest.console.dll, TestRequestManager.RunTests: run tests started.
TpTrace Information: 0 : 28804, 1, 2024/04/25, 16:19:37.907, 8025000220616, vstest.console.dll, AssemblyMetadataProvider.GetFrameworkName: Determined framework:'.NETCoreApp,Version=v8.0' for source: 'C:\dotNet\Day11\ShoppingAppSolution\ShoppingAppDALTests\bin\Debug\net8.0\fine-code-coverage\build-output\ShoppingAppDALTests.dll'
TpTrace Information: 0 : 28804, 1, 2024/04/25, 16:19:37.907, 8025000223080, vstest.console.dll, Determined framework for all sources: .NETCoreApp,Version=v8.0
TpTrace Verbose: 0 : 28804, 1, 2024/04/25, 16:19:37.908, 8025000227172, vstest.console.dll, TestRequestManager.UpdateRunSettingsIfRequired: Default architecture: X64 IsDefaultTargetArchitecture: True, Current process architecture: X64 OperatingSystem: Windows.
TpTrace Information: 0 : 28804, 1, 2024/04/25, 16:19:37.910, 8025000247260, vstest.console.dll, AssemblyMetadataProvider.GetArchitecture: Determined architecture:AnyCPU info for assembly: C:\dotNet\Day11\ShoppingAppSolution\ShoppingAppDALTests\bin\Debug\net8.0\fine-code-coverage\build-output\ShoppingAppDALTests.dll
TpTrace Information: 0 : 28804, 1, 2024/04/25, 16:19:37.910, 8025000247953, vstest.console.dll, Determined platform for source 'C:\dotNet\Day11\ShoppingAppSolution\ShoppingAppDALTests\bin\Debug\net8.0\fine-code-coverage\build-output\ShoppingAppDALTests.dll' was AnyCPU and it will use the default plaform X64.
TpTrace Information: 0 : 28804, 1, 2024/04/25, 16:19:37.910, 8025000248274, vstest.console.dll, None of the sources provided any runnable platform, using the default platform: X64
TpTrace Information: 0 : 28804, 1, 2024/04/25, 16:19:37.910, 8025000249173, vstest.console.dll, Platform was updated to 'X64'.
TpTrace Information: 0 : 28804, 1, 2024/04/25, 16:19:37.913, 8025000283777, vstest.console.dll, InferRunSettingsHelper.IsTestSettingsEnabled: Unable to navigate to RunSettings/MSTest. Current node: RunSettings
TpTrace Information: 0 : 28804, 1, 2024/04/25, 16:19:37.914, 8025000290068, vstest.console.dll, AssemblyResolver.OnResolve: Microsoft.VisualStudio.TestPlatform.Fakes: Resolving assembly.
TpTrace Information: 0 : 28804, 1, 2024/04/25, 16:19:37.914, 8025000290680, vstest.console.dll, AssemblyResolver.OnResolve: Microsoft.VisualStudio.TestPlatform.Fakes: Searching in: 'C:\Program Files\dotnet\sdk\8.0.202\Extensions'.
TpTrace Information: 0 : 28804, 1, 2024/04/25, 16:19:37.914, 8025000291688, vstest.console.dll, AssemblyResolver.OnResolve: Microsoft.VisualStudio.TestPlatform.Fakes: Assembly path does not exist: 'C:\Program Files\dotnet\sdk\8.0.202\Extensions\Microsoft.VisualStudio.TestPlatform.Fakes.dll', returning.
TpTrace Information: 0 : 28804, 1, 2024/04/25, 16:19:37.914, 8025000292162, vstest.console.dll, AssemblyResolver.OnResolve: Microsoft.VisualStudio.TestPlatform.Fakes: Assembly path does not exist: 'C:\Program Files\dotnet\sdk\8.0.202\Extensions\Microsoft.VisualStudio.TestPlatform.Fakes.exe', returning.
TpTrace Information: 0 : 28804, 1, 2024/04/25, 16:19:37.914, 8025000292410, vstest.console.dll, AssemblyResolver.OnResolve: Microsoft.VisualStudio.TestPlatform.Fakes: Searching in: 'C:\Program Files\dotnet\sdk\8.0.202'.
TpTrace Information: 0 : 28804, 1, 2024/04/25, 16:19:37.914, 8025000292871, vstest.console.dll, AssemblyResolver.OnResolve: Microsoft.VisualStudio.TestPlatform.Fakes: Assembly path does not exist: 'C:\Program Files\dotnet\sdk\8.0.202\Microsoft.VisualStudio.TestPlatform.Fakes.dll', returning.
TpTrace Information: 0 : 28804, 1, 2024/04/25, 16:19:37.914, 8025000293383, vstest.console.dll, AssemblyResolver.OnResolve: Microsoft.VisualStudio.TestPlatform.Fakes: Assembly path does not exist: 'C:\Program Files\dotnet\sdk\8.0.202\Microsoft.VisualStudio.TestPlatform.Fakes.exe', returning.
TpTrace Information: 0 : 28804, 1, 2024/04/25, 16:19:37.914, 8025000293626, vstest.console.dll, AssemblyResolver.OnResolve: Microsoft.VisualStudio.TestPlatform.Fakes: Failed to load assembly.
TpTrace Information: 0 : 28804, 1, 2024/04/25, 16:19:37.914, 8025000295890, vstest.console.dll, Failed to load assembly Microsoft.VisualStudio.TestPlatform.Fakes, Version=17.0.0.0, Culture=neutral. Reason:System.IO.FileNotFoundException: Could not load file or assembly 'Microsoft.VisualStudio.TestPlatform.Fakes, Version=17.0.0.0, Culture=neutral, PublicKeyToken=null'. The system cannot find the file specified.
File name: 'Microsoft.VisualStudio.TestPlatform.Fakes, Version=17.0.0.0, Culture=neutral, PublicKeyToken=null'
   at System.Reflection.RuntimeAssembly.InternalLoad(AssemblyName assemblyName, StackCrawlMark& stackMark, AssemblyLoadContext assemblyLoadContext, RuntimeAssembly requestingAssembly, Boolean throwOnFileNotFound)
   at System.Reflection.Assembly.Load(AssemblyName assemblyRef)
   at Microsoft.VisualStudio.TestPlatform.Common.Utilities.FakesUtilities.LoadTestPlatformAssembly() in /_/src/Microsoft.TestPlatform.Common/Utilities/FakesUtilities.cs:line 272
TpTrace Verbose: 0 : 28804, 1, 2024/04/25, 16:19:37.918, 8025000327245, vstest.console.dll, TestPluginCache.DiscoverTestExtensions: finding test extensions in assemblies ends with: TestLogger.dll TPluginInfo: Microsoft.VisualStudio.TestPlatform.Common.ExtensionFramework.Utilities.TestLoggerPluginInformation TExtension: Microsoft.VisualStudio.TestPlatform.ObjectModel.Client.ITestLogger
TpTrace Verbose: 0 : 28804, 1, 2024/04/25, 16:19:37.918, 8025000328984, vstest.console.dll, TestPluginCache.GetExtensionPaths: Filtered extension paths: 
TpTrace Verbose: 0 : 28804, 1, 2024/04/25, 16:19:37.918, 8025000329350, vstest.console.dll, TestPluginCache.GetExtensionPaths: Added default extension paths: C:\Program Files\dotnet\sdk\8.0.202\Extensions\Microsoft.Diagnostics.NETCore.Client.dll
C:\Program Files\dotnet\sdk\8.0.202\Extensions\Microsoft.TestPlatform.Extensions.BlameDataCollector.dll
C:\Program Files\dotnet\sdk\8.0.202\Extensions\Microsoft.TestPlatform.Extensions.EventLogCollector.dll
C:\Program Files\dotnet\sdk\8.0.202\Extensions\Microsoft.TestPlatform.TestHostRuntimeProvider.dll
C:\Program Files\dotnet\sdk\8.0.202\Extensions\Microsoft.VisualStudio.TestPlatform.Extensions.Html.TestLogger.dll
C:\Program Files\dotnet\sdk\8.0.202\Extensions\Microsoft.VisualStudio.TestPlatform.Extensions.Trx.TestLogger.dll
TpTrace Verbose: 0 : 28804, 1, 2024/04/25, 16:19:37.918, 8025000329677, vstest.console.dll, TestPluginCache.GetExtensionPaths: Added unfilterableExtensionPaths: 
TpTrace Information: 0 : 28804, 1, 2024/04/25, 16:19:37.918, 8025000332079, vstest.console.dll, AssemblyResolver.AddSearchDirectories: Adding more searchDirectories C:\Program Files\dotnet\sdk\8.0.202\Extensions,C:\Program Files\dotnet\sdk\8.0.202
TpTrace Verbose: 0 : 28804, 1, 2024/04/25, 16:19:37.918, 8025000332579, vstest.console.dll, TestPluginCache.DiscoverTestExtensions: Discovering the extensions using extension path.
TpTrace Verbose: 0 : 28804, 1, 2024/04/25, 16:19:37.918, 8025000332938, vstest.console.dll, TestPluginCache.GetExtensionPaths: Filtered extension paths: 
TpTrace Verbose: 0 : 28804, 1, 2024/04/25, 16:19:37.918, 8025000333300, vstest.console.dll, TestPluginCache.GetExtensionPaths: Added default extension paths: C:\Program Files\dotnet\sdk\8.0.202\Extensions\Microsoft.Diagnostics.NETCore.Client.dll
C:\Program Files\dotnet\sdk\8.0.202\Extensions\Microsoft.TestPlatform.Extensions.BlameDataCollector.dll
C:\Program Files\dotnet\sdk\8.0.202\Extensions\Microsoft.TestPlatform.Extensions.EventLogCollector.dll
C:\Program Files\dotnet\sdk\8.0.202\Extensions\Microsoft.TestPlatform.TestHostRuntimeProvider.dll
C:\Program Files\dotnet\sdk\8.0.202\Extensions\Microsoft.VisualStudio.TestPlatform.Extensions.Html.TestLogger.dll
C:\Program Files\dotnet\sdk\8.0.202\Extensions\Microsoft.VisualStudio.TestPlatform.Extensions.Trx.TestLogger.dll
TpTrace Verbose: 0 : 28804, 1, 2024/04/25, 16:19:37.918, 8025000333627, vstest.console.dll, TestPluginCache.GetExtensionPaths: Added unfilterableExtensionPaths: 
TpTrace Verbose: 0 : 28804, 1, 2024/04/25, 16:19:37.918, 8025000333984, vstest.console.dll, TestPluginCache.DiscoverTestExtensions: Discovering the extensions using allExtensionPaths: C:\Program Files\dotnet\sdk\8.0.202\Extensions\Microsoft.Diagnostics.NETCore.Client.dll
C:\Program Files\dotnet\sdk\8.0.202\Extensions\Microsoft.TestPlatform.Extensions.BlameDataCollector.dll
C:\Program Files\dotnet\sdk\8.0.202\Extensions\Microsoft.TestPlatform.Extensions.EventLogCollector.dll
C:\Program Files\dotnet\sdk\8.0.202\Extensions\Microsoft.TestPlatform.TestHostRuntimeProvider.dll
C:\Program Files\dotnet\sdk\8.0.202\Extensions\Microsoft.VisualStudio.TestPlatform.Extensions.Html.TestLogger.dll
C:\Program Files\dotnet\sdk\8.0.202\Extensions\Microsoft.VisualStudio.TestPlatform.Extensions.Trx.TestLogger.dll
TpTrace Information: 0 : 28804, 1, 2024/04/25, 16:19:37.918, 8025000334510, vstest.console.dll, AssemblyResolver.AddSearchDirectories: Adding more searchDirectories C:\Program Files\dotnet\sdk\8.0.202\Extensions,C:\Program Files\dotnet\sdk\8.0.202
TpTrace Information: 0 : 28804, 1, 2024/04/25, 16:19:37.918, 8025000334913, vstest.console.dll, AssemblyResolver.AddSearchDirectories: Adding more searchDirectories C:\Program Files\dotnet\sdk\8.0.202\Extensions,C:\Program Files\dotnet\sdk\8.0.202
TpTrace Information: 0 : 28804, 1, 2024/04/25, 16:19:37.918, 8025000335280, vstest.console.dll, AssemblyResolver.AddSearchDirectories: Adding more searchDirectories C:\Program Files\dotnet\sdk\8.0.202\Extensions,C:\Program Files\dotnet\sdk\8.0.202
TpTrace Information: 0 : 28804, 1, 2024/04/25, 16:19:37.918, 8025000335590, vstest.console.dll, AssemblyResolver.AddSearchDirectories: Adding more searchDirectories C:\Program Files\dotnet\sdk\8.0.202\Extensions,C:\Program Files\dotnet\sdk\8.0.202
TpTrace Information: 0 : 28804, 1, 2024/04/25, 16:19:37.918, 8025000335900, vstest.console.dll, AssemblyResolver.AddSearchDirectories: Adding more searchDirectories C:\Program Files\dotnet\sdk\8.0.202\Extensions,C:\Program Files\dotnet\sdk\8.0.202
TpTrace Information: 0 : 28804, 1, 2024/04/25, 16:19:37.919, 8025000336259, vstest.console.dll, AssemblyResolver.AddSearchDirectories: Adding more searchDirectories C:\Program Files\dotnet\sdk\8.0.202\Extensions,C:\Program Files\dotnet\sdk\8.0.202
TpTrace Verbose: 0 : 28804, 1, 2024/04/25, 16:19:37.919, 8025000337430, vstest.console.dll, MetadataReaderExtensionsHelper: Discovering extensions inside assembly 'Microsoft.Diagnostics.NETCore.Client, Version=0.2.9.2401, Culture=neutral, PublicKeyToken=31bf3856ad364e35' file path 'C:\Program Files\dotnet\sdk\8.0.202\Extensions\Microsoft.Diagnostics.NETCore.Client.dll'
TpTrace Information: 0 : 28804, 1, 2024/04/25, 16:19:37.919, 8025000346036, vstest.console.dll, AssemblyResolver.OnResolve: Microsoft.Bcl.AsyncInterfaces: Resolving assembly.
TpTrace Information: 0 : 28804, 1, 2024/04/25, 16:19:37.920, 8025000346790, vstest.console.dll, AssemblyResolver.OnResolve: Microsoft.Bcl.AsyncInterfaces: Resolved from cache.
TpTrace Verbose: 0 : 28804, 1, 2024/04/25, 16:19:37.920, 8025000347114, vstest.console.dll, CurrentDomainAssemblyResolve: Resolving assembly 'Microsoft.Bcl.AsyncInterfaces'.
TpTrace Information: 0 : 28804, 1, 2024/04/25, 16:19:37.920, 8025000347706, vstest.console.dll, AssemblyResolver.OnResolve: Microsoft.Bcl.AsyncInterfaces: Resolving assembly.
TpTrace Information: 0 : 28804, 1, 2024/04/25, 16:19:37.920, 8025000348042, vstest.console.dll, AssemblyResolver.OnResolve: Microsoft.Bcl.AsyncInterfaces: Resolved from cache.
TpTrace Verbose: 0 : 28804, 1, 2024/04/25, 16:19:37.920, 8025000348726, vstest.console.dll, CurrentDomainAssemblyResolve: Resolving assembly 'Microsoft.Bcl.AsyncInterfaces'.
TpTrace Verbose: 0 : 28804, 1, 2024/04/25, 16:19:37.920, 8025000349015, vstest.console.dll, CurrentDomainAssemblyResolve: Failed to resolve assembly 'Microsoft.Bcl.AsyncInterfaces'.
TpTrace Verbose: 0 : 28804, 1, 2024/04/25, 16:19:37.920, 8025000350666, vstest.console.dll, CurrentDomainAssemblyResolve: Failed to resolve assembly 'Microsoft.Bcl.AsyncInterfaces'.
TpTrace Warning: 0 : 28804, 1, 2024/04/25, 16:19:37.920, 8025000354236, vstest.console.dll, TestPluginDiscoverer: Failed to get types from assembly 'Microsoft.Diagnostics.NETCore.Client, Version=0.2.9.2401, Culture=neutral, PublicKeyToken=31bf3856ad364e35'. Error: System.Reflection.ReflectionTypeLoadException: Unable to load one or more of the requested types.
Could not load file or assembly 'Microsoft.Bcl.AsyncInterfaces, Version=6.0.0.0, Culture=neutral, PublicKeyToken=cc7b13ffcd2ddd51'. The system cannot find the file specified.
   at System.Reflection.RuntimeModule.GetTypes(RuntimeModule module)
   at System.Reflection.RuntimeModule.GetTypes()
   at Microsoft.VisualStudio.TestPlatform.Common.ExtensionFramework.TestPluginDiscoverer.GetTestExtensionsFromAssembly[TPluginInfo,TExtension](Assembly assembly, Dictionary`2 pluginInfos, String filePath) in /_/src/Microsoft.TestPlatform.Common/ExtensionFramework/TestPluginDiscoverer.cs:line 158
System.IO.FileNotFoundException: Could not load file or assembly 'Microsoft.Bcl.AsyncInterfaces, Version=6.0.0.0, Culture=neutral, PublicKeyToken=cc7b13ffcd2ddd51'. The system cannot find the file specified.
File name: 'Microsoft.Bcl.AsyncInterfaces, Version=6.0.0.0, Culture=neutral, PublicKeyToken=cc7b13ffcd2ddd51'
 ---> System.IO.FileNotFoundException: Could not load file or assembly 'Microsoft.Bcl.AsyncInterfaces, Culture=neutral, PublicKeyToken=null'. The system cannot find the file specified.
File name: 'Microsoft.Bcl.AsyncInterfaces, Culture=neutral, PublicKeyToken=null'
   at System.Reflection.RuntimeAssembly.InternalLoad(AssemblyName assemblyName, StackCrawlMark& stackMark, AssemblyLoadContext assemblyLoadContext, RuntimeAssembly requestingAssembly, Boolean throwOnFileNotFound)
   at System.Reflection.Assembly.Load(AssemblyName assemblyRef)
   at Microsoft.VisualStudio.TestPlatform.Common.ExtensionFramework.TestPluginCache.CurrentDomainAssemblyResolve(Object sender, AssemblyResolveEventArgs args) in /_/src/Microsoft.TestPlatform.Common/ExtensionFramework/TestPluginCache.cs:line 513
   at System.Runtime.Loader.AssemblyLoadContext.GetFirstResolvedAssemblyFromResolvingEvent(AssemblyName assemblyName)
   at System.Runtime.Loader.AssemblyLoadContext.ResolveUsingEvent(AssemblyName assemblyName)
   at System.Runtime.Loader.AssemblyLoadContext.ResolveUsingResolvingEvent(IntPtr gchManagedAssemblyLoadContext, AssemblyName assemblyName)
TpTrace Warning: 0 : 28804, 1, 2024/04/25, 16:19:37.920, 8025000355778, vstest.console.dll, LoaderExceptions: System.IO.FileNotFoundException: Could not load file or assembly 'Microsoft.Bcl.AsyncInterfaces, Version=6.0.0.0, Culture=neutral, PublicKeyToken=cc7b13ffcd2ddd51'. The system cannot find the file specified.
File name: 'Microsoft.Bcl.AsyncInterfaces, Version=6.0.0.0, Culture=neutral, PublicKeyToken=cc7b13ffcd2ddd51'
 ---> System.IO.FileNotFoundException: Could not load file or assembly 'Microsoft.Bcl.AsyncInterfaces, Culture=neutral, PublicKeyToken=null'. The system cannot find the file specified.
File name: 'Microsoft.Bcl.AsyncInterfaces, Culture=neutral, PublicKeyToken=null'
   at System.Reflection.RuntimeAssembly.InternalLoad(AssemblyName assemblyName, StackCrawlMark& stackMark, AssemblyLoadContext assemblyLoadContext, RuntimeAssembly requestingAssembly, Boolean throwOnFileNotFound)
   at System.Reflection.Assembly.Load(AssemblyName assemblyRef)
   at Microsoft.VisualStudio.TestPlatform.Common.ExtensionFramework.TestPluginCache.CurrentDomainAssemblyResolve(Object sender, AssemblyResolveEventArgs args) in /_/src/Microsoft.TestPlatform.Common/ExtensionFramework/TestPluginCache.cs:line 513
   at System.Runtime.Loader.AssemblyLoadContext.GetFirstResolvedAssemblyFromResolvingEvent(AssemblyName assemblyName)
   at System.Runtime.Loader.AssemblyLoadContext.ResolveUsingEvent(AssemblyName assemblyName)
   at System.Runtime.Loader.AssemblyLoadContext.ResolveUsingResolvingEvent(IntPtr gchManagedAssemblyLoadContext, AssemblyName assemblyName)
TpTrace Verbose: 0 : 28804, 1, 2024/04/25, 16:19:37.921, 8025000356779, vstest.console.dll, MetadataReaderExtensionsHelper: Discovering extensions inside assembly 'Microsoft.TestPlatform.Extensions.BlameDataCollector, Version=15.0.0.0, Culture=neutral, PublicKeyToken=b03f5f7f11d50a3a' file path 'C:\Program Files\dotnet\sdk\8.0.202\Extensions\Microsoft.TestPlatform.Extensions.BlameDataCollector.dll'
TpTrace Information: 0 : 28804, 1, 2024/04/25, 16:19:37.921, 8025000362311, vstest.console.dll, GetTestExtensionFromType: Register extension with identifier data 'logger://Microsoft/TestPlatform/Extensions/Blame/v1' and type 'Microsoft.TestPlatform.Extensions.BlameDataCollector.BlameLogger, Microsoft.TestPlatform.Extensions.BlameDataCollector, Version=15.0.0.0, Culture=neutral, PublicKeyToken=b03f5f7f11d50a3a' inside file 'C:\Program Files\dotnet\sdk\8.0.202\Extensions\Microsoft.TestPlatform.Extensions.BlameDataCollector.dll'
TpTrace Verbose: 0 : 28804, 1, 2024/04/25, 16:19:37.921, 8025000363256, vstest.console.dll, MetadataReaderExtensionsHelper: Discovering extensions inside assembly 'Microsoft.TestPlatform.Extensions.EventLogCollector, Version=15.0.0.0, Culture=neutral, PublicKeyToken=b03f5f7f11d50a3a' file path 'C:\Program Files\dotnet\sdk\8.0.202\Extensions\Microsoft.TestPlatform.Extensions.EventLogCollector.dll'
TpTrace Verbose: 0 : 28804, 1, 2024/04/25, 16:19:37.922, 8025000367288, vstest.console.dll, MetadataReaderExtensionsHelper: Discovering extensions inside assembly 'Microsoft.TestPlatform.TestHostRuntimeProvider, Version=15.0.0.0, Culture=neutral, PublicKeyToken=b03f5f7f11d50a3a' file path 'C:\Program Files\dotnet\sdk\8.0.202\Extensions\Microsoft.TestPlatform.TestHostRuntimeProvider.dll'
TpTrace Verbose: 0 : 28804, 1, 2024/04/25, 16:19:37.922, 8025000371194, vstest.console.dll, MetadataReaderExtensionsHelper: Discovering extensions inside assembly 'Microsoft.VisualStudio.TestPlatform.Extensions.Html.TestLogger, Version=15.0.0.0, Culture=neutral, PublicKeyToken=b03f5f7f11d50a3a' file path 'C:\Program Files\dotnet\sdk\8.0.202\Extensions\Microsoft.VisualStudio.TestPlatform.Extensions.Html.TestLogger.dll'
TpTrace Information: 0 : 28804, 1, 2024/04/25, 16:19:37.923, 8025000378111, vstest.console.dll, GetTestExtensionFromType: Register extension with identifier data 'logger://Microsoft/TestPlatform/HtmlLogger/v1' and type 'Microsoft.VisualStudio.TestPlatform.Extensions.HtmlLogger.HtmlLogger, Microsoft.VisualStudio.TestPlatform.Extensions.Html.TestLogger, Version=15.0.0.0, Culture=neutral, PublicKeyToken=b03f5f7f11d50a3a' inside file 'C:\Program Files\dotnet\sdk\8.0.202\Extensions\Microsoft.VisualStudio.TestPlatform.Extensions.Html.TestLogger.dll'
TpTrace Verbose: 0 : 28804, 1, 2024/04/25, 16:19:37.923, 8025000379440, vstest.console.dll, MetadataReaderExtensionsHelper: Discovering extensions inside assembly 'Microsoft.VisualStudio.TestPlatform.Extensions.Trx.TestLogger, Version=15.0.0.0, Culture=neutral, PublicKeyToken=b03f5f7f11d50a3a' file path 'C:\Program Files\dotnet\sdk\8.0.202\Extensions\Microsoft.VisualStudio.TestPlatform.Extensions.Trx.TestLogger.dll'
TpTrace Information: 0 : 28804, 1, 2024/04/25, 16:19:37.923, 8025000383967, vstest.console.dll, GetTestExtensionFromType: Register extension with identifier data 'logger://Microsoft/TestPlatform/TrxLogger/v1' and type 'Microsoft.VisualStudio.TestPlatform.Extensions.TrxLogger.TrxLogger, Microsoft.VisualStudio.TestPlatform.Extensions.Trx.TestLogger, Version=15.0.0.0, Culture=neutral, PublicKeyToken=b03f5f7f11d50a3a' inside file 'C:\Program Files\dotnet\sdk\8.0.202\Extensions\Microsoft.VisualStudio.TestPlatform.Extensions.Trx.TestLogger.dll'
TpTrace Verbose: 0 : 28804, 1, 2024/04/25, 16:19:37.923, 8025000384889, vstest.console.dll, TestPluginCache: Discovered the extensions using extension path ''.
TpTrace Verbose: 0 : 28804, 1, 2024/04/25, 16:19:37.923, 8025000385413, vstest.console.dll, TestPluginCache: Discoverers are ''.
TpTrace Verbose: 0 : 28804, 1, 2024/04/25, 16:19:37.923, 8025000385796, vstest.console.dll, TestPluginCache: Executors are ''.
TpTrace Verbose: 0 : 28804, 1, 2024/04/25, 16:19:37.924, 8025000386179, vstest.console.dll, TestPluginCache: Executors2 are ''.
TpTrace Verbose: 0 : 28804, 1, 2024/04/25, 16:19:37.924, 8025000386555, vstest.console.dll, TestPluginCache: Setting providers are ''.
TpTrace Verbose: 0 : 28804, 1, 2024/04/25, 16:19:37.924, 8025000387655, vstest.console.dll, TestPluginCache: Loggers are 'logger://Microsoft/TestPlatform/Extensions/Blame/v1,logger://Microsoft/TestPlatform/HtmlLogger/v1,logger://Microsoft/TestPlatform/TrxLogger/v1'.
TpTrace Verbose: 0 : 28804, 1, 2024/04/25, 16:19:37.924, 8025000388735, vstest.console.dll, TestPluginCache: TestHosts are 'HostProvider://DefaultTestHost,HostProvider://DotnetTestHost'.
TpTrace Verbose: 0 : 28804, 1, 2024/04/25, 16:19:37.924, 8025000389189, vstest.console.dll, TestPluginCache: DataCollectors are ''.
TpTrace Information: 0 : 28804, 1, 2024/04/25, 16:19:37.925, 8025000400920, vstest.console.dll, TestPluginManager.CreateTestExtension: Attempting to load test extension: Microsoft.TestPlatform.Extensions.BlameDataCollector.BlameLogger
TpTrace Verbose: 0 : 28804, 1, 2024/04/25, 16:19:37.933, 8025000484901, vstest.console.dll, TestEngine: Initializing Parallel Execution as MaxCpuCount is set to: 1
TpTrace Information: 0 : 28804, 1, 2024/04/25, 16:19:37.935, 8025000505909, vstest.console.dll, TestPluginManager.CreateTestExtension: Attempting to load test extension: Microsoft.VisualStudio.TestPlatform.CrossPlatEngine.Hosting.DefaultTestHostManager
TpTrace Information: 0 : 28804, 1, 2024/04/25, 16:19:37.937, 8025000521788, vstest.console.dll, TestPluginManager.CreateTestExtension: Attempting to load test extension: Microsoft.VisualStudio.TestPlatform.CrossPlatEngine.Hosting.DotnetTestHostManager
TpTrace Information: 0 : 28804, 1, 2024/04/25, 16:19:37.938, 8025000530994, vstest.console.dll, InferRunSettingsHelper.IsTestSettingsEnabled: Unable to navigate to RunSettings/MSTest. Current node: RunSettings
TpTrace Verbose: 0 : 28804, 1, 2024/04/25, 16:19:37.940, 8025000546414, vstest.console.dll, ParallelOperationManager.ClearSlots: Clearing all slots. Slots should accept more work: True
TpTrace Verbose: 0 : 28804, 1, 2024/04/25, 16:19:37.940, 8025000555886, vstest.console.dll, ParallelOperationManager.SetOccupiedSlotCount: Setting slot counts AvailableSlotCount = 1, OccupiedSlotCount = 0.
TpTrace Verbose: 0 : 28804, 1, 2024/04/25, 16:19:37.941, 8025000560648, vstest.console.dll, Occupied slots:

TpTrace Verbose: 0 : 28804, 1, 2024/04/25, 16:19:37.946, 8025000612085, vstest.console.dll, TestEngine.GetExecutionManager: Chosen execution manager 'Microsoft.VisualStudio.TestPlatform.CrossPlatEngine.Client.Parallel.ParallelProxyExecutionManager, Microsoft.TestPlatform.CrossPlatEngine, Version=15.0.0.0, Culture=neutral, PublicKeyToken=b03f5f7f11d50a3a' ParallelLevel '1'.
TpTrace Verbose: 0 : 28804, 1, 2024/04/25, 16:19:37.946, 8025000614456, vstest.console.dll, TestRunRequest.ExecuteAsync: Creating test run request.
TpTrace Verbose: 0 : 28804, 1, 2024/04/25, 16:19:37.947, 8025000618114, vstest.console.dll, TestRunRequest.ExecuteAsync: Starting.
TpTrace Information: 0 : 28804, 1, 2024/04/25, 16:19:37.949, 8025000637590, vstest.console.dll, TestRunRequest.ExecuteAsync: Starting run with settings:TestRunCriteria:
   KeepAlive=False,FrequencyOfRunStatsChangeEvent=10,RunStatsChangeEventTimeout=00:00:01.5000000,TestCaseFilter=,TestExecutorLauncher=
   Settingsxml=<RunSettings>
  <RunConfiguration>
    <ResultsDirectory>C:\dotNet\Day11\ShoppingAppSolution\ShoppingAppDALTests\bin\Debug\net8.0\fine-code-coverage\coverage-tool-output</ResultsDirectory>
    <TargetPlatform>X64</TargetPlatform>
    <TargetFrameworkVersion>.NETCoreApp,Version=v8.0</TargetFrameworkVersion>
    <DesignMode>False</DesignMode>
    <CollectSourceInformation>False</CollectSourceInformation>
  </RunConfiguration>
  <LoggerRunSettings>
    <Loggers>
      <Logger friendlyName="blame" enabled="True" />
      <Logger friendlyName="Console" uri="logger://microsoft/TestPlatform/ConsoleLogger/v1" assemblyQualifiedName="Microsoft.VisualStudio.TestPlatform.CommandLine.Internal.ConsoleLogger, vstest.console, Version=15.0.0.0, Culture=neutral, PublicKeyToken=b03f5f7f11d50a3a" codeBase="C:\Program Files\dotnet\sdk\8.0.202\vstest.console.dll" enabled="True" />
    </Loggers>
  </LoggerRunSettings>
  <DataCollectionRunSettings>
    <DataCollectors>
      <DataCollector friendlyName="blame" enabled="True">
        <Configuration>
          <ResultsDirectory>C:\dotNet\Day11\ShoppingAppSolution\ShoppingAppDALTests\bin\Debug\net8.0\fine-code-coverage\coverage-tool-output</ResultsDirectory>
        </Configuration>
      </DataCollector>
    </DataCollectors>
  </DataCollectionRunSettings>
</RunSettings>

TpTrace Verbose: 0 : 28804, 1, 2024/04/25, 16:19:37.949, 8025000638838, vstest.console.dll, TestRunRequest.ExecuteAsync: Wait for the first run request is over.
TpTrace Verbose: 0 : 28804, 1, 2024/04/25, 16:19:37.949, 8025000643361, vstest.console.dll, MulticastDelegateUtilities.SafeInvoke: TestRun.TestRunStart: Invoking callbacks was skipped because there are no subscribers.
TpTrace Verbose: 0 : 28804, 4, 2024/04/25, 16:19:37.949, 8025000645588, vstest.console.dll, MulticastDelegateUtilities.SafeInvoke: InternalTestLoggerEvents.SendTestRunStart: Invoking callback 1/1 for Microsoft.VisualStudio.TestPlatform.CommandLine.Internal.ConsoleLogger., took 0 ms.
TpTrace Verbose: 0 : 28804, 1, 2024/04/25, 16:19:37.951, 8025000658038, vstest.console.dll, ParallelProxyExecutionManager: Start execution. Total sources: 1
TpTrace Verbose: 0 : 28804, 1, 2024/04/25, 16:19:37.951, 8025000662887, vstest.console.dll, ParallelOperationManager.StartWork: Starting adding 1 workloads.
TpTrace Verbose: 0 : 28804, 1, 2024/04/25, 16:19:37.951, 8025000663696, vstest.console.dll, ParallelOperationManager.ClearSlots: Clearing all slots. Slots should accept more work: True
TpTrace Verbose: 0 : 28804, 1, 2024/04/25, 16:19:37.951, 8025000664546, vstest.console.dll, ParallelOperationManager.SetOccupiedSlotCount: Setting slot counts AvailableSlotCount = 1, OccupiedSlotCount = 0.
TpTrace Verbose: 0 : 28804, 1, 2024/04/25, 16:19:37.951, 8025000665085, vstest.console.dll, Occupied slots:

TpTrace Verbose: 0 : 28804, 1, 2024/04/25, 16:19:37.954, 8025000686701, vstest.console.dll, TestRequestSender is acting as server.
TpTrace Verbose: 0 : 28804, 1, 2024/04/25, 16:19:37.956, 8025000707691, vstest.console.dll, ParallelOperationManager.RunWorkInParallel: Adding 1 workload to slot, remaining workloads 0.
TpTrace Verbose: 0 : 28804, 1, 2024/04/25, 16:19:37.956, 8025000708743, vstest.console.dll, ParallelOperationManager.SetOccupiedSlotCount: Setting slot counts AvailableSlotCount = 0, OccupiedSlotCount = 1.
TpTrace Verbose: 0 : 28804, 1, 2024/04/25, 16:19:37.956, 8025000710644, vstest.console.dll, Occupied slots:
0: C:\dotNet\Day11\ShoppingAppSolution\ShoppingAppDALTests\bin\Debug\net8.0\fine-code-coverage\build-output\ShoppingAppDALTests.dll
TpTrace Verbose: 0 : 28804, 1, 2024/04/25, 16:19:37.957, 8025000724610, vstest.console.dll, ParallelOperationManager.RunWorkInParallel: Started host in slot number 0 for work (source): C:\dotNet\Day11\ShoppingAppSolution\ShoppingAppDALTests\bin\Debug\net8.0\fine-code-coverage\build-output\ShoppingAppDALTests.dll.
TpTrace Verbose: 0 : 28804, 1, 2024/04/25, 16:19:37.958, 8025000734902, vstest.console.dll, ParallelOperationManager.RunWorkInParallel: We started 1 work items, which is the max parallel level. Won't start more work.
TpTrace Verbose: 0 : 28804, 1, 2024/04/25, 16:19:37.958, 8025000735998, vstest.console.dll, ParallelOperationManager.RunWorkInParallel: We started 1 work items in here, returning True.
TpTrace Verbose: 0 : 28804, 5, 2024/04/25, 16:19:37.959, 8025000736470, vstest.console.dll, ParallelProxyExecutionManager.StartTestRunOnConcurrentManager: Initializing uninitialized client. Started clients: 0
TpTrace Information: 0 : 28804, 1, 2024/04/25, 16:19:37.959, 8025000736565, vstest.console.dll, TestRunRequest.ExecuteAsync: Started.
TpTrace Verbose: 0 : 28804, 5, 2024/04/25, 16:19:37.959, 8025000738491, vstest.console.dll, DataCollectionRequestSender.InitializeCommunication : Initialize communication. 
TpTrace Verbose: 0 : 28804, 1, 2024/04/25, 16:19:37.959, 8025000744107, vstest.console.dll, TestRunRequest.WaitForCompletion: Waiting with timeout -1.
TpTrace Information: 0 : 28804, 5, 2024/04/25, 16:19:37.968, 8025000834461, vstest.console.dll, Listening on Endpoint : 127.0.0.1:64099
TpTrace Verbose: 0 : 28804, 5, 2024/04/25, 16:19:37.975, 8025000900468, vstest.console.dll, DotnetDataCollectionLauncher: Adding  --runtimeconfig "C:\Program Files\dotnet\sdk\8.0.202\datacollector.runtimeconfig.json" in args
TpTrace Verbose: 0 : 28804, 5, 2024/04/25, 16:19:37.975, 8025000901882, vstest.console.dll, DotnetDataCollectionLauncher: Adding  --depsfile "C:\Program Files\dotnet\sdk\8.0.202\datacollector.deps.json" in args
TpTrace Verbose: 0 : 28804, 5, 2024/04/25, 16:19:37.976, 8025000909035, vstest.console.dll, DotnetDataCollectionLauncher: Full path of dotnet.exe is C:\Program Files\dotnet\dotnet.exe
TpTrace Information: 0 : 28804, 5, 2024/04/25, 16:19:37.982, 8025000976052, vstest.console.dll, ProxyDataCollectionManager.Initialize: Launched datacollector processId: 36764 port: 64099
TpTrace Information: 0 : 28804, 5, 2024/04/25, 16:19:37.983, 8025000978888, vstest.console.dll, ProxyDataCollectionManager.Initialize: waiting for connection with timeout: 90 seconds
TpTrace Verbose: 0 : 28804, 5, 2024/04/25, 16:19:37.983, 8025000979589, vstest.console.dll, DataCollectionRequestSender.WaitForRequestHandlerConnection : Waiting for connection with timeout: 90000
TpTrace Verbose: 0 : 28804, 5, 2024/04/25, 16:19:38.194, 8025003087242, vstest.console.dll, SocketCommunicationManager.WaitForClientConnection took: 210 ms, with 90000 ms timeout, and finished with True.
TpTrace Information: 0 : 28804, 7, 2024/04/25, 16:19:38.194, 8025003087136, vstest.console.dll, Using the buffer size of 16384 bytes
TpTrace Verbose: 0 : 28804, 5, 2024/04/25, 16:19:38.194, 8025003090045, vstest.console.dll, ProxyDataCollectionManager.InvokeDataCollectionServiceAction: Starting.
TpTrace Information: 0 : 28804, 7, 2024/04/25, 16:19:38.194, 8025003090838, vstest.console.dll, Accepted Client request and set the flag
TpTrace Information: 0 : 28804, 5, 2024/04/25, 16:19:38.194, 8025003091984, vstest.console.dll, ProxyDataCollectionManager.BeforeTestRunStart: Get environment variable and port for datacollector processId: 36764 port: 64099
TpTrace Verbose: 0 : 28804, 5, 2024/04/25, 16:19:38.194, 8025003094069, vstest.console.dll, DataCollectionRequestSender.SendBeforeTestRunStartAndGetResult: Send BeforeTestRunStart message with settingsXml <RunSettings><RunConfiguration><ResultsDirectory>C:\dotNet\Day11\ShoppingAppSolution\ShoppingAppDALTests\bin\Debug\net8.0\fine-code-coverage\coverage-tool-output</ResultsDirectory><TargetPlatform>X64</TargetPlatform><TargetFrameworkVersion>.NETCoreApp,Version=v8.0</TargetFrameworkVersion><DesignMode>False</DesignMode><CollectSourceInformation>False</CollectSourceInformation><TestAdaptersPaths>C:\Program Files\dotnet\sdk\8.0.202\Extensions</TestAdaptersPaths></RunConfiguration><LoggerRunSettings><Loggers><Logger friendlyName="blame" enabled="True" /><Logger friendlyName="Console" uri="logger://microsoft/TestPlatform/ConsoleLogger/v1" assemblyQualifiedName="Microsoft.VisualStudio.TestPlatform.CommandLine.Internal.ConsoleLogger, vstest.console, Version=15.0.0.0, Culture=neutral, PublicKeyToken=b03f5f7f11d50a3a" codeBase="C:\Program Files\dotnet\sdk\8.0.202\vstest.console.dll" enabled="True" /></Loggers></LoggerRunSettings><DataCollectionRunSettings><DataCollectors><DataCollector friendlyName="blame" enabled="True"><Configuration><ResultsDirectory>C:\dotNet\Day11\ShoppingAppSolution\ShoppingAppDALTests\bin\Debug\net8.0\fine-code-coverage\coverage-tool-output</ResultsDirectory></Configuration></DataCollector></DataCollectors></DataCollectionRunSettings></RunSettings> and sources System.Collections.Generic.List`1[System.String]: 
TpTrace Verbose: 0 : 28804, 5, 2024/04/25, 16:19:38.250, 8025003653557, vstest.console.dll, DataCollectionRequestSender.SendBeforeTestRunStartAndGetResult: Received message: (DataCollection.SendMessage) -> {"MessageType":"DataCollection.SendMessage","Payload":{"FriendlyName":null,"Uri":null,"TestCaseId":"00000000-0000-0000-0000-000000000000","Message":"Logging DataCollector Diagnostics in file: C:\\dotNet\\Day11\\ShoppingAppSolution\\ShoppingAppDALTests\\bin\\Debug\\net8.0\\fine-code-coverage\\coverage-tool-output\\diagnostics.datacollector.24-04-25_16-19-37_97519_5.log","Level":0}}
TpTrace Verbose: 0 : 28804, 5, 2024/04/25, 16:19:38.331, 8025004465201, vstest.console.dll, DataCollectionRequestSender.SendBeforeTestRunStartAndGetResult: Received message: (DataCollection.BeforeTestRunStartResult) -> {"MessageType":"DataCollection.BeforeTestRunStartResult","Payload":{"EnvironmentVariables":{},"DataCollectionEventsPort":64101}}
TpTrace Information: 0 : 28804, 5, 2024/04/25, 16:19:38.336, 8025004513863, vstest.console.dll, ProxyDataCollectionManager.BeforeTestRunStart: SendBeforeTestRunStartAndGetResult successful, env variable from datacollector:   and testhost port: 64101
TpTrace Information: 0 : 28804, 5, 2024/04/25, 16:19:38.337, 8025004516093, vstest.console.dll, ProxyDataCollectionManager.InvokeDataCollectionServiceAction: Completed.
TpTrace Verbose: 0 : 28804, 5, 2024/04/25, 16:19:38.337, 8025004517161, vstest.console.dll, ParallelProxyExecutionManager.StartTestRunOnConcurrentManager: Initializing test run. Started clients: 0
TpTrace Verbose: 0 : 28804, 5, 2024/04/25, 16:19:38.337, 8025004519776, vstest.console.dll, ProxyExecutionManager: Test host is always Lazy initialize.
TpTrace Verbose: 0 : 28804, 5, 2024/04/25, 16:19:38.337, 8025004523757, vstest.console.dll, TestRequestSender.InitializeCommunication: initialize communication. 
TpTrace Information: 0 : 28804, 5, 2024/04/25, 16:19:38.338, 8025004530939, vstest.console.dll, SocketServer.Start: Listening on endpoint : 127.0.0.1:64102
TpTrace Verbose: 0 : 28804, 5, 2024/04/25, 16:19:38.339, 8025004541079, vstest.console.dll, DotnetTestHostmanager.GetTestHostProcessStartInfo: Platform environment 'X64' target architecture 'X64' framework '.NETCoreApp,Version=v8.0' OS 'Windows'
TpTrace Verbose: 0 : 28804, 5, 2024/04/25, 16:19:38.339, 8025004545228, vstest.console.dll, DotnetTestHostmanager: Adding  --runtimeconfig "C:\dotNet\Day11\ShoppingAppSolution\ShoppingAppDALTests\bin\Debug\net8.0\fine-code-coverage\build-output\ShoppingAppDALTests.runtimeconfig.json" in args
TpTrace Verbose: 0 : 28804, 5, 2024/04/25, 16:19:38.340, 8025004546844, vstest.console.dll, DotnetTestHostmanager: Adding  --depsfile "C:\dotNet\Day11\ShoppingAppSolution\ShoppingAppDALTests\bin\Debug\net8.0\fine-code-coverage\build-output\ShoppingAppDALTests.deps.json" in args
TpTrace Verbose: 0 : 28804, 5, 2024/04/25, 16:19:38.340, 8025004550747, vstest.console.dll, DotnetTestHostmanager.IsWinOnArm: Current PROCESSOR_ARCHITECTURE from environment variable 'AMD64'
TpTrace Verbose: 0 : 28804, 5, 2024/04/25, 16:19:38.340, 8025004551636, vstest.console.dll, DotnetTestHostmanager.IsWinOnArm: Is Windows on ARM 'False'
TpTrace Verbose: 0 : 28804, 5, 2024/04/25, 16:19:38.340, 8025004553498, vstest.console.dll, DotnetTestHostManager: testhost.exe found at path: C:\dotNet\Day11\ShoppingAppSolution\ShoppingAppDALTests\bin\Debug\net8.0\fine-code-coverage\build-output\testhost.exe
TpTrace Verbose: 0 : 28804, 5, 2024/04/25, 16:19:38.340, 8025004554039, vstest.console.dll, DotnetTestHostmanager: Full path of host exe is C:\dotNet\Day11\ShoppingAppSolution\ShoppingAppDALTests\bin\Debug\net8.0\fine-code-coverage\build-output\testhost.exe
TpTrace Verbose: 0 : 28804, 5, 2024/04/25, 16:19:38.340, 8025004555589, vstest.console.dll, DotnetTestHostmanager.LaunchTestHostAsync: Found 'VSTEST_WINAPPHOST_DOTNET_ROOT' in env variables, value 'C:\Program Files\dotnet', forwarding to 'DOTNET_ROOT'
TpTrace Verbose: 0 : 28804, 5, 2024/04/25, 16:19:38.341, 8025004557430, vstest.console.dll, DotnetTestHostManager: Starting process 'C:\dotNet\Day11\ShoppingAppSolution\ShoppingAppDALTests\bin\Debug\net8.0\fine-code-coverage\build-output\testhost.exe' with command line ' --runtimeconfig "C:\dotNet\Day11\ShoppingAppSolution\ShoppingAppDALTests\bin\Debug\net8.0\fine-code-coverage\build-output\ShoppingAppDALTests.runtimeconfig.json" --depsfile "C:\dotNet\Day11\ShoppingAppSolution\ShoppingAppDALTests\bin\Debug\net8.0\fine-code-coverage\build-output\ShoppingAppDALTests.deps.json" --port 64102 --endpoint 127.0.0.1:064102 --role client --parentprocessid 28804 --diag "C:\dotNet\Day11\ShoppingAppSolution\ShoppingAppDALTests\bin\Debug\net8.0\fine-code-coverage\coverage-tool-output\diagnostics.host.24-04-25_16-19-38_33901_5.log" --tracelevel 4 --datacollectionport 64101 --telemetryoptedin false'
TpTrace Verbose: 0 : 28804, 5, 2024/04/25, 16:19:38.347, 8025004622081, vstest.console.dll, MulticastDelegateUtilities.SafeInvoke: HostProviderEvents.OnHostLaunched: Invoking callback 1/2 for Microsoft.VisualStudio.TestPlatform.CrossPlatEngine.Client.ProxyExecutionManagerWithDataCollection., took 1 ms.
TpTrace Verbose: 0 : 28804, 5, 2024/04/25, 16:19:38.348, 8025004626407, vstest.console.dll, Test Runtime launched
TpTrace Verbose: 0 : 28804, 5, 2024/04/25, 16:19:38.348, 8025004627598, vstest.console.dll, MulticastDelegateUtilities.SafeInvoke: HostProviderEvents.OnHostLaunched: Invoking callback 2/2 for Microsoft.VisualStudio.TestPlatform.CrossPlatEngine.Client.ProxyOperationManager., took 0 ms.
TpTrace Verbose: 0 : 28804, 5, 2024/04/25, 16:19:38.348, 8025004629408, vstest.console.dll, TestRequestSender.WaitForRequestHandlerConnection: waiting for connection with timeout: 90000.
TpTrace Verbose: 0 : 28804, 7, 2024/04/25, 16:19:38.590, 8025007049276, vstest.console.dll, MulticastDelegateUtilities.SafeInvoke: SocketServer: ClientConnected: Invoking callback 1/1 for Microsoft.VisualStudio.TestPlatform.CommunicationUtilities.TestRequestSender., took 0 ms.
TpTrace Verbose: 0 : 28804, 5, 2024/04/25, 16:19:38.590, 8025007049276, vstest.console.dll, TestRequestSender.WaitForRequestHandlerConnection: waiting took 241 ms, with timeout 90000 ms, and result 0, which is success.
TpTrace Verbose: 0 : 28804, 7, 2024/04/25, 16:19:38.590, 8025007051030, vstest.console.dll, SocketServer.OnClientConnected: Client connected for endPoint: 127.0.0.1:64102, starting MessageLoopAsync:
TpTrace Verbose: 0 : 28804, 13, 2024/04/25, 16:19:38.591, 8025007058573, vstest.console.dll, TcpClientExtensions.MessageLoopAsync: Polling on remoteEndPoint: 127.0.0.1:64103 localEndPoint: 127.0.0.1:64102 after 0 ms
TpTrace Verbose: 0 : 28804, 5, 2024/04/25, 16:19:38.591, 8025007064533, vstest.console.dll, TestRequestSender.CheckVersionWithTestHost: Sending check version message: {"MessageType":"ProtocolVersion","Payload":7}
TpTrace Verbose: 0 : 28804, 13, 2024/04/25, 16:19:38.702, 8025008175600, vstest.console.dll, TcpClientExtensions.MessageLoopAsync: NotifyDataAvailable remoteEndPoint: 127.0.0.1:64103 localEndPoint: 127.0.0.1:64102
TpTrace Verbose: 0 : 28804, 13, 2024/04/25, 16:19:38.703, 8025008180646, vstest.console.dll, TestRequestSender.CheckVersionWithTestHost: onMessageReceived received message: (ProtocolVersion) -> {"MessageType":"ProtocolVersion","Payload":7}
TpTrace Verbose: 0 : 28804, 13, 2024/04/25, 16:19:38.704, 8025008189387, vstest.console.dll, MulticastDelegateUtilities.SafeInvoke: LengthPrefixCommunicationChannel: MessageReceived: Invoking callback 1/1 for Microsoft.VisualStudio.TestPlatform.CommunicationUtilities.TestRequestSender+<>c__DisplayClass29_0., took 0 ms.
TpTrace Verbose: 0 : 28804, 13, 2024/04/25, 16:19:38.704, 8025008190908, vstest.console.dll, TcpClientExtensions.MessageLoopAsync: Polling on remoteEndPoint: 127.0.0.1:64103 localEndPoint: 127.0.0.1:64102 after 113 ms
TpTrace Verbose: 0 : 28804, 5, 2024/04/25, 16:19:38.704, 8025008191294, vstest.console.dll, TestPluginCache.GetExtensionPaths: Filtered extension paths: 
TpTrace Verbose: 0 : 28804, 5, 2024/04/25, 16:19:38.704, 8025008192294, vstest.console.dll, TestPluginCache.GetExtensionPaths: Added default extension paths: C:\Program Files\dotnet\sdk\8.0.202\Extensions\Microsoft.Diagnostics.NETCore.Client.dll
C:\Program Files\dotnet\sdk\8.0.202\Extensions\Microsoft.TestPlatform.Extensions.BlameDataCollector.dll
C:\Program Files\dotnet\sdk\8.0.202\Extensions\Microsoft.TestPlatform.Extensions.EventLogCollector.dll
C:\Program Files\dotnet\sdk\8.0.202\Extensions\Microsoft.TestPlatform.TestHostRuntimeProvider.dll
C:\Program Files\dotnet\sdk\8.0.202\Extensions\Microsoft.VisualStudio.TestPlatform.Extensions.Html.TestLogger.dll
C:\Program Files\dotnet\sdk\8.0.202\Extensions\Microsoft.VisualStudio.TestPlatform.Extensions.Trx.TestLogger.dll
TpTrace Verbose: 0 : 28804, 5, 2024/04/25, 16:19:38.704, 8025008193771, vstest.console.dll, TestPluginCache.GetExtensionPaths: Added unfilterableExtensionPaths: 
TpTrace Verbose: 0 : 28804, 5, 2024/04/25, 16:19:38.707, 8025008222511, vstest.console.dll, TestRequestSender.InitializeExecution: Sending initialize execution with message: {"Version":7,"MessageType":"TestExecution.Initialize","Payload":["C:\\dotNet\\Day11\\ShoppingAppSolution\\ShoppingAppDALTests\\bin\\Debug\\net8.0\\fine-code-coverage\\build-output\\NUnit3.TestAdapter.dll"]}
TpTrace Verbose: 0 : 28804, 5, 2024/04/25, 16:19:38.707, 8025008225731, vstest.console.dll, ParallelProxyExecutionManager.StartTestRunOnConcurrentManager: Execution starting. Started clients: 1
TpTrace Verbose: 0 : 28804, 5, 2024/04/25, 16:19:38.708, 8025008229849, vstest.console.dll, TestRunRequest:SendTestRunMessage: Starting.
TpTrace Verbose: 0 : 28804, 13, 2024/04/25, 16:19:38.708, 8025008231301, vstest.console.dll, TcpClientExtensions.MessageLoopAsync: NotifyDataAvailable remoteEndPoint: 127.0.0.1:64103 localEndPoint: 127.0.0.1:64102
TpTrace Verbose: 0 : 28804, 5, 2024/04/25, 16:19:38.708, 8025008231717, vstest.console.dll, MulticastDelegateUtilities.SafeInvoke: TestRun.LogMessages: Invoking callback 1/1 for Microsoft.VisualStudio.TestPlatform.CommandLine.TestRunResultAggregator., took 0 ms.
TpTrace Information: 0 : 28804, 5, 2024/04/25, 16:19:38.708, 8025008232346, vstest.console.dll, TestRunRequest:SendTestRunMessage: Completed.
TpTrace Verbose: 0 : 28804, 4, 2024/04/25, 16:19:38.708, 8025008233952, vstest.console.dll, MulticastDelegateUtilities.SafeInvoke: InternalTestLoggerEvents.SendTestRunMessage: Invoking callback 1/1 for Microsoft.VisualStudio.TestPlatform.CommandLine.Internal.ConsoleLogger., took 0 ms.
TpTrace Warning: 0 : 28804, 5, 2024/04/25, 16:19:38.709, 8025008236564, vstest.console.dll, InferRunSettingsHelper.MakeRunsettingsCompatible: Removing the following settings: TargetPlatform from RunSettings file. To use those settings please move to latest version of Microsoft.NET.Test.Sdk
TpTrace Verbose: 0 : 28804, 13, 2024/04/25, 16:19:38.709, 8025008243489, vstest.console.dll, TestRequestSender.OnExecutionMessageReceived: Received message: {"Version":7,"MessageType":"TestSession.Message","Payload":{"MessageLevel":0,"Message":"Logging TestHost Diagnostics in file: C:\\dotNet\\Day11\\ShoppingAppSolution\\ShoppingAppDALTests\\bin\\Debug\\net8.0\\fine-code-coverage\\coverage-tool-output\\diagnostics.host.24-04-25_16-19-38_33901_5.log"}}
TpTrace Verbose: 0 : 28804, 13, 2024/04/25, 16:19:38.712, 8025008270652, vstest.console.dll, TestRunRequest:SendTestRunMessage: Starting.
TpTrace Verbose: 0 : 28804, 13, 2024/04/25, 16:19:38.712, 8025008272920, vstest.console.dll, MulticastDelegateUtilities.SafeInvoke: TestRun.LogMessages: Invoking callback 1/1 for Microsoft.VisualStudio.TestPlatform.CommandLine.TestRunResultAggregator., took 0 ms.
TpTrace Verbose: 0 : 28804, 4, 2024/04/25, 16:19:38.712, 8025008273135, vstest.console.dll, MulticastDelegateUtilities.SafeInvoke: InternalTestLoggerEvents.SendTestRunMessage: Invoking callback 1/1 for Microsoft.VisualStudio.TestPlatform.CommandLine.Internal.ConsoleLogger., took 0 ms.
TpTrace Information: 0 : 28804, 13, 2024/04/25, 16:19:38.712, 8025008273525, vstest.console.dll, TestRunRequest:SendTestRunMessage: Completed.
TpTrace Verbose: 0 : 28804, 13, 2024/04/25, 16:19:38.712, 8025008275309, vstest.console.dll, MulticastDelegateUtilities.SafeInvoke: LengthPrefixCommunicationChannel: MessageReceived: Invoking callback 1/1 for Microsoft.VisualStudio.TestPlatform.CommunicationUtilities.TestRequestSender+<>c__DisplayClass34_0., took 3 ms.
TpTrace Verbose: 0 : 28804, 13, 2024/04/25, 16:19:38.712, 8025008275868, vstest.console.dll, TcpClientExtensions.MessageLoopAsync: Polling on remoteEndPoint: 127.0.0.1:64103 localEndPoint: 127.0.0.1:64102 after 8 ms
TpTrace Verbose: 0 : 28804, 5, 2024/04/25, 16:19:38.720, 8025008354461, vstest.console.dll, TestRequestSender.StartTestRun: Sending test run with message: {"Version":7,"MessageType":"TestExecution.StartWithSources","Payload":{"AdapterSourceMap":{"_none_":["C:\\dotNet\\Day11\\ShoppingAppSolution\\ShoppingAppDALTests\\bin\\Debug\\net8.0\\fine-code-coverage\\build-output\\ShoppingAppDALTests.dll"]},"RunSettings":"<RunSettings>\r\n  <RunConfiguration>\r\n    <ResultsDirectory>C:\\dotNet\\Day11\\ShoppingAppSolution\\ShoppingAppDALTests\\bin\\Debug\\net8.0\\fine-code-coverage\\coverage-tool-output</ResultsDirectory>\r\n    <TargetFrameworkVersion>.NETCoreApp,Version=v8.0</TargetFrameworkVersion>\r\n    <DesignMode>False</DesignMode>\r\n    <CollectSourceInformation>False</CollectSourceInformation>\r\n  </RunConfiguration>\r\n  <LoggerRunSettings>\r\n    <Loggers>\r\n      <Logger friendlyName=\"blame\" enabled=\"True\" />\r\n      <Logger friendlyName=\"Console\" uri=\"logger://microsoft/TestPlatform/ConsoleLogger/v1\" assemblyQualifiedName=\"Microsoft.VisualStudio.TestPlatform.CommandLine.Internal.ConsoleLogger, vstest.console, Version=15.0.0.0, Culture=neutral, PublicKeyToken=b03f5f7f11d50a3a\" codeBase=\"C:\\Program Files\\dotnet\\sdk\\8.0.202\\vstest.console.dll\" enabled=\"True\" />\r\n    </Loggers>\r\n  </LoggerRunSettings>\r\n  <DataCollectionRunSettings>\r\n    <DataCollectors>\r\n      <DataCollector friendlyName=\"blame\" enabled=\"True\">\r\n        <Configuration>\r\n          <ResultsDirectory>C:\\dotNet\\Day11\\ShoppingAppSolution\\ShoppingAppDALTests\\bin\\Debug\\net8.0\\fine-code-coverage\\coverage-tool-output</ResultsDirectory>\r\n        </Configuration>\r\n      </DataCollector>\r\n    </DataCollectors>\r\n  </DataCollectionRunSettings>\r\n</RunSettings>","TestExecutionContext":{"FrequencyOfRunStatsChangeEvent":10,"RunStatsChangeEventTimeout":"00:00:01.5000000","InIsolation":false,"KeepAlive":false,"AreTestCaseLevelEventsRequired":false,"IsDebug":false,"TestCaseFilter":null,"FilterOptions":null},"Package":null}}
TpTrace Verbose: 0 : 28804, 5, 2024/04/25, 16:19:38.721, 8025008357078, vstest.console.dll, ParallelProxyExecutionManager.StartTestRunOnConcurrentManager: Execution started. Started clients: 1
TpTrace Verbose: 0 : 28804, 13, 2024/04/25, 16:19:38.866, 8025009812482, vstest.console.dll, TcpClientExtensions.MessageLoopAsync: NotifyDataAvailable remoteEndPoint: 127.0.0.1:64103 localEndPoint: 127.0.0.1:64102
TpTrace Verbose: 0 : 28804, 13, 2024/04/25, 16:19:38.866, 8025009814394, vstest.console.dll, TestRequestSender.OnExecutionMessageReceived: Received message: {"Version":7,"MessageType":"TestSession.Message","Payload":{"MessageLevel":0,"Message":"NUnit Adapter 4.5.0.0: Test execution started"}}
TpTrace Verbose: 0 : 28804, 13, 2024/04/25, 16:19:38.867, 8025009816351, vstest.console.dll, TestRunRequest:SendTestRunMessage: Starting.
TpTrace Verbose: 0 : 28804, 13, 2024/04/25, 16:19:38.867, 8025009817052, vstest.console.dll, MulticastDelegateUtilities.SafeInvoke: TestRun.LogMessages: Invoking callback 1/1 for Microsoft.VisualStudio.TestPlatform.CommandLine.TestRunResultAggregator., took 0 ms.
TpTrace Information: 0 : 28804, 13, 2024/04/25, 16:19:38.867, 8025009817393, vstest.console.dll, TestRunRequest:SendTestRunMessage: Completed.
TpTrace Verbose: 0 : 28804, 4, 2024/04/25, 16:19:38.867, 8025009817510, vstest.console.dll, MulticastDelegateUtilities.SafeInvoke: InternalTestLoggerEvents.SendTestRunMessage: Invoking callback 1/1 for Microsoft.VisualStudio.TestPlatform.CommandLine.Internal.ConsoleLogger., took 0 ms.
TpTrace Verbose: 0 : 28804, 13, 2024/04/25, 16:19:38.867, 8025009817788, vstest.console.dll, MulticastDelegateUtilities.SafeInvoke: LengthPrefixCommunicationChannel: MessageReceived: Invoking callback 1/1 for Microsoft.VisualStudio.TestPlatform.CommunicationUtilities.TestRequestSender+<>c__DisplayClass34_0., took 0 ms.
TpTrace Verbose: 0 : 28804, 13, 2024/04/25, 16:19:38.867, 8025009819339, vstest.console.dll, TcpClientExtensions.MessageLoopAsync: Polling on remoteEndPoint: 127.0.0.1:64103 localEndPoint: 127.0.0.1:64102 after 154 ms
TpTrace Verbose: 0 : 28804, 13, 2024/04/25, 16:19:38.890, 8025010047351, vstest.console.dll, TcpClientExtensions.MessageLoopAsync: NotifyDataAvailable remoteEndPoint: 127.0.0.1:64103 localEndPoint: 127.0.0.1:64102
TpTrace Verbose: 0 : 28804, 13, 2024/04/25, 16:19:38.890, 8025010049584, vstest.console.dll, TestRequestSender.OnExecutionMessageReceived: Received message: {"Version":7,"MessageType":"TestSession.Message","Payload":{"MessageLevel":0,"Message":"Running all tests in C:\\dotNet\\Day11\\ShoppingAppSolution\\ShoppingAppDALTests\\bin\\Debug\\net8.0\\fine-code-coverage\\build-output\\ShoppingAppDALTests.dll"}}
TpTrace Verbose: 0 : 28804, 13, 2024/04/25, 16:19:38.890, 8025010050943, vstest.console.dll, TestRunRequest:SendTestRunMessage: Starting.
TpTrace Verbose: 0 : 28804, 13, 2024/04/25, 16:19:38.890, 8025010051562, vstest.console.dll, MulticastDelegateUtilities.SafeInvoke: TestRun.LogMessages: Invoking callback 1/1 for Microsoft.VisualStudio.TestPlatform.CommandLine.TestRunResultAggregator., took 0 ms.
TpTrace Information: 0 : 28804, 13, 2024/04/25, 16:19:38.890, 8025010051897, vstest.console.dll, TestRunRequest:SendTestRunMessage: Completed.
TpTrace Verbose: 0 : 28804, 13, 2024/04/25, 16:19:38.890, 8025010052359, vstest.console.dll, MulticastDelegateUtilities.SafeInvoke: LengthPrefixCommunicationChannel: MessageReceived: Invoking callback 1/1 for Microsoft.VisualStudio.TestPlatform.CommunicationUtilities.TestRequestSender+<>c__DisplayClass34_0., took 0 ms.
TpTrace Verbose: 0 : 28804, 13, 2024/04/25, 16:19:38.890, 8025010052766, vstest.console.dll, TcpClientExtensions.MessageLoopAsync: Polling on remoteEndPoint: 127.0.0.1:64103 localEndPoint: 127.0.0.1:64102 after 23 ms
TpTrace Verbose: 0 : 28804, 4, 2024/04/25, 16:19:38.890, 8025010052325, vstest.console.dll, MulticastDelegateUtilities.SafeInvoke: InternalTestLoggerEvents.SendTestRunMessage: Invoking callback 1/1 for Microsoft.VisualStudio.TestPlatform.CommandLine.Internal.ConsoleLogger., took 0 ms.
TpTrace Verbose: 0 : 28804, 13, 2024/04/25, 16:19:38.995, 8025011101556, vstest.console.dll, TcpClientExtensions.MessageLoopAsync: NotifyDataAvailable remoteEndPoint: 127.0.0.1:64103 localEndPoint: 127.0.0.1:64102
TpTrace Verbose: 0 : 28804, 13, 2024/04/25, 16:19:38.995, 8025011103932, vstest.console.dll, TestRequestSender.OnExecutionMessageReceived: Received message: {"Version":7,"MessageType":"TestSession.Message","Payload":{"MessageLevel":0,"Message":"   NUnit3TestExecutor discovered 40 of 40 NUnit test cases using Current Discovery mode, Non-Explicit run"}}
TpTrace Verbose: 0 : 28804, 13, 2024/04/25, 16:19:38.995, 8025011105597, vstest.console.dll, TestRunRequest:SendTestRunMessage: Starting.
TpTrace Verbose: 0 : 28804, 13, 2024/04/25, 16:19:38.996, 8025011106400, vstest.console.dll, MulticastDelegateUtilities.SafeInvoke: TestRun.LogMessages: Invoking callback 1/1 for Microsoft.VisualStudio.TestPlatform.CommandLine.TestRunResultAggregator., took 0 ms.
TpTrace Information: 0 : 28804, 13, 2024/04/25, 16:19:38.996, 8025011106879, vstest.console.dll, TestRunRequest:SendTestRunMessage: Completed.
TpTrace Verbose: 0 : 28804, 4, 2024/04/25, 16:19:38.996, 8025011106886, vstest.console.dll, MulticastDelegateUtilities.SafeInvoke: InternalTestLoggerEvents.SendTestRunMessage: Invoking callback 1/1 for Microsoft.VisualStudio.TestPlatform.CommandLine.Internal.ConsoleLogger., took 0 ms.
TpTrace Verbose: 0 : 28804, 13, 2024/04/25, 16:19:38.996, 8025011107405, vstest.console.dll, MulticastDelegateUtilities.SafeInvoke: LengthPrefixCommunicationChannel: MessageReceived: Invoking callback 1/1 for Microsoft.VisualStudio.TestPlatform.CommunicationUtilities.TestRequestSender+<>c__DisplayClass34_0., took 0 ms.
TpTrace Verbose: 0 : 28804, 13, 2024/04/25, 16:19:38.996, 8025011109458, vstest.console.dll, TcpClientExtensions.MessageLoopAsync: Polling on remoteEndPoint: 127.0.0.1:64103 localEndPoint: 127.0.0.1:64102 after 105 ms
TpTrace Verbose: 0 : 28804, 13, 2024/04/25, 16:19:39.116, 8025012310536, vstest.console.dll, TcpClientExtensions.MessageLoopAsync: NotifyDataAvailable remoteEndPoint: 127.0.0.1:64103 localEndPoint: 127.0.0.1:64102
TpTrace Verbose: 0 : 28804, 13, 2024/04/25, 16:19:39.116, 8025012312371, vstest.console.dll, TestRequestSender.OnExecutionMessageReceived: Received message: {"Version":7,"MessageType":"TestSession.Message","Payload":{"MessageLevel":1,"Message":"added successfully\r\nadded successfully\r\n"}}
TpTrace Verbose: 0 : 28804, 13, 2024/04/25, 16:19:39.116, 8025012314398, vstest.console.dll, TestRunRequest:SendTestRunMessage: Starting.
TpTrace Verbose: 0 : 28804, 13, 2024/04/25, 16:19:39.116, 8025012315299, vstest.console.dll, MulticastDelegateUtilities.SafeInvoke: TestRun.LogMessages: Invoking callback 1/1 for Microsoft.VisualStudio.TestPlatform.CommandLine.TestRunResultAggregator., took 0 ms.
TpTrace Information: 0 : 28804, 13, 2024/04/25, 16:19:39.116, 8025012315706, vstest.console.dll, TestRunRequest:SendTestRunMessage: Completed.
TpTrace Verbose: 0 : 28804, 13, 2024/04/25, 16:19:39.116, 8025012315998, vstest.console.dll, MulticastDelegateUtilities.SafeInvoke: LengthPrefixCommunicationChannel: MessageReceived: Invoking callback 1/1 for Microsoft.VisualStudio.TestPlatform.CommunicationUtilities.TestRequestSender+<>c__DisplayClass34_0., took 0 ms.
TpTrace Verbose: 0 : 28804, 13, 2024/04/25, 16:19:39.117, 8025012316381, vstest.console.dll, TcpClientExtensions.MessageLoopAsync: Polling on remoteEndPoint: 127.0.0.1:64103 localEndPoint: 127.0.0.1:64102 after 120 ms
TpTrace Verbose: 0 : 28804, 4, 2024/04/25, 16:19:39.117, 8025012317038, vstest.console.dll, MulticastDelegateUtilities.SafeInvoke: InternalTestLoggerEvents.SendTestRunMessage: Invoking callback 1/1 for Microsoft.VisualStudio.TestPlatform.CommandLine.Internal.ConsoleLogger., took 0 ms.
TpTrace Verbose: 0 : 28804, 13, 2024/04/25, 16:19:39.133, 8025012477559, vstest.console.dll, TcpClientExtensions.MessageLoopAsync: NotifyDataAvailable remoteEndPoint: 127.0.0.1:64103 localEndPoint: 127.0.0.1:64102
TpTrace Verbose: 0 : 28804, 13, 2024/04/25, 16:19:39.133, 8025012480054, vstest.console.dll, TestRequestSender.OnExecutionMessageReceived: Received message: {"Version":7,"MessageType":"TestSession.Message","Payload":{"MessageLevel":1,"Message":"added successfully\r\nadded successfully\r\n"}}
TpTrace Verbose: 0 : 28804, 13, 2024/04/25, 16:19:39.133, 8025012481620, vstest.console.dll, TestRunRequest:SendTestRunMessage: Starting.
TpTrace Verbose: 0 : 28804, 13, 2024/04/25, 16:19:39.133, 8025012482286, vstest.console.dll, MulticastDelegateUtilities.SafeInvoke: TestRun.LogMessages: Invoking callback 1/1 for Microsoft.VisualStudio.TestPlatform.CommandLine.TestRunResultAggregator., took 0 ms.
TpTrace Information: 0 : 28804, 13, 2024/04/25, 16:19:39.133, 8025012482626, vstest.console.dll, TestRunRequest:SendTestRunMessage: Completed.
TpTrace Verbose: 0 : 28804, 13, 2024/04/25, 16:19:39.133, 8025012482972, vstest.console.dll, MulticastDelegateUtilities.SafeInvoke: LengthPrefixCommunicationChannel: MessageReceived: Invoking callback 1/1 for Microsoft.VisualStudio.TestPlatform.CommunicationUtilities.TestRequestSender+<>c__DisplayClass34_0., took 0 ms.
TpTrace Verbose: 0 : 28804, 4, 2024/04/25, 16:19:39.133, 8025012483175, vstest.console.dll, MulticastDelegateUtilities.SafeInvoke: InternalTestLoggerEvents.SendTestRunMessage: Invoking callback 1/1 for Microsoft.VisualStudio.TestPlatform.CommandLine.Internal.ConsoleLogger., took 0 ms.
TpTrace Verbose: 0 : 28804, 13, 2024/04/25, 16:19:39.133, 8025012483825, vstest.console.dll, TcpClientExtensions.MessageLoopAsync: Polling on remoteEndPoint: 127.0.0.1:64103 localEndPoint: 127.0.0.1:64102 after 16 ms
TpTrace Verbose: 0 : 28804, 13, 2024/04/25, 16:19:39.136, 8025012515137, vstest.console.dll, TcpClientExtensions.MessageLoopAsync: NotifyDataAvailable remoteEndPoint: 127.0.0.1:64103 localEndPoint: 127.0.0.1:64102
TpTrace Verbose: 0 : 28804, 13, 2024/04/25, 16:19:39.137, 8025012516585, vstest.console.dll, TestRequestSender.OnExecutionMessageReceived: Received message: {"Version":7,"MessageType":"TestSession.Message","Payload":{"MessageLevel":1,"Message":"added successfully\r\n"}}
TpTrace Verbose: 0 : 28804, 13, 2024/04/25, 16:19:39.137, 8025012517982, vstest.console.dll, TestRunRequest:SendTestRunMessage: Starting.
TpTrace Verbose: 0 : 28804, 13, 2024/04/25, 16:19:39.137, 8025012518781, vstest.console.dll, MulticastDelegateUtilities.SafeInvoke: TestRun.LogMessages: Invoking callback 1/1 for Microsoft.VisualStudio.TestPlatform.CommandLine.TestRunResultAggregator., took 0 ms.
TpTrace Information: 0 : 28804, 13, 2024/04/25, 16:19:39.137, 8025012519295, vstest.console.dll, TestRunRequest:SendTestRunMessage: Completed.
TpTrace Verbose: 0 : 28804, 13, 2024/04/25, 16:19:39.137, 8025012520058, vstest.console.dll, MulticastDelegateUtilities.SafeInvoke: LengthPrefixCommunicationChannel: MessageReceived: Invoking callback 1/1 for Microsoft.VisualStudio.TestPlatform.CommunicationUtilities.TestRequestSender+<>c__DisplayClass34_0., took 0 ms.
TpTrace Verbose: 0 : 28804, 4, 2024/04/25, 16:19:39.137, 8025012520349, vstest.console.dll, MulticastDelegateUtilities.SafeInvoke: InternalTestLoggerEvents.SendTestRunMessage: Invoking callback 1/1 for Microsoft.VisualStudio.TestPlatform.CommandLine.Internal.ConsoleLogger., took 0 ms.
TpTrace Verbose: 0 : 28804, 13, 2024/04/25, 16:19:39.137, 8025012520488, vstest.console.dll, TcpClientExtensions.MessageLoopAsync: Polling on remoteEndPoint: 127.0.0.1:64103 localEndPoint: 127.0.0.1:64102 after 3 ms
TpTrace Verbose: 0 : 28804, 13, 2024/04/25, 16:19:39.140, 8025012553085, vstest.console.dll, TcpClientExtensions.MessageLoopAsync: NotifyDataAvailable remoteEndPoint: 127.0.0.1:64103 localEndPoint: 127.0.0.1:64102
TpTrace Verbose: 0 : 28804, 13, 2024/04/25, 16:19:39.140, 8025012554477, vstest.console.dll, TestRequestSender.OnExecutionMessageReceived: Received message: {"Version":7,"MessageType":"TestSession.Message","Payload":{"MessageLevel":1,"Message":"added successfully\r\n"}}
TpTrace Verbose: 0 : 28804, 13, 2024/04/25, 16:19:39.140, 8025012555806, vstest.console.dll, TestRunRequest:SendTestRunMessage: Starting.
TpTrace Verbose: 0 : 28804, 13, 2024/04/25, 16:19:39.141, 8025012556408, vstest.console.dll, MulticastDelegateUtilities.SafeInvoke: TestRun.LogMessages: Invoking callback 1/1 for Microsoft.VisualStudio.TestPlatform.CommandLine.TestRunResultAggregator., took 0 ms.
TpTrace Information: 0 : 28804, 13, 2024/04/25, 16:19:39.141, 8025012556753, vstest.console.dll, TestRunRequest:SendTestRunMessage: Completed.
TpTrace Verbose: 0 : 28804, 13, 2024/04/25, 16:19:39.141, 8025012557086, vstest.console.dll, MulticastDelegateUtilities.SafeInvoke: LengthPrefixCommunicationChannel: MessageReceived: Invoking callback 1/1 for Microsoft.VisualStudio.TestPlatform.CommunicationUtilities.TestRequestSender+<>c__DisplayClass34_0., took 0 ms.
TpTrace Verbose: 0 : 28804, 13, 2024/04/25, 16:19:39.141, 8025012557548, vstest.console.dll, TcpClientExtensions.MessageLoopAsync: Polling on remoteEndPoint: 127.0.0.1:64103 localEndPoint: 127.0.0.1:64102 after 3 ms
TpTrace Verbose: 0 : 28804, 4, 2024/04/25, 16:19:39.141, 8025012557559, vstest.console.dll, MulticastDelegateUtilities.SafeInvoke: InternalTestLoggerEvents.SendTestRunMessage: Invoking callback 1/1 for Microsoft.VisualStudio.TestPlatform.CommandLine.Internal.ConsoleLogger., took 0 ms.
TpTrace Verbose: 0 : 28804, 13, 2024/04/25, 16:19:39.144, 8025012588395, vstest.console.dll, TcpClientExtensions.MessageLoopAsync: NotifyDataAvailable remoteEndPoint: 127.0.0.1:64103 localEndPoint: 127.0.0.1:64102
TpTrace Verbose: 0 : 28804, 13, 2024/04/25, 16:19:39.144, 8025012591537, vstest.console.dll, TestRequestSender.OnExecutionMessageReceived: Received message: {"Version":7,"MessageType":"TestSession.Message","Payload":{"MessageLevel":1,"Message":"added successfully\r\n"}}
TpTrace Verbose: 0 : 28804, 13, 2024/04/25, 16:19:39.144, 8025012593113, vstest.console.dll, TestRunRequest:SendTestRunMessage: Starting.
TpTrace Verbose: 0 : 28804, 13, 2024/04/25, 16:19:39.144, 8025012593945, vstest.console.dll, MulticastDelegateUtilities.SafeInvoke: TestRun.LogMessages: Invoking callback 1/1 for Microsoft.VisualStudio.TestPlatform.CommandLine.TestRunResultAggregator., took 0 ms.
TpTrace Information: 0 : 28804, 13, 2024/04/25, 16:19:39.144, 8025012594466, vstest.console.dll, TestRunRequest:SendTestRunMessage: Completed.
TpTrace Verbose: 0 : 28804, 13, 2024/04/25, 16:19:39.144, 8025012595012, vstest.console.dll, MulticastDelegateUtilities.SafeInvoke: LengthPrefixCommunicationChannel: MessageReceived: Invoking callback 1/1 for Microsoft.VisualStudio.TestPlatform.CommunicationUtilities.TestRequestSender+<>c__DisplayClass34_0., took 0 ms.
TpTrace Verbose: 0 : 28804, 13, 2024/04/25, 16:19:39.144, 8025012595496, vstest.console.dll, TcpClientExtensions.MessageLoopAsync: Polling on remoteEndPoint: 127.0.0.1:64103 localEndPoint: 127.0.0.1:64102 after 3 ms
TpTrace Verbose: 0 : 28804, 4, 2024/04/25, 16:19:39.144, 8025012595590, vstest.console.dll, MulticastDelegateUtilities.SafeInvoke: InternalTestLoggerEvents.SendTestRunMessage: Invoking callback 1/1 for Microsoft.VisualStudio.TestPlatform.CommandLine.Internal.ConsoleLogger., took 0 ms.
TpTrace Verbose: 0 : 28804, 13, 2024/04/25, 16:19:39.147, 8025012618894, vstest.console.dll, TcpClientExtensions.MessageLoopAsync: NotifyDataAvailable remoteEndPoint: 127.0.0.1:64103 localEndPoint: 127.0.0.1:64102
TpTrace Verbose: 0 : 28804, 13, 2024/04/25, 16:19:39.147, 8025012620774, vstest.console.dll, TestRequestSender.OnExecutionMessageReceived: Received message: {"Version":7,"MessageType":"TestSession.Message","Payload":{"MessageLevel":1,"Message":"added successfully\r\n"}}
TpTrace Verbose: 0 : 28804, 13, 2024/04/25, 16:19:39.147, 8025012622572, vstest.console.dll, TestRunRequest:SendTestRunMessage: Starting.
TpTrace Verbose: 0 : 28804, 13, 2024/04/25, 16:19:39.147, 8025012623493, vstest.console.dll, MulticastDelegateUtilities.SafeInvoke: TestRun.LogMessages: Invoking callback 1/1 for Microsoft.VisualStudio.TestPlatform.CommandLine.TestRunResultAggregator., took 0 ms.
TpTrace Information: 0 : 28804, 13, 2024/04/25, 16:19:39.147, 8025012623924, vstest.console.dll, TestRunRequest:SendTestRunMessage: Completed.
TpTrace Verbose: 0 : 28804, 13, 2024/04/25, 16:19:39.147, 8025012624340, vstest.console.dll, MulticastDelegateUtilities.SafeInvoke: LengthPrefixCommunicationChannel: MessageReceived: Invoking callback 1/1 for Microsoft.VisualStudio.TestPlatform.CommunicationUtilities.TestRequestSender+<>c__DisplayClass34_0., took 0 ms.
TpTrace Verbose: 0 : 28804, 4, 2024/04/25, 16:19:39.147, 8025012624514, vstest.console.dll, MulticastDelegateUtilities.SafeInvoke: InternalTestLoggerEvents.SendTestRunMessage: Invoking callback 1/1 for Microsoft.VisualStudio.TestPlatform.CommandLine.Internal.ConsoleLogger., took 0 ms.
TpTrace Verbose: 0 : 28804, 13, 2024/04/25, 16:19:39.147, 8025012625685, vstest.console.dll, TcpClientExtensions.MessageLoopAsync: Polling on remoteEndPoint: 127.0.0.1:64103 localEndPoint: 127.0.0.1:64102 after 2 ms
TpTrace Verbose: 0 : 28804, 13, 2024/04/25, 16:19:39.150, 8025012651698, vstest.console.dll, TcpClientExtensions.MessageLoopAsync: NotifyDataAvailable remoteEndPoint: 127.0.0.1:64103 localEndPoint: 127.0.0.1:64102
TpTrace Verbose: 0 : 28804, 13, 2024/04/25, 16:19:39.150, 8025012652748, vstest.console.dll, TestRequestSender.OnExecutionMessageReceived: Received message: {"Version":7,"MessageType":"TestSession.Message","Payload":{"MessageLevel":1,"Message":"added successfully\r\n"}}
TpTrace Verbose: 0 : 28804, 13, 2024/04/25, 16:19:39.150, 8025012653705, vstest.console.dll, TestRunRequest:SendTestRunMessage: Starting.
TpTrace Verbose: 0 : 28804, 13, 2024/04/25, 16:19:39.150, 8025012654270, vstest.console.dll, MulticastDelegateUtilities.SafeInvoke: TestRun.LogMessages: Invoking callback 1/1 for Microsoft.VisualStudio.TestPlatform.CommandLine.TestRunResultAggregator., took 0 ms.
TpTrace Information: 0 : 28804, 13, 2024/04/25, 16:19:39.150, 8025012654624, vstest.console.dll, TestRunRequest:SendTestRunMessage: Completed.
TpTrace Verbose: 0 : 28804, 13, 2024/04/25, 16:19:39.150, 8025012655104, vstest.console.dll, MulticastDelegateUtilities.SafeInvoke: LengthPrefixCommunicationChannel: MessageReceived: Invoking callback 1/1 for Microsoft.VisualStudio.TestPlatform.CommunicationUtilities.TestRequestSender+<>c__DisplayClass34_0., took 0 ms.
TpTrace Verbose: 0 : 28804, 13, 2024/04/25, 16:19:39.150, 8025012655504, vstest.console.dll, TcpClientExtensions.MessageLoopAsync: Polling on remoteEndPoint: 127.0.0.1:64103 localEndPoint: 127.0.0.1:64102 after 2 ms
TpTrace Verbose: 0 : 28804, 4, 2024/04/25, 16:19:39.150, 8025012655934, vstest.console.dll, MulticastDelegateUtilities.SafeInvoke: InternalTestLoggerEvents.SendTestRunMessage: Invoking callback 1/1 for Microsoft.VisualStudio.TestPlatform.CommandLine.Internal.ConsoleLogger., took 0 ms.
TpTrace Verbose: 0 : 28804, 13, 2024/04/25, 16:19:39.153, 8025012685020, vstest.console.dll, TcpClientExtensions.MessageLoopAsync: NotifyDataAvailable remoteEndPoint: 127.0.0.1:64103 localEndPoint: 127.0.0.1:64102
TpTrace Verbose: 0 : 28804, 13, 2024/04/25, 16:19:39.154, 8025012686664, vstest.console.dll, TestRequestSender.OnExecutionMessageReceived: Received message: {"Version":7,"MessageType":"TestSession.Message","Payload":{"MessageLevel":1,"Message":"added successfully\r\n"}}
TpTrace Verbose: 0 : 28804, 13, 2024/04/25, 16:19:39.154, 8025012687916, vstest.console.dll, TestRunRequest:SendTestRunMessage: Starting.
TpTrace Verbose: 0 : 28804, 13, 2024/04/25, 16:19:39.154, 8025012688607, vstest.console.dll, MulticastDelegateUtilities.SafeInvoke: TestRun.LogMessages: Invoking callback 1/1 for Microsoft.VisualStudio.TestPlatform.CommandLine.TestRunResultAggregator., took 0 ms.
TpTrace Information: 0 : 28804, 13, 2024/04/25, 16:19:39.154, 8025012689185, vstest.console.dll, TestRunRequest:SendTestRunMessage: Completed.
TpTrace Verbose: 0 : 28804, 4, 2024/04/25, 16:19:39.154, 8025012690008, vstest.console.dll, MulticastDelegateUtilities.SafeInvoke: InternalTestLoggerEvents.SendTestRunMessage: Invoking callback 1/1 for Microsoft.VisualStudio.TestPlatform.CommandLine.Internal.ConsoleLogger., took 0 ms.
TpTrace Verbose: 0 : 28804, 13, 2024/04/25, 16:19:39.154, 8025012690211, vstest.console.dll, MulticastDelegateUtilities.SafeInvoke: LengthPrefixCommunicationChannel: MessageReceived: Invoking callback 1/1 for Microsoft.VisualStudio.TestPlatform.CommunicationUtilities.TestRequestSender+<>c__DisplayClass34_0., took 0 ms.
TpTrace Verbose: 0 : 28804, 13, 2024/04/25, 16:19:39.154, 8025012691297, vstest.console.dll, TcpClientExtensions.MessageLoopAsync: Polling on remoteEndPoint: 127.0.0.1:64103 localEndPoint: 127.0.0.1:64102 after 3 ms
TpTrace Verbose: 0 : 28804, 13, 2024/04/25, 16:19:39.157, 8025012723688, vstest.console.dll, TcpClientExtensions.MessageLoopAsync: NotifyDataAvailable remoteEndPoint: 127.0.0.1:64103 localEndPoint: 127.0.0.1:64102
TpTrace Verbose: 0 : 28804, 13, 2024/04/25, 16:19:39.157, 8025012725071, vstest.console.dll, TestRequestSender.OnExecutionMessageReceived: Received message: {"Version":7,"MessageType":"TestSession.Message","Payload":{"MessageLevel":1,"Message":"added successfully\r\n"}}
TpTrace Verbose: 0 : 28804, 13, 2024/04/25, 16:19:39.158, 8025012726350, vstest.console.dll, TestRunRequest:SendTestRunMessage: Starting.
TpTrace Verbose: 0 : 28804, 13, 2024/04/25, 16:19:39.158, 8025012726948, vstest.console.dll, MulticastDelegateUtilities.SafeInvoke: TestRun.LogMessages: Invoking callback 1/1 for Microsoft.VisualStudio.TestPlatform.CommandLine.TestRunResultAggregator., took 0 ms.
TpTrace Information: 0 : 28804, 13, 2024/04/25, 16:19:39.158, 8025012727279, vstest.console.dll, TestRunRequest:SendTestRunMessage: Completed.
TpTrace Verbose: 0 : 28804, 13, 2024/04/25, 16:19:39.158, 8025012727603, vstest.console.dll, MulticastDelegateUtilities.SafeInvoke: LengthPrefixCommunicationChannel: MessageReceived: Invoking callback 1/1 for Microsoft.VisualStudio.TestPlatform.CommunicationUtilities.TestRequestSender+<>c__DisplayClass34_0., took 0 ms.
TpTrace Verbose: 0 : 28804, 4, 2024/04/25, 16:19:39.158, 8025012727771, vstest.console.dll, MulticastDelegateUtilities.SafeInvoke: InternalTestLoggerEvents.SendTestRunMessage: Invoking callback 1/1 for Microsoft.VisualStudio.TestPlatform.CommandLine.Internal.ConsoleLogger., took 0 ms.
TpTrace Verbose: 0 : 28804, 13, 2024/04/25, 16:19:39.158, 8025012727970, vstest.console.dll, TcpClientExtensions.MessageLoopAsync: Polling on remoteEndPoint: 127.0.0.1:64103 localEndPoint: 127.0.0.1:64102 after 3 ms
TpTrace Verbose: 0 : 28804, 13, 2024/04/25, 16:19:39.190, 8025013046467, vstest.console.dll, TcpClientExtensions.MessageLoopAsync: NotifyDataAvailable remoteEndPoint: 127.0.0.1:64103 localEndPoint: 127.0.0.1:64102
TpTrace Verbose: 0 : 28804, 13, 2024/04/25, 16:19:39.190, 8025013050743, vstest.console.dll, TestRequestSender.OnExecutionMessageReceived: Received message: {"Version":7,"MessageType":"TestExecution.StatsChange","Payload":{"NewTestResults":[{"TestCase":{"Id":"d99e8cea-4ac1-32ea-9711-9d739c874a0d","FullyQualifiedName":"ShoppingAppDALTests.CartItemRepositoryTests.AddCartItemFailTest","DisplayName":"AddCartItemFailTest","ExecutorUri":"executor://NUnit3TestExecutor","Source":"C:\\dotNet\\Day11\\ShoppingAppSolution\\ShoppingAppDALTests\\bin\\Debug\\net8.0\\fine-code-coverage\\build-output\\ShoppingAppDALTests.dll","CodeFilePath":null,"LineNumber":0,"Properties":[{"Key":{"Id":"NUnit.Seed","Label":"Seed","Category":"","Description":"","Attributes":0,"ValueType":"System.String"},"Value":"1743081810"}]},"Attachments":[],"Outcome":2,"ErrorMessage":"  Expected: null\r\n  But was:  <ShoppingAppModelLibrary.CartItem>\r\n","ErrorStackTrace":"   at ShoppingAppDALTests.CartItemRepositoryTests.AddCartItemFailTest() in C:\\dotNet\\Day11\\ShoppingAppSolution\\ShoppingAppDALTests\\CartItemRepositoryTests.cs:line 42\r\n\n1)    at ShoppingAppDALTests.CartItemRepositoryTests.AddCartItemFailTest() in C:\\dotNet\\Day11\\ShoppingAppSolution\\ShoppingAppDALTests\\CartItemRepositoryTests.cs:line 42\r\n\n","DisplayName":"AddCartItemFailTest","Messages":[{"Category":"StdOutMsgs","Text":"added successfully\r\nadded successfully\r\n"}],"ComputerName":"853CBX3","Duration":"00:00:00.0586960","StartTime":"2024-04-25T10:49:39.0353744+00:00","EndTime":"2024-04-25T10:49:39.0939595+00:00","Properties":[{"Key":{"Id":"NUnit.Seed","Label":"Seed","Category":"","Description":"","Attributes":0,"ValueType":"System.String"},"Value":"1743081810"}]},{"TestCase":{"Id":"c8aa766e-671d-202b-f547-14b895732117","FullyQualifiedName":"ShoppingAppDALTests.CartItemRepositoryTests.AddCartItemSuccessTest","DisplayName":"AddCartItemSuccessTest","ExecutorUri":"executor://NUnit3TestExecutor","Source":"C:\\dotNet\\Day11\\ShoppingAppSolution\\ShoppingAppDALTests\\bin\\Debug\\net8.0\\fine-code-coverage\\build-output\\ShoppingAppDALTests.dll","CodeFilePath":null,"LineNumber":0,"Properties":[{"Key":{"Id":"NUnit.Seed","Label":"Seed","Category":"","Description":"","Attributes":0,"ValueType":"System.String"},"Value":"1828281389"}]},"Attachments":[],"Outcome":1,"ErrorMessage":null,"ErrorStackTrace":null,"DisplayName":"AddCartItemSuccessTest","Messages":[{"Category":"StdOutMsgs","Text":"added successfully\r\nadded successfully\r\n"}],"ComputerName":"853CBX3","Duration":"00:00:00.0029940","StartTime":"2024-04-25T10:49:39.096042+00:00","EndTime":"2024-04-25T10:49:39.0990362+00:00","Properties":[{"Key":{"Id":"NUnit.Seed","Label":"Seed","Category":"","Description":"","Attributes":0,"ValueType":"System.String"},"Value":"1828281389"}]},{"TestCase":{"Id":"0832f09e-006f-3778-fbaa-3f507da58778","FullyQualifiedName":"ShoppingAppDALTests.CartItemRepositoryTests.DeleteCartItemByIdFailTest","DisplayName":"DeleteCartItemByIdFailTest","ExecutorUri":"executor://NUnit3TestExecutor","Source":"C:\\dotNet\\Day11\\ShoppingAppSolution\\ShoppingAppDALTests\\bin\\Debug\\net8.0\\fine-code-coverage\\build-output\\ShoppingAppDALTests.dll","CodeFilePath":null,"LineNumber":0,"Properties":[{"Key":{"Id":"NUnit.Seed","Label":"Seed","Category":"","Description":"","Attributes":0,"ValueType":"System.String"},"Value":"234844675"}]},"Attachments":[],"Outcome":1,"ErrorMessage":null,"ErrorStackTrace":null,"DisplayName":"DeleteCartItemByIdFailTest","Messages":[{"Category":"StdOutMsgs","Text":"added successfully\r\n"}],"ComputerName":"853CBX3","Duration":"00:00:00.0004330","StartTime":"2024-04-25T10:49:39.099075+00:00","EndTime":"2024-04-25T10:49:39.099508+00:00","Properties":[{"Key":{"Id":"NUnit.Seed","Label":"Seed","Category":"","Description":"","Attributes":0,"ValueType":"System.String"},"Value":"234844675"}]},{"TestCase":{"Id":"0ce67636-8905-0e7d-05bb-11cc8f082445","FullyQualifiedName":"ShoppingAppDALTests.CartItemRepositoryTests.DeleteCartItemByIdPassTest","DisplayName":"DeleteCartItemByIdPassTest","ExecutorUri":"executor://NUnit3TestExecutor","Source":"C:\\dotNet\\Day11\\ShoppingAppSolution\\ShoppingAppDALTests\\bin\\Debug\\net8.0\\fine-code-coverage\\build-output\\ShoppingAppDALTests.dll","CodeFilePath":null,"LineNumber":0,"Properties":[{"Key":{"Id":"NUnit.Seed","Label":"Seed","Category":"","Description":"","Attributes":0,"ValueType":"System.String"},"Value":"1482037244"}]},"Attachments":[],"Outcome":1,"ErrorMessage":null,"ErrorStackTrace":null,"DisplayName":"DeleteCartItemByIdPassTest","Messages":[{"Category":"StdOutMsgs","Text":"added successfully\r\n"}],"ComputerName":"853CBX3","Duration":"00:00:00.0001330","StartTime":"2024-04-25T10:49:39.0995224+00:00","EndTime":"2024-04-25T10:49:39.0996551+00:00","Properties":[{"Key":{"Id":"NUnit.Seed","Label":"Seed","Category":"","Description":"","Attributes":0,"ValueType":"System.String"},"Value":"1482037244"}]},{"TestCase":{"Id":"5bbe3b24-fda5-79a0-1a15-ee3e0426c0a7","FullyQualifiedName":"ShoppingAppDALTests.CartItemRepositoryTests.GetAllCartItemFailTest","DisplayName":"GetAllCartItemFailTest","ExecutorUri":"executor://NUnit3TestExecutor","Source":"C:\\dotNet\\Day11\\ShoppingAppSolution\\ShoppingAppDALTests\\bin\\Debug\\net8.0\\fine-code-coverage\\build-output\\ShoppingAppDALTests.dll","CodeFilePath":null,"LineNumber":0,"Properties":[{"Key":{"Id":"NUnit.Seed","Label":"Seed","Category":"","Description":"","Attributes":0,"ValueType":"System.String"},"Value":"1822879866"}]},"Attachments":[],"Outcome":2,"ErrorMessage":"  Expected: <empty>\r\n  But was:  < <ShoppingAppModelLibrary.CartItem> >\r\n","ErrorStackTrace":"   at ShoppingAppDALTests.CartItemRepositoryTests.GetAllCartItemFailTest() in C:\\dotNet\\Day11\\ShoppingAppSolution\\ShoppingAppDALTests\\CartItemRepositoryTests.cs:line 100\r\n\n1)    at ShoppingAppDALTests.CartItemRepositoryTests.GetAllCartItemFailTest() in C:\\dotNet\\Day11\\ShoppingAppSolution\\ShoppingAppDALTests\\CartItemRepositoryTests.cs:line 100\r\n\n","DisplayName":"GetAllCartItemFailTest","Messages":[{"Category":"StdOutMsgs","Text":"added successfully\r\n"}],"ComputerName":"853CBX3","Duration":"00:00:00.0016390","StartTime":"2024-04-25T10:49:39.0996656+00:00","EndTime":"2024-04-25T10:49:39.1013041+00:00","Properties":[{"Key":{"Id":"NUnit.Seed","Label":"Seed","Category":"","Description":"","Attributes":0,"ValueType":"System.String"},"Value":"1822879866"}]},{"TestCase":{"Id":"610faa13-7219-f26d-7ba0-d45c2c2286cb","FullyQualifiedName":"ShoppingAppDALTests.CartItemRepositoryTests.GetAllCartItemPassTest","DisplayName":"GetAllCartItemPassTest","ExecutorUri":"executor://NUnit3TestExecutor","Source":"C:\\dotNet\\Day11\\ShoppingAppSolution\\ShoppingAppDALTests\\bin\\Debug\\net8.0\\fine-code-coverage\\build-output\\ShoppingAppDALTests.dll","CodeFilePath":null,"LineNumber":0,"Properties":[{"Key":{"Id":"NUnit.Seed","Label":"Seed","Category":"","Description":"","Attributes":0,"ValueType":"System.String"},"Value":"1078528802"}]},"Attachments":[],"Outcome":1,"ErrorMessage":null,"ErrorStackTrace":null,"DisplayName":"GetAllCartItemPassTest","Messages":[{"Category":"StdOutMsgs","Text":"added successfully\r\n"}],"ComputerName":"853CBX3","Duration":"00:00:00.0006530","StartTime":"2024-04-25T10:49:39.1013193+00:00","EndTime":"2024-04-25T10:49:39.1019723+00:00","Properties":[{"Key":{"Id":"NUnit.Seed","Label":"Seed","Category":"","Description":"","Attributes":0,"ValueType":"System.String"},"Value":"1078528802"}]},{"TestCase":{"Id":"0b1adac6-d716-e0a0-e342-54a38aaf70a3","FullyQualifiedName":"ShoppingAppDALTests.CartItemRepositoryTests.GetCartItemByIdFailTest","DisplayName":"GetCartItemByIdFailTest","ExecutorUri":"executor://NUnit3TestExecutor","Source":"C:\\dotNet\\Day11\\ShoppingAppSolution\\ShoppingAppDALTests\\bin\\Debug\\net8.0\\fine-code-coverage\\build-output\\ShoppingAppDALTests.dll","CodeFilePath":null,"LineNumber":0,"Properties":[{"Key":{"Id":"NUnit.Seed","Label":"Seed","Category":"","Description":"","Attributes":0,"ValueType":"System.String"},"Value":"2031217029"}]},"Attachments":[],"Outcome":1,"ErrorMessage":null,"ErrorStackTrace":null,"DisplayName":"GetCartItemByIdFailTest","Messages":[{"Category":"StdOutMsgs","Text":"added successfully\r\n"}],"ComputerName":"853CBX3","Duration":"00:00:00.0000989","StartTime":"2024-04-25T10:49:39.1019858+00:00","EndTime":"2024-04-25T10:49:39.1020844+00:00","Properties":[{"Key":{"Id":"NUnit.Seed","Label":"Seed","Category":"","Description":"","Attributes":0,"ValueType":"System.String"},"Value":"2031217029"}]},{"TestCase":{"Id":"b7f55d53-7f8e-c258-f2f2-2311034a8016","FullyQualifiedName":"ShoppingAppDALTests.CartItemRepositoryTests.GetCartItemByIdPassTest","DisplayName":"GetCartItemByIdPassTest","ExecutorUri":"executor://NUnit3TestExecutor","Source":"C:\\dotNet\\Day11\\ShoppingAppSolution\\ShoppingAppDALTests\\bin\\Debug\\net8.0\\fine-code-coverage\\build-output\\ShoppingAppDALTests.dll","CodeFilePath":null,"LineNumber":0,"Properties":[{"Key":{"Id":"NUnit.Seed","Label":"Seed","Category":"","Description":"","Attributes":0,"ValueType":"System.String"},"Value":"310874916"}]},"Attachments":[],"Outcome":1,"ErrorMessage":null,"ErrorStackTrace":null,"DisplayName":"GetCartItemByIdPassTest","Messages":[{"Category":"StdOutMsgs","Text":"added successfully\r\n"}],"ComputerName":"853CBX3","Duration":"00:00:00.0000749","StartTime":"2024-04-25T10:49:39.1020945+00:00","EndTime":"2024-04-25T10:49:39.1021694+00:00","Properties":[{"Key":{"Id":"NUnit.Seed","Label":"Seed","Category":"","Description":"","Attributes":0,"ValueType":"System.String"},"Value":"310874916"}]},{"TestCase":{"Id":"1373b601-40f0-4a7f-dbd8-fc12a802ae06","FullyQualifiedName":"ShoppingAppDALTests.CartItemRepositoryTests.UpdateCartItemByIdFailTest","DisplayName":"UpdateCartItemByIdFailTest","ExecutorUri":"executor://NUnit3TestExecutor","Source":"C:\\dotNet\\Day11\\ShoppingAppSolution\\ShoppingAppDALTests\\bin\\Debug\\net8.0\\fine-code-coverage\\build-output\\ShoppingAppDALTests.dll","CodeFilePath":null,"LineNumber":0,"Properties":[{"Key":{"Id":"NUnit.Seed","Label":"Seed","Category":"","Description":"","Attributes":0,"ValueType":"System.String"},"Value":"1000355595"}]},"Attachments":[],"Outcome":1,"ErrorMessage":null,"ErrorStackTrace":null,"DisplayName":"UpdateCartItemByIdFailTest","Messages":[{"Category":"StdOutMsgs","Text":"added successfully\r\n"}],"ComputerName":"853CBX3","Duration":"00:00:00.0002709","StartTime":"2024-04-25T10:49:39.1021782+00:00","EndTime":"2024-04-25T10:49:39.1024494+00:00","Properties":[{"Key":{"Id":"NUnit.Seed","Label":"Seed","Category":"","Description":"","Attributes":0,"ValueType":"System.String"},"Value":"1000355595"}]}],"TestRunStatistics":{"ExecutedTests":9,"Stats":{"Failed":2,"Passed":7}},"ActiveTests":[{"Id":"845179e4-9417-16ff-aac8-72ae2766a572","FullyQualifiedName":"ShoppingAppDALTests.CartItemRepositoryTests.UpdateCartItemByIdPassTest","DisplayName":"UpdateCartItemByIdPassTest","ExecutorUri":"executor://NUnit3TestExecutor","Source":"C:\\dotNet\\Day11\\ShoppingAppSolution\\ShoppingAppDALTests\\bin\\Debug\\net8.0\\fine-code-coverage\\build-output\\ShoppingAppDALTests.dll","CodeFilePath":null,"LineNumber":0,"Properties":[{"Key":{"Id":"NUnit.Seed","Label":"Seed","Category":"","Description":"","Attributes":0,"ValueType":"System.String"},"Value":"1852531854"}]}]}}
TpTrace Verbose: 0 : 28804, 13, 2024/04/25, 16:19:39.224, 8025013389885, vstest.console.dll, TestRunRequest:SendTestRunStatsChange: Starting.
TpTrace Verbose: 0 : 28804, 13, 2024/04/25, 16:19:39.224, 8025013392912, vstest.console.dll, InProgress is UpdateCartItemByIdPassTest
TpTrace Verbose: 0 : 28804, 13, 2024/04/25, 16:19:39.225, 8025013397452, vstest.console.dll, MulticastDelegateUtilities.SafeInvoke: TestRun.RunStatsChanged: Invoking callbacks was skipped because there are no subscribers.
TpTrace Information: 0 : 28804, 13, 2024/04/25, 16:19:39.225, 8025013398251, vstest.console.dll, TestRunRequest:SendTestRunStatsChange: Completed.
TpTrace Verbose: 0 : 28804, 13, 2024/04/25, 16:19:39.225, 8025013398667, vstest.console.dll, MulticastDelegateUtilities.SafeInvoke: LengthPrefixCommunicationChannel: MessageReceived: Invoking callback 1/1 for Microsoft.VisualStudio.TestPlatform.CommunicationUtilities.TestRequestSender+<>c__DisplayClass34_0., took 34 ms.
TpTrace Verbose: 0 : 28804, 13, 2024/04/25, 16:19:39.225, 8025013399271, vstest.console.dll, TcpClientExtensions.MessageLoopAsync: Polling on remoteEndPoint: 127.0.0.1:64103 localEndPoint: 127.0.0.1:64102 after 66 ms
TpTrace Verbose: 0 : 28804, 13, 2024/04/25, 16:19:39.225, 8025013399879, vstest.console.dll, TcpClientExtensions.MessageLoopAsync: NotifyDataAvailable remoteEndPoint: 127.0.0.1:64103 localEndPoint: 127.0.0.1:64102
TpTrace Verbose: 0 : 28804, 13, 2024/04/25, 16:19:39.225, 8025013400738, vstest.console.dll, TestRequestSender.OnExecutionMessageReceived: Received message: {"Version":7,"MessageType":"TestSession.Message","Payload":{"MessageLevel":1,"Message":"added successfully\r\n"}}
TpTrace Verbose: 0 : 28804, 13, 2024/04/25, 16:19:39.225, 8025013402139, vstest.console.dll, TestRunRequest:SendTestRunMessage: Starting.
TpTrace Verbose: 0 : 28804, 13, 2024/04/25, 16:19:39.225, 8025013402726, vstest.console.dll, MulticastDelegateUtilities.SafeInvoke: TestRun.LogMessages: Invoking callback 1/1 for Microsoft.VisualStudio.TestPlatform.CommandLine.TestRunResultAggregator., took 0 ms.
TpTrace Information: 0 : 28804, 13, 2024/04/25, 16:19:39.225, 8025013403108, vstest.console.dll, TestRunRequest:SendTestRunMessage: Completed.
TpTrace Verbose: 0 : 28804, 13, 2024/04/25, 16:19:39.225, 8025013403497, vstest.console.dll, MulticastDelegateUtilities.SafeInvoke: LengthPrefixCommunicationChannel: MessageReceived: Invoking callback 1/1 for Microsoft.VisualStudio.TestPlatform.CommunicationUtilities.TestRequestSender+<>c__DisplayClass34_0., took 0 ms.
TpTrace Verbose: 0 : 28804, 13, 2024/04/25, 16:19:39.225, 8025013403889, vstest.console.dll, TcpClientExtensions.MessageLoopAsync: Polling on remoteEndPoint: 127.0.0.1:64103 localEndPoint: 127.0.0.1:64102 after 0 ms
TpTrace Verbose: 0 : 28804, 13, 2024/04/25, 16:19:39.225, 8025013404447, vstest.console.dll, TcpClientExtensions.MessageLoopAsync: NotifyDataAvailable remoteEndPoint: 127.0.0.1:64103 localEndPoint: 127.0.0.1:64102
TpTrace Verbose: 0 : 28804, 13, 2024/04/25, 16:19:39.225, 8025013405248, vstest.console.dll, TestRequestSender.OnExecutionMessageReceived: Received message: {"Version":7,"MessageType":"TestSession.Message","Payload":{"MessageLevel":1,"Message":"added successfully\r\nadded successfully\r\n"}}
TpTrace Verbose: 0 : 28804, 13, 2024/04/25, 16:19:39.225, 8025013406034, vstest.console.dll, TestRunRequest:SendTestRunMessage: Starting.
TpTrace Verbose: 0 : 28804, 13, 2024/04/25, 16:19:39.226, 8025013406538, vstest.console.dll, MulticastDelegateUtilities.SafeInvoke: TestRun.LogMessages: Invoking callback 1/1 for Microsoft.VisualStudio.TestPlatform.CommandLine.TestRunResultAggregator., took 0 ms.
TpTrace Information: 0 : 28804, 13, 2024/04/25, 16:19:39.226, 8025013407867, vstest.console.dll, TestRunRequest:SendTestRunMessage: Completed.
TpTrace Verbose: 0 : 28804, 13, 2024/04/25, 16:19:39.226, 8025013408393, vstest.console.dll, MulticastDelegateUtilities.SafeInvoke: LengthPrefixCommunicationChannel: MessageReceived: Invoking callback 1/1 for Microsoft.VisualStudio.TestPlatform.CommunicationUtilities.TestRequestSender+<>c__DisplayClass34_0., took 0 ms.
TpTrace Verbose: 0 : 28804, 13, 2024/04/25, 16:19:39.226, 8025013408794, vstest.console.dll, TcpClientExtensions.MessageLoopAsync: Polling on remoteEndPoint: 127.0.0.1:64103 localEndPoint: 127.0.0.1:64102 after 0 ms
TpTrace Verbose: 0 : 28804, 13, 2024/04/25, 16:19:39.226, 8025013409259, vstest.console.dll, TcpClientExtensions.MessageLoopAsync: NotifyDataAvailable remoteEndPoint: 127.0.0.1:64103 localEndPoint: 127.0.0.1:64102
TpTrace Verbose: 0 : 28804, 13, 2024/04/25, 16:19:39.226, 8025013409907, vstest.console.dll, TestRequestSender.OnExecutionMessageReceived: Received message: {"Version":7,"MessageType":"TestSession.Message","Payload":{"MessageLevel":1,"Message":"added successfully\r\nadded successfully\r\n"}}
TpTrace Verbose: 0 : 28804, 13, 2024/04/25, 16:19:39.226, 8025013410797, vstest.console.dll, TestRunRequest:SendTestRunMessage: Starting.
TpTrace Verbose: 0 : 28804, 13, 2024/04/25, 16:19:39.226, 8025013411662, vstest.console.dll, MulticastDelegateUtilities.SafeInvoke: TestRun.LogMessages: Invoking callback 1/1 for Microsoft.VisualStudio.TestPlatform.CommandLine.TestRunResultAggregator., took 0 ms.
TpTrace Information: 0 : 28804, 13, 2024/04/25, 16:19:39.226, 8025013411980, vstest.console.dll, TestRunRequest:SendTestRunMessage: Completed.
TpTrace Verbose: 0 : 28804, 13, 2024/04/25, 16:19:39.226, 8025013412297, vstest.console.dll, MulticastDelegateUtilities.SafeInvoke: LengthPrefixCommunicationChannel: MessageReceived: Invoking callback 1/1 for Microsoft.VisualStudio.TestPlatform.CommunicationUtilities.TestRequestSender+<>c__DisplayClass34_0., took 0 ms.
TpTrace Verbose: 0 : 28804, 13, 2024/04/25, 16:19:39.226, 8025013412621, vstest.console.dll, TcpClientExtensions.MessageLoopAsync: Polling on remoteEndPoint: 127.0.0.1:64103 localEndPoint: 127.0.0.1:64102 after 0 ms
TpTrace Verbose: 0 : 28804, 13, 2024/04/25, 16:19:39.226, 8025013412970, vstest.console.dll, TcpClientExtensions.MessageLoopAsync: NotifyDataAvailable remoteEndPoint: 127.0.0.1:64103 localEndPoint: 127.0.0.1:64102
TpTrace Verbose: 0 : 28804, 13, 2024/04/25, 16:19:39.226, 8025013413425, vstest.console.dll, TestRequestSender.OnExecutionMessageReceived: Received message: {"Version":7,"MessageType":"TestSession.Message","Payload":{"MessageLevel":1,"Message":"added successfully\r\n"}}
TpTrace Verbose: 0 : 28804, 13, 2024/04/25, 16:19:39.226, 8025013413919, vstest.console.dll, TestRunRequest:SendTestRunMessage: Starting.
TpTrace Verbose: 0 : 28804, 13, 2024/04/25, 16:19:39.226, 8025013414422, vstest.console.dll, MulticastDelegateUtilities.SafeInvoke: TestRun.LogMessages: Invoking callback 1/1 for Microsoft.VisualStudio.TestPlatform.CommandLine.TestRunResultAggregator., took 0 ms.
TpTrace Information: 0 : 28804, 13, 2024/04/25, 16:19:39.226, 8025013414739, vstest.console.dll, TestRunRequest:SendTestRunMessage: Completed.
TpTrace Verbose: 0 : 28804, 13, 2024/04/25, 16:19:39.226, 8025013415134, vstest.console.dll, MulticastDelegateUtilities.SafeInvoke: LengthPrefixCommunicationChannel: MessageReceived: Invoking callback 1/1 for Microsoft.VisualStudio.TestPlatform.CommunicationUtilities.TestRequestSender+<>c__DisplayClass34_0., took 0 ms.
TpTrace Verbose: 0 : 28804, 13, 2024/04/25, 16:19:39.226, 8025013415466, vstest.console.dll, TcpClientExtensions.MessageLoopAsync: Polling on remoteEndPoint: 127.0.0.1:64103 localEndPoint: 127.0.0.1:64102 after 0 ms
TpTrace Verbose: 0 : 28804, 13, 2024/04/25, 16:19:39.227, 8025013416302, vstest.console.dll, TcpClientExtensions.MessageLoopAsync: NotifyDataAvailable remoteEndPoint: 127.0.0.1:64103 localEndPoint: 127.0.0.1:64102
TpTrace Verbose: 0 : 28804, 13, 2024/04/25, 16:19:39.227, 8025013416873, vstest.console.dll, TestRequestSender.OnExecutionMessageReceived: Received message: {"Version":7,"MessageType":"TestSession.Message","Payload":{"MessageLevel":1,"Message":"added successfully\r\n"}}
TpTrace Verbose: 0 : 28804, 13, 2024/04/25, 16:19:39.227, 8025013417410, vstest.console.dll, TestRunRequest:SendTestRunMessage: Starting.
TpTrace Verbose: 0 : 28804, 13, 2024/04/25, 16:19:39.227, 8025013417824, vstest.console.dll, MulticastDelegateUtilities.SafeInvoke: TestRun.LogMessages: Invoking callback 1/1 for Microsoft.VisualStudio.TestPlatform.CommandLine.TestRunResultAggregator., took 0 ms.
TpTrace Information: 0 : 28804, 13, 2024/04/25, 16:19:39.227, 8025013418134, vstest.console.dll, TestRunRequest:SendTestRunMessage: Completed.
TpTrace Verbose: 0 : 28804, 13, 2024/04/25, 16:19:39.227, 8025013418473, vstest.console.dll, MulticastDelegateUtilities.SafeInvoke: LengthPrefixCommunicationChannel: MessageReceived: Invoking callback 1/1 for Microsoft.VisualStudio.TestPlatform.CommunicationUtilities.TestRequestSender+<>c__DisplayClass34_0., took 0 ms.
TpTrace Verbose: 0 : 28804, 13, 2024/04/25, 16:19:39.227, 8025013418803, vstest.console.dll, TcpClientExtensions.MessageLoopAsync: Polling on remoteEndPoint: 127.0.0.1:64103 localEndPoint: 127.0.0.1:64102 after 0 ms
TpTrace Verbose: 0 : 28804, 13, 2024/04/25, 16:19:39.227, 8025013419163, vstest.console.dll, TcpClientExtensions.MessageLoopAsync: NotifyDataAvailable remoteEndPoint: 127.0.0.1:64103 localEndPoint: 127.0.0.1:64102
TpTrace Verbose: 0 : 28804, 13, 2024/04/25, 16:19:39.227, 8025013419571, vstest.console.dll, TestRequestSender.OnExecutionMessageReceived: Received message: {"Version":7,"MessageType":"TestSession.Message","Payload":{"MessageLevel":1,"Message":"added successfully\r\n"}}
TpTrace Verbose: 0 : 28804, 13, 2024/04/25, 16:19:39.227, 8025013420061, vstest.console.dll, TestRunRequest:SendTestRunMessage: Starting.
TpTrace Verbose: 0 : 28804, 13, 2024/04/25, 16:19:39.227, 8025013420519, vstest.console.dll, MulticastDelegateUtilities.SafeInvoke: TestRun.LogMessages: Invoking callback 1/1 for Microsoft.VisualStudio.TestPlatform.CommandLine.TestRunResultAggregator., took 0 ms.
TpTrace Information: 0 : 28804, 13, 2024/04/25, 16:19:39.227, 8025013420854, vstest.console.dll, TestRunRequest:SendTestRunMessage: Completed.
TpTrace Verbose: 0 : 28804, 13, 2024/04/25, 16:19:39.227, 8025013421171, vstest.console.dll, MulticastDelegateUtilities.SafeInvoke: LengthPrefixCommunicationChannel: MessageReceived: Invoking callback 1/1 for Microsoft.VisualStudio.TestPlatform.CommunicationUtilities.TestRequestSender+<>c__DisplayClass34_0., took 0 ms.
TpTrace Verbose: 0 : 28804, 13, 2024/04/25, 16:19:39.227, 8025013421500, vstest.console.dll, TcpClientExtensions.MessageLoopAsync: Polling on remoteEndPoint: 127.0.0.1:64103 localEndPoint: 127.0.0.1:64102 after 0 ms
TpTrace Verbose: 0 : 28804, 13, 2024/04/25, 16:19:39.227, 8025013424136, vstest.console.dll, TcpClientExtensions.MessageLoopAsync: NotifyDataAvailable remoteEndPoint: 127.0.0.1:64103 localEndPoint: 127.0.0.1:64102
TpTrace Verbose: 0 : 28804, 13, 2024/04/25, 16:19:39.227, 8025013425635, vstest.console.dll, TestRequestSender.OnExecutionMessageReceived: Received message: {"Version":7,"MessageType":"TestSession.Message","Payload":{"MessageLevel":1,"Message":"added successfully\r\n"}}
TpTrace Verbose: 0 : 28804, 13, 2024/04/25, 16:19:39.228, 8025013427087, vstest.console.dll, TestRunRequest:SendTestRunMessage: Starting.
TpTrace Verbose: 0 : 28804, 13, 2024/04/25, 16:19:39.228, 8025013427860, vstest.console.dll, MulticastDelegateUtilities.SafeInvoke: TestRun.LogMessages: Invoking callback 1/1 for Microsoft.VisualStudio.TestPlatform.CommandLine.TestRunResultAggregator., took 0 ms.
TpTrace Information: 0 : 28804, 13, 2024/04/25, 16:19:39.228, 8025013428430, vstest.console.dll, TestRunRequest:SendTestRunMessage: Completed.
TpTrace Verbose: 0 : 28804, 13, 2024/04/25, 16:19:39.228, 8025013428922, vstest.console.dll, MulticastDelegateUtilities.SafeInvoke: LengthPrefixCommunicationChannel: MessageReceived: Invoking callback 1/1 for Microsoft.VisualStudio.TestPlatform.CommunicationUtilities.TestRequestSender+<>c__DisplayClass34_0., took 0 ms.
TpTrace Verbose: 0 : 28804, 13, 2024/04/25, 16:19:39.228, 8025013429448, vstest.console.dll, TcpClientExtensions.MessageLoopAsync: Polling on remoteEndPoint: 127.0.0.1:64103 localEndPoint: 127.0.0.1:64102 after 0 ms
TpTrace Verbose: 0 : 28804, 13, 2024/04/25, 16:19:39.228, 8025013430195, vstest.console.dll, TcpClientExtensions.MessageLoopAsync: NotifyDataAvailable remoteEndPoint: 127.0.0.1:64103 localEndPoint: 127.0.0.1:64102
TpTrace Verbose: 0 : 28804, 13, 2024/04/25, 16:19:39.228, 8025013431158, vstest.console.dll, TestRequestSender.OnExecutionMessageReceived: Received message: {"Version":7,"MessageType":"TestSession.Message","Payload":{"MessageLevel":1,"Message":"added successfully\r\n"}}
TpTrace Verbose: 0 : 28804, 13, 2024/04/25, 16:19:39.228, 8025013432121, vstest.console.dll, TestRunRequest:SendTestRunMessage: Starting.
TpTrace Verbose: 0 : 28804, 4, 2024/04/25, 16:19:39.228, 8025013432436, vstest.console.dll, MulticastDelegateUtilities.SafeInvoke: InternalTestLoggerEvents.SendTestResult: Invoking callback 1/1 for Microsoft.VisualStudio.TestPlatform.CommandLine.Internal.ConsoleLogger., took 3 ms.
TpTrace Verbose: 0 : 28804, 13, 2024/04/25, 16:19:39.228, 8025013433401, vstest.console.dll, MulticastDelegateUtilities.SafeInvoke: TestRun.LogMessages: Invoking callback 1/1 for Microsoft.VisualStudio.TestPlatform.CommandLine.TestRunResultAggregator., took 0 ms.
TpTrace Information: 0 : 28804, 13, 2024/04/25, 16:19:39.228, 8025013434388, vstest.console.dll, TestRunRequest:SendTestRunMessage: Completed.
TpTrace Verbose: 0 : 28804, 13, 2024/04/25, 16:19:39.228, 8025013435049, vstest.console.dll, MulticastDelegateUtilities.SafeInvoke: LengthPrefixCommunicationChannel: MessageReceived: Invoking callback 1/1 for Microsoft.VisualStudio.TestPlatform.CommunicationUtilities.TestRequestSender+<>c__DisplayClass34_0., took 0 ms.
TpTrace Verbose: 0 : 28804, 13, 2024/04/25, 16:19:39.228, 8025013435559, vstest.console.dll, TcpClientExtensions.MessageLoopAsync: Polling on remoteEndPoint: 127.0.0.1:64103 localEndPoint: 127.0.0.1:64102 after 0 ms
TpTrace Verbose: 0 : 28804, 13, 2024/04/25, 16:19:39.229, 8025013437378, vstest.console.dll, TcpClientExtensions.MessageLoopAsync: NotifyDataAvailable remoteEndPoint: 127.0.0.1:64103 localEndPoint: 127.0.0.1:64102
TpTrace Verbose: 0 : 28804, 13, 2024/04/25, 16:19:39.229, 8025013439310, vstest.console.dll, TestRequestSender.OnExecutionMessageReceived: Received message: {"Version":7,"MessageType":"TestSession.Message","Payload":{"MessageLevel":1,"Message":"added successfully\r\n"}}
TpTrace Verbose: 0 : 28804, 4, 2024/04/25, 16:19:39.229, 8025013440264, vstest.console.dll, MulticastDelegateUtilities.SafeInvoke: InternalTestLoggerEvents.SendTestResult: Invoking callback 1/1 for Microsoft.VisualStudio.TestPlatform.CommandLine.Internal.ConsoleLogger., took 0 ms.
TpTrace Verbose: 0 : 28804, 13, 2024/04/25, 16:19:39.229, 8025013440361, vstest.console.dll, TestRunRequest:SendTestRunMessage: Starting.
TpTrace Verbose: 0 : 28804, 4, 2024/04/25, 16:19:39.229, 8025013441103, vstest.console.dll, MulticastDelegateUtilities.SafeInvoke: InternalTestLoggerEvents.SendTestResult: Invoking callback 1/1 for Microsoft.VisualStudio.TestPlatform.CommandLine.Internal.ConsoleLogger., took 0 ms.
TpTrace Verbose: 0 : 28804, 13, 2024/04/25, 16:19:39.229, 8025013441792, vstest.console.dll, MulticastDelegateUtilities.SafeInvoke: TestRun.LogMessages: Invoking callback 1/1 for Microsoft.VisualStudio.TestPlatform.CommandLine.TestRunResultAggregator., took 0 ms.
TpTrace Verbose: 0 : 28804, 4, 2024/04/25, 16:19:39.229, 8025013442166, vstest.console.dll, MulticastDelegateUtilities.SafeInvoke: InternalTestLoggerEvents.SendTestResult: Invoking callback 1/1 for Microsoft.VisualStudio.TestPlatform.CommandLine.Internal.ConsoleLogger., took 0 ms.
TpTrace Information: 0 : 28804, 13, 2024/04/25, 16:19:39.229, 8025013442620, vstest.console.dll, TestRunRequest:SendTestRunMessage: Completed.
TpTrace Verbose: 0 : 28804, 13, 2024/04/25, 16:19:39.229, 8025013443212, vstest.console.dll, MulticastDelegateUtilities.SafeInvoke: LengthPrefixCommunicationChannel: MessageReceived: Invoking callback 1/1 for Microsoft.VisualStudio.TestPlatform.CommunicationUtilities.TestRequestSender+<>c__DisplayClass34_0., took 0 ms.
TpTrace Verbose: 0 : 28804, 13, 2024/04/25, 16:19:39.229, 8025013443759, vstest.console.dll, TcpClientExtensions.MessageLoopAsync: Polling on remoteEndPoint: 127.0.0.1:64103 localEndPoint: 127.0.0.1:64102 after 0 ms
TpTrace Verbose: 0 : 28804, 4, 2024/04/25, 16:19:39.229, 8025013446028, vstest.console.dll, MulticastDelegateUtilities.SafeInvoke: InternalTestLoggerEvents.SendTestResult: Invoking callback 1/1 for Microsoft.VisualStudio.TestPlatform.CommandLine.Internal.ConsoleLogger., took 0 ms.
TpTrace Verbose: 0 : 28804, 4, 2024/04/25, 16:19:39.230, 8025013446985, vstest.console.dll, MulticastDelegateUtilities.SafeInvoke: InternalTestLoggerEvents.SendTestResult: Invoking callback 1/1 for Microsoft.VisualStudio.TestPlatform.CommandLine.Internal.ConsoleLogger., took 0 ms.
TpTrace Verbose: 0 : 28804, 4, 2024/04/25, 16:19:39.230, 8025013447477, vstest.console.dll, MulticastDelegateUtilities.SafeInvoke: InternalTestLoggerEvents.SendTestResult: Invoking callback 1/1 for Microsoft.VisualStudio.TestPlatform.CommandLine.Internal.ConsoleLogger., took 0 ms.
TpTrace Verbose: 0 : 28804, 4, 2024/04/25, 16:19:39.230, 8025013447839, vstest.console.dll, MulticastDelegateUtilities.SafeInvoke: InternalTestLoggerEvents.SendTestResult: Invoking callback 1/1 for Microsoft.VisualStudio.TestPlatform.CommandLine.Internal.ConsoleLogger., took 0 ms.
TpTrace Verbose: 0 : 28804, 4, 2024/04/25, 16:19:39.230, 8025013448192, vstest.console.dll, MulticastDelegateUtilities.SafeInvoke: InternalTestLoggerEvents.SendTestResult: Invoking callback 1/1 for Microsoft.VisualStudio.TestPlatform.CommandLine.Internal.ConsoleLogger., took 0 ms.
TpTrace Verbose: 0 : 28804, 4, 2024/04/25, 16:19:39.230, 8025013448833, vstest.console.dll, MulticastDelegateUtilities.SafeInvoke: InternalTestLoggerEvents.SendTestRunMessage: Invoking callback 1/1 for Microsoft.VisualStudio.TestPlatform.CommandLine.Internal.ConsoleLogger., took 0 ms.
TpTrace Verbose: 0 : 28804, 4, 2024/04/25, 16:19:39.230, 8025013449511, vstest.console.dll, MulticastDelegateUtilities.SafeInvoke: InternalTestLoggerEvents.SendTestRunMessage: Invoking callback 1/1 for Microsoft.VisualStudio.TestPlatform.CommandLine.Internal.ConsoleLogger., took 0 ms.
TpTrace Verbose: 0 : 28804, 4, 2024/04/25, 16:19:39.230, 8025013450231, vstest.console.dll, MulticastDelegateUtilities.SafeInvoke: InternalTestLoggerEvents.SendTestRunMessage: Invoking callback 1/1 for Microsoft.VisualStudio.TestPlatform.CommandLine.Internal.ConsoleLogger., took 0 ms.
TpTrace Verbose: 0 : 28804, 4, 2024/04/25, 16:19:39.230, 8025013450916, vstest.console.dll, MulticastDelegateUtilities.SafeInvoke: InternalTestLoggerEvents.SendTestRunMessage: Invoking callback 1/1 for Microsoft.VisualStudio.TestPlatform.CommandLine.Internal.ConsoleLogger., took 0 ms.
TpTrace Verbose: 0 : 28804, 4, 2024/04/25, 16:19:39.230, 8025013451774, vstest.console.dll, MulticastDelegateUtilities.SafeInvoke: InternalTestLoggerEvents.SendTestRunMessage: Invoking callback 1/1 for Microsoft.VisualStudio.TestPlatform.CommandLine.Internal.ConsoleLogger., took 0 ms.
TpTrace Verbose: 0 : 28804, 4, 2024/04/25, 16:19:39.230, 8025013452506, vstest.console.dll, MulticastDelegateUtilities.SafeInvoke: InternalTestLoggerEvents.SendTestRunMessage: Invoking callback 1/1 for Microsoft.VisualStudio.TestPlatform.CommandLine.Internal.ConsoleLogger., took 0 ms.
TpTrace Verbose: 0 : 28804, 4, 2024/04/25, 16:19:39.230, 8025013453333, vstest.console.dll, MulticastDelegateUtilities.SafeInvoke: InternalTestLoggerEvents.SendTestRunMessage: Invoking callback 1/1 for Microsoft.VisualStudio.TestPlatform.CommandLine.Internal.ConsoleLogger., took 0 ms.
TpTrace Verbose: 0 : 28804, 4, 2024/04/25, 16:19:39.230, 8025013454165, vstest.console.dll, MulticastDelegateUtilities.SafeInvoke: InternalTestLoggerEvents.SendTestRunMessage: Invoking callback 1/1 for Microsoft.VisualStudio.TestPlatform.CommandLine.Internal.ConsoleLogger., took 0 ms.
TpTrace Verbose: 0 : 28804, 4, 2024/04/25, 16:19:39.230, 8025013455610, vstest.console.dll, MulticastDelegateUtilities.SafeInvoke: InternalTestLoggerEvents.SendTestRunMessage: Invoking callback 1/1 for Microsoft.VisualStudio.TestPlatform.CommandLine.Internal.ConsoleLogger., took 0 ms.
TpTrace Verbose: 0 : 28804, 13, 2024/04/25, 16:19:39.231, 8025013456824, vstest.console.dll, TcpClientExtensions.MessageLoopAsync: NotifyDataAvailable remoteEndPoint: 127.0.0.1:64103 localEndPoint: 127.0.0.1:64102
TpTrace Verbose: 0 : 28804, 13, 2024/04/25, 16:19:39.231, 8025013459803, vstest.console.dll, TestRequestSender.OnExecutionMessageReceived: Received message: {"Version":7,"MessageType":"TestExecution.StatsChange","Payload":{"NewTestResults":[{"TestCase":{"Id":"845179e4-9417-16ff-aac8-72ae2766a572","FullyQualifiedName":"ShoppingAppDALTests.CartItemRepositoryTests.UpdateCartItemByIdPassTest","DisplayName":"UpdateCartItemByIdPassTest","ExecutorUri":"executor://NUnit3TestExecutor","Source":"C:\\dotNet\\Day11\\ShoppingAppSolution\\ShoppingAppDALTests\\bin\\Debug\\net8.0\\fine-code-coverage\\build-output\\ShoppingAppDALTests.dll","CodeFilePath":null,"LineNumber":0,"Properties":[{"Key":{"Id":"NUnit.Seed","Label":"Seed","Category":"","Description":"","Attributes":0,"ValueType":"System.String"},"Value":"1852531854"}]},"Attachments":[],"Outcome":2,"ErrorMessage":"  Expected: not null\r\n  But was:  null\r\n","ErrorStackTrace":"   at ShoppingAppDALTests.CartItemRepositoryTests.UpdateCartItemByIdPassTest() in C:\\dotNet\\Day11\\ShoppingAppSolution\\ShoppingAppDALTests\\CartItemRepositoryTests.cs:line 78\r\n\n1)    at ShoppingAppDALTests.CartItemRepositoryTests.UpdateCartItemByIdPassTest() in C:\\dotNet\\Day11\\ShoppingAppSolution\\ShoppingAppDALTests\\CartItemRepositoryTests.cs:line 78\r\n\n","DisplayName":"UpdateCartItemByIdPassTest","Messages":[{"Category":"StdOutMsgs","Text":"added successfully\r\n"}],"ComputerName":"853CBX3","Duration":"00:00:00.0007249","StartTime":"2024-04-25T10:49:39.1024633+00:00","EndTime":"2024-04-25T10:49:39.1031884+00:00","Properties":[{"Key":{"Id":"NUnit.Seed","Label":"Seed","Category":"","Description":"","Attributes":0,"ValueType":"System.String"},"Value":"1852531854"}]},{"TestCase":{"Id":"a42f06cc-13e9-6695-e3d2-c2423944288b","FullyQualifiedName":"ShoppingAppDALTests.CartRepositoryTests.AddCartFailTest","DisplayName":"AddCartFailTest","ExecutorUri":"executor://NUnit3TestExecutor","Source":"C:\\dotNet\\Day11\\ShoppingAppSolution\\ShoppingAppDALTests\\bin\\Debug\\net8.0\\fine-code-coverage\\build-output\\ShoppingAppDALTests.dll","CodeFilePath":null,"LineNumber":0,"Properties":[{"Key":{"Id":"NUnit.Seed","Label":"Seed","Category":"","Description":"","Attributes":0,"ValueType":"System.String"},"Value":"712052092"}]},"Attachments":[],"Outcome":2,"ErrorMessage":"  Expected: null\r\n  But was:  <ShoppingAppModelLibrary.Cart>\r\n","ErrorStackTrace":"   at ShoppingAppDALTests.CartRepositoryTests.AddCartFailTest() in C:\\dotNet\\Day11\\ShoppingAppSolution\\ShoppingAppDALTests\\CartRepositoryTests.cs:line 51\r\n\n1)    at ShoppingAppDALTests.CartRepositoryTests.AddCartFailTest() in C:\\dotNet\\Day11\\ShoppingAppSolution\\ShoppingAppDALTests\\CartRepositoryTests.cs:line 51\r\n\n","DisplayName":"AddCartFailTest","Messages":[{"Category":"StdOutMsgs","Text":"added successfully\r\nadded successfully\r\n"}],"ComputerName":"853CBX3","Duration":"00:00:00.0020740","StartTime":"2024-04-25T10:49:39.105513+00:00","EndTime":"2024-04-25T10:49:39.1075865+00:00","Properties":[{"Key":{"Id":"NUnit.Seed","Label":"Seed","Category":"","Description":"","Attributes":0,"ValueType":"System.String"},"Value":"712052092"}]},{"TestCase":{"Id":"12e44fe5-2d4d-f8dc-a7bb-449e331c3e5b","FullyQualifiedName":"ShoppingAppDALTests.CartRepositoryTests.AddCartSuccessTest","DisplayName":"AddCartSuccessTest","ExecutorUri":"executor://NUnit3TestExecutor","Source":"C:\\dotNet\\Day11\\ShoppingAppSolution\\ShoppingAppDALTests\\bin\\Debug\\net8.0\\fine-code-coverage\\build-output\\ShoppingAppDALTests.dll","CodeFilePath":null,"LineNumber":0,"Properties":[{"Key":{"Id":"NUnit.Seed","Label":"Seed","Category":"","Description":"","Attributes":0,"ValueType":"System.String"},"Value":"711653735"}]},"Attachments":[],"Outcome":1,"ErrorMessage":null,"ErrorStackTrace":null,"DisplayName":"AddCartSuccessTest","Messages":[{"Category":"StdOutMsgs","Text":"added successfully\r\nadded successfully\r\n"}],"ComputerName":"853CBX3","Duration":"00:00:00.0003710","StartTime":"2024-04-25T10:49:39.1076006+00:00","EndTime":"2024-04-25T10:49:39.1079717+00:00","Properties":[{"Key":{"Id":"NUnit.Seed","Label":"Seed","Category":"","Description":"","Attributes":0,"ValueType":"System.String"},"Value":"711653735"}]},{"TestCase":{"Id":"5bb455e9-32d5-71a2-bd8a-63aa3e42ed2a","FullyQualifiedName":"ShoppingAppDALTests.CartRepositoryTests.DeleteCartByIdFailTest","DisplayName":"DeleteCartByIdFailTest","ExecutorUri":"executor://NUnit3TestExecutor","Source":"C:\\dotNet\\Day11\\ShoppingAppSolution\\ShoppingAppDALTests\\bin\\Debug\\net8.0\\fine-code-coverage\\build-output\\ShoppingAppDALTests.dll","CodeFilePath":null,"LineNumber":0,"Properties":[{"Key":{"Id":"NUnit.Seed","Label":"Seed","Category":"","Description":"","Attributes":0,"ValueType":"System.String"},"Value":"1359058632"}]},"Attachments":[],"Outcome":2,"ErrorMessage":"  Expected: null\r\n  But was:  <ShoppingAppModelLibrary.Cart>\r\n","ErrorStackTrace":"   at ShoppingAppDALTests.CartRepositoryTests.DeleteCartByIdFailTest() in C:\\dotNet\\Day11\\ShoppingAppSolution\\ShoppingAppDALTests\\CartRepositoryTests.cs:line 79\r\n\n1)    at ShoppingAppDALTests.CartRepositoryTests.DeleteCartByIdFailTest() in C:\\dotNet\\Day11\\ShoppingAppSolution\\ShoppingAppDALTests\\CartRepositoryTests.cs:line 79\r\n\n","DisplayName":"DeleteCartByIdFailTest","Messages":[{"Category":"StdOutMsgs","Text":"added successfully\r\n"}],"ComputerName":"853CBX3","Duration":"00:00:00.0008720","StartTime":"2024-04-25T10:49:39.1079857+00:00","EndTime":"2024-04-25T10:49:39.1088572+00:00","Properties":[{"Key":{"Id":"NUnit.Seed","Label":"Seed","Category":"","Description":"","Attributes":0,"ValueType":"System.String"},"Value":"1359058632"}]},{"TestCase":{"Id":"3eb3ec86-cd3e-2508-77de-3b964c2f4164","FullyQualifiedName":"ShoppingAppDALTests.CartRepositoryTests.DeleteCartByIdPassTest","DisplayName":"DeleteCartByIdPassTest","ExecutorUri":"executor://NUnit3TestExecutor","Source":"C:\\dotNet\\Day11\\ShoppingAppSolution\\ShoppingAppDALTests\\bin\\Debug\\net8.0\\fine-code-coverage\\build-output\\ShoppingAppDALTests.dll","CodeFilePath":null,"LineNumber":0,"Properties":[{"Key":{"Id":"NUnit.Seed","Label":"Seed","Category":"","Description":"","Attributes":0,"ValueType":"System.String"},"Value":"44569171"}]},"Attachments":[],"Outcome":2,"ErrorMessage":"  Expected: not null\r\n  But was:  null\r\n","ErrorStackTrace":"   at ShoppingAppDALTests.CartRepositoryTests.DeleteCartByIdPassTest() in C:\\dotNet\\Day11\\ShoppingAppSolution\\ShoppingAppDALTests\\CartRepositoryTests.cs:line 72\r\n\n1)    at ShoppingAppDALTests.CartRepositoryTests.DeleteCartByIdPassTest() in C:\\dotNet\\Day11\\ShoppingAppSolution\\ShoppingAppDALTests\\CartRepositoryTests.cs:line 72\r\n\n","DisplayName":"DeleteCartByIdPassTest","Messages":[{"Category":"StdOutMsgs","Text":"added successfully\r\n"}],"ComputerName":"853CBX3","Duration":"00:00:00.0004330","StartTime":"2024-04-25T10:49:39.108871+00:00","EndTime":"2024-04-25T10:49:39.1093042+00:00","Properties":[{"Key":{"Id":"NUnit.Seed","Label":"Seed","Category":"","Description":"","Attributes":0,"ValueType":"System.String"},"Value":"44569171"}]},{"TestCase":{"Id":"17fe5606-fa85-37a3-6a59-fec578374440","FullyQualifiedName":"ShoppingAppDALTests.CartRepositoryTests.GetAllCartsFailTest","DisplayName":"GetAllCartsFailTest","ExecutorUri":"executor://NUnit3TestExecutor","Source":"C:\\dotNet\\Day11\\ShoppingAppSolution\\ShoppingAppDALTests\\bin\\Debug\\net8.0\\fine-code-coverage\\build-output\\ShoppingAppDALTests.dll","CodeFilePath":null,"LineNumber":0,"Properties":[{"Key":{"Id":"NUnit.Seed","Label":"Seed","Category":"","Description":"","Attributes":0,"ValueType":"System.String"},"Value":"1786738859"}]},"Attachments":[],"Outcome":2,"ErrorMessage":"  Expected: <empty>\r\n  But was:  < <ShoppingAppModelLibrary.Cart> >\r\n","ErrorStackTrace":"   at ShoppingAppDALTests.CartRepositoryTests.GetAllCartsFailTest() in C:\\dotNet\\Day11\\ShoppingAppSolution\\ShoppingAppDALTests\\CartRepositoryTests.cs:line 110\r\n\n1)    at ShoppingAppDALTests.CartRepositoryTests.GetAllCartsFailTest() in C:\\dotNet\\Day11\\ShoppingAppSolution\\ShoppingAppDALTests\\CartRepositoryTests.cs:line 110\r\n\n","DisplayName":"GetAllCartsFailTest","Messages":[{"Category":"StdOutMsgs","Text":"added successfully\r\n"}],"ComputerName":"853CBX3","Duration":"00:00:00.0004880","StartTime":"2024-04-25T10:49:39.1093154+00:00","EndTime":"2024-04-25T10:49:39.1098032+00:00","Properties":[{"Key":{"Id":"NUnit.Seed","Label":"Seed","Category":"","Description":"","Attributes":0,"ValueType":"System.String"},"Value":"1786738859"}]},{"TestCase":{"Id":"f45d5a97-e7e3-7846-d0af-f18a11d6a214","FullyQualifiedName":"ShoppingAppDALTests.CartRepositoryTests.GetAllCartsPassTest","DisplayName":"GetAllCartsPassTest","ExecutorUri":"executor://NUnit3TestExecutor","Source":"C:\\dotNet\\Day11\\ShoppingAppSolution\\ShoppingAppDALTests\\bin\\Debug\\net8.0\\fine-code-coverage\\build-output\\ShoppingAppDALTests.dll","CodeFilePath":null,"LineNumber":0,"Properties":[{"Key":{"Id":"NUnit.Seed","Label":"Seed","Category":"","Description":"","Attributes":0,"ValueType":"System.String"},"Value":"1142137343"}]},"Attachments":[],"Outcome":1,"ErrorMessage":null,"ErrorStackTrace":null,"DisplayName":"GetAllCartsPassTest","Messages":[{"Category":"StdOutMsgs","Text":"added successfully\r\n"}],"ComputerName":"853CBX3","Duration":"00:00:00.0001180","StartTime":"2024-04-25T10:49:39.1098144+00:00","EndTime":"2024-04-25T10:49:39.1099322+00:00","Properties":[{"Key":{"Id":"NUnit.Seed","Label":"Seed","Category":"","Description":"","Attributes":0,"ValueType":"System.String"},"Value":"1142137343"}]},{"TestCase":{"Id":"a8a7cadc-1998-0ca1-a9b9-c12ab0918672","FullyQualifiedName":"ShoppingAppDALTests.CartRepositoryTests.GetCartByIdPassTest","DisplayName":"GetCartByIdPassTest","ExecutorUri":"executor://NUnit3TestExecutor","Source":"C:\\dotNet\\Day11\\ShoppingAppSolution\\ShoppingAppDALTests\\bin\\Debug\\net8.0\\fine-code-coverage\\build-output\\ShoppingAppDALTests.dll","CodeFilePath":null,"LineNumber":0,"Properties":[{"Key":{"Id":"NUnit.Seed","Label":"Seed","Category":"","Description":"","Attributes":0,"ValueType":"System.String"},"Value":"892188024"}]},"Attachments":[],"Outcome":2,"ErrorMessage":"  Expected: not null\r\n  But was:  null\r\n","ErrorStackTrace":"   at ShoppingAppDALTests.CartRepositoryTests.GetCartByIdPassTest() in C:\\dotNet\\Day11\\ShoppingAppSolution\\ShoppingAppDALTests\\CartRepositoryTests.cs:line 58\r\n\n1)    at ShoppingAppDALTests.CartRepositoryTests.GetCartByIdPassTest() in C:\\dotNet\\Day11\\ShoppingAppSolution\\ShoppingAppDALTests\\CartRepositoryTests.cs:line 58\r\n\n","DisplayName":"GetCartByIdPassTest","Messages":[{"Category":"StdOutMsgs","Text":"added successfully\r\n"}],"ComputerName":"853CBX3","Duration":"00:00:00.0003560","StartTime":"2024-04-25T10:49:39.1099516+00:00","EndTime":"2024-04-25T10:49:39.1103074+00:00","Properties":[{"Key":{"Id":"NUnit.Seed","Label":"Seed","Category":"","Description":"","Attributes":0,"ValueType":"System.String"},"Value":"892188024"}]},{"TestCase":{"Id":"e6ee856f-b04c-7a26-9864-630e4434fa90","FullyQualifiedName":"ShoppingAppDALTests.CartRepositoryTests.GetProductByIdFailTest","DisplayName":"GetProductByIdFailTest","ExecutorUri":"executor://NUnit3TestExecutor","Source":"C:\\dotNet\\Day11\\ShoppingAppSolution\\ShoppingAppDALTests\\bin\\Debug\\net8.0\\fine-code-coverage\\build-output\\ShoppingAppDALTests.dll","CodeFilePath":null,"LineNumber":0,"Properties":[{"Key":{"Id":"NUnit.Seed","Label":"Seed","Category":"","Description":"","Attributes":0,"ValueType":"System.String"},"Value":"1289330804"}]},"Attachments":[],"Outcome":2,"ErrorMessage":"  Expected: null\r\n  But was:  <ShoppingAppModelLibrary.Cart>\r\n","ErrorStackTrace":"   at ShoppingAppDALTests.CartRepositoryTests.GetProductByIdFailTest() in C:\\dotNet\\Day11\\ShoppingAppSolution\\ShoppingAppDALTests\\CartRepositoryTests.cs:line 65\r\n\n1)    at ShoppingAppDALTests.CartRepositoryTests.GetProductByIdFailTest() in C:\\dotNet\\Day11\\ShoppingAppSolution\\ShoppingAppDALTests\\CartRepositoryTests.cs:line 65\r\n\n","DisplayName":"GetProductByIdFailTest","Messages":[{"Category":"StdOutMsgs","Text":"added successfully\r\n"}],"ComputerName":"853CBX3","Duration":"00:00:00.0003040","StartTime":"2024-04-25T10:49:39.1103175+00:00","EndTime":"2024-04-25T10:49:39.1106218+00:00","Properties":[{"Key":{"Id":"NUnit.Seed","Label":"Seed","Category":"","Description":"","Attributes":0,"ValueType":"System.String"},"Value":"1289330804"}]}],"TestRunStatistics":{"ExecutedTests":18,"Stats":{"Failed":9,"Passed":9}},"ActiveTests":[{"Id":"c8a15044-4d60-d392-178d-35a59c2f9833","FullyQualifiedName":"ShoppingAppDALTests.CartRepositoryTests.UpdateCartByIdFailTest","DisplayName":"UpdateCartByIdFailTest","ExecutorUri":"executor://NUnit3TestExecutor","Source":"C:\\dotNet\\Day11\\ShoppingAppSolution\\ShoppingAppDALTests\\bin\\Debug\\net8.0\\fine-code-coverage\\build-output\\ShoppingAppDALTests.dll","CodeFilePath":null,"LineNumber":0,"Properties":[{"Key":{"Id":"NUnit.Seed","Label":"Seed","Category":"","Description":"","Attributes":0,"ValueType":"System.String"},"Value":"1558550367"}]}]}}
TpTrace Verbose: 0 : 28804, 13, 2024/04/25, 16:19:39.232, 8025013471452, vstest.console.dll, TestRunRequest:SendTestRunStatsChange: Starting.
TpTrace Verbose: 0 : 28804, 13, 2024/04/25, 16:19:39.232, 8025013472050, vstest.console.dll, InProgress is UpdateCartByIdFailTest
TpTrace Verbose: 0 : 28804, 13, 2024/04/25, 16:19:39.232, 8025013472699, vstest.console.dll, MulticastDelegateUtilities.SafeInvoke: TestRun.RunStatsChanged: Invoking callbacks was skipped because there are no subscribers.
TpTrace Information: 0 : 28804, 13, 2024/04/25, 16:19:39.232, 8025013472972, vstest.console.dll, TestRunRequest:SendTestRunStatsChange: Completed.
TpTrace Verbose: 0 : 28804, 13, 2024/04/25, 16:19:39.232, 8025013473263, vstest.console.dll, MulticastDelegateUtilities.SafeInvoke: LengthPrefixCommunicationChannel: MessageReceived: Invoking callback 1/1 for Microsoft.VisualStudio.TestPlatform.CommunicationUtilities.TestRequestSender+<>c__DisplayClass34_0., took 1 ms.
TpTrace Verbose: 0 : 28804, 13, 2024/04/25, 16:19:39.232, 8025013473623, vstest.console.dll, TcpClientExtensions.MessageLoopAsync: Polling on remoteEndPoint: 127.0.0.1:64103 localEndPoint: 127.0.0.1:64102 after 2 ms
TpTrace Verbose: 0 : 28804, 4, 2024/04/25, 16:19:39.232, 8025013475503, vstest.console.dll, MulticastDelegateUtilities.SafeInvoke: InternalTestLoggerEvents.SendTestResult: Invoking callback 1/1 for Microsoft.VisualStudio.TestPlatform.CommandLine.Internal.ConsoleLogger., took 0 ms.
TpTrace Verbose: 0 : 28804, 4, 2024/04/25, 16:19:39.233, 8025013481520, vstest.console.dll, MulticastDelegateUtilities.SafeInvoke: InternalTestLoggerEvents.SendTestResult: Invoking callback 1/1 for Microsoft.VisualStudio.TestPlatform.CommandLine.Internal.ConsoleLogger., took 0 ms.
TpTrace Verbose: 0 : 28804, 4, 2024/04/25, 16:19:39.233, 8025013482610, vstest.console.dll, MulticastDelegateUtilities.SafeInvoke: InternalTestLoggerEvents.SendTestResult: Invoking callback 1/1 for Microsoft.VisualStudio.TestPlatform.CommandLine.Internal.ConsoleLogger., took 0 ms.
TpTrace Verbose: 0 : 28804, 4, 2024/04/25, 16:19:39.234, 8025013486568, vstest.console.dll, MulticastDelegateUtilities.SafeInvoke: InternalTestLoggerEvents.SendTestResult: Invoking callback 1/1 for Microsoft.VisualStudio.TestPlatform.CommandLine.Internal.ConsoleLogger., took 0 ms.
TpTrace Verbose: 0 : 28804, 4, 2024/04/25, 16:19:39.234, 8025013490426, vstest.console.dll, MulticastDelegateUtilities.SafeInvoke: InternalTestLoggerEvents.SendTestResult: Invoking callback 1/1 for Microsoft.VisualStudio.TestPlatform.CommandLine.Internal.ConsoleLogger., took 0 ms.
TpTrace Verbose: 0 : 28804, 4, 2024/04/25, 16:19:39.235, 8025013497136, vstest.console.dll, MulticastDelegateUtilities.SafeInvoke: InternalTestLoggerEvents.SendTestResult: Invoking callback 1/1 for Microsoft.VisualStudio.TestPlatform.CommandLine.Internal.ConsoleLogger., took 0 ms.
TpTrace Verbose: 0 : 28804, 4, 2024/04/25, 16:19:39.235, 8025013498753, vstest.console.dll, MulticastDelegateUtilities.SafeInvoke: InternalTestLoggerEvents.SendTestResult: Invoking callback 1/1 for Microsoft.VisualStudio.TestPlatform.CommandLine.Internal.ConsoleLogger., took 0 ms.
TpTrace Verbose: 0 : 28804, 4, 2024/04/25, 16:19:39.235, 8025013503511, vstest.console.dll, MulticastDelegateUtilities.SafeInvoke: InternalTestLoggerEvents.SendTestResult: Invoking callback 1/1 for Microsoft.VisualStudio.TestPlatform.CommandLine.Internal.ConsoleLogger., took 0 ms.
TpTrace Verbose: 0 : 28804, 4, 2024/04/25, 16:19:39.236, 8025013508821, vstest.console.dll, MulticastDelegateUtilities.SafeInvoke: InternalTestLoggerEvents.SendTestResult: Invoking callback 1/1 for Microsoft.VisualStudio.TestPlatform.CommandLine.Internal.ConsoleLogger., took 0 ms.
TpTrace Verbose: 0 : 28804, 13, 2024/04/25, 16:19:39.238, 8025013532712, vstest.console.dll, TcpClientExtensions.MessageLoopAsync: NotifyDataAvailable remoteEndPoint: 127.0.0.1:64103 localEndPoint: 127.0.0.1:64102
TpTrace Verbose: 0 : 28804, 13, 2024/04/25, 16:19:39.238, 8025013534269, vstest.console.dll, TestRequestSender.OnExecutionMessageReceived: Received message: {"Version":7,"MessageType":"TestSession.Message","Payload":{"MessageLevel":1,"Message":"added successfully\r\n"}}
TpTrace Verbose: 0 : 28804, 13, 2024/04/25, 16:19:39.238, 8025013535534, vstest.console.dll, TestRunRequest:SendTestRunMessage: Starting.
TpTrace Verbose: 0 : 28804, 13, 2024/04/25, 16:19:39.239, 8025013536173, vstest.console.dll, MulticastDelegateUtilities.SafeInvoke: TestRun.LogMessages: Invoking callback 1/1 for Microsoft.VisualStudio.TestPlatform.CommandLine.TestRunResultAggregator., took 0 ms.
TpTrace Information: 0 : 28804, 13, 2024/04/25, 16:19:39.239, 8025013536496, vstest.console.dll, TestRunRequest:SendTestRunMessage: Completed.
TpTrace Verbose: 0 : 28804, 13, 2024/04/25, 16:19:39.239, 8025013536860, vstest.console.dll, MulticastDelegateUtilities.SafeInvoke: LengthPrefixCommunicationChannel: MessageReceived: Invoking callback 1/1 for Microsoft.VisualStudio.TestPlatform.CommunicationUtilities.TestRequestSender+<>c__DisplayClass34_0., took 0 ms.
TpTrace Verbose: 0 : 28804, 4, 2024/04/25, 16:19:39.239, 8025013537105, vstest.console.dll, MulticastDelegateUtilities.SafeInvoke: InternalTestLoggerEvents.SendTestRunMessage: Invoking callback 1/1 for Microsoft.VisualStudio.TestPlatform.CommandLine.Internal.ConsoleLogger., took 0 ms.
TpTrace Verbose: 0 : 28804, 13, 2024/04/25, 16:19:39.239, 8025013537294, vstest.console.dll, TcpClientExtensions.MessageLoopAsync: Polling on remoteEndPoint: 127.0.0.1:64103 localEndPoint: 127.0.0.1:64102 after 6 ms
TpTrace Verbose: 0 : 28804, 13, 2024/04/25, 16:19:39.241, 8025013562887, vstest.console.dll, TcpClientExtensions.MessageLoopAsync: NotifyDataAvailable remoteEndPoint: 127.0.0.1:64103 localEndPoint: 127.0.0.1:64102
TpTrace Verbose: 0 : 28804, 13, 2024/04/25, 16:19:39.241, 8025013564050, vstest.console.dll, TestRequestSender.OnExecutionMessageReceived: Received message: {"Version":7,"MessageType":"TestSession.Message","Payload":{"MessageLevel":1,"Message":"added successfully\r\n"}}
TpTrace Verbose: 0 : 28804, 13, 2024/04/25, 16:19:39.241, 8025013565020, vstest.console.dll, TestRunRequest:SendTestRunMessage: Starting.
TpTrace Verbose: 0 : 28804, 13, 2024/04/25, 16:19:39.241, 8025013565598, vstest.console.dll, MulticastDelegateUtilities.SafeInvoke: TestRun.LogMessages: Invoking callback 1/1 for Microsoft.VisualStudio.TestPlatform.CommandLine.TestRunResultAggregator., took 0 ms.
TpTrace Information: 0 : 28804, 13, 2024/04/25, 16:19:39.241, 8025013565881, vstest.console.dll, TestRunRequest:SendTestRunMessage: Completed.
TpTrace Verbose: 0 : 28804, 13, 2024/04/25, 16:19:39.242, 8025013566144, vstest.console.dll, MulticastDelegateUtilities.SafeInvoke: LengthPrefixCommunicationChannel: MessageReceived: Invoking callback 1/1 for Microsoft.VisualStudio.TestPlatform.CommunicationUtilities.TestRequestSender+<>c__DisplayClass34_0., took 0 ms.
TpTrace Verbose: 0 : 28804, 4, 2024/04/25, 16:19:39.242, 8025013566325, vstest.console.dll, MulticastDelegateUtilities.SafeInvoke: InternalTestLoggerEvents.SendTestRunMessage: Invoking callback 1/1 for Microsoft.VisualStudio.TestPlatform.CommandLine.Internal.ConsoleLogger., took 0 ms.
TpTrace Verbose: 0 : 28804, 13, 2024/04/25, 16:19:39.242, 8025013566431, vstest.console.dll, TcpClientExtensions.MessageLoopAsync: Polling on remoteEndPoint: 127.0.0.1:64103 localEndPoint: 127.0.0.1:64102 after 2 ms
TpTrace Verbose: 0 : 28804, 13, 2024/04/25, 16:19:39.260, 8025013752631, vstest.console.dll, TcpClientExtensions.MessageLoopAsync: NotifyDataAvailable remoteEndPoint: 127.0.0.1:64103 localEndPoint: 127.0.0.1:64102
TpTrace Verbose: 0 : 28804, 13, 2024/04/25, 16:19:39.261, 8025013756435, vstest.console.dll, TestRequestSender.OnExecutionMessageReceived: Received message: {"Version":7,"MessageType":"TestExecution.StatsChange","Payload":{"NewTestResults":[{"TestCase":{"Id":"c8a15044-4d60-d392-178d-35a59c2f9833","FullyQualifiedName":"ShoppingAppDALTests.CartRepositoryTests.UpdateCartByIdFailTest","DisplayName":"UpdateCartByIdFailTest","ExecutorUri":"executor://NUnit3TestExecutor","Source":"C:\\dotNet\\Day11\\ShoppingAppSolution\\ShoppingAppDALTests\\bin\\Debug\\net8.0\\fine-code-coverage\\build-output\\ShoppingAppDALTests.dll","CodeFilePath":null,"LineNumber":0,"Properties":[{"Key":{"Id":"NUnit.Seed","Label":"Seed","Category":"","Description":"","Attributes":0,"ValueType":"System.String"},"Value":"1558550367"}]},"Attachments":[],"Outcome":1,"ErrorMessage":null,"ErrorStackTrace":null,"DisplayName":"UpdateCartByIdFailTest","Messages":[{"Category":"StdOutMsgs","Text":"added successfully\r\n"}],"ComputerName":"853CBX3","Duration":"00:00:00.0001960","StartTime":"2024-04-25T10:49:39.1106318+00:00","EndTime":"2024-04-25T10:49:39.110828+00:00","Properties":[{"Key":{"Id":"NUnit.Seed","Label":"Seed","Category":"","Description":"","Attributes":0,"ValueType":"System.String"},"Value":"1558550367"}]},{"TestCase":{"Id":"b9d582b0-2621-56d3-f968-bd43d74c2ec3","FullyQualifiedName":"ShoppingAppDALTests.CartRepositoryTests.UpdateCartByIdPassTest","DisplayName":"UpdateCartByIdPassTest","ExecutorUri":"executor://NUnit3TestExecutor","Source":"C:\\dotNet\\Day11\\ShoppingAppSolution\\ShoppingAppDALTests\\bin\\Debug\\net8.0\\fine-code-coverage\\build-output\\ShoppingAppDALTests.dll","CodeFilePath":null,"LineNumber":0,"Properties":[{"Key":{"Id":"NUnit.Seed","Label":"Seed","Category":"","Description":"","Attributes":0,"ValueType":"System.String"},"Value":"659844805"}]},"Attachments":[],"Outcome":1,"ErrorMessage":null,"ErrorStackTrace":null,"DisplayName":"UpdateCartByIdPassTest","Messages":[{"Category":"StdOutMsgs","Text":"added successfully\r\n"}],"ComputerName":"853CBX3","Duration":"00:00:00.0001010","StartTime":"2024-04-25T10:49:39.1108382+00:00","EndTime":"2024-04-25T10:49:39.1109393+00:00","Properties":[{"Key":{"Id":"NUnit.Seed","Label":"Seed","Category":"","Description":"","Attributes":0,"ValueType":"System.String"},"Value":"659844805"}]},{"TestCase":{"Id":"ff6e650f-4ac4-e77a-5c81-0986f7d1c476","FullyQualifiedName":"ShoppingAppDALTests.CustomerRepositoryTests.AddCustomerFailTest","DisplayName":"AddCustomerFailTest","ExecutorUri":"executor://NUnit3TestExecutor","Source":"C:\\dotNet\\Day11\\ShoppingAppSolution\\ShoppingAppDALTests\\bin\\Debug\\net8.0\\fine-code-coverage\\build-output\\ShoppingAppDALTests.dll","CodeFilePath":null,"LineNumber":0,"Properties":[{"Key":{"Id":"NUnit.Seed","Label":"Seed","Category":"","Description":"","Attributes":0,"ValueType":"System.String"},"Value":"1105234384"}]},"Attachments":[],"Outcome":2,"ErrorMessage":"System.NullReferenceException : Object reference not set to an instance of an object.","ErrorStackTrace":"   at ShoppingAppDALTests.CustomerRepositoryTests.AddCustomerFailTest() in C:\\dotNet\\Day11\\ShoppingAppSolution\\ShoppingAppDALTests\\CustomerRepositoryTests.cs:line 39\r\n   at System.RuntimeMethodHandle.InvokeMethod(Object target, Void** arguments, Signature sig, Boolean isConstructor)\r\n   at System.Reflection.MethodBaseInvoker.InvokeWithNoArgs(Object obj, BindingFlags invokeAttr)\n","DisplayName":"AddCustomerFailTest","Messages":[],"ComputerName":"853CBX3","Duration":"00:00:00.0027600","StartTime":"2024-04-25T10:49:39.1111338+00:00","EndTime":"2024-04-25T10:49:39.1138935+00:00","Properties":[{"Key":{"Id":"NUnit.Seed","Label":"Seed","Category":"","Description":"","Attributes":0,"ValueType":"System.String"},"Value":"1105234384"}]},{"TestCase":{"Id":"1fd0b411-1996-afd5-a27f-3073bc34bf24","FullyQualifiedName":"ShoppingAppDALTests.CustomerRepositoryTests.AddCustomerSuccessTest","DisplayName":"AddCustomerSuccessTest","ExecutorUri":"executor://NUnit3TestExecutor","Source":"C:\\dotNet\\Day11\\ShoppingAppSolution\\ShoppingAppDALTests\\bin\\Debug\\net8.0\\fine-code-coverage\\build-output\\ShoppingAppDALTests.dll","CodeFilePath":null,"LineNumber":0,"Properties":[{"Key":{"Id":"NUnit.Seed","Label":"Seed","Category":"","Description":"","Attributes":0,"ValueType":"System.String"},"Value":"520017968"}]},"Attachments":[],"Outcome":2,"ErrorMessage":"System.NullReferenceException : Object reference not set to an instance of an object.","ErrorStackTrace":"   at ShoppingAppDALTests.CustomerRepositoryTests.AddCustomerSuccessTest() in C:\\dotNet\\Day11\\ShoppingAppSolution\\ShoppingAppDALTests\\CustomerRepositoryTests.cs:line 28\r\n   at System.RuntimeMethodHandle.InvokeMethod(Object target, Void** arguments, Signature sig, Boolean isConstructor)\r\n   at System.Reflection.MethodBaseInvoker.InvokeWithNoArgs(Object obj, BindingFlags invokeAttr)\n","DisplayName":"AddCustomerSuccessTest","Messages":[],"ComputerName":"853CBX3","Duration":"00:00:00.0006210","StartTime":"2024-04-25T10:49:39.1139236+00:00","EndTime":"2024-04-25T10:49:39.1145442+00:00","Properties":[{"Key":{"Id":"NUnit.Seed","Label":"Seed","Category":"","Description":"","Attributes":0,"ValueType":"System.String"},"Value":"520017968"}]},{"TestCase":{"Id":"7c0bb3c7-2013-1b68-ea26-78e50fd7a805","FullyQualifiedName":"ShoppingAppDALTests.CustomerRepositoryTests.DeleteCustomerByIdFailTest","DisplayName":"DeleteCustomerByIdFailTest","ExecutorUri":"executor://NUnit3TestExecutor","Source":"C:\\dotNet\\Day11\\ShoppingAppSolution\\ShoppingAppDALTests\\bin\\Debug\\net8.0\\fine-code-coverage\\build-output\\ShoppingAppDALTests.dll","CodeFilePath":null,"LineNumber":0,"Properties":[{"Key":{"Id":"NUnit.Seed","Label":"Seed","Category":"","Description":"","Attributes":0,"ValueType":"System.String"},"Value":"761931931"}]},"Attachments":[],"Outcome":2,"ErrorMessage":"System.NullReferenceException : Object reference not set to an instance of an object.","ErrorStackTrace":"   at ShoppingAppDALTests.CustomerRepositoryTests.DeleteCustomerByIdFailTest() in C:\\dotNet\\Day11\\ShoppingAppSolution\\ShoppingAppDALTests\\CustomerRepositoryTests.cs:line 68\r\n   at System.RuntimeMethodHandle.InvokeMethod(Object target, Void** arguments, Signature sig, Boolean isConstructor)\r\n   at System.Reflection.MethodBaseInvoker.InvokeWithNoArgs(Object obj, BindingFlags invokeAttr)\n","DisplayName":"DeleteCustomerByIdFailTest","Messages":[],"ComputerName":"853CBX3","Duration":"00:00:00.0006650","StartTime":"2024-04-25T10:49:39.1145692+00:00","EndTime":"2024-04-25T10:49:39.1152333+00:00","Properties":[{"Key":{"Id":"NUnit.Seed","Label":"Seed","Category":"","Description":"","Attributes":0,"ValueType":"System.String"},"Value":"761931931"}]},{"TestCase":{"Id":"570e848e-1e3f-c2f7-abf7-e7af8bd296ce","FullyQualifiedName":"ShoppingAppDALTests.CustomerRepositoryTests.DeleteCustomerByIdPassTest","DisplayName":"DeleteCustomerByIdPassTest","ExecutorUri":"executor://NUnit3TestExecutor","Source":"C:\\dotNet\\Day11\\ShoppingAppSolution\\ShoppingAppDALTests\\bin\\Debug\\net8.0\\fine-code-coverage\\build-output\\ShoppingAppDALTests.dll","CodeFilePath":null,"LineNumber":0,"Properties":[{"Key":{"Id":"NUnit.Seed","Label":"Seed","Category":"","Description":"","Attributes":0,"ValueType":"System.String"},"Value":"572339563"}]},"Attachments":[],"Outcome":2,"ErrorMessage":"System.NullReferenceException : Object reference not set to an instance of an object.","ErrorStackTrace":"   at ShoppingAppDALTests.CustomerRepositoryTests.DeleteCustomerByIdPassTest() in C:\\dotNet\\Day11\\ShoppingAppSolution\\ShoppingAppDALTests\\CustomerRepositoryTests.cs:line 61\r\n   at System.RuntimeMethodHandle.InvokeMethod(Object target, Void** arguments, Signature sig, Boolean isConstructor)\r\n   at System.Reflection.MethodBaseInvoker.InvokeWithNoArgs(Object obj, BindingFlags invokeAttr)\n","DisplayName":"DeleteCustomerByIdPassTest","Messages":[],"ComputerName":"853CBX3","Duration":"00:00:00.0003289","StartTime":"2024-04-25T10:49:39.1152586+00:00","EndTime":"2024-04-25T10:49:39.1155869+00:00","Properties":[{"Key":{"Id":"NUnit.Seed","Label":"Seed","Category":"","Description":"","Attributes":0,"ValueType":"System.String"},"Value":"572339563"}]},{"TestCase":{"Id":"79fe157a-09c2-4828-0f5c-5974c926d2cc","FullyQualifiedName":"ShoppingAppDALTests.CustomerRepositoryTests.GetAllCustomersFailTest","DisplayName":"GetAllCustomersFailTest","ExecutorUri":"executor://NUnit3TestExecutor","Source":"C:\\dotNet\\Day11\\ShoppingAppSolution\\ShoppingAppDALTests\\bin\\Debug\\net8.0\\fine-code-coverage\\build-output\\ShoppingAppDALTests.dll","CodeFilePath":null,"LineNumber":0,"Properties":[{"Key":{"Id":"NUnit.Seed","Label":"Seed","Category":"","Description":"","Attributes":0,"ValueType":"System.String"},"Value":"535290770"}]},"Attachments":[],"Outcome":2,"ErrorMessage":"System.NullReferenceException : Object reference not set to an instance of an object.","ErrorStackTrace":"   at ShoppingAppDALTests.CustomerRepositoryTests.GetAllCustomersFailTest() in C:\\dotNet\\Day11\\ShoppingAppSolution\\ShoppingAppDALTests\\CustomerRepositoryTests.cs:line 99\r\n   at System.RuntimeMethodHandle.InvokeMethod(Object target, Void** arguments, Signature sig, Boolean isConstructor)\r\n   at System.Reflection.MethodBaseInvoker.InvokeWithNoArgs(Object obj, BindingFlags invokeAttr)\n","DisplayName":"GetAllCustomersFailTest","Messages":[],"ComputerName":"853CBX3","Duration":"00:00:00.0004040","StartTime":"2024-04-25T10:49:39.1156071+00:00","EndTime":"2024-04-25T10:49:39.116011+00:00","Properties":[{"Key":{"Id":"NUnit.Seed","Label":"Seed","Category":"","Description":"","Attributes":0,"ValueType":"System.String"},"Value":"535290770"}]},{"TestCase":{"Id":"df1262fd-234b-e957-260e-fa3758abae34","FullyQualifiedName":"ShoppingAppDALTests.CustomerRepositoryTests.GetAllCustomersPassTest","DisplayName":"GetAllCustomersPassTest","ExecutorUri":"executor://NUnit3TestExecutor","Source":"C:\\dotNet\\Day11\\ShoppingAppSolution\\ShoppingAppDALTests\\bin\\Debug\\net8.0\\fine-code-coverage\\build-output\\ShoppingAppDALTests.dll","CodeFilePath":null,"LineNumber":0,"Properties":[{"Key":{"Id":"NUnit.Seed","Label":"Seed","Category":"","Description":"","Attributes":0,"ValueType":"System.String"},"Value":"331626339"}]},"Attachments":[],"Outcome":2,"ErrorMessage":"System.NullReferenceException : Object reference not set to an instance of an object.","ErrorStackTrace":"   at ShoppingAppDALTests.CustomerRepositoryTests.GetAllCustomersPassTest() in C:\\dotNet\\Day11\\ShoppingAppSolution\\ShoppingAppDALTests\\CustomerRepositoryTests.cs:line 92\r\n   at System.RuntimeMethodHandle.InvokeMethod(Object target, Void** arguments, Signature sig, Boolean isConstructor)\r\n   at System.Reflection.MethodBaseInvoker.InvokeWithNoArgs(Object obj, BindingFlags invokeAttr)\n","DisplayName":"GetAllCustomersPassTest","Messages":[],"ComputerName":"853CBX3","Duration":"00:00:00.0003530","StartTime":"2024-04-25T10:49:39.1160302+00:00","EndTime":"2024-04-25T10:49:39.1163829+00:00","Properties":[{"Key":{"Id":"NUnit.Seed","Label":"Seed","Category":"","Description":"","Attributes":0,"ValueType":"System.String"},"Value":"331626339"}]},{"TestCase":{"Id":"366a6d1d-7c01-5f73-eeab-d1523e16616d","FullyQualifiedName":"ShoppingAppDALTests.CustomerRepositoryTests.GetCustomerByIdFailTest","DisplayName":"GetCustomerByIdFailTest","ExecutorUri":"executor://NUnit3TestExecutor","Source":"C:\\dotNet\\Day11\\ShoppingAppSolution\\ShoppingAppDALTests\\bin\\Debug\\net8.0\\fine-code-coverage\\build-output\\ShoppingAppDALTests.dll","CodeFilePath":null,"LineNumber":0,"Properties":[{"Key":{"Id":"NUnit.Seed","Label":"Seed","Category":"","Description":"","Attributes":0,"ValueType":"System.String"},"Value":"539887272"}]},"Attachments":[],"Outcome":2,"ErrorMessage":"System.NullReferenceException : Object reference not set to an instance of an object.","ErrorStackTrace":"   at ShoppingAppDALTests.CustomerRepositoryTests.GetCustomerByIdFailTest() in C:\\dotNet\\Day11\\ShoppingAppSolution\\ShoppingAppDALTests\\CustomerRepositoryTests.cs:line 54\r\n   at System.RuntimeMethodHandle.InvokeMethod(Object target, Void** arguments, Signature sig, Boolean isConstructor)\r\n   at System.Reflection.MethodBaseInvoker.InvokeWithNoArgs(Object obj, BindingFlags invokeAttr)\n","DisplayName":"GetCustomerByIdFailTest","Messages":[],"ComputerName":"853CBX3","Duration":"00:00:00.0003110","StartTime":"2024-04-25T10:49:39.1163997+00:00","EndTime":"2024-04-25T10:49:39.1167105+00:00","Properties":[{"Key":{"Id":"NUnit.Seed","Label":"Seed","Category":"","Description":"","Attributes":0,"ValueType":"System.String"},"Value":"539887272"}]}],"TestRunStatistics":{"ExecutedTests":27,"Stats":{"Failed":16,"Passed":11}},"ActiveTests":[{"Id":"7d1d2a6e-aef9-cfcd-3988-e65a502d231e","FullyQualifiedName":"ShoppingAppDALTests.CustomerRepositoryTests.GetCustomerByIdPassTest","DisplayName":"GetCustomerByIdPassTest","ExecutorUri":"executor://NUnit3TestExecutor","Source":"C:\\dotNet\\Day11\\ShoppingAppSolution\\ShoppingAppDALTests\\bin\\Debug\\net8.0\\fine-code-coverage\\build-output\\ShoppingAppDALTests.dll","CodeFilePath":null,"LineNumber":0,"Properties":[{"Key":{"Id":"NUnit.Seed","Label":"Seed","Category":"","Description":"","Attributes":0,"ValueType":"System.String"},"Value":"2146184976"}]}]}}
TpTrace Verbose: 0 : 28804, 13, 2024/04/25, 16:19:39.262, 8025013772089, vstest.console.dll, TestRunRequest:SendTestRunStatsChange: Starting.
TpTrace Verbose: 0 : 28804, 13, 2024/04/25, 16:19:39.262, 8025013772990, vstest.console.dll, InProgress is GetCustomerByIdPassTest
TpTrace Verbose: 0 : 28804, 13, 2024/04/25, 16:19:39.262, 8025013773645, vstest.console.dll, MulticastDelegateUtilities.SafeInvoke: TestRun.RunStatsChanged: Invoking callbacks was skipped because there are no subscribers.
TpTrace Information: 0 : 28804, 13, 2024/04/25, 16:19:39.262, 8025013773950, vstest.console.dll, TestRunRequest:SendTestRunStatsChange: Completed.
TpTrace Verbose: 0 : 28804, 13, 2024/04/25, 16:19:39.262, 8025013774293, vstest.console.dll, MulticastDelegateUtilities.SafeInvoke: LengthPrefixCommunicationChannel: MessageReceived: Invoking callback 1/1 for Microsoft.VisualStudio.TestPlatform.CommunicationUtilities.TestRequestSender+<>c__DisplayClass34_0., took 1 ms.
TpTrace Verbose: 0 : 28804, 4, 2024/04/25, 16:19:39.262, 8025013774296, vstest.console.dll, MulticastDelegateUtilities.SafeInvoke: InternalTestLoggerEvents.SendTestResult: Invoking callback 1/1 for Microsoft.VisualStudio.TestPlatform.CommandLine.Internal.ConsoleLogger., took 0 ms.
TpTrace Verbose: 0 : 28804, 13, 2024/04/25, 16:19:39.262, 8025013774716, vstest.console.dll, TcpClientExtensions.MessageLoopAsync: Polling on remoteEndPoint: 127.0.0.1:64103 localEndPoint: 127.0.0.1:64102 after 20 ms
TpTrace Verbose: 0 : 28804, 4, 2024/04/25, 16:19:39.263, 8025013776562, vstest.console.dll, MulticastDelegateUtilities.SafeInvoke: InternalTestLoggerEvents.SendTestResult: Invoking callback 1/1 for Microsoft.VisualStudio.TestPlatform.CommandLine.Internal.ConsoleLogger., took 0 ms.
TpTrace Verbose: 0 : 28804, 4, 2024/04/25, 16:19:39.263, 8025013780963, vstest.console.dll, MulticastDelegateUtilities.SafeInvoke: InternalTestLoggerEvents.SendTestResult: Invoking callback 1/1 for Microsoft.VisualStudio.TestPlatform.CommandLine.Internal.ConsoleLogger., took 0 ms.
TpTrace Verbose: 0 : 28804, 4, 2024/04/25, 16:19:39.264, 8025013787834, vstest.console.dll, MulticastDelegateUtilities.SafeInvoke: InternalTestLoggerEvents.SendTestResult: Invoking callback 1/1 for Microsoft.VisualStudio.TestPlatform.CommandLine.Internal.ConsoleLogger., took 0 ms.
TpTrace Verbose: 0 : 28804, 4, 2024/04/25, 16:19:39.266, 8025013806550, vstest.console.dll, MulticastDelegateUtilities.SafeInvoke: InternalTestLoggerEvents.SendTestResult: Invoking callback 1/1 for Microsoft.VisualStudio.TestPlatform.CommandLine.Internal.ConsoleLogger., took 1 ms.
TpTrace Verbose: 0 : 28804, 4, 2024/04/25, 16:19:39.266, 8025013809845, vstest.console.dll, MulticastDelegateUtilities.SafeInvoke: InternalTestLoggerEvents.SendTestResult: Invoking callback 1/1 for Microsoft.VisualStudio.TestPlatform.CommandLine.Internal.ConsoleLogger., took 0 ms.
TpTrace Verbose: 0 : 28804, 4, 2024/04/25, 16:19:39.266, 8025013812384, vstest.console.dll, MulticastDelegateUtilities.SafeInvoke: InternalTestLoggerEvents.SendTestResult: Invoking callback 1/1 for Microsoft.VisualStudio.TestPlatform.CommandLine.Internal.ConsoleLogger., took 0 ms.
TpTrace Verbose: 0 : 28804, 4, 2024/04/25, 16:19:39.266, 8025013814728, vstest.console.dll, MulticastDelegateUtilities.SafeInvoke: InternalTestLoggerEvents.SendTestResult: Invoking callback 1/1 for Microsoft.VisualStudio.TestPlatform.CommandLine.Internal.ConsoleLogger., took 0 ms.
TpTrace Verbose: 0 : 28804, 4, 2024/04/25, 16:19:39.267, 8025013817929, vstest.console.dll, MulticastDelegateUtilities.SafeInvoke: InternalTestLoggerEvents.SendTestResult: Invoking callback 1/1 for Microsoft.VisualStudio.TestPlatform.CommandLine.Internal.ConsoleLogger., took 0 ms.
TpTrace Verbose: 0 : 28804, 13, 2024/04/25, 16:19:39.287, 8025014021592, vstest.console.dll, TcpClientExtensions.MessageLoopAsync: NotifyDataAvailable remoteEndPoint: 127.0.0.1:64103 localEndPoint: 127.0.0.1:64102
TpTrace Verbose: 0 : 28804, 13, 2024/04/25, 16:19:39.288, 8025014027710, vstest.console.dll, TestRequestSender.OnExecutionMessageReceived: Received message: {"Version":7,"MessageType":"TestExecution.StatsChange","Payload":{"NewTestResults":[{"TestCase":{"Id":"7d1d2a6e-aef9-cfcd-3988-e65a502d231e","FullyQualifiedName":"ShoppingAppDALTests.CustomerRepositoryTests.GetCustomerByIdPassTest","DisplayName":"GetCustomerByIdPassTest","ExecutorUri":"executor://NUnit3TestExecutor","Source":"C:\\dotNet\\Day11\\ShoppingAppSolution\\ShoppingAppDALTests\\bin\\Debug\\net8.0\\fine-code-coverage\\build-output\\ShoppingAppDALTests.dll","CodeFilePath":null,"LineNumber":0,"Properties":[{"Key":{"Id":"NUnit.Seed","Label":"Seed","Category":"","Description":"","Attributes":0,"ValueType":"System.String"},"Value":"2146184976"}]},"Attachments":[],"Outcome":2,"ErrorMessage":"System.NullReferenceException : Object reference not set to an instance of an object.","ErrorStackTrace":"   at ShoppingAppDALTests.CustomerRepositoryTests.GetCustomerByIdPassTest() in C:\\dotNet\\Day11\\ShoppingAppSolution\\ShoppingAppDALTests\\CustomerRepositoryTests.cs:line 47\r\n   at System.RuntimeMethodHandle.InvokeMethod(Object target, Void** arguments, Signature sig, Boolean isConstructor)\r\n   at System.Reflection.MethodBaseInvoker.InvokeWithNoArgs(Object obj, BindingFlags invokeAttr)\n","DisplayName":"GetCustomerByIdPassTest","Messages":[],"ComputerName":"853CBX3","Duration":"00:00:00.0003230","StartTime":"2024-04-25T10:49:39.1167284+00:00","EndTime":"2024-04-25T10:49:39.117051+00:00","Properties":[{"Key":{"Id":"NUnit.Seed","Label":"Seed","Category":"","Description":"","Attributes":0,"ValueType":"System.String"},"Value":"2146184976"}]},{"TestCase":{"Id":"6ecc8a6b-76bd-9c14-5024-ddef6055ab26","FullyQualifiedName":"ShoppingAppDALTests.CustomerRepositoryTests.UpdateCustomerByIdFailTest","DisplayName":"UpdateCustomerByIdFailTest","ExecutorUri":"executor://NUnit3TestExecutor","Source":"C:\\dotNet\\Day11\\ShoppingAppSolution\\ShoppingAppDALTests\\bin\\Debug\\net8.0\\fine-code-coverage\\build-output\\ShoppingAppDALTests.dll","CodeFilePath":null,"LineNumber":0,"Properties":[{"Key":{"Id":"NUnit.Seed","Label":"Seed","Category":"","Description":"","Attributes":0,"ValueType":"System.String"},"Value":"849021817"}]},"Attachments":[],"Outcome":2,"ErrorMessage":"System.NullReferenceException : Object reference not set to an instance of an object.","ErrorStackTrace":"   at ShoppingAppDALTests.CustomerRepositoryTests.UpdateCustomerByIdFailTest() in C:\\dotNet\\Day11\\ShoppingAppSolution\\ShoppingAppDALTests\\CustomerRepositoryTests.cs:line 85\r\n   at System.RuntimeMethodHandle.InvokeMethod(Object target, Void** arguments, Signature sig, Boolean isConstructor)\r\n   at System.Reflection.MethodBaseInvoker.InvokeWithNoArgs(Object obj, BindingFlags invokeAttr)\n","DisplayName":"UpdateCustomerByIdFailTest","Messages":[],"ComputerName":"853CBX3","Duration":"00:00:00.0003840","StartTime":"2024-04-25T10:49:39.1170688+00:00","EndTime":"2024-04-25T10:49:39.1174528+00:00","Properties":[{"Key":{"Id":"NUnit.Seed","Label":"Seed","Category":"","Description":"","Attributes":0,"ValueType":"System.String"},"Value":"849021817"}]},{"TestCase":{"Id":"6e11cf69-880a-5671-9ddb-7ce41015e47d","FullyQualifiedName":"ShoppingAppDALTests.CustomerRepositoryTests.UpdateCustomerByIdPassTest","DisplayName":"UpdateCustomerByIdPassTest","ExecutorUri":"executor://NUnit3TestExecutor","Source":"C:\\dotNet\\Day11\\ShoppingAppSolution\\ShoppingAppDALTests\\bin\\Debug\\net8.0\\fine-code-coverage\\build-output\\ShoppingAppDALTests.dll","CodeFilePath":null,"LineNumber":0,"Properties":[{"Key":{"Id":"NUnit.Seed","Label":"Seed","Category":"","Description":"","Attributes":0,"ValueType":"System.String"},"Value":"68284818"}]},"Attachments":[],"Outcome":2,"ErrorMessage":"System.NullReferenceException : Object reference not set to an instance of an object.","ErrorStackTrace":"   at ShoppingAppDALTests.CustomerRepositoryTests.UpdateCustomerByIdPassTest() in C:\\dotNet\\Day11\\ShoppingAppSolution\\ShoppingAppDALTests\\CustomerRepositoryTests.cs:line 75\r\n   at System.RuntimeMethodHandle.InvokeMethod(Object target, Void** arguments, Signature sig, Boolean isConstructor)\r\n   at System.Reflection.MethodBaseInvoker.InvokeWithNoArgs(Object obj, BindingFlags invokeAttr)\n","DisplayName":"UpdateCustomerByIdPassTest","Messages":[],"ComputerName":"853CBX3","Duration":"00:00:00.0003560","StartTime":"2024-04-25T10:49:39.1174716+00:00","EndTime":"2024-04-25T10:49:39.1178271+00:00","Properties":[{"Key":{"Id":"NUnit.Seed","Label":"Seed","Category":"","Description":"","Attributes":0,"ValueType":"System.String"},"Value":"68284818"}]},{"TestCase":{"Id":"8e021e54-6325-f011-983c-26a8d4a04b33","FullyQualifiedName":"ShoppingAppDALTests.ProductRepositoryTests.AddProductFailTest","DisplayName":"AddProductFailTest","ExecutorUri":"executor://NUnit3TestExecutor","Source":"C:\\dotNet\\Day11\\ShoppingAppSolution\\ShoppingAppDALTests\\bin\\Debug\\net8.0\\fine-code-coverage\\build-output\\ShoppingAppDALTests.dll","CodeFilePath":null,"LineNumber":0,"Properties":[{"Key":{"Id":"NUnit.Seed","Label":"Seed","Category":"","Description":"","Attributes":0,"ValueType":"System.String"},"Value":"152114490"}]},"Attachments":[],"Outcome":2,"ErrorMessage":"System.NullReferenceException : Object reference not set to an instance of an object.","ErrorStackTrace":"   at ShoppingAppDALTests.ProductRepositoryTests.AddProductFailTest() in C:\\dotNet\\Day11\\ShoppingAppSolution\\ShoppingAppDALTests\\ProductRepositoryTests.cs:line 35\r\n   at System.RuntimeMethodHandle.InvokeMethod(Object target, Void** arguments, Signature sig, Boolean isConstructor)\r\n   at System.Reflection.MethodBaseInvoker.InvokeWithNoArgs(Object obj, BindingFlags invokeAttr)\n","DisplayName":"AddProductFailTest","Messages":[],"ComputerName":"853CBX3","Duration":"00:00:00.0004120","StartTime":"2024-04-25T10:49:39.1179783+00:00","EndTime":"2024-04-25T10:49:39.1183903+00:00","Properties":[{"Key":{"Id":"NUnit.Seed","Label":"Seed","Category":"","Description":"","Attributes":0,"ValueType":"System.String"},"Value":"152114490"}]},{"TestCase":{"Id":"e17cc673-80f2-4c2c-b58c-5a7f22de3aa3","FullyQualifiedName":"ShoppingAppDALTests.ProductRepositoryTests.AddProductSuccessTest","DisplayName":"AddProductSuccessTest","ExecutorUri":"executor://NUnit3TestExecutor","Source":"C:\\dotNet\\Day11\\ShoppingAppSolution\\ShoppingAppDALTests\\bin\\Debug\\net8.0\\fine-code-coverage\\build-output\\ShoppingAppDALTests.dll","CodeFilePath":null,"LineNumber":0,"Properties":[{"Key":{"Id":"NUnit.Seed","Label":"Seed","Category":"","Description":"","Attributes":0,"ValueType":"System.String"},"Value":"97191744"}]},"Attachments":[],"Outcome":2,"ErrorMessage":"System.NullReferenceException : Object reference not set to an instance of an object.","ErrorStackTrace":"   at ShoppingAppDALTests.ProductRepositoryTests.AddProductSuccessTest() in C:\\dotNet\\Day11\\ShoppingAppSolution\\ShoppingAppDALTests\\ProductRepositoryTests.cs:line 24\r\n   at System.RuntimeMethodHandle.InvokeMethod(Object target, Void** arguments, Signature sig, Boolean isConstructor)\r\n   at System.Reflection.MethodBaseInvoker.InvokeWithNoArgs(Object obj, BindingFlags invokeAttr)\n","DisplayName":"AddProductSuccessTest","Messages":[],"ComputerName":"853CBX3","Duration":"00:00:00.0003400","StartTime":"2024-04-25T10:49:39.1184035+00:00","EndTime":"2024-04-25T10:49:39.1187435+00:00","Properties":[{"Key":{"Id":"NUnit.Seed","Label":"Seed","Category":"","Description":"","Attributes":0,"ValueType":"System.String"},"Value":"97191744"}]},{"TestCase":{"Id":"9d3d619f-1f73-860c-7f37-dc499a22d539","FullyQualifiedName":"ShoppingAppDALTests.ProductRepositoryTests.DeleteProductByIdFailTest","DisplayName":"DeleteProductByIdFailTest","ExecutorUri":"executor://NUnit3TestExecutor","Source":"C:\\dotNet\\Day11\\ShoppingAppSolution\\ShoppingAppDALTests\\bin\\Debug\\net8.0\\fine-code-coverage\\build-output\\ShoppingAppDALTests.dll","CodeFilePath":null,"LineNumber":0,"Properties":[{"Key":{"Id":"NUnit.Seed","Label":"Seed","Category":"","Description":"","Attributes":0,"ValueType":"System.String"},"Value":"1893742032"}]},"Attachments":[],"Outcome":2,"ErrorMessage":"System.NullReferenceException : Object reference not set to an instance of an object.","ErrorStackTrace":"   at ShoppingAppDALTests.ProductRepositoryTests.DeleteProductByIdFailTest() in C:\\dotNet\\Day11\\ShoppingAppSolution\\ShoppingAppDALTests\\ProductRepositoryTests.cs:line 63\r\n   at System.RuntimeMethodHandle.InvokeMethod(Object target, Void** arguments, Signature sig, Boolean isConstructor)\r\n   at System.Reflection.MethodBaseInvoker.InvokeWithNoArgs(Object obj, BindingFlags invokeAttr)\n","DisplayName":"DeleteProductByIdFailTest","Messages":[],"ComputerName":"853CBX3","Duration":"00:00:00.0001940","StartTime":"2024-04-25T10:49:39.1187569+00:00","EndTime":"2024-04-25T10:49:39.1189509+00:00","Properties":[{"Key":{"Id":"NUnit.Seed","Label":"Seed","Category":"","Description":"","Attributes":0,"ValueType":"System.String"},"Value":"1893742032"}]},{"TestCase":{"Id":"45cfc2ec-767a-c877-8af1-7df777b6e3ab","FullyQualifiedName":"ShoppingAppDALTests.ProductRepositoryTests.DeleteProductByIdPassTest","DisplayName":"DeleteProductByIdPassTest","ExecutorUri":"executor://NUnit3TestExecutor","Source":"C:\\dotNet\\Day11\\ShoppingAppSolution\\ShoppingAppDALTests\\bin\\Debug\\net8.0\\fine-code-coverage\\build-output\\ShoppingAppDALTests.dll","CodeFilePath":null,"LineNumber":0,"Properties":[{"Key":{"Id":"NUnit.Seed","Label":"Seed","Category":"","Description":"","Attributes":0,"ValueType":"System.String"},"Value":"2088448107"}]},"Attachments":[],"Outcome":2,"ErrorMessage":"System.NullReferenceException : Object reference not set to an instance of an object.","ErrorStackTrace":"   at ShoppingAppDALTests.ProductRepositoryTests.DeleteProductByIdPassTest() in C:\\dotNet\\Day11\\ShoppingAppSolution\\ShoppingAppDALTests\\ProductRepositoryTests.cs:line 56\r\n   at System.RuntimeMethodHandle.InvokeMethod(Object target, Void** arguments, Signature sig, Boolean isConstructor)\r\n   at System.Reflection.MethodBaseInvoker.InvokeWithNoArgs(Object obj, BindingFlags invokeAttr)\n","DisplayName":"DeleteProductByIdPassTest","Messages":[],"ComputerName":"853CBX3","Duration":"00:00:00.0001750","StartTime":"2024-04-25T10:49:39.1189665+00:00","EndTime":"2024-04-25T10:49:39.119141+00:00","Properties":[{"Key":{"Id":"NUnit.Seed","Label":"Seed","Category":"","Description":"","Attributes":0,"ValueType":"System.String"},"Value":"2088448107"}]},{"TestCase":{"Id":"bee9bbe4-bd48-f13c-7921-c4a9c7fe6946","FullyQualifiedName":"ShoppingAppDALTests.ProductRepositoryTests.GetAllProductsFailTest","DisplayName":"GetAllProductsFailTest","ExecutorUri":"executor://NUnit3TestExecutor","Source":"C:\\dotNet\\Day11\\ShoppingAppSolution\\ShoppingAppDALTests\\bin\\Debug\\net8.0\\fine-code-coverage\\build-output\\ShoppingAppDALTests.dll","CodeFilePath":null,"LineNumber":0,"Properties":[{"Key":{"Id":"NUnit.Seed","Label":"Seed","Category":"","Description":"","Attributes":0,"ValueType":"System.String"},"Value":"488321608"}]},"Attachments":[],"Outcome":2,"ErrorMessage":"System.NullReferenceException : Object reference not set to an instance of an object.","ErrorStackTrace":"   at ShoppingAppDALTests.ProductRepositoryTests.GetAllProductsFailTest() in C:\\dotNet\\Day11\\ShoppingAppSolution\\ShoppingAppDALTests\\ProductRepositoryTests.cs:line 93\r\n   at System.RuntimeMethodHandle.InvokeMethod(Object target, Void** arguments, Signature sig, Boolean isConstructor)\r\n   at System.Reflection.MethodBaseInvoker.InvokeWithNoArgs(Object obj, BindingFlags invokeAttr)\n","DisplayName":"GetAllProductsFailTest","Messages":[],"ComputerName":"853CBX3","Duration":"00:00:00.0002520","StartTime":"2024-04-25T10:49:39.1191521+00:00","EndTime":"2024-04-25T10:49:39.1194038+00:00","Properties":[{"Key":{"Id":"NUnit.Seed","Label":"Seed","Category":"","Description":"","Attributes":0,"ValueType":"System.String"},"Value":"488321608"}]},{"TestCase":{"Id":"9893bd47-888f-cef2-1f4a-99cb238cad22","FullyQualifiedName":"ShoppingAppDALTests.ProductRepositoryTests.GetAllProductsPassTest","DisplayName":"GetAllProductsPassTest","ExecutorUri":"executor://NUnit3TestExecutor","Source":"C:\\dotNet\\Day11\\ShoppingAppSolution\\ShoppingAppDALTests\\bin\\Debug\\net8.0\\fine-code-coverage\\build-output\\ShoppingAppDALTests.dll","CodeFilePath":null,"LineNumber":0,"Properties":[{"Key":{"Id":"NUnit.Seed","Label":"Seed","Category":"","Description":"","Attributes":0,"ValueType":"System.String"},"Value":"1156061211"}]},"Attachments":[],"Outcome":2,"ErrorMessage":"System.NullReferenceException : Object reference not set to an instance of an object.","ErrorStackTrace":"   at ShoppingAppDALTests.ProductRepositoryTests.GetAllProductsPassTest() in C:\\dotNet\\Day11\\ShoppingAppSolution\\ShoppingAppDALTests\\ProductRepositoryTests.cs:line 86\r\n   at System.RuntimeMethodHandle.InvokeMethod(Object target, Void** arguments, Signature sig, Boolean isConstructor)\r\n   at System.Reflection.MethodBaseInvoker.InvokeWithNoArgs(Object obj, BindingFlags invokeAttr)\n","DisplayName":"GetAllProductsPassTest","Messages":[],"ComputerName":"853CBX3","Duration":"00:00:00.0002170","StartTime":"2024-04-25T10:49:39.1194165+00:00","EndTime":"2024-04-25T10:49:39.1196336+00:00","Properties":[{"Key":{"Id":"NUnit.Seed","Label":"Seed","Category":"","Description":"","Attributes":0,"ValueType":"System.String"},"Value":"1156061211"}]}],"TestRunStatistics":{"ExecutedTests":36,"Stats":{"Failed":25,"Passed":11}},"ActiveTests":[{"Id":"78e51c10-ae24-d500-52cc-c31e0d8852de","FullyQualifiedName":"ShoppingAppDALTests.ProductRepositoryTests.GetProductByIdFailTest","DisplayName":"GetProductByIdFailTest","ExecutorUri":"executor://NUnit3TestExecutor","Source":"C:\\dotNet\\Day11\\ShoppingAppSolution\\ShoppingAppDALTests\\bin\\Debug\\net8.0\\fine-code-coverage\\build-output\\ShoppingAppDALTests.dll","CodeFilePath":null,"LineNumber":0,"Properties":[{"Key":{"Id":"NUnit.Seed","Label":"Seed","Category":"","Description":"","Attributes":0,"ValueType":"System.String"},"Value":"751007081"}]}]}}
TpTrace Verbose: 0 : 28804, 13, 2024/04/25, 16:19:39.289, 8025014041566, vstest.console.dll, TestRunRequest:SendTestRunStatsChange: Starting.
TpTrace Verbose: 0 : 28804, 13, 2024/04/25, 16:19:39.289, 8025014042695, vstest.console.dll, InProgress is GetProductByIdFailTest
TpTrace Verbose: 0 : 28804, 13, 2024/04/25, 16:19:39.289, 8025014043345, vstest.console.dll, MulticastDelegateUtilities.SafeInvoke: TestRun.RunStatsChanged: Invoking callbacks was skipped because there are no subscribers.
TpTrace Information: 0 : 28804, 13, 2024/04/25, 16:19:39.289, 8025014043705, vstest.console.dll, TestRunRequest:SendTestRunStatsChange: Completed.
TpTrace Verbose: 0 : 28804, 13, 2024/04/25, 16:19:39.289, 8025014044008, vstest.console.dll, MulticastDelegateUtilities.SafeInvoke: LengthPrefixCommunicationChannel: MessageReceived: Invoking callback 1/1 for Microsoft.VisualStudio.TestPlatform.CommunicationUtilities.TestRequestSender+<>c__DisplayClass34_0., took 1 ms.
TpTrace Verbose: 0 : 28804, 13, 2024/04/25, 16:19:39.289, 8025014044430, vstest.console.dll, TcpClientExtensions.MessageLoopAsync: Polling on remoteEndPoint: 127.0.0.1:64103 localEndPoint: 127.0.0.1:64102 after 26 ms
TpTrace Verbose: 0 : 28804, 4, 2024/04/25, 16:19:39.290, 8025014046327, vstest.console.dll, MulticastDelegateUtilities.SafeInvoke: InternalTestLoggerEvents.SendTestResult: Invoking callback 1/1 for Microsoft.VisualStudio.TestPlatform.CommandLine.Internal.ConsoleLogger., took 0 ms.
TpTrace Verbose: 0 : 28804, 4, 2024/04/25, 16:19:39.290, 8025014049373, vstest.console.dll, MulticastDelegateUtilities.SafeInvoke: InternalTestLoggerEvents.SendTestResult: Invoking callback 1/1 for Microsoft.VisualStudio.TestPlatform.CommandLine.Internal.ConsoleLogger., took 0 ms.
TpTrace Verbose: 0 : 28804, 4, 2024/04/25, 16:19:39.290, 8025014051964, vstest.console.dll, MulticastDelegateUtilities.SafeInvoke: InternalTestLoggerEvents.SendTestResult: Invoking callback 1/1 for Microsoft.VisualStudio.TestPlatform.CommandLine.Internal.ConsoleLogger., took 0 ms.
TpTrace Verbose: 0 : 28804, 4, 2024/04/25, 16:19:39.290, 8025014054429, vstest.console.dll, MulticastDelegateUtilities.SafeInvoke: InternalTestLoggerEvents.SendTestResult: Invoking callback 1/1 for Microsoft.VisualStudio.TestPlatform.CommandLine.Internal.ConsoleLogger., took 0 ms.
TpTrace Verbose: 0 : 28804, 4, 2024/04/25, 16:19:39.291, 8025014057165, vstest.console.dll, MulticastDelegateUtilities.SafeInvoke: InternalTestLoggerEvents.SendTestResult: Invoking callback 1/1 for Microsoft.VisualStudio.TestPlatform.CommandLine.Internal.ConsoleLogger., took 0 ms.
TpTrace Verbose: 0 : 28804, 4, 2024/04/25, 16:19:39.291, 8025014059766, vstest.console.dll, MulticastDelegateUtilities.SafeInvoke: InternalTestLoggerEvents.SendTestResult: Invoking callback 1/1 for Microsoft.VisualStudio.TestPlatform.CommandLine.Internal.ConsoleLogger., took 0 ms.
TpTrace Verbose: 0 : 28804, 4, 2024/04/25, 16:19:39.291, 8025014062477, vstest.console.dll, MulticastDelegateUtilities.SafeInvoke: InternalTestLoggerEvents.SendTestResult: Invoking callback 1/1 for Microsoft.VisualStudio.TestPlatform.CommandLine.Internal.ConsoleLogger., took 0 ms.
TpTrace Verbose: 0 : 28804, 4, 2024/04/25, 16:19:39.291, 8025014065234, vstest.console.dll, MulticastDelegateUtilities.SafeInvoke: InternalTestLoggerEvents.SendTestResult: Invoking callback 1/1 for Microsoft.VisualStudio.TestPlatform.CommandLine.Internal.ConsoleLogger., took 0 ms.
TpTrace Verbose: 0 : 28804, 4, 2024/04/25, 16:19:39.292, 8025014068185, vstest.console.dll, MulticastDelegateUtilities.SafeInvoke: InternalTestLoggerEvents.SendTestResult: Invoking callback 1/1 for Microsoft.VisualStudio.TestPlatform.CommandLine.Internal.ConsoleLogger., took 0 ms.
TpTrace Verbose: 0 : 28804, 13, 2024/04/25, 16:19:39.309, 8025014241892, vstest.console.dll, TcpClientExtensions.MessageLoopAsync: NotifyDataAvailable remoteEndPoint: 127.0.0.1:64103 localEndPoint: 127.0.0.1:64102
TpTrace Verbose: 0 : 28804, 13, 2024/04/25, 16:19:39.309, 8025014243886, vstest.console.dll, TestRequestSender.OnExecutionMessageReceived: Received message: {"Version":7,"MessageType":"TestSession.Message","Payload":{"MessageLevel":0,"Message":"NUnit Adapter 4.5.0.0: Test execution complete"}}
TpTrace Verbose: 0 : 28804, 13, 2024/04/25, 16:19:39.309, 8025014245568, vstest.console.dll, TestRunRequest:SendTestRunMessage: Starting.
TpTrace Verbose: 0 : 28804, 13, 2024/04/25, 16:19:39.310, 8025014246410, vstest.console.dll, MulticastDelegateUtilities.SafeInvoke: TestRun.LogMessages: Invoking callback 1/1 for Microsoft.VisualStudio.TestPlatform.CommandLine.TestRunResultAggregator., took 0 ms.
TpTrace Information: 0 : 28804, 13, 2024/04/25, 16:19:39.310, 8025014246847, vstest.console.dll, TestRunRequest:SendTestRunMessage: Completed.
TpTrace Verbose: 0 : 28804, 4, 2024/04/25, 16:19:39.310, 8025014246782, vstest.console.dll, MulticastDelegateUtilities.SafeInvoke: InternalTestLoggerEvents.SendTestRunMessage: Invoking callback 1/1 for Microsoft.VisualStudio.TestPlatform.CommandLine.Internal.ConsoleLogger., took 0 ms.
TpTrace Verbose: 0 : 28804, 13, 2024/04/25, 16:19:39.310, 8025014247300, vstest.console.dll, MulticastDelegateUtilities.SafeInvoke: LengthPrefixCommunicationChannel: MessageReceived: Invoking callback 1/1 for Microsoft.VisualStudio.TestPlatform.CommunicationUtilities.TestRequestSender+<>c__DisplayClass34_0., took 0 ms.
TpTrace Verbose: 0 : 28804, 13, 2024/04/25, 16:19:39.310, 8025014248624, vstest.console.dll, TcpClientExtensions.MessageLoopAsync: Polling on remoteEndPoint: 127.0.0.1:64103 localEndPoint: 127.0.0.1:64102 after 20 ms
TpTrace Verbose: 0 : 28804, 13, 2024/04/25, 16:19:39.325, 8025014401548, vstest.console.dll, TcpClientExtensions.MessageLoopAsync: NotifyDataAvailable remoteEndPoint: 127.0.0.1:64103 localEndPoint: 127.0.0.1:64102
TpTrace Verbose: 0 : 28804, 13, 2024/04/25, 16:19:39.325, 8025014404348, vstest.console.dll, TestRequestSender.OnExecutionMessageReceived: Received message: {"Version":7,"MessageType":"TestExecution.Completed","Payload":{"TestRunCompleteArgs":{"TestRunStatistics":{"ExecutedTests":40,"Stats":{"Failed":29,"Passed":11}},"IsCanceled":false,"IsAborted":false,"Error":null,"AttachmentSets":[],"InvokedDataCollectors":[],"ElapsedTimeInRunningTests":"00:00:00.4727306","Metrics":{},"DiscoveredExtensions":{"TestDiscoverers":["NUnit.VisualStudio.TestAdapter.NUnit3TestDiscoverer, NUnit3.TestAdapter, Version=4.5.0.0, Culture=neutral, PublicKeyToken=4cb40d35494691ac"],"TestExecutors":["executor://NUnit3TestExecutor"],"TestExecutors2":[],"TestSettingsProviders":[]}},"LastRunTests":{"NewTestResults":[{"TestCase":{"Id":"78e51c10-ae24-d500-52cc-c31e0d8852de","FullyQualifiedName":"ShoppingAppDALTests.ProductRepositoryTests.GetProductByIdFailTest","DisplayName":"GetProductByIdFailTest","ExecutorUri":"executor://NUnit3TestExecutor","Source":"C:\\dotNet\\Day11\\ShoppingAppSolution\\ShoppingAppDALTests\\bin\\Debug\\net8.0\\fine-code-coverage\\build-output\\ShoppingAppDALTests.dll","CodeFilePath":null,"LineNumber":0,"Properties":[{"Key":{"Id":"NUnit.Seed","Label":"Seed","Category":"","Description":"","Attributes":0,"ValueType":"System.String"},"Value":"751007081"}]},"Attachments":[],"Outcome":2,"ErrorMessage":"System.NullReferenceException : Object reference not set to an instance of an object.","ErrorStackTrace":"   at ShoppingAppDALTests.ProductRepositoryTests.GetProductByIdFailTest() in C:\\dotNet\\Day11\\ShoppingAppSolution\\ShoppingAppDALTests\\ProductRepositoryTests.cs:line 49\r\n   at System.RuntimeMethodHandle.InvokeMethod(Object target, Void** arguments, Signature sig, Boolean isConstructor)\r\n   at System.Reflection.MethodBaseInvoker.InvokeWithNoArgs(Object obj, BindingFlags invokeAttr)\n","DisplayName":"GetProductByIdFailTest","Messages":[],"ComputerName":"853CBX3","Duration":"00:00:00.0002090","StartTime":"2024-04-25T10:49:39.1196474+00:00","EndTime":"2024-04-25T10:49:39.1198564+00:00","Properties":[{"Key":{"Id":"NUnit.Seed","Label":"Seed","Category":"","Description":"","Attributes":0,"ValueType":"System.String"},"Value":"751007081"}]},{"TestCase":{"Id":"7918b6e7-1bc6-e367-429f-aeb086d20bb0","FullyQualifiedName":"ShoppingAppDALTests.ProductRepositoryTests.GetProductByIdPassTest","DisplayName":"GetProductByIdPassTest","ExecutorUri":"executor://NUnit3TestExecutor","Source":"C:\\dotNet\\Day11\\ShoppingAppSolution\\ShoppingAppDALTests\\bin\\Debug\\net8.0\\fine-code-coverage\\build-output\\ShoppingAppDALTests.dll","CodeFilePath":null,"LineNumber":0,"Properties":[{"Key":{"Id":"NUnit.Seed","Label":"Seed","Category":"","Description":"","Attributes":0,"ValueType":"System.String"},"Value":"351901347"}]},"Attachments":[],"Outcome":2,"ErrorMessage":"System.NullReferenceException : Object reference not set to an instance of an object.","ErrorStackTrace":"   at ShoppingAppDALTests.ProductRepositoryTests.GetProductByIdPassTest() in C:\\dotNet\\Day11\\ShoppingAppSolution\\ShoppingAppDALTests\\ProductRepositoryTests.cs:line 42\r\n   at System.RuntimeMethodHandle.InvokeMethod(Object target, Void** arguments, Signature sig, Boolean isConstructor)\r\n   at System.Reflection.MethodBaseInvoker.InvokeWithNoArgs(Object obj, BindingFlags invokeAttr)\n","DisplayName":"GetProductByIdPassTest","Messages":[],"ComputerName":"853CBX3","Duration":"00:00:00.0001900","StartTime":"2024-04-25T10:49:39.1198689+00:00","EndTime":"2024-04-25T10:49:39.120059+00:00","Properties":[{"Key":{"Id":"NUnit.Seed","Label":"Seed","Category":"","Description":"","Attributes":0,"ValueType":"System.String"},"Value":"351901347"}]},{"TestCase":{"Id":"0e931ff4-86ae-4825-4b67-8a4e01b9ad72","FullyQualifiedName":"ShoppingAppDALTests.ProductRepositoryTests.UpdateProductByIdFailTest","DisplayName":"UpdateProductByIdFailTest","ExecutorUri":"executor://NUnit3TestExecutor","Source":"C:\\dotNet\\Day11\\ShoppingAppSolution\\ShoppingAppDALTests\\bin\\Debug\\net8.0\\fine-code-coverage\\build-output\\ShoppingAppDALTests.dll","CodeFilePath":null,"LineNumber":0,"Properties":[{"Key":{"Id":"NUnit.Seed","Label":"Seed","Category":"","Description":"","Attributes":0,"ValueType":"System.String"},"Value":"1175340853"}]},"Attachments":[],"Outcome":2,"ErrorMessage":"System.NullReferenceException : Object reference not set to an instance of an object.","ErrorStackTrace":"   at ShoppingAppDALTests.ProductRepositoryTests.UpdateProductByIdFailTest() in C:\\dotNet\\Day11\\ShoppingAppSolution\\ShoppingAppDALTests\\ProductRepositoryTests.cs:line 79\r\n   at System.RuntimeMethodHandle.InvokeMethod(Object target, Void** arguments, Signature sig, Boolean isConstructor)\r\n   at System.Reflection.MethodBaseInvoker.InvokeWithNoArgs(Object obj, BindingFlags invokeAttr)\n","DisplayName":"UpdateProductByIdFailTest","Messages":[],"ComputerName":"853CBX3","Duration":"00:00:00.0003880","StartTime":"2024-04-25T10:49:39.1200702+00:00","EndTime":"2024-04-25T10:49:39.1204579+00:00","Properties":[{"Key":{"Id":"NUnit.Seed","Label":"Seed","Category":"","Description":"","Attributes":0,"ValueType":"System.String"},"Value":"1175340853"}]},{"TestCase":{"Id":"d61f8eea-870e-27c6-9a5c-614a9db42b77","FullyQualifiedName":"ShoppingAppDALTests.ProductRepositoryTests.UpdateProductByIdPassTest","DisplayName":"UpdateProductByIdPassTest","ExecutorUri":"executor://NUnit3TestExecutor","Source":"C:\\dotNet\\Day11\\ShoppingAppSolution\\ShoppingAppDALTests\\bin\\Debug\\net8.0\\fine-code-coverage\\build-output\\ShoppingAppDALTests.dll","CodeFilePath":null,"LineNumber":0,"Properties":[{"Key":{"Id":"NUnit.Seed","Label":"Seed","Category":"","Description":"","Attributes":0,"ValueType":"System.String"},"Value":"1926981114"}]},"Attachments":[],"Outcome":2,"ErrorMessage":"System.NullReferenceException : Object reference not set to an instance of an object.","ErrorStackTrace":"   at ShoppingAppDALTests.ProductRepositoryTests.UpdateProductByIdPassTest() in C:\\dotNet\\Day11\\ShoppingAppSolution\\ShoppingAppDALTests\\ProductRepositoryTests.cs:line 71\r\n   at System.RuntimeMethodHandle.InvokeMethod(Object target, Void** arguments, Signature sig, Boolean isConstructor)\r\n   at System.Reflection.MethodBaseInvoker.InvokeWithNoArgs(Object obj, BindingFlags invokeAttr)\n","DisplayName":"UpdateProductByIdPassTest","Messages":[],"ComputerName":"853CBX3","Duration":"00:00:00.0002330","StartTime":"2024-04-25T10:49:39.1204704+00:00","EndTime":"2024-04-25T10:49:39.1207037+00:00","Properties":[{"Key":{"Id":"NUnit.Seed","Label":"Seed","Category":"","Description":"","Attributes":0,"ValueType":"System.String"},"Value":"1926981114"}]}],"TestRunStatistics":{"ExecutedTests":40,"Stats":{"Failed":29,"Passed":11}},"ActiveTests":[]},"RunAttachments":[],"ExecutorUris":["executor://nunit3testexecutor/"]}}
TpTrace Verbose: 0 : 28804, 13, 2024/04/25, 16:19:39.325, 8025014405648, vstest.console.dll, TestRequestSender.EndSession: Sending end session.
TpTrace Verbose: 0 : 28804, 13, 2024/04/25, 16:19:39.326, 8025014407358, vstest.console.dll, ProxyOperationManager.Close: waiting for test host to exit for 100 ms
TpTrace Verbose: 0 : 28804, 11, 2024/04/25, 16:19:39.360, 8025014748256, vstest.console.dll, TestHostManagerCallbacks.ctor: Experimental forwarding output is disabled.
TpTrace Warning: 0 : 28804, 11, 2024/04/25, 16:19:39.360, 8025014749994, vstest.console.dll, TestHostManagerCallbacks.ErrorReceivedCallback Test host standard error line: 
TpTrace Verbose: 0 : 28804, 11, 2024/04/25, 16:19:39.369, 8025014844850, vstest.console.dll, TestHostProvider.ExitCallBack: Host exited starting callback.
TpTrace Information: 0 : 28804, 11, 2024/04/25, 16:19:39.370, 8025014846955, vstest.console.dll, TestHostManagerCallbacks.ExitCallBack: Testhost processId: 2264 exited with exitcode: 0 error: ''
TpTrace Verbose: 0 : 28804, 11, 2024/04/25, 16:19:39.370, 8025014847344, vstest.console.dll, DotnetTestHostManager.OnHostExited: invoking OnHostExited callback
TpTrace Verbose: 0 : 28804, 11, 2024/04/25, 16:19:39.370, 8025014847828, vstest.console.dll, CrossPlatEngine.TestHostManagerHostExited: calling on client process exit callback.
TpTrace Information: 0 : 28804, 11, 2024/04/25, 16:19:39.370, 8025014848277, vstest.console.dll, TestRequestSender.OnClientProcessExit: Test host process exited. Standard error: 
TpTrace Information: 0 : 28804, 11, 2024/04/25, 16:19:39.370, 8025014848621, vstest.console.dll, SocketServer.Stop: Stop server endPoint: 127.0.0.1:64102
TpTrace Information: 0 : 28804, 13, 2024/04/25, 16:19:39.370, 8025014848698, vstest.console.dll, SocketServer.Stop: Stop server endPoint: 127.0.0.1:64102
TpTrace Information: 0 : 28804, 11, 2024/04/25, 16:19:39.370, 8025014848883, vstest.console.dll, SocketServer.Stop: Cancellation requested. Stopping message loop.
TpTrace Information: 0 : 28804, 13, 2024/04/25, 16:19:39.370, 8025014849710, vstest.console.dll, SocketServer.Stop: Cancellation requested. Stopping message loop.
TpTrace Information: 0 : 28804, 13, 2024/04/25, 16:19:39.370, 8025014850666, vstest.console.dll, Closing the connection
TpTrace Verbose: 0 : 28804, 11, 2024/04/25, 16:19:39.370, 8025014850708, vstest.console.dll, MulticastDelegateUtilities.SafeInvoke: HostProviderEvents.OnHostExited: Invoking callback 1/1 for Microsoft.VisualStudio.TestPlatform.CrossPlatEngine.Client.ProxyOperationManager., took 0 ms.
TpTrace Verbose: 0 : 28804, 13, 2024/04/25, 16:19:39.370, 8025014853265, vstest.console.dll, ProxyDataCollectionManager.InvokeDataCollectionServiceAction: Starting.
TpTrace Information: 0 : 28804, 13, 2024/04/25, 16:19:39.370, 8025014853857, vstest.console.dll, ProxyDataCollectionManager.AfterTestRunEnd: Get attachment set and invoked data collectors processId: 36764 port: 64099
TpTrace Verbose: 0 : 28804, 13, 2024/04/25, 16:19:39.370, 8025014854492, vstest.console.dll, DataCollectionRequestSender.SendAfterTestRunStartAndGetResult: Send AfterTestRunEnd message with isCancelled: False
TpTrace Verbose: 0 : 28804, 13, 2024/04/25, 16:19:39.377, 8025014917958, vstest.console.dll, DataCollectionRequestSender.SendAfterTestRunStartAndGetResult: Received message: (DataCollection.AfterTestRunEndResult) -> {"MessageType":"DataCollection.AfterTestRunEndResult","Payload":{"AttachmentSets":[],"InvokedDataCollectors":[{"Uri":"datacollector://Microsoft/TestPlatform/Extensions/Blame/v1","FriendlyName":"Blame","AssemblyQualifiedName":"Microsoft.TestPlatform.Extensions.BlameDataCollector.BlameCollector, Microsoft.TestPlatform.Extensions.BlameDataCollector, Version=15.0.0.0, Culture=neutral, PublicKeyToken=b03f5f7f11d50a3a","FilePath":"C:\\Program Files\\dotnet\\sdk\\8.0.202\\Extensions\\Microsoft.TestPlatform.Extensions.BlameDataCollector.dll","HasAttachmentProcessor":false}],"Metrics":{}}}
TpTrace Information: 0 : 28804, 13, 2024/04/25, 16:19:39.382, 8025014970290, vstest.console.dll, ProxyDataCollectionManager.InvokeDataCollectionServiceAction: Completed.
TpTrace Warning: 0 : 28804, 10, 2024/04/25, 16:19:39.405, 8025015200029, vstest.console.dll, DataCollectionLauncher.ErrorReceivedCallback datacollector standard error line: 
TpTrace Information: 0 : 28804, 10, 2024/04/25, 16:19:39.412, 8025015268687, vstest.console.dll, DataCollectionLauncher.ExitCallBack: Data collector exited with exitcode: 0 error: ''
TpTrace Verbose: 0 : 28804, 13, 2024/04/25, 16:19:39.415, 8025015303984, vstest.console.dll, TestRunRequest:SendTestRunStatsChange: Starting.
TpTrace Verbose: 0 : 28804, 13, 2024/04/25, 16:19:39.415, 8025015305239, vstest.console.dll, MulticastDelegateUtilities.SafeInvoke: TestRun.RunStatsChanged: Invoking callbacks was skipped because there are no subscribers.
TpTrace Information: 0 : 28804, 13, 2024/04/25, 16:19:39.415, 8025015305556, vstest.console.dll, TestRunRequest:SendTestRunStatsChange: Completed.
TpTrace Verbose: 0 : 28804, 13, 2024/04/25, 16:19:39.416, 8025015308188, vstest.console.dll, ParallelProxyExecutionManager: HandlePartialRunComplete: Total workloads = 1, Total started clients = 1 Total completed clients = 1, Run complete = True, Run canceled: False.
TpTrace Verbose: 0 : 28804, 13, 2024/04/25, 16:19:39.416, 8025015308683, vstest.console.dll, ParallelProxyExecutionManager: HandlePartialRunComplete: All runs completed stopping all managers.
TpTrace Verbose: 0 : 28804, 4, 2024/04/25, 16:19:39.416, 8025015308859, vstest.console.dll, MulticastDelegateUtilities.SafeInvoke: InternalTestLoggerEvents.SendTestResult: Invoking callback 1/1 for Microsoft.VisualStudio.TestPlatform.CommandLine.Internal.ConsoleLogger., took 0 ms.
TpTrace Verbose: 0 : 28804, 13, 2024/04/25, 16:19:39.416, 8025015308997, vstest.console.dll, ParallelOperationManager.StopAllManagers: Stopping all managers.
TpTrace Verbose: 0 : 28804, 4, 2024/04/25, 16:19:39.416, 8025015311758, vstest.console.dll, MulticastDelegateUtilities.SafeInvoke: InternalTestLoggerEvents.SendTestResult: Invoking callback 1/1 for Microsoft.VisualStudio.TestPlatform.CommandLine.Internal.ConsoleLogger., took 0 ms.
TpTrace Verbose: 0 : 28804, 13, 2024/04/25, 16:19:39.416, 8025015311929, vstest.console.dll, ParallelOperationManager.ClearSlots: Clearing all slots. Slots should accept more work: False
TpTrace Verbose: 0 : 28804, 13, 2024/04/25, 16:19:39.416, 8025015313182, vstest.console.dll, ParallelOperationManager.SetOccupiedSlotCount: Setting slot counts AvailableSlotCount = 1, OccupiedSlotCount = 0.
TpTrace Verbose: 0 : 28804, 13, 2024/04/25, 16:19:39.416, 8025015313795, vstest.console.dll, Occupied slots:

TpTrace Verbose: 0 : 28804, 4, 2024/04/25, 16:19:39.416, 8025015314483, vstest.console.dll, MulticastDelegateUtilities.SafeInvoke: InternalTestLoggerEvents.SendTestResult: Invoking callback 1/1 for Microsoft.VisualStudio.TestPlatform.CommandLine.Internal.ConsoleLogger., took 0 ms.
TpTrace Verbose: 0 : 28804, 4, 2024/04/25, 16:19:39.417, 8025015317499, vstest.console.dll, MulticastDelegateUtilities.SafeInvoke: InternalTestLoggerEvents.SendTestResult: Invoking callback 1/1 for Microsoft.VisualStudio.TestPlatform.CommandLine.Internal.ConsoleLogger., took 0 ms.
TpTrace Verbose: 0 : 28804, 4, 2024/04/25, 16:19:39.425, 8025015397283, vstest.console.dll, MulticastDelegateUtilities.SafeInvoke: InternalTestLoggerEvents.SendTestRunComplete: Invoking callback 1/2 for Microsoft.TestPlatform.Extensions.BlameDataCollector.BlameLogger., took 0 ms.
TpTrace Verbose: 0 : 28804, 4, 2024/04/25, 16:19:39.430, 8025015454731, vstest.console.dll, MulticastDelegateUtilities.SafeInvoke: InternalTestLoggerEvents.SendTestRunComplete: Invoking callback 2/2 for Microsoft.VisualStudio.TestPlatform.CommandLine.Internal.ConsoleLogger., took 5 ms.
TpTrace Verbose: 0 : 28804, 13, 2024/04/25, 16:19:39.431, 8025015458786, vstest.console.dll, TestRunRequest:TestRunComplete: Starting. IsAborted:False IsCanceled:False.
TpTrace Verbose: 0 : 28804, 13, 2024/04/25, 16:19:39.431, 8025015460363, vstest.console.dll, ParallelOperationManager.DoActionOnAllManagers: Calling an action on all managers.
TpTrace Verbose: 0 : 28804, 13, 2024/04/25, 16:19:39.432, 8025015469398, vstest.console.dll, TestLoggerManager.HandleTestRunComplete: Ignoring as the object is disposed.
TpTrace Verbose: 0 : 28804, 13, 2024/04/25, 16:19:39.432, 8025015471377, vstest.console.dll, MulticastDelegateUtilities.SafeInvoke: TestRun.TestRunComplete: Invoking callback 1/2 for Microsoft.VisualStudio.TestPlatform.CommandLine.TestRunResultAggregator., took 0 ms.
TpTrace Verbose: 0 : 28804, 13, 2024/04/25, 16:19:39.432, 8025015472747, vstest.console.dll, MulticastDelegateUtilities.SafeInvoke: TestRun.TestRunComplete: Invoking callback 2/2 for Microsoft.VisualStudio.TestPlatform.CommandLine.Processors.RunTestsArgumentExecutor+TestRunRequestEventsRegistrar., took 0 ms.
TpTrace Information: 0 : 28804, 13, 2024/04/25, 16:19:39.432, 8025015473847, vstest.console.dll, TestRunRequest:TestRunComplete: Completed.
TpTrace Verbose: 0 : 28804, 1, 2024/04/25, 16:19:39.432, 8025015473939, vstest.console.dll, TestRunRequest.Dispose: Starting.
TpTrace Verbose: 0 : 28804, 13, 2024/04/25, 16:19:39.432, 8025015474488, vstest.console.dll, TestRequestSender.SetOperationComplete: Setting operation complete.
TpTrace Information: 0 : 28804, 1, 2024/04/25, 16:19:39.432, 8025015475134, vstest.console.dll, TestRunRequest.Dispose: Completed.
TpTrace Information: 0 : 28804, 13, 2024/04/25, 16:19:39.432, 8025015475574, vstest.console.dll, SocketServer.Stop: Stop server endPoint: 127.0.0.1:64102
TpTrace Information: 0 : 28804, 13, 2024/04/25, 16:19:39.433, 8025015476520, vstest.console.dll, SocketServer.Stop: Cancellation requested. Stopping message loop.
TpTrace Information: 0 : 28804, 1, 2024/04/25, 16:19:39.433, 8025015476463, vstest.console.dll, TestRequestManager.RunTests: run tests completed.
TpTrace Verbose: 0 : 28804, 13, 2024/04/25, 16:19:39.433, 8025015476853, vstest.console.dll, MulticastDelegateUtilities.SafeInvoke: LengthPrefixCommunicationChannel: MessageReceived: Invoking callback 1/1 for Microsoft.VisualStudio.TestPlatform.CommunicationUtilities.TestRequestSender+<>c__DisplayClass34_0., took 107 ms.
TpTrace Information: 0 : 28804, 13, 2024/04/25, 16:19:39.433, 8025015477597, vstest.console.dll, SocketServer.PrivateStop: Stopping server endPoint: 127.0.0.1:64102 error: 
TpTrace Information: 0 : 28804, 1, 2024/04/25, 16:19:39.433, 8025015477652, vstest.console.dll, RunTestsArgumentProcessor:Execute: Test run is completed.
TpTrace Verbose: 0 : 28804, 1, 2024/04/25, 16:19:39.433, 8025015480111, vstest.console.dll, Executor.Execute: Exiting with exit code of 1
TpTrace Verbose: 0 : 28804, 13, 2024/04/25, 16:19:39.433, 8025015481403, vstest.console.dll, LengthPrefixCommunicationChannel.Dispose: Dispose reader and writer.
TpTrace Information: 0 : 28804, 13, 2024/04/25, 16:19:39.433, 8025015482727, vstest.console.dll, SocketServer.Stop: Raise disconnected event endPoint: 127.0.0.1:64102 error: 
TpTrace Verbose: 0 : 28804, 13, 2024/04/25, 16:19:39.433, 8025015484252, vstest.console.dll, TestRequestSender: OnTestRunAbort: Operation is already complete. Skip error message.
TpTrace Verbose: 0 : 28804, 13, 2024/04/25, 16:19:39.433, 8025015484871, vstest.console.dll, MulticastDelegateUtilities.SafeInvoke: SocketServer: ClientDisconnected: Invoking callback 1/1 for Microsoft.VisualStudio.TestPlatform.CommunicationUtilities.TestRequestSender., took 0 ms.
TpTrace Verbose: 0 : 28804, 13, 2024/04/25, 16:19:39.433, 8025015485367, vstest.console.dll, TcpClientExtensions.MessageLoopAsync: exiting MessageLoopAsync remoteEndPoint: 127.0.0.1:64103 localEndPoint: 127.0.0.1:64102
