TpTrace Verbose: 0 : 9264, 1, 2024/04/24, 23:31:03.843, 7419819592725, vstest.console.dll, Version: 17.9.0-release-24072-02 Current process architecture: X64
TpTrace Verbose: 0 : 9264, 1, 2024/04/24, 23:31:03.846, 7419819628182, vstest.console.dll, Runtime location: C:\Program Files\dotnet\shared\Microsoft.NETCore.App\8.0.3
TpTrace Verbose: 0 : 9264, 1, 2024/04/24, 23:31:03.849, 7419819661082, vstest.console.dll, ArtifactProcessingPostProcessModeProcessorExecutor.Initialize: ArtifactProcessingMode.Collect
TpTrace Verbose: 0 : 9264, 1, 2024/04/24, 23:31:03.850, 7419819663692, vstest.console.dll, TestSessionCorrelationIdProcessorModeProcessorExecutor.Initialize: TestSessionCorrelationId '6752_9e9e6978-90fb-4f4f-aa16-1d0ae7313b14'
TpTrace Information: 0 : 9264, 1, 2024/04/24, 23:31:03.860, 7419819770849, vstest.console.dll, FilePatternParser: The given file C:\dotNet\Day11\ShoppingAppSolution\ShoppingAppBLLTests\bin\Debug\net8.0\fine-code-coverage\build-output\ShoppingAppBLLTests.dll is a full path.
TpTrace Verbose: 0 : 9264, 1, 2024/04/24, 23:31:03.865, 7419819813867, vstest.console.dll, TestPluginCache.DiscoverTestExtensions: finding test extensions in assemblies ends with: RuntimeProvider.dll TPluginInfo: Microsoft.VisualStudio.TestPlatform.Common.ExtensionFramework.Utilities.TestRuntimePluginInformation TExtension: Microsoft.VisualStudio.TestPlatform.ObjectModel.Host.ITestRuntimeProvider
TpTrace Verbose: 0 : 9264, 1, 2024/04/24, 23:31:03.866, 7419819823121, vstest.console.dll, TestPluginCache.GetExtensionPaths: Filtered extension paths: 
TpTrace Verbose: 0 : 9264, 1, 2024/04/24, 23:31:03.866, 7419819825916, vstest.console.dll, TestPluginCache.GetExtensionPaths: Added default extension paths: C:\Program Files\dotnet\sdk\8.0.202\Extensions\Microsoft.Diagnostics.NETCore.Client.dll
C:\Program Files\dotnet\sdk\8.0.202\Extensions\Microsoft.TestPlatform.Extensions.BlameDataCollector.dll
C:\Program Files\dotnet\sdk\8.0.202\Extensions\Microsoft.TestPlatform.Extensions.EventLogCollector.dll
C:\Program Files\dotnet\sdk\8.0.202\Extensions\Microsoft.TestPlatform.TestHostRuntimeProvider.dll
C:\Program Files\dotnet\sdk\8.0.202\Extensions\Microsoft.VisualStudio.TestPlatform.Extensions.Html.TestLogger.dll
C:\Program Files\dotnet\sdk\8.0.202\Extensions\Microsoft.VisualStudio.TestPlatform.Extensions.Trx.TestLogger.dll
TpTrace Verbose: 0 : 9264, 1, 2024/04/24, 23:31:03.866, 7419819826536, vstest.console.dll, TestPluginCache.GetExtensionPaths: Added unfilterableExtensionPaths: 
TpTrace Information: 0 : 9264, 1, 2024/04/24, 23:31:03.867, 7419819835669, vstest.console.dll, AssemblyResolver.ctor: Creating AssemblyResolver with searchDirectories C:\Program Files\dotnet\sdk\8.0.202\Extensions,C:\Program Files\dotnet\sdk\8.0.202
TpTrace Verbose: 0 : 9264, 1, 2024/04/24, 23:31:03.869, 7419819855419, vstest.console.dll, TestPluginCache.DiscoverTestExtensions: Discovering the extensions using extension path.
TpTrace Verbose: 0 : 9264, 1, 2024/04/24, 23:31:03.869, 7419819857280, vstest.console.dll, TestPluginCache.GetExtensionPaths: Filtered extension paths: 
TpTrace Verbose: 0 : 9264, 1, 2024/04/24, 23:31:03.869, 7419819857840, vstest.console.dll, TestPluginCache.GetExtensionPaths: Added default extension paths: C:\Program Files\dotnet\sdk\8.0.202\Extensions\Microsoft.Diagnostics.NETCore.Client.dll
C:\Program Files\dotnet\sdk\8.0.202\Extensions\Microsoft.TestPlatform.Extensions.BlameDataCollector.dll
C:\Program Files\dotnet\sdk\8.0.202\Extensions\Microsoft.TestPlatform.Extensions.EventLogCollector.dll
C:\Program Files\dotnet\sdk\8.0.202\Extensions\Microsoft.TestPlatform.TestHostRuntimeProvider.dll
C:\Program Files\dotnet\sdk\8.0.202\Extensions\Microsoft.VisualStudio.TestPlatform.Extensions.Html.TestLogger.dll
C:\Program Files\dotnet\sdk\8.0.202\Extensions\Microsoft.VisualStudio.TestPlatform.Extensions.Trx.TestLogger.dll
TpTrace Verbose: 0 : 9264, 1, 2024/04/24, 23:31:03.869, 7419819858176, vstest.console.dll, TestPluginCache.GetExtensionPaths: Added unfilterableExtensionPaths: 
TpTrace Verbose: 0 : 9264, 1, 2024/04/24, 23:31:03.869, 7419819859285, vstest.console.dll, TestPluginCache.DiscoverTestExtensions: Discovering the extensions using allExtensionPaths: C:\Program Files\dotnet\sdk\8.0.202\Extensions\Microsoft.Diagnostics.NETCore.Client.dll
C:\Program Files\dotnet\sdk\8.0.202\Extensions\Microsoft.TestPlatform.Extensions.BlameDataCollector.dll
C:\Program Files\dotnet\sdk\8.0.202\Extensions\Microsoft.TestPlatform.Extensions.EventLogCollector.dll
C:\Program Files\dotnet\sdk\8.0.202\Extensions\Microsoft.TestPlatform.TestHostRuntimeProvider.dll
C:\Program Files\dotnet\sdk\8.0.202\Extensions\Microsoft.VisualStudio.TestPlatform.Extensions.Html.TestLogger.dll
C:\Program Files\dotnet\sdk\8.0.202\Extensions\Microsoft.VisualStudio.TestPlatform.Extensions.Trx.TestLogger.dll
TpTrace Information: 0 : 9264, 1, 2024/04/24, 23:31:03.869, 7419819861903, vstest.console.dll, AssemblyResolver.AddSearchDirectories: Adding more searchDirectories C:\Program Files\dotnet\sdk\8.0.202\Extensions,C:\Program Files\dotnet\sdk\8.0.202
TpTrace Information: 0 : 9264, 1, 2024/04/24, 23:31:03.869, 7419819862502, vstest.console.dll, AssemblyResolver.AddSearchDirectories: Adding more searchDirectories C:\Program Files\dotnet\sdk\8.0.202\Extensions,C:\Program Files\dotnet\sdk\8.0.202
TpTrace Information: 0 : 9264, 1, 2024/04/24, 23:31:03.870, 7419819862900, vstest.console.dll, AssemblyResolver.AddSearchDirectories: Adding more searchDirectories C:\Program Files\dotnet\sdk\8.0.202\Extensions,C:\Program Files\dotnet\sdk\8.0.202
TpTrace Information: 0 : 9264, 1, 2024/04/24, 23:31:03.870, 7419819863214, vstest.console.dll, AssemblyResolver.AddSearchDirectories: Adding more searchDirectories C:\Program Files\dotnet\sdk\8.0.202\Extensions,C:\Program Files\dotnet\sdk\8.0.202
TpTrace Information: 0 : 9264, 1, 2024/04/24, 23:31:03.870, 7419819863520, vstest.console.dll, AssemblyResolver.AddSearchDirectories: Adding more searchDirectories C:\Program Files\dotnet\sdk\8.0.202\Extensions,C:\Program Files\dotnet\sdk\8.0.202
TpTrace Information: 0 : 9264, 1, 2024/04/24, 23:31:03.870, 7419819863870, vstest.console.dll, AssemblyResolver.AddSearchDirectories: Adding more searchDirectories C:\Program Files\dotnet\sdk\8.0.202\Extensions,C:\Program Files\dotnet\sdk\8.0.202
TpTrace Information: 0 : 9264, 1, 2024/04/24, 23:31:03.870, 7419819870085, vstest.console.dll, AssemblyResolver.OnResolve: Microsoft.Diagnostics.NETCore.Client: Resolving assembly.
TpTrace Information: 0 : 9264, 1, 2024/04/24, 23:31:03.870, 7419819871372, vstest.console.dll, AssemblyResolver.OnResolve: Microsoft.Diagnostics.NETCore.Client: Searching in: 'C:\Program Files\dotnet\sdk\8.0.202\Extensions'.
TpTrace Information: 0 : 9264, 1, 2024/04/24, 23:31:03.878, 7419819947960, vstest.console.dll, AssemblyResolver.OnResolve: Microsoft.Diagnostics.NETCore.Client: Loading assembly 'C:\Program Files\dotnet\sdk\8.0.202\Extensions\Microsoft.Diagnostics.NETCore.Client.dll'.
TpTrace Information: 0 : 9264, 1, 2024/04/24, 23:31:03.879, 7419819955007, vstest.console.dll, AssemblyResolver.OnResolve: Resolved assembly: Microsoft.Diagnostics.NETCore.Client, from path: C:\Program Files\dotnet\sdk\8.0.202\Extensions\Microsoft.Diagnostics.NETCore.Client.dll
TpTrace Verbose: 0 : 9264, 1, 2024/04/24, 23:31:03.883, 7419820001100, vstest.console.dll, MetadataReaderExtensionsHelper: Discovering extensions inside assembly 'Microsoft.Diagnostics.NETCore.Client, Version=0.2.9.2401, Culture=neutral, PublicKeyToken=31bf3856ad364e35' file path 'C:\Program Files\dotnet\sdk\8.0.202\Extensions\Microsoft.Diagnostics.NETCore.Client.dll'
TpTrace Information: 0 : 9264, 1, 2024/04/24, 23:31:03.886, 7419820031264, vstest.console.dll, AssemblyResolver.OnResolve: Microsoft.Bcl.AsyncInterfaces: Resolving assembly.
TpTrace Information: 0 : 9264, 1, 2024/04/24, 23:31:03.886, 7419820031882, vstest.console.dll, AssemblyResolver.OnResolve: Microsoft.Bcl.AsyncInterfaces: Searching in: 'C:\Program Files\dotnet\sdk\8.0.202\Extensions'.
TpTrace Information: 0 : 9264, 1, 2024/04/24, 23:31:03.886, 7419820032581, vstest.console.dll, AssemblyResolver.OnResolve: Microsoft.Bcl.AsyncInterfaces: Assembly path does not exist: 'C:\Program Files\dotnet\sdk\8.0.202\Extensions\Microsoft.Bcl.AsyncInterfaces.dll', returning.
TpTrace Information: 0 : 9264, 1, 2024/04/24, 23:31:03.887, 7419820033454, vstest.console.dll, AssemblyResolver.OnResolve: Microsoft.Bcl.AsyncInterfaces: Assembly path does not exist: 'C:\Program Files\dotnet\sdk\8.0.202\Extensions\Microsoft.Bcl.AsyncInterfaces.exe', returning.
TpTrace Information: 0 : 9264, 1, 2024/04/24, 23:31:03.887, 7419820033853, vstest.console.dll, AssemblyResolver.OnResolve: Microsoft.Bcl.AsyncInterfaces: Searching in: 'C:\Program Files\dotnet\sdk\8.0.202'.
TpTrace Information: 0 : 9264, 1, 2024/04/24, 23:31:03.887, 7419820034316, vstest.console.dll, AssemblyResolver.OnResolve: Microsoft.Bcl.AsyncInterfaces: Assembly path does not exist: 'C:\Program Files\dotnet\sdk\8.0.202\Microsoft.Bcl.AsyncInterfaces.dll', returning.
TpTrace Information: 0 : 9264, 1, 2024/04/24, 23:31:03.887, 7419820034719, vstest.console.dll, AssemblyResolver.OnResolve: Microsoft.Bcl.AsyncInterfaces: Assembly path does not exist: 'C:\Program Files\dotnet\sdk\8.0.202\Microsoft.Bcl.AsyncInterfaces.exe', returning.
TpTrace Information: 0 : 9264, 1, 2024/04/24, 23:31:03.887, 7419820034987, vstest.console.dll, AssemblyResolver.OnResolve: Microsoft.Bcl.AsyncInterfaces: Failed to load assembly.
TpTrace Verbose: 0 : 9264, 1, 2024/04/24, 23:31:03.887, 7419820035286, vstest.console.dll, CurrentDomainAssemblyResolve: Resolving assembly 'Microsoft.Bcl.AsyncInterfaces'.
TpTrace Information: 0 : 9264, 1, 2024/04/24, 23:31:03.887, 7419820035785, vstest.console.dll, AssemblyResolver.OnResolve: Microsoft.Bcl.AsyncInterfaces: Resolving assembly.
TpTrace Information: 0 : 9264, 1, 2024/04/24, 23:31:03.887, 7419820036091, vstest.console.dll, AssemblyResolver.OnResolve: Microsoft.Bcl.AsyncInterfaces: Resolved from cache.
TpTrace Verbose: 0 : 9264, 1, 2024/04/24, 23:31:03.887, 7419820036322, vstest.console.dll, CurrentDomainAssemblyResolve: Resolving assembly 'Microsoft.Bcl.AsyncInterfaces'.
TpTrace Verbose: 0 : 9264, 1, 2024/04/24, 23:31:03.887, 7419820036591, vstest.console.dll, CurrentDomainAssemblyResolve: Failed to resolve assembly 'Microsoft.Bcl.AsyncInterfaces'.
TpTrace Verbose: 0 : 9264, 1, 2024/04/24, 23:31:03.887, 7419820041225, vstest.console.dll, CurrentDomainAssemblyResolve: Failed to resolve assembly 'Microsoft.Bcl.AsyncInterfaces'.
TpTrace Warning: 0 : 9264, 1, 2024/04/24, 23:31:03.895, 7419820119360, vstest.console.dll, TestPluginDiscoverer: Failed to get types from assembly 'Microsoft.Diagnostics.NETCore.Client, Version=0.2.9.2401, Culture=neutral, PublicKeyToken=31bf3856ad364e35'. Error: System.Reflection.ReflectionTypeLoadException: Unable to load one or more of the requested types.
Could not load file or assembly 'Microsoft.Bcl.AsyncInterfaces, Version=6.0.0.0, Culture=neutral, PublicKeyToken=cc7b13ffcd2ddd51'. The system cannot find the file specified.
   at System.Reflection.RuntimeModule.GetTypes(RuntimeModule module)
   at System.Reflection.RuntimeModule.GetTypes()
   at Microsoft.VisualStudio.TestPlatform.Common.ExtensionFramework.TestPluginDiscoverer.GetTestExtensionsFromAssembly[TPluginInfo,TExtension](Assembly assembly, Dictionary`2 pluginInfos, String filePath) in /_/src/Microsoft.TestPlatform.Common/ExtensionFramework/TestPluginDiscoverer.cs:line 158
System.IO.FileNotFoundException: Could not load file or assembly 'Microsoft.Bcl.AsyncInterfaces, Version=6.0.0.0, Culture=neutral, PublicKeyToken=cc7b13ffcd2ddd51'. The system cannot find the file specified.
File name: 'Microsoft.Bcl.AsyncInterfaces, Version=6.0.0.0, Culture=neutral, PublicKeyToken=cc7b13ffcd2ddd51'
 ---> System.IO.FileNotFoundException: Could not load file or assembly 'Microsoft.Bcl.AsyncInterfaces, Culture=neutral, PublicKeyToken=null'. The system cannot find the file specified.
File name: 'Microsoft.Bcl.AsyncInterfaces, Culture=neutral, PublicKeyToken=null'
   at System.Reflection.RuntimeAssembly.InternalLoad(AssemblyName assemblyName, StackCrawlMark& stackMark, AssemblyLoadContext assemblyLoadContext, RuntimeAssembly requestingAssembly, Boolean throwOnFileNotFound)
   at System.Reflection.Assembly.Load(AssemblyName assemblyRef)
   at Microsoft.VisualStudio.TestPlatform.Common.ExtensionFramework.TestPluginCache.CurrentDomainAssemblyResolve(Object sender, AssemblyResolveEventArgs args) in /_/src/Microsoft.TestPlatform.Common/ExtensionFramework/TestPluginCache.cs:line 513
   at System.Runtime.Loader.AssemblyLoadContext.GetFirstResolvedAssemblyFromResolvingEvent(AssemblyName assemblyName)
   at System.Runtime.Loader.AssemblyLoadContext.ResolveUsingEvent(AssemblyName assemblyName)
   at System.Runtime.Loader.AssemblyLoadContext.ResolveUsingResolvingEvent(IntPtr gchManagedAssemblyLoadContext, AssemblyName assemblyName)
TpTrace Warning: 0 : 9264, 1, 2024/04/24, 23:31:03.895, 7419820122284, vstest.console.dll, LoaderExceptions: System.IO.FileNotFoundException: Could not load file or assembly 'Microsoft.Bcl.AsyncInterfaces, Version=6.0.0.0, Culture=neutral, PublicKeyToken=cc7b13ffcd2ddd51'. The system cannot find the file specified.
File name: 'Microsoft.Bcl.AsyncInterfaces, Version=6.0.0.0, Culture=neutral, PublicKeyToken=cc7b13ffcd2ddd51'
 ---> System.IO.FileNotFoundException: Could not load file or assembly 'Microsoft.Bcl.AsyncInterfaces, Culture=neutral, PublicKeyToken=null'. The system cannot find the file specified.
File name: 'Microsoft.Bcl.AsyncInterfaces, Culture=neutral, PublicKeyToken=null'
   at System.Reflection.RuntimeAssembly.InternalLoad(AssemblyName assemblyName, StackCrawlMark& stackMark, AssemblyLoadContext assemblyLoadContext, RuntimeAssembly requestingAssembly, Boolean throwOnFileNotFound)
   at System.Reflection.Assembly.Load(AssemblyName assemblyRef)
   at Microsoft.VisualStudio.TestPlatform.Common.ExtensionFramework.TestPluginCache.CurrentDomainAssemblyResolve(Object sender, AssemblyResolveEventArgs args) in /_/src/Microsoft.TestPlatform.Common/ExtensionFramework/TestPluginCache.cs:line 513
   at System.Runtime.Loader.AssemblyLoadContext.GetFirstResolvedAssemblyFromResolvingEvent(AssemblyName assemblyName)
   at System.Runtime.Loader.AssemblyLoadContext.ResolveUsingEvent(AssemblyName assemblyName)
   at System.Runtime.Loader.AssemblyLoadContext.ResolveUsingResolvingEvent(IntPtr gchManagedAssemblyLoadContext, AssemblyName assemblyName)
TpTrace Information: 0 : 9264, 1, 2024/04/24, 23:31:03.896, 7419820123452, vstest.console.dll, AssemblyResolver.OnResolve: Microsoft.TestPlatform.Extensions.BlameDataCollector: Resolving assembly.
TpTrace Information: 0 : 9264, 1, 2024/04/24, 23:31:03.896, 7419820123857, vstest.console.dll, AssemblyResolver.OnResolve: Microsoft.TestPlatform.Extensions.BlameDataCollector: Searching in: 'C:\Program Files\dotnet\sdk\8.0.202\Extensions'.
TpTrace Information: 0 : 9264, 1, 2024/04/24, 23:31:03.896, 7419820126311, vstest.console.dll, AssemblyResolver.OnResolve: Microsoft.TestPlatform.Extensions.BlameDataCollector: Loading assembly 'C:\Program Files\dotnet\sdk\8.0.202\Extensions\Microsoft.TestPlatform.Extensions.BlameDataCollector.dll'.
TpTrace Information: 0 : 9264, 1, 2024/04/24, 23:31:03.896, 7419820131368, vstest.console.dll, AssemblyResolver.OnResolve: Resolved assembly: Microsoft.TestPlatform.Extensions.BlameDataCollector, from path: C:\Program Files\dotnet\sdk\8.0.202\Extensions\Microsoft.TestPlatform.Extensions.BlameDataCollector.dll
TpTrace Verbose: 0 : 9264, 1, 2024/04/24, 23:31:03.896, 7419820132068, vstest.console.dll, MetadataReaderExtensionsHelper: Discovering extensions inside assembly 'Microsoft.TestPlatform.Extensions.BlameDataCollector, Version=15.0.0.0, Culture=neutral, PublicKeyToken=b03f5f7f11d50a3a' file path 'C:\Program Files\dotnet\sdk\8.0.202\Extensions\Microsoft.TestPlatform.Extensions.BlameDataCollector.dll'
TpTrace Information: 0 : 9264, 1, 2024/04/24, 23:31:03.898, 7419820144250, vstest.console.dll, AssemblyResolver.OnResolve: Microsoft.TestPlatform.Extensions.EventLogCollector: Resolving assembly.
TpTrace Information: 0 : 9264, 1, 2024/04/24, 23:31:03.898, 7419820145339, vstest.console.dll, AssemblyResolver.OnResolve: Microsoft.TestPlatform.Extensions.EventLogCollector: Searching in: 'C:\Program Files\dotnet\sdk\8.0.202\Extensions'.
TpTrace Information: 0 : 9264, 1, 2024/04/24, 23:31:03.898, 7419820147954, vstest.console.dll, AssemblyResolver.OnResolve: Microsoft.TestPlatform.Extensions.EventLogCollector: Loading assembly 'C:\Program Files\dotnet\sdk\8.0.202\Extensions\Microsoft.TestPlatform.Extensions.EventLogCollector.dll'.
TpTrace Information: 0 : 9264, 1, 2024/04/24, 23:31:03.898, 7419820151890, vstest.console.dll, AssemblyResolver.OnResolve: Resolved assembly: Microsoft.TestPlatform.Extensions.EventLogCollector, from path: C:\Program Files\dotnet\sdk\8.0.202\Extensions\Microsoft.TestPlatform.Extensions.EventLogCollector.dll
TpTrace Verbose: 0 : 9264, 1, 2024/04/24, 23:31:03.898, 7419820152424, vstest.console.dll, MetadataReaderExtensionsHelper: Discovering extensions inside assembly 'Microsoft.TestPlatform.Extensions.EventLogCollector, Version=15.0.0.0, Culture=neutral, PublicKeyToken=b03f5f7f11d50a3a' file path 'C:\Program Files\dotnet\sdk\8.0.202\Extensions\Microsoft.TestPlatform.Extensions.EventLogCollector.dll'
TpTrace Information: 0 : 9264, 1, 2024/04/24, 23:31:03.900, 7419820168161, vstest.console.dll, AssemblyResolver.OnResolve: Microsoft.TestPlatform.TestHostRuntimeProvider: Resolving assembly.
TpTrace Information: 0 : 9264, 1, 2024/04/24, 23:31:03.900, 7419820168717, vstest.console.dll, AssemblyResolver.OnResolve: Microsoft.TestPlatform.TestHostRuntimeProvider: Searching in: 'C:\Program Files\dotnet\sdk\8.0.202\Extensions'.
TpTrace Information: 0 : 9264, 1, 2024/04/24, 23:31:03.900, 7419820170597, vstest.console.dll, AssemblyResolver.OnResolve: Microsoft.TestPlatform.TestHostRuntimeProvider: Loading assembly 'C:\Program Files\dotnet\sdk\8.0.202\Extensions\Microsoft.TestPlatform.TestHostRuntimeProvider.dll'.
TpTrace Information: 0 : 9264, 1, 2024/04/24, 23:31:03.901, 7419820174527, vstest.console.dll, AssemblyResolver.OnResolve: Resolved assembly: Microsoft.TestPlatform.TestHostRuntimeProvider, from path: C:\Program Files\dotnet\sdk\8.0.202\Extensions\Microsoft.TestPlatform.TestHostRuntimeProvider.dll
TpTrace Verbose: 0 : 9264, 1, 2024/04/24, 23:31:03.901, 7419820175031, vstest.console.dll, MetadataReaderExtensionsHelper: Discovering extensions inside assembly 'Microsoft.TestPlatform.TestHostRuntimeProvider, Version=15.0.0.0, Culture=neutral, PublicKeyToken=b03f5f7f11d50a3a' file path 'C:\Program Files\dotnet\sdk\8.0.202\Extensions\Microsoft.TestPlatform.TestHostRuntimeProvider.dll'
TpTrace Information: 0 : 9264, 1, 2024/04/24, 23:31:03.902, 7419820185121, vstest.console.dll, GetTestExtensionFromType: Register extension with identifier data 'HostProvider://DefaultTestHost' and type 'Microsoft.VisualStudio.TestPlatform.CrossPlatEngine.Hosting.DefaultTestHostManager, Microsoft.TestPlatform.TestHostRuntimeProvider, Version=15.0.0.0, Culture=neutral, PublicKeyToken=b03f5f7f11d50a3a' inside file 'C:\Program Files\dotnet\sdk\8.0.202\Extensions\Microsoft.TestPlatform.TestHostRuntimeProvider.dll'
TpTrace Information: 0 : 9264, 1, 2024/04/24, 23:31:03.902, 7419820187105, vstest.console.dll, GetTestExtensionFromType: Register extension with identifier data 'HostProvider://DotnetTestHost' and type 'Microsoft.VisualStudio.TestPlatform.CrossPlatEngine.Hosting.DotnetTestHostManager, Microsoft.TestPlatform.TestHostRuntimeProvider, Version=15.0.0.0, Culture=neutral, PublicKeyToken=b03f5f7f11d50a3a' inside file 'C:\Program Files\dotnet\sdk\8.0.202\Extensions\Microsoft.TestPlatform.TestHostRuntimeProvider.dll'
TpTrace Information: 0 : 9264, 1, 2024/04/24, 23:31:03.902, 7419820187716, vstest.console.dll, AssemblyResolver.OnResolve: Microsoft.VisualStudio.TestPlatform.Extensions.Html.TestLogger: Resolving assembly.
TpTrace Information: 0 : 9264, 1, 2024/04/24, 23:31:03.902, 7419820188028, vstest.console.dll, AssemblyResolver.OnResolve: Microsoft.VisualStudio.TestPlatform.Extensions.Html.TestLogger: Searching in: 'C:\Program Files\dotnet\sdk\8.0.202\Extensions'.
TpTrace Information: 0 : 9264, 1, 2024/04/24, 23:31:03.902, 7419820190042, vstest.console.dll, AssemblyResolver.OnResolve: Microsoft.VisualStudio.TestPlatform.Extensions.Html.TestLogger: Loading assembly 'C:\Program Files\dotnet\sdk\8.0.202\Extensions\Microsoft.VisualStudio.TestPlatform.Extensions.Html.TestLogger.dll'.
TpTrace Information: 0 : 9264, 1, 2024/04/24, 23:31:03.903, 7419820194174, vstest.console.dll, AssemblyResolver.OnResolve: Resolved assembly: Microsoft.VisualStudio.TestPlatform.Extensions.Html.TestLogger, from path: C:\Program Files\dotnet\sdk\8.0.202\Extensions\Microsoft.VisualStudio.TestPlatform.Extensions.Html.TestLogger.dll
TpTrace Verbose: 0 : 9264, 1, 2024/04/24, 23:31:03.903, 7419820194768, vstest.console.dll, MetadataReaderExtensionsHelper: Discovering extensions inside assembly 'Microsoft.VisualStudio.TestPlatform.Extensions.Html.TestLogger, Version=15.0.0.0, Culture=neutral, PublicKeyToken=b03f5f7f11d50a3a' file path 'C:\Program Files\dotnet\sdk\8.0.202\Extensions\Microsoft.VisualStudio.TestPlatform.Extensions.Html.TestLogger.dll'
TpTrace Information: 0 : 9264, 1, 2024/04/24, 23:31:03.903, 7419820199675, vstest.console.dll, AssemblyResolver.OnResolve: Microsoft.VisualStudio.TestPlatform.Extensions.Trx.TestLogger: Resolving assembly.
TpTrace Information: 0 : 9264, 1, 2024/04/24, 23:31:03.903, 7419820200158, vstest.console.dll, AssemblyResolver.OnResolve: Microsoft.VisualStudio.TestPlatform.Extensions.Trx.TestLogger: Searching in: 'C:\Program Files\dotnet\sdk\8.0.202\Extensions'.
TpTrace Information: 0 : 9264, 1, 2024/04/24, 23:31:03.903, 7419820202034, vstest.console.dll, AssemblyResolver.OnResolve: Microsoft.VisualStudio.TestPlatform.Extensions.Trx.TestLogger: Loading assembly 'C:\Program Files\dotnet\sdk\8.0.202\Extensions\Microsoft.VisualStudio.TestPlatform.Extensions.Trx.TestLogger.dll'.
TpTrace Information: 0 : 9264, 1, 2024/04/24, 23:31:03.904, 7419820206272, vstest.console.dll, AssemblyResolver.OnResolve: Resolved assembly: Microsoft.VisualStudio.TestPlatform.Extensions.Trx.TestLogger, from path: C:\Program Files\dotnet\sdk\8.0.202\Extensions\Microsoft.VisualStudio.TestPlatform.Extensions.Trx.TestLogger.dll
TpTrace Verbose: 0 : 9264, 1, 2024/04/24, 23:31:03.904, 7419820206789, vstest.console.dll, MetadataReaderExtensionsHelper: Discovering extensions inside assembly 'Microsoft.VisualStudio.TestPlatform.Extensions.Trx.TestLogger, Version=15.0.0.0, Culture=neutral, PublicKeyToken=b03f5f7f11d50a3a' file path 'C:\Program Files\dotnet\sdk\8.0.202\Extensions\Microsoft.VisualStudio.TestPlatform.Extensions.Trx.TestLogger.dll'
TpTrace Verbose: 0 : 9264, 1, 2024/04/24, 23:31:03.905, 7419820213081, vstest.console.dll, TestPluginCache: Discovered the extensions using extension path ''.
TpTrace Verbose: 0 : 9264, 1, 2024/04/24, 23:31:03.905, 7419820213717, vstest.console.dll, TestPluginCache: Discoverers are ''.
TpTrace Verbose: 0 : 9264, 1, 2024/04/24, 23:31:03.905, 7419820213976, vstest.console.dll, TestPluginCache: Executors are ''.
TpTrace Verbose: 0 : 9264, 1, 2024/04/24, 23:31:03.905, 7419820214194, vstest.console.dll, TestPluginCache: Executors2 are ''.
TpTrace Verbose: 0 : 9264, 1, 2024/04/24, 23:31:03.905, 7419820214406, vstest.console.dll, TestPluginCache: Setting providers are ''.
TpTrace Verbose: 0 : 9264, 1, 2024/04/24, 23:31:03.905, 7419820214618, vstest.console.dll, TestPluginCache: Loggers are ''.
TpTrace Verbose: 0 : 9264, 1, 2024/04/24, 23:31:03.905, 7419820215972, vstest.console.dll, TestPluginCache: TestHosts are 'HostProvider://DefaultTestHost,HostProvider://DotnetTestHost'.
TpTrace Verbose: 0 : 9264, 1, 2024/04/24, 23:31:03.905, 7419820216278, vstest.console.dll, TestPluginCache: DataCollectors are ''.
TpTrace Information: 0 : 9264, 1, 2024/04/24, 23:31:03.915, 7419820315000, vstest.console.dll, RunTestsArgumentProcessor:Execute: Test run is starting.
TpTrace Verbose: 0 : 9264, 1, 2024/04/24, 23:31:03.915, 7419820315809, vstest.console.dll, RunTestsArgumentProcessor:Execute: Queuing Test run.
TpTrace Information: 0 : 9264, 1, 2024/04/24, 23:31:03.915, 7419820318478, vstest.console.dll, TestRequestManager.RunTests: run tests started.
TpTrace Information: 0 : 9264, 1, 2024/04/24, 23:31:03.916, 7419820328940, vstest.console.dll, AssemblyMetadataProvider.GetFrameworkName: Determined framework:'.NETCoreApp,Version=v8.0' for source: 'C:\dotNet\Day11\ShoppingAppSolution\ShoppingAppBLLTests\bin\Debug\net8.0\fine-code-coverage\build-output\ShoppingAppBLLTests.dll'
TpTrace Information: 0 : 9264, 1, 2024/04/24, 23:31:03.916, 7419820330840, vstest.console.dll, Determined framework for all sources: .NETCoreApp,Version=v8.0
TpTrace Verbose: 0 : 9264, 1, 2024/04/24, 23:31:03.917, 7419820333360, vstest.console.dll, TestRequestManager.UpdateRunSettingsIfRequired: Default architecture: X64 IsDefaultTargetArchitecture: True, Current process architecture: X64 OperatingSystem: Windows.
TpTrace Information: 0 : 9264, 1, 2024/04/24, 23:31:03.918, 7419820345207, vstest.console.dll, AssemblyMetadataProvider.GetArchitecture: Determined architecture:AnyCPU info for assembly: C:\dotNet\Day11\ShoppingAppSolution\ShoppingAppBLLTests\bin\Debug\net8.0\fine-code-coverage\build-output\ShoppingAppBLLTests.dll
TpTrace Information: 0 : 9264, 1, 2024/04/24, 23:31:03.918, 7419820345788, vstest.console.dll, Determined platform for source 'C:\dotNet\Day11\ShoppingAppSolution\ShoppingAppBLLTests\bin\Debug\net8.0\fine-code-coverage\build-output\ShoppingAppBLLTests.dll' was AnyCPU and it will use the default plaform X64.
TpTrace Information: 0 : 9264, 1, 2024/04/24, 23:31:03.918, 7419820346008, vstest.console.dll, None of the sources provided any runnable platform, using the default platform: X64
TpTrace Information: 0 : 9264, 1, 2024/04/24, 23:31:03.918, 7419820346692, vstest.console.dll, Platform was updated to 'X64'.
TpTrace Information: 0 : 9264, 1, 2024/04/24, 23:31:03.920, 7419820368315, vstest.console.dll, InferRunSettingsHelper.IsTestSettingsEnabled: Unable to navigate to RunSettings/MSTest. Current node: RunSettings
TpTrace Information: 0 : 9264, 1, 2024/04/24, 23:31:03.921, 7419820372628, vstest.console.dll, AssemblyResolver.OnResolve: Microsoft.VisualStudio.TestPlatform.Fakes: Resolving assembly.
TpTrace Information: 0 : 9264, 1, 2024/04/24, 23:31:03.921, 7419820373112, vstest.console.dll, AssemblyResolver.OnResolve: Microsoft.VisualStudio.TestPlatform.Fakes: Searching in: 'C:\Program Files\dotnet\sdk\8.0.202\Extensions'.
TpTrace Information: 0 : 9264, 1, 2024/04/24, 23:31:03.921, 7419820373908, vstest.console.dll, AssemblyResolver.OnResolve: Microsoft.VisualStudio.TestPlatform.Fakes: Assembly path does not exist: 'C:\Program Files\dotnet\sdk\8.0.202\Extensions\Microsoft.VisualStudio.TestPlatform.Fakes.dll', returning.
TpTrace Information: 0 : 9264, 1, 2024/04/24, 23:31:03.921, 7419820374339, vstest.console.dll, AssemblyResolver.OnResolve: Microsoft.VisualStudio.TestPlatform.Fakes: Assembly path does not exist: 'C:\Program Files\dotnet\sdk\8.0.202\Extensions\Microsoft.VisualStudio.TestPlatform.Fakes.exe', returning.
TpTrace Information: 0 : 9264, 1, 2024/04/24, 23:31:03.921, 7419820374558, vstest.console.dll, AssemblyResolver.OnResolve: Microsoft.VisualStudio.TestPlatform.Fakes: Searching in: 'C:\Program Files\dotnet\sdk\8.0.202'.
TpTrace Information: 0 : 9264, 1, 2024/04/24, 23:31:03.921, 7419820374984, vstest.console.dll, AssemblyResolver.OnResolve: Microsoft.VisualStudio.TestPlatform.Fakes: Assembly path does not exist: 'C:\Program Files\dotnet\sdk\8.0.202\Microsoft.VisualStudio.TestPlatform.Fakes.dll', returning.
TpTrace Information: 0 : 9264, 1, 2024/04/24, 23:31:03.921, 7419820375417, vstest.console.dll, AssemblyResolver.OnResolve: Microsoft.VisualStudio.TestPlatform.Fakes: Assembly path does not exist: 'C:\Program Files\dotnet\sdk\8.0.202\Microsoft.VisualStudio.TestPlatform.Fakes.exe', returning.
TpTrace Information: 0 : 9264, 1, 2024/04/24, 23:31:03.921, 7419820375632, vstest.console.dll, AssemblyResolver.OnResolve: Microsoft.VisualStudio.TestPlatform.Fakes: Failed to load assembly.
TpTrace Information: 0 : 9264, 1, 2024/04/24, 23:31:03.921, 7419820377659, vstest.console.dll, Failed to load assembly Microsoft.VisualStudio.TestPlatform.Fakes, Version=17.0.0.0, Culture=neutral. Reason:System.IO.FileNotFoundException: Could not load file or assembly 'Microsoft.VisualStudio.TestPlatform.Fakes, Version=17.0.0.0, Culture=neutral, PublicKeyToken=null'. The system cannot find the file specified.
File name: 'Microsoft.VisualStudio.TestPlatform.Fakes, Version=17.0.0.0, Culture=neutral, PublicKeyToken=null'
   at System.Reflection.RuntimeAssembly.InternalLoad(AssemblyName assemblyName, StackCrawlMark& stackMark, AssemblyLoadContext assemblyLoadContext, RuntimeAssembly requestingAssembly, Boolean throwOnFileNotFound)
   at System.Reflection.Assembly.Load(AssemblyName assemblyRef)
   at Microsoft.VisualStudio.TestPlatform.Common.Utilities.FakesUtilities.LoadTestPlatformAssembly() in /_/src/Microsoft.TestPlatform.Common/Utilities/FakesUtilities.cs:line 272
TpTrace Verbose: 0 : 9264, 1, 2024/04/24, 23:31:03.924, 7419820404219, vstest.console.dll, TestPluginCache.DiscoverTestExtensions: finding test extensions in assemblies ends with: TestLogger.dll TPluginInfo: Microsoft.VisualStudio.TestPlatform.Common.ExtensionFramework.Utilities.TestLoggerPluginInformation TExtension: Microsoft.VisualStudio.TestPlatform.ObjectModel.Client.ITestLogger
TpTrace Verbose: 0 : 9264, 1, 2024/04/24, 23:31:03.924, 7419820405229, vstest.console.dll, TestPluginCache.GetExtensionPaths: Filtered extension paths: 
TpTrace Verbose: 0 : 9264, 1, 2024/04/24, 23:31:03.924, 7419820405672, vstest.console.dll, TestPluginCache.GetExtensionPaths: Added default extension paths: C:\Program Files\dotnet\sdk\8.0.202\Extensions\Microsoft.Diagnostics.NETCore.Client.dll
C:\Program Files\dotnet\sdk\8.0.202\Extensions\Microsoft.TestPlatform.Extensions.BlameDataCollector.dll
C:\Program Files\dotnet\sdk\8.0.202\Extensions\Microsoft.TestPlatform.Extensions.EventLogCollector.dll
C:\Program Files\dotnet\sdk\8.0.202\Extensions\Microsoft.TestPlatform.TestHostRuntimeProvider.dll
C:\Program Files\dotnet\sdk\8.0.202\Extensions\Microsoft.VisualStudio.TestPlatform.Extensions.Html.TestLogger.dll
C:\Program Files\dotnet\sdk\8.0.202\Extensions\Microsoft.VisualStudio.TestPlatform.Extensions.Trx.TestLogger.dll
TpTrace Verbose: 0 : 9264, 1, 2024/04/24, 23:31:03.924, 7419820406002, vstest.console.dll, TestPluginCache.GetExtensionPaths: Added unfilterableExtensionPaths: 
TpTrace Information: 0 : 9264, 1, 2024/04/24, 23:31:03.924, 7419820407367, vstest.console.dll, AssemblyResolver.AddSearchDirectories: Adding more searchDirectories C:\Program Files\dotnet\sdk\8.0.202\Extensions,C:\Program Files\dotnet\sdk\8.0.202
TpTrace Verbose: 0 : 9264, 1, 2024/04/24, 23:31:03.924, 7419820407836, vstest.console.dll, TestPluginCache.DiscoverTestExtensions: Discovering the extensions using extension path.
TpTrace Verbose: 0 : 9264, 1, 2024/04/24, 23:31:03.924, 7419820408190, vstest.console.dll, TestPluginCache.GetExtensionPaths: Filtered extension paths: 
TpTrace Verbose: 0 : 9264, 1, 2024/04/24, 23:31:03.924, 7419820408548, vstest.console.dll, TestPluginCache.GetExtensionPaths: Added default extension paths: C:\Program Files\dotnet\sdk\8.0.202\Extensions\Microsoft.Diagnostics.NETCore.Client.dll
C:\Program Files\dotnet\sdk\8.0.202\Extensions\Microsoft.TestPlatform.Extensions.BlameDataCollector.dll
C:\Program Files\dotnet\sdk\8.0.202\Extensions\Microsoft.TestPlatform.Extensions.EventLogCollector.dll
C:\Program Files\dotnet\sdk\8.0.202\Extensions\Microsoft.TestPlatform.TestHostRuntimeProvider.dll
C:\Program Files\dotnet\sdk\8.0.202\Extensions\Microsoft.VisualStudio.TestPlatform.Extensions.Html.TestLogger.dll
C:\Program Files\dotnet\sdk\8.0.202\Extensions\Microsoft.VisualStudio.TestPlatform.Extensions.Trx.TestLogger.dll
TpTrace Verbose: 0 : 9264, 1, 2024/04/24, 23:31:03.924, 7419820408867, vstest.console.dll, TestPluginCache.GetExtensionPaths: Added unfilterableExtensionPaths: 
TpTrace Verbose: 0 : 9264, 1, 2024/04/24, 23:31:03.924, 7419820409202, vstest.console.dll, TestPluginCache.DiscoverTestExtensions: Discovering the extensions using allExtensionPaths: C:\Program Files\dotnet\sdk\8.0.202\Extensions\Microsoft.Diagnostics.NETCore.Client.dll
C:\Program Files\dotnet\sdk\8.0.202\Extensions\Microsoft.TestPlatform.Extensions.BlameDataCollector.dll
C:\Program Files\dotnet\sdk\8.0.202\Extensions\Microsoft.TestPlatform.Extensions.EventLogCollector.dll
C:\Program Files\dotnet\sdk\8.0.202\Extensions\Microsoft.TestPlatform.TestHostRuntimeProvider.dll
C:\Program Files\dotnet\sdk\8.0.202\Extensions\Microsoft.VisualStudio.TestPlatform.Extensions.Html.TestLogger.dll
C:\Program Files\dotnet\sdk\8.0.202\Extensions\Microsoft.VisualStudio.TestPlatform.Extensions.Trx.TestLogger.dll
TpTrace Information: 0 : 9264, 1, 2024/04/24, 23:31:03.924, 7419820410185, vstest.console.dll, AssemblyResolver.AddSearchDirectories: Adding more searchDirectories C:\Program Files\dotnet\sdk\8.0.202\Extensions,C:\Program Files\dotnet\sdk\8.0.202
TpTrace Information: 0 : 9264, 1, 2024/04/24, 23:31:03.924, 7419820410677, vstest.console.dll, AssemblyResolver.AddSearchDirectories: Adding more searchDirectories C:\Program Files\dotnet\sdk\8.0.202\Extensions,C:\Program Files\dotnet\sdk\8.0.202
TpTrace Information: 0 : 9264, 1, 2024/04/24, 23:31:03.924, 7419820411003, vstest.console.dll, AssemblyResolver.AddSearchDirectories: Adding more searchDirectories C:\Program Files\dotnet\sdk\8.0.202\Extensions,C:\Program Files\dotnet\sdk\8.0.202
TpTrace Information: 0 : 9264, 1, 2024/04/24, 23:31:03.924, 7419820411312, vstest.console.dll, AssemblyResolver.AddSearchDirectories: Adding more searchDirectories C:\Program Files\dotnet\sdk\8.0.202\Extensions,C:\Program Files\dotnet\sdk\8.0.202
TpTrace Information: 0 : 9264, 1, 2024/04/24, 23:31:03.924, 7419820411628, vstest.console.dll, AssemblyResolver.AddSearchDirectories: Adding more searchDirectories C:\Program Files\dotnet\sdk\8.0.202\Extensions,C:\Program Files\dotnet\sdk\8.0.202
TpTrace Information: 0 : 9264, 1, 2024/04/24, 23:31:03.924, 7419820412007, vstest.console.dll, AssemblyResolver.AddSearchDirectories: Adding more searchDirectories C:\Program Files\dotnet\sdk\8.0.202\Extensions,C:\Program Files\dotnet\sdk\8.0.202
TpTrace Verbose: 0 : 9264, 1, 2024/04/24, 23:31:03.925, 7419820413092, vstest.console.dll, MetadataReaderExtensionsHelper: Discovering extensions inside assembly 'Microsoft.Diagnostics.NETCore.Client, Version=0.2.9.2401, Culture=neutral, PublicKeyToken=31bf3856ad364e35' file path 'C:\Program Files\dotnet\sdk\8.0.202\Extensions\Microsoft.Diagnostics.NETCore.Client.dll'
TpTrace Information: 0 : 9264, 1, 2024/04/24, 23:31:03.925, 7419820420224, vstest.console.dll, AssemblyResolver.OnResolve: Microsoft.Bcl.AsyncInterfaces: Resolving assembly.
TpTrace Information: 0 : 9264, 1, 2024/04/24, 23:31:03.925, 7419820420828, vstest.console.dll, AssemblyResolver.OnResolve: Microsoft.Bcl.AsyncInterfaces: Resolved from cache.
TpTrace Verbose: 0 : 9264, 1, 2024/04/24, 23:31:03.925, 7419820421143, vstest.console.dll, CurrentDomainAssemblyResolve: Resolving assembly 'Microsoft.Bcl.AsyncInterfaces'.
TpTrace Information: 0 : 9264, 1, 2024/04/24, 23:31:03.925, 7419820421594, vstest.console.dll, AssemblyResolver.OnResolve: Microsoft.Bcl.AsyncInterfaces: Resolving assembly.
TpTrace Information: 0 : 9264, 1, 2024/04/24, 23:31:03.925, 7419820421954, vstest.console.dll, AssemblyResolver.OnResolve: Microsoft.Bcl.AsyncInterfaces: Resolved from cache.
TpTrace Verbose: 0 : 9264, 1, 2024/04/24, 23:31:03.925, 7419820422245, vstest.console.dll, CurrentDomainAssemblyResolve: Resolving assembly 'Microsoft.Bcl.AsyncInterfaces'.
TpTrace Verbose: 0 : 9264, 1, 2024/04/24, 23:31:03.925, 7419820422533, vstest.console.dll, CurrentDomainAssemblyResolve: Failed to resolve assembly 'Microsoft.Bcl.AsyncInterfaces'.
TpTrace Verbose: 0 : 9264, 1, 2024/04/24, 23:31:03.926, 7419820424056, vstest.console.dll, CurrentDomainAssemblyResolve: Failed to resolve assembly 'Microsoft.Bcl.AsyncInterfaces'.
TpTrace Warning: 0 : 9264, 1, 2024/04/24, 23:31:03.926, 7419820427187, vstest.console.dll, TestPluginDiscoverer: Failed to get types from assembly 'Microsoft.Diagnostics.NETCore.Client, Version=0.2.9.2401, Culture=neutral, PublicKeyToken=31bf3856ad364e35'. Error: System.Reflection.ReflectionTypeLoadException: Unable to load one or more of the requested types.
Could not load file or assembly 'Microsoft.Bcl.AsyncInterfaces, Version=6.0.0.0, Culture=neutral, PublicKeyToken=cc7b13ffcd2ddd51'. The system cannot find the file specified.
   at System.Reflection.RuntimeModule.GetTypes(RuntimeModule module)
   at System.Reflection.RuntimeModule.GetTypes()
   at Microsoft.VisualStudio.TestPlatform.Common.ExtensionFramework.TestPluginDiscoverer.GetTestExtensionsFromAssembly[TPluginInfo,TExtension](Assembly assembly, Dictionary`2 pluginInfos, String filePath) in /_/src/Microsoft.TestPlatform.Common/ExtensionFramework/TestPluginDiscoverer.cs:line 158
System.IO.FileNotFoundException: Could not load file or assembly 'Microsoft.Bcl.AsyncInterfaces, Version=6.0.0.0, Culture=neutral, PublicKeyToken=cc7b13ffcd2ddd51'. The system cannot find the file specified.
File name: 'Microsoft.Bcl.AsyncInterfaces, Version=6.0.0.0, Culture=neutral, PublicKeyToken=cc7b13ffcd2ddd51'
 ---> System.IO.FileNotFoundException: Could not load file or assembly 'Microsoft.Bcl.AsyncInterfaces, Culture=neutral, PublicKeyToken=null'. The system cannot find the file specified.
File name: 'Microsoft.Bcl.AsyncInterfaces, Culture=neutral, PublicKeyToken=null'
   at System.Reflection.RuntimeAssembly.InternalLoad(AssemblyName assemblyName, StackCrawlMark& stackMark, AssemblyLoadContext assemblyLoadContext, RuntimeAssembly requestingAssembly, Boolean throwOnFileNotFound)
   at System.Reflection.Assembly.Load(AssemblyName assemblyRef)
   at Microsoft.VisualStudio.TestPlatform.Common.ExtensionFramework.TestPluginCache.CurrentDomainAssemblyResolve(Object sender, AssemblyResolveEventArgs args) in /_/src/Microsoft.TestPlatform.Common/ExtensionFramework/TestPluginCache.cs:line 513
   at System.Runtime.Loader.AssemblyLoadContext.GetFirstResolvedAssemblyFromResolvingEvent(AssemblyName assemblyName)
   at System.Runtime.Loader.AssemblyLoadContext.ResolveUsingEvent(AssemblyName assemblyName)
   at System.Runtime.Loader.AssemblyLoadContext.ResolveUsingResolvingEvent(IntPtr gchManagedAssemblyLoadContext, AssemblyName assemblyName)
TpTrace Warning: 0 : 9264, 1, 2024/04/24, 23:31:03.926, 7419820428750, vstest.console.dll, LoaderExceptions: System.IO.FileNotFoundException: Could not load file or assembly 'Microsoft.Bcl.AsyncInterfaces, Version=6.0.0.0, Culture=neutral, PublicKeyToken=cc7b13ffcd2ddd51'. The system cannot find the file specified.
File name: 'Microsoft.Bcl.AsyncInterfaces, Version=6.0.0.0, Culture=neutral, PublicKeyToken=cc7b13ffcd2ddd51'
 ---> System.IO.FileNotFoundException: Could not load file or assembly 'Microsoft.Bcl.AsyncInterfaces, Culture=neutral, PublicKeyToken=null'. The system cannot find the file specified.
File name: 'Microsoft.Bcl.AsyncInterfaces, Culture=neutral, PublicKeyToken=null'
   at System.Reflection.RuntimeAssembly.InternalLoad(AssemblyName assemblyName, StackCrawlMark& stackMark, AssemblyLoadContext assemblyLoadContext, RuntimeAssembly requestingAssembly, Boolean throwOnFileNotFound)
   at System.Reflection.Assembly.Load(AssemblyName assemblyRef)
   at Microsoft.VisualStudio.TestPlatform.Common.ExtensionFramework.TestPluginCache.CurrentDomainAssemblyResolve(Object sender, AssemblyResolveEventArgs args) in /_/src/Microsoft.TestPlatform.Common/ExtensionFramework/TestPluginCache.cs:line 513
   at System.Runtime.Loader.AssemblyLoadContext.GetFirstResolvedAssemblyFromResolvingEvent(AssemblyName assemblyName)
   at System.Runtime.Loader.AssemblyLoadContext.ResolveUsingEvent(AssemblyName assemblyName)
   at System.Runtime.Loader.AssemblyLoadContext.ResolveUsingResolvingEvent(IntPtr gchManagedAssemblyLoadContext, AssemblyName assemblyName)
TpTrace Verbose: 0 : 9264, 1, 2024/04/24, 23:31:03.926, 7419820429522, vstest.console.dll, MetadataReaderExtensionsHelper: Discovering extensions inside assembly 'Microsoft.TestPlatform.Extensions.BlameDataCollector, Version=15.0.0.0, Culture=neutral, PublicKeyToken=b03f5f7f11d50a3a' file path 'C:\Program Files\dotnet\sdk\8.0.202\Extensions\Microsoft.TestPlatform.Extensions.BlameDataCollector.dll'
TpTrace Information: 0 : 9264, 1, 2024/04/24, 23:31:03.927, 7419820433593, vstest.console.dll, GetTestExtensionFromType: Register extension with identifier data 'logger://Microsoft/TestPlatform/Extensions/Blame/v1' and type 'Microsoft.TestPlatform.Extensions.BlameDataCollector.BlameLogger, Microsoft.TestPlatform.Extensions.BlameDataCollector, Version=15.0.0.0, Culture=neutral, PublicKeyToken=b03f5f7f11d50a3a' inside file 'C:\Program Files\dotnet\sdk\8.0.202\Extensions\Microsoft.TestPlatform.Extensions.BlameDataCollector.dll'
TpTrace Verbose: 0 : 9264, 1, 2024/04/24, 23:31:03.927, 7419820434331, vstest.console.dll, MetadataReaderExtensionsHelper: Discovering extensions inside assembly 'Microsoft.TestPlatform.Extensions.EventLogCollector, Version=15.0.0.0, Culture=neutral, PublicKeyToken=b03f5f7f11d50a3a' file path 'C:\Program Files\dotnet\sdk\8.0.202\Extensions\Microsoft.TestPlatform.Extensions.EventLogCollector.dll'
TpTrace Verbose: 0 : 9264, 1, 2024/04/24, 23:31:03.927, 7419820437074, vstest.console.dll, MetadataReaderExtensionsHelper: Discovering extensions inside assembly 'Microsoft.TestPlatform.TestHostRuntimeProvider, Version=15.0.0.0, Culture=neutral, PublicKeyToken=b03f5f7f11d50a3a' file path 'C:\Program Files\dotnet\sdk\8.0.202\Extensions\Microsoft.TestPlatform.TestHostRuntimeProvider.dll'
TpTrace Verbose: 0 : 9264, 1, 2024/04/24, 23:31:03.927, 7419820439834, vstest.console.dll, MetadataReaderExtensionsHelper: Discovering extensions inside assembly 'Microsoft.VisualStudio.TestPlatform.Extensions.Html.TestLogger, Version=15.0.0.0, Culture=neutral, PublicKeyToken=b03f5f7f11d50a3a' file path 'C:\Program Files\dotnet\sdk\8.0.202\Extensions\Microsoft.VisualStudio.TestPlatform.Extensions.Html.TestLogger.dll'
TpTrace Information: 0 : 9264, 1, 2024/04/24, 23:31:03.928, 7419820444398, vstest.console.dll, GetTestExtensionFromType: Register extension with identifier data 'logger://Microsoft/TestPlatform/HtmlLogger/v1' and type 'Microsoft.VisualStudio.TestPlatform.Extensions.HtmlLogger.HtmlLogger, Microsoft.VisualStudio.TestPlatform.Extensions.Html.TestLogger, Version=15.0.0.0, Culture=neutral, PublicKeyToken=b03f5f7f11d50a3a' inside file 'C:\Program Files\dotnet\sdk\8.0.202\Extensions\Microsoft.VisualStudio.TestPlatform.Extensions.Html.TestLogger.dll'
TpTrace Verbose: 0 : 9264, 1, 2024/04/24, 23:31:03.928, 7419820445144, vstest.console.dll, MetadataReaderExtensionsHelper: Discovering extensions inside assembly 'Microsoft.VisualStudio.TestPlatform.Extensions.Trx.TestLogger, Version=15.0.0.0, Culture=neutral, PublicKeyToken=b03f5f7f11d50a3a' file path 'C:\Program Files\dotnet\sdk\8.0.202\Extensions\Microsoft.VisualStudio.TestPlatform.Extensions.Trx.TestLogger.dll'
TpTrace Information: 0 : 9264, 1, 2024/04/24, 23:31:03.928, 7419820448520, vstest.console.dll, GetTestExtensionFromType: Register extension with identifier data 'logger://Microsoft/TestPlatform/TrxLogger/v1' and type 'Microsoft.VisualStudio.TestPlatform.Extensions.TrxLogger.TrxLogger, Microsoft.VisualStudio.TestPlatform.Extensions.Trx.TestLogger, Version=15.0.0.0, Culture=neutral, PublicKeyToken=b03f5f7f11d50a3a' inside file 'C:\Program Files\dotnet\sdk\8.0.202\Extensions\Microsoft.VisualStudio.TestPlatform.Extensions.Trx.TestLogger.dll'
TpTrace Verbose: 0 : 9264, 1, 2024/04/24, 23:31:03.928, 7419820449221, vstest.console.dll, TestPluginCache: Discovered the extensions using extension path ''.
TpTrace Verbose: 0 : 9264, 1, 2024/04/24, 23:31:03.928, 7419820449597, vstest.console.dll, TestPluginCache: Discoverers are ''.
TpTrace Verbose: 0 : 9264, 1, 2024/04/24, 23:31:03.928, 7419820449881, vstest.console.dll, TestPluginCache: Executors are ''.
TpTrace Verbose: 0 : 9264, 1, 2024/04/24, 23:31:03.928, 7419820450158, vstest.console.dll, TestPluginCache: Executors2 are ''.
TpTrace Verbose: 0 : 9264, 1, 2024/04/24, 23:31:03.928, 7419820450435, vstest.console.dll, TestPluginCache: Setting providers are ''.
TpTrace Verbose: 0 : 9264, 1, 2024/04/24, 23:31:03.928, 7419820451180, vstest.console.dll, TestPluginCache: Loggers are 'logger://Microsoft/TestPlatform/Extensions/Blame/v1,logger://Microsoft/TestPlatform/HtmlLogger/v1,logger://Microsoft/TestPlatform/TrxLogger/v1'.
TpTrace Verbose: 0 : 9264, 1, 2024/04/24, 23:31:03.928, 7419820451649, vstest.console.dll, TestPluginCache: TestHosts are 'HostProvider://DefaultTestHost,HostProvider://DotnetTestHost'.
TpTrace Verbose: 0 : 9264, 1, 2024/04/24, 23:31:03.928, 7419820452090, vstest.console.dll, TestPluginCache: DataCollectors are ''.
TpTrace Information: 0 : 9264, 1, 2024/04/24, 23:31:03.930, 7419820463160, vstest.console.dll, TestPluginManager.CreateTestExtension: Attempting to load test extension: Microsoft.TestPlatform.Extensions.BlameDataCollector.BlameLogger
TpTrace Verbose: 0 : 9264, 1, 2024/04/24, 23:31:03.937, 7419820534887, vstest.console.dll, TestEngine: Initializing Parallel Execution as MaxCpuCount is set to: 1
TpTrace Information: 0 : 9264, 1, 2024/04/24, 23:31:03.938, 7419820546677, vstest.console.dll, TestPluginManager.CreateTestExtension: Attempting to load test extension: Microsoft.VisualStudio.TestPlatform.CrossPlatEngine.Hosting.DefaultTestHostManager
TpTrace Information: 0 : 9264, 1, 2024/04/24, 23:31:03.939, 7419820553521, vstest.console.dll, TestPluginManager.CreateTestExtension: Attempting to load test extension: Microsoft.VisualStudio.TestPlatform.CrossPlatEngine.Hosting.DotnetTestHostManager
TpTrace Information: 0 : 9264, 1, 2024/04/24, 23:31:03.939, 7419820557206, vstest.console.dll, InferRunSettingsHelper.IsTestSettingsEnabled: Unable to navigate to RunSettings/MSTest. Current node: RunSettings
TpTrace Verbose: 0 : 9264, 1, 2024/04/24, 23:31:03.940, 7419820564689, vstest.console.dll, ParallelOperationManager.ClearSlots: Clearing all slots. Slots should accept more work: True
TpTrace Verbose: 0 : 9264, 1, 2024/04/24, 23:31:03.940, 7419820569435, vstest.console.dll, ParallelOperationManager.SetOccupiedSlotCount: Setting slot counts AvailableSlotCount = 1, OccupiedSlotCount = 0.
TpTrace Verbose: 0 : 9264, 1, 2024/04/24, 23:31:03.940, 7419820572525, vstest.console.dll, Occupied slots:

TpTrace Verbose: 0 : 9264, 1, 2024/04/24, 23:31:03.943, 7419820595005, vstest.console.dll, TestEngine.GetExecutionManager: Chosen execution manager 'Microsoft.VisualStudio.TestPlatform.CrossPlatEngine.Client.Parallel.ParallelProxyExecutionManager, Microsoft.TestPlatform.CrossPlatEngine, Version=15.0.0.0, Culture=neutral, PublicKeyToken=b03f5f7f11d50a3a' ParallelLevel '1'.
TpTrace Verbose: 0 : 9264, 1, 2024/04/24, 23:31:03.943, 7419820596049, vstest.console.dll, TestRunRequest.ExecuteAsync: Creating test run request.
TpTrace Verbose: 0 : 9264, 1, 2024/04/24, 23:31:03.943, 7419820597570, vstest.console.dll, TestRunRequest.ExecuteAsync: Starting.
TpTrace Information: 0 : 9264, 1, 2024/04/24, 23:31:03.944, 7419820607924, vstest.console.dll, TestRunRequest.ExecuteAsync: Starting run with settings:TestRunCriteria:
   KeepAlive=False,FrequencyOfRunStatsChangeEvent=10,RunStatsChangeEventTimeout=00:00:01.5000000,TestCaseFilter=,TestExecutorLauncher=
   Settingsxml=<RunSettings>
  <RunConfiguration>
    <ResultsDirectory>C:\dotNet\Day11\ShoppingAppSolution\ShoppingAppBLLTests\bin\Debug\net8.0\fine-code-coverage\coverage-tool-output</ResultsDirectory>
    <TargetPlatform>X64</TargetPlatform>
    <TargetFrameworkVersion>.NETCoreApp,Version=v8.0</TargetFrameworkVersion>
    <DesignMode>False</DesignMode>
    <CollectSourceInformation>False</CollectSourceInformation>
  </RunConfiguration>
  <LoggerRunSettings>
    <Loggers>
      <Logger friendlyName="blame" enabled="True" />
      <Logger friendlyName="Console" uri="logger://microsoft/TestPlatform/ConsoleLogger/v1" assemblyQualifiedName="Microsoft.VisualStudio.TestPlatform.CommandLine.Internal.ConsoleLogger, vstest.console, Version=15.0.0.0, Culture=neutral, PublicKeyToken=b03f5f7f11d50a3a" codeBase="C:\Program Files\dotnet\sdk\8.0.202\vstest.console.dll" enabled="True" />
    </Loggers>
  </LoggerRunSettings>
  <DataCollectionRunSettings>
    <DataCollectors>
      <DataCollector friendlyName="blame" enabled="True">
        <Configuration>
          <ResultsDirectory>C:\dotNet\Day11\ShoppingAppSolution\ShoppingAppBLLTests\bin\Debug\net8.0\fine-code-coverage\coverage-tool-output</ResultsDirectory>
        </Configuration>
      </DataCollector>
    </DataCollectors>
  </DataCollectionRunSettings>
</RunSettings>

TpTrace Verbose: 0 : 9264, 1, 2024/04/24, 23:31:03.944, 7419820608847, vstest.console.dll, TestRunRequest.ExecuteAsync: Wait for the first run request is over.
TpTrace Verbose: 0 : 9264, 1, 2024/04/24, 23:31:03.944, 7419820612355, vstest.console.dll, MulticastDelegateUtilities.SafeInvoke: TestRun.TestRunStart: Invoking callbacks was skipped because there are no subscribers.
TpTrace Verbose: 0 : 9264, 4, 2024/04/24, 23:31:03.945, 7419820614244, vstest.console.dll, MulticastDelegateUtilities.SafeInvoke: InternalTestLoggerEvents.SendTestRunStart: Invoking callback 1/1 for Microsoft.VisualStudio.TestPlatform.CommandLine.Internal.ConsoleLogger., took 0 ms.
TpTrace Verbose: 0 : 9264, 1, 2024/04/24, 23:31:03.945, 7419820621133, vstest.console.dll, ParallelProxyExecutionManager: Start execution. Total sources: 1
TpTrace Verbose: 0 : 9264, 1, 2024/04/24, 23:31:03.946, 7419820623479, vstest.console.dll, ParallelOperationManager.StartWork: Starting adding 1 workloads.
TpTrace Verbose: 0 : 9264, 1, 2024/04/24, 23:31:03.946, 7419820623952, vstest.console.dll, ParallelOperationManager.ClearSlots: Clearing all slots. Slots should accept more work: True
TpTrace Verbose: 0 : 9264, 1, 2024/04/24, 23:31:03.946, 7419820624423, vstest.console.dll, ParallelOperationManager.SetOccupiedSlotCount: Setting slot counts AvailableSlotCount = 1, OccupiedSlotCount = 0.
TpTrace Verbose: 0 : 9264, 1, 2024/04/24, 23:31:03.946, 7419820624691, vstest.console.dll, Occupied slots:

TpTrace Verbose: 0 : 9264, 1, 2024/04/24, 23:31:03.947, 7419820634335, vstest.console.dll, TestRequestSender is acting as server.
TpTrace Verbose: 0 : 9264, 1, 2024/04/24, 23:31:03.948, 7419820645669, vstest.console.dll, ParallelOperationManager.RunWorkInParallel: Adding 1 workload to slot, remaining workloads 0.
TpTrace Verbose: 0 : 9264, 1, 2024/04/24, 23:31:03.948, 7419820646128, vstest.console.dll, ParallelOperationManager.SetOccupiedSlotCount: Setting slot counts AvailableSlotCount = 0, OccupiedSlotCount = 1.
TpTrace Verbose: 0 : 9264, 1, 2024/04/24, 23:31:03.948, 7419820646895, vstest.console.dll, Occupied slots:
0: C:\dotNet\Day11\ShoppingAppSolution\ShoppingAppBLLTests\bin\Debug\net8.0\fine-code-coverage\build-output\ShoppingAppBLLTests.dll
TpTrace Verbose: 0 : 9264, 1, 2024/04/24, 23:31:03.949, 7419820654365, vstest.console.dll, ParallelOperationManager.RunWorkInParallel: Started host in slot number 0 for work (source): C:\dotNet\Day11\ShoppingAppSolution\ShoppingAppBLLTests\bin\Debug\net8.0\fine-code-coverage\build-output\ShoppingAppBLLTests.dll.
TpTrace Verbose: 0 : 9264, 1, 2024/04/24, 23:31:03.950, 7419820665131, vstest.console.dll, ParallelOperationManager.RunWorkInParallel: We started 1 work items, which is the max parallel level. Won't start more work.
TpTrace Verbose: 0 : 9264, 1, 2024/04/24, 23:31:03.950, 7419820665875, vstest.console.dll, ParallelOperationManager.RunWorkInParallel: We started 1 work items in here, returning True.
TpTrace Information: 0 : 9264, 1, 2024/04/24, 23:31:03.950, 7419820666249, vstest.console.dll, TestRunRequest.ExecuteAsync: Started.
TpTrace Verbose: 0 : 9264, 5, 2024/04/24, 23:31:03.950, 7419820666837, vstest.console.dll, ParallelProxyExecutionManager.StartTestRunOnConcurrentManager: Initializing uninitialized client. Started clients: 0
TpTrace Verbose: 0 : 9264, 5, 2024/04/24, 23:31:03.950, 7419820668509, vstest.console.dll, DataCollectionRequestSender.InitializeCommunication : Initialize communication. 
TpTrace Verbose: 0 : 9264, 1, 2024/04/24, 23:31:03.950, 7419820671749, vstest.console.dll, TestRunRequest.WaitForCompletion: Waiting with timeout -1.
TpTrace Information: 0 : 9264, 5, 2024/04/24, 23:31:03.958, 7419820746906, vstest.console.dll, Listening on Endpoint : 127.0.0.1:61001
TpTrace Verbose: 0 : 9264, 5, 2024/04/24, 23:31:03.963, 7419820799110, vstest.console.dll, DotnetDataCollectionLauncher: Adding  --runtimeconfig "C:\Program Files\dotnet\sdk\8.0.202\datacollector.runtimeconfig.json" in args
TpTrace Verbose: 0 : 9264, 5, 2024/04/24, 23:31:03.963, 7419820800246, vstest.console.dll, DotnetDataCollectionLauncher: Adding  --depsfile "C:\Program Files\dotnet\sdk\8.0.202\datacollector.deps.json" in args
TpTrace Verbose: 0 : 9264, 5, 2024/04/24, 23:31:03.964, 7419820805333, vstest.console.dll, DotnetDataCollectionLauncher: Full path of dotnet.exe is C:\Program Files\dotnet\dotnet.exe
TpTrace Information: 0 : 9264, 5, 2024/04/24, 23:31:03.969, 7419820858182, vstest.console.dll, ProxyDataCollectionManager.Initialize: Launched datacollector processId: 26796 port: 61001
TpTrace Information: 0 : 9264, 5, 2024/04/24, 23:31:03.969, 7419820859560, vstest.console.dll, ProxyDataCollectionManager.Initialize: waiting for connection with timeout: 90 seconds
TpTrace Verbose: 0 : 9264, 5, 2024/04/24, 23:31:03.969, 7419820860024, vstest.console.dll, DataCollectionRequestSender.WaitForRequestHandlerConnection : Waiting for connection with timeout: 90000
TpTrace Information: 0 : 9264, 7, 2024/04/24, 23:31:04.148, 7419822645767, vstest.console.dll, Using the buffer size of 16384 bytes
TpTrace Verbose: 0 : 9264, 5, 2024/04/24, 23:31:04.148, 7419822645904, vstest.console.dll, SocketCommunicationManager.WaitForClientConnection took: 178 ms, with 90000 ms timeout, and finished with True.
TpTrace Information: 0 : 9264, 7, 2024/04/24, 23:31:04.148, 7419822648023, vstest.console.dll, Accepted Client request and set the flag
TpTrace Verbose: 0 : 9264, 5, 2024/04/24, 23:31:04.148, 7419822649432, vstest.console.dll, ProxyDataCollectionManager.InvokeDataCollectionServiceAction: Starting.
TpTrace Information: 0 : 9264, 5, 2024/04/24, 23:31:04.148, 7419822650460, vstest.console.dll, ProxyDataCollectionManager.BeforeTestRunStart: Get environment variable and port for datacollector processId: 26796 port: 61001
TpTrace Verbose: 0 : 9264, 5, 2024/04/24, 23:31:04.148, 7419822651510, vstest.console.dll, DataCollectionRequestSender.SendBeforeTestRunStartAndGetResult: Send BeforeTestRunStart message with settingsXml <RunSettings><RunConfiguration><ResultsDirectory>C:\dotNet\Day11\ShoppingAppSolution\ShoppingAppBLLTests\bin\Debug\net8.0\fine-code-coverage\coverage-tool-output</ResultsDirectory><TargetPlatform>X64</TargetPlatform><TargetFrameworkVersion>.NETCoreApp,Version=v8.0</TargetFrameworkVersion><DesignMode>False</DesignMode><CollectSourceInformation>False</CollectSourceInformation><TestAdaptersPaths>C:\Program Files\dotnet\sdk\8.0.202\Extensions</TestAdaptersPaths></RunConfiguration><LoggerRunSettings><Loggers><Logger friendlyName="blame" enabled="True" /><Logger friendlyName="Console" uri="logger://microsoft/TestPlatform/ConsoleLogger/v1" assemblyQualifiedName="Microsoft.VisualStudio.TestPlatform.CommandLine.Internal.ConsoleLogger, vstest.console, Version=15.0.0.0, Culture=neutral, PublicKeyToken=b03f5f7f11d50a3a" codeBase="C:\Program Files\dotnet\sdk\8.0.202\vstest.console.dll" enabled="True" /></Loggers></LoggerRunSettings><DataCollectionRunSettings><DataCollectors><DataCollector friendlyName="blame" enabled="True"><Configuration><ResultsDirectory>C:\dotNet\Day11\ShoppingAppSolution\ShoppingAppBLLTests\bin\Debug\net8.0\fine-code-coverage\coverage-tool-output</ResultsDirectory></Configuration></DataCollector></DataCollectors></DataCollectionRunSettings></RunSettings> and sources System.Collections.Generic.List`1[System.String]: 
TpTrace Verbose: 0 : 9264, 5, 2024/04/24, 23:31:04.187, 7419823033527, vstest.console.dll, DataCollectionRequestSender.SendBeforeTestRunStartAndGetResult: Received message: (DataCollection.SendMessage) -> {"MessageType":"DataCollection.SendMessage","Payload":{"FriendlyName":null,"Uri":null,"TestCaseId":"00000000-0000-0000-0000-000000000000","Message":"Logging DataCollector Diagnostics in file: C:\\dotNet\\Day11\\ShoppingAppSolution\\ShoppingAppBLLTests\\bin\\Debug\\net8.0\\fine-code-coverage\\coverage-tool-output\\diagnostics.datacollector.24-04-24_23-31-03_96344_5.log","Level":0}}
TpTrace Verbose: 0 : 9264, 5, 2024/04/24, 23:31:04.245, 7419823613569, vstest.console.dll, DataCollectionRequestSender.SendBeforeTestRunStartAndGetResult: Received message: (DataCollection.BeforeTestRunStartResult) -> {"MessageType":"DataCollection.BeforeTestRunStartResult","Payload":{"EnvironmentVariables":{},"DataCollectionEventsPort":61006}}
TpTrace Information: 0 : 9264, 5, 2024/04/24, 23:31:04.250, 7419823665205, vstest.console.dll, ProxyDataCollectionManager.BeforeTestRunStart: SendBeforeTestRunStartAndGetResult successful, env variable from datacollector:   and testhost port: 61006
TpTrace Information: 0 : 9264, 5, 2024/04/24, 23:31:04.250, 7419823666454, vstest.console.dll, ProxyDataCollectionManager.InvokeDataCollectionServiceAction: Completed.
TpTrace Verbose: 0 : 9264, 5, 2024/04/24, 23:31:04.250, 7419823666908, vstest.console.dll, ParallelProxyExecutionManager.StartTestRunOnConcurrentManager: Initializing test run. Started clients: 0
TpTrace Verbose: 0 : 9264, 5, 2024/04/24, 23:31:04.250, 7419823667776, vstest.console.dll, ProxyExecutionManager: Test host is always Lazy initialize.
TpTrace Verbose: 0 : 9264, 5, 2024/04/24, 23:31:04.250, 7419823669734, vstest.console.dll, TestRequestSender.InitializeCommunication: initialize communication. 
TpTrace Information: 0 : 9264, 5, 2024/04/24, 23:31:04.251, 7419823674819, vstest.console.dll, SocketServer.Start: Listening on endpoint : 127.0.0.1:61007
TpTrace Verbose: 0 : 9264, 5, 2024/04/24, 23:31:04.251, 7419823682511, vstest.console.dll, DotnetTestHostmanager.GetTestHostProcessStartInfo: Platform environment 'X64' target architecture 'X64' framework '.NETCoreApp,Version=v8.0' OS 'Windows'
TpTrace Verbose: 0 : 9264, 5, 2024/04/24, 23:31:04.252, 7419823685457, vstest.console.dll, DotnetTestHostmanager: Adding  --runtimeconfig "C:\dotNet\Day11\ShoppingAppSolution\ShoppingAppBLLTests\bin\Debug\net8.0\fine-code-coverage\build-output\ShoppingAppBLLTests.runtimeconfig.json" in args
TpTrace Verbose: 0 : 9264, 5, 2024/04/24, 23:31:04.252, 7419823686557, vstest.console.dll, DotnetTestHostmanager: Adding  --depsfile "C:\dotNet\Day11\ShoppingAppSolution\ShoppingAppBLLTests\bin\Debug\net8.0\fine-code-coverage\build-output\ShoppingAppBLLTests.deps.json" in args
TpTrace Verbose: 0 : 9264, 5, 2024/04/24, 23:31:04.252, 7419823689635, vstest.console.dll, DotnetTestHostmanager.IsWinOnArm: Current PROCESSOR_ARCHITECTURE from environment variable 'AMD64'
TpTrace Verbose: 0 : 9264, 5, 2024/04/24, 23:31:04.252, 7419823690324, vstest.console.dll, DotnetTestHostmanager.IsWinOnArm: Is Windows on ARM 'False'
TpTrace Verbose: 0 : 9264, 5, 2024/04/24, 23:31:04.252, 7419823691339, vstest.console.dll, DotnetTestHostManager: testhost.exe found at path: C:\dotNet\Day11\ShoppingAppSolution\ShoppingAppBLLTests\bin\Debug\net8.0\fine-code-coverage\build-output\testhost.exe
TpTrace Verbose: 0 : 9264, 5, 2024/04/24, 23:31:04.252, 7419823691802, vstest.console.dll, DotnetTestHostmanager: Full path of host exe is C:\dotNet\Day11\ShoppingAppSolution\ShoppingAppBLLTests\bin\Debug\net8.0\fine-code-coverage\build-output\testhost.exe
TpTrace Verbose: 0 : 9264, 5, 2024/04/24, 23:31:04.253, 7419823693073, vstest.console.dll, DotnetTestHostmanager.LaunchTestHostAsync: Found 'VSTEST_WINAPPHOST_DOTNET_ROOT' in env variables, value 'C:\Program Files\dotnet', forwarding to 'DOTNET_ROOT'
TpTrace Verbose: 0 : 9264, 5, 2024/04/24, 23:31:04.253, 7419823694392, vstest.console.dll, DotnetTestHostManager: Starting process 'C:\dotNet\Day11\ShoppingAppSolution\ShoppingAppBLLTests\bin\Debug\net8.0\fine-code-coverage\build-output\testhost.exe' with command line ' --runtimeconfig "C:\dotNet\Day11\ShoppingAppSolution\ShoppingAppBLLTests\bin\Debug\net8.0\fine-code-coverage\build-output\ShoppingAppBLLTests.runtimeconfig.json" --depsfile "C:\dotNet\Day11\ShoppingAppSolution\ShoppingAppBLLTests\bin\Debug\net8.0\fine-code-coverage\build-output\ShoppingAppBLLTests.deps.json" --port 61007 --endpoint 127.0.0.1:061007 --role client --parentprocessid 9264 --diag "C:\dotNet\Day11\ShoppingAppSolution\ShoppingAppBLLTests\bin\Debug\net8.0\fine-code-coverage\coverage-tool-output\diagnostics.host.24-04-24_23-31-04_25163_5.log" --tracelevel 4 --datacollectionport 61006 --telemetryoptedin false'
TpTrace Verbose: 0 : 9264, 5, 2024/04/24, 23:31:04.259, 7419823761871, vstest.console.dll, MulticastDelegateUtilities.SafeInvoke: HostProviderEvents.OnHostLaunched: Invoking callback 1/2 for Microsoft.VisualStudio.TestPlatform.CrossPlatEngine.Client.ProxyExecutionManagerWithDataCollection., took 1 ms.
TpTrace Verbose: 0 : 9264, 5, 2024/04/24, 23:31:04.260, 7419823765301, vstest.console.dll, Test Runtime launched
TpTrace Verbose: 0 : 9264, 5, 2024/04/24, 23:31:04.260, 7419823766219, vstest.console.dll, MulticastDelegateUtilities.SafeInvoke: HostProviderEvents.OnHostLaunched: Invoking callback 2/2 for Microsoft.VisualStudio.TestPlatform.CrossPlatEngine.Client.ProxyOperationManager., took 0 ms.
TpTrace Verbose: 0 : 9264, 5, 2024/04/24, 23:31:04.260, 7419823767584, vstest.console.dll, TestRequestSender.WaitForRequestHandlerConnection: waiting for connection with timeout: 90000.
TpTrace Verbose: 0 : 9264, 7, 2024/04/24, 23:31:04.485, 7419826016619, vstest.console.dll, MulticastDelegateUtilities.SafeInvoke: SocketServer: ClientConnected: Invoking callback 1/1 for Microsoft.VisualStudio.TestPlatform.CommunicationUtilities.TestRequestSender., took 0 ms.
TpTrace Verbose: 0 : 9264, 5, 2024/04/24, 23:31:04.485, 7419826016618, vstest.console.dll, TestRequestSender.WaitForRequestHandlerConnection: waiting took 224 ms, with timeout 90000 ms, and result 0, which is success.
TpTrace Verbose: 0 : 9264, 7, 2024/04/24, 23:31:04.485, 7419826018964, vstest.console.dll, SocketServer.OnClientConnected: Client connected for endPoint: 127.0.0.1:61007, starting MessageLoopAsync:
TpTrace Verbose: 0 : 9264, 13, 2024/04/24, 23:31:04.486, 7419826031492, vstest.console.dll, TcpClientExtensions.MessageLoopAsync: Polling on remoteEndPoint: 127.0.0.1:61008 localEndPoint: 127.0.0.1:61007 after 0 ms
TpTrace Verbose: 0 : 9264, 5, 2024/04/24, 23:31:04.487, 7419826039193, vstest.console.dll, TestRequestSender.CheckVersionWithTestHost: Sending check version message: {"MessageType":"ProtocolVersion","Payload":7}
TpTrace Verbose: 0 : 9264, 13, 2024/04/24, 23:31:04.572, 7419826888027, vstest.console.dll, TcpClientExtensions.MessageLoopAsync: NotifyDataAvailable remoteEndPoint: 127.0.0.1:61008 localEndPoint: 127.0.0.1:61007
TpTrace Verbose: 0 : 9264, 13, 2024/04/24, 23:31:04.572, 7419826890955, vstest.console.dll, TestRequestSender.CheckVersionWithTestHost: onMessageReceived received message: (ProtocolVersion) -> {"MessageType":"ProtocolVersion","Payload":7}
TpTrace Verbose: 0 : 9264, 13, 2024/04/24, 23:31:04.573, 7419826897106, vstest.console.dll, MulticastDelegateUtilities.SafeInvoke: LengthPrefixCommunicationChannel: MessageReceived: Invoking callback 1/1 for Microsoft.VisualStudio.TestPlatform.CommunicationUtilities.TestRequestSender+<>c__DisplayClass29_0., took 0 ms.
TpTrace Verbose: 0 : 9264, 13, 2024/04/24, 23:31:04.573, 7419826898061, vstest.console.dll, TcpClientExtensions.MessageLoopAsync: Polling on remoteEndPoint: 127.0.0.1:61008 localEndPoint: 127.0.0.1:61007 after 86 ms
TpTrace Verbose: 0 : 9264, 5, 2024/04/24, 23:31:04.573, 7419826898805, vstest.console.dll, TestPluginCache.GetExtensionPaths: Filtered extension paths: 
TpTrace Verbose: 0 : 9264, 5, 2024/04/24, 23:31:04.573, 7419826900300, vstest.console.dll, TestPluginCache.GetExtensionPaths: Added default extension paths: C:\Program Files\dotnet\sdk\8.0.202\Extensions\Microsoft.Diagnostics.NETCore.Client.dll
C:\Program Files\dotnet\sdk\8.0.202\Extensions\Microsoft.TestPlatform.Extensions.BlameDataCollector.dll
C:\Program Files\dotnet\sdk\8.0.202\Extensions\Microsoft.TestPlatform.Extensions.EventLogCollector.dll
C:\Program Files\dotnet\sdk\8.0.202\Extensions\Microsoft.TestPlatform.TestHostRuntimeProvider.dll
C:\Program Files\dotnet\sdk\8.0.202\Extensions\Microsoft.VisualStudio.TestPlatform.Extensions.Html.TestLogger.dll
C:\Program Files\dotnet\sdk\8.0.202\Extensions\Microsoft.VisualStudio.TestPlatform.Extensions.Trx.TestLogger.dll
TpTrace Verbose: 0 : 9264, 5, 2024/04/24, 23:31:04.573, 7419826901469, vstest.console.dll, TestPluginCache.GetExtensionPaths: Added unfilterableExtensionPaths: 
TpTrace Verbose: 0 : 9264, 13, 2024/04/24, 23:31:04.576, 7419826926277, vstest.console.dll, TcpClientExtensions.MessageLoopAsync: NotifyDataAvailable remoteEndPoint: 127.0.0.1:61008 localEndPoint: 127.0.0.1:61007
TpTrace Verbose: 0 : 9264, 5, 2024/04/24, 23:31:04.576, 7419826927929, vstest.console.dll, TestRequestSender.InitializeExecution: Sending initialize execution with message: {"Version":7,"MessageType":"TestExecution.Initialize","Payload":["C:\\dotNet\\Day11\\ShoppingAppSolution\\ShoppingAppBLLTests\\bin\\Debug\\net8.0\\fine-code-coverage\\build-output\\NUnit3.TestAdapter.dll"]}
TpTrace Verbose: 0 : 9264, 5, 2024/04/24, 23:31:04.576, 7419826929546, vstest.console.dll, ParallelProxyExecutionManager.StartTestRunOnConcurrentManager: Execution starting. Started clients: 1
TpTrace Verbose: 0 : 9264, 5, 2024/04/24, 23:31:04.576, 7419826931920, vstest.console.dll, TestRunRequest:SendTestRunMessage: Starting.
TpTrace Verbose: 0 : 9264, 5, 2024/04/24, 23:31:04.577, 7419826933503, vstest.console.dll, MulticastDelegateUtilities.SafeInvoke: TestRun.LogMessages: Invoking callback 1/1 for Microsoft.VisualStudio.TestPlatform.CommandLine.TestRunResultAggregator., took 0 ms.
TpTrace Information: 0 : 9264, 5, 2024/04/24, 23:31:04.577, 7419826933924, vstest.console.dll, TestRunRequest:SendTestRunMessage: Completed.
TpTrace Verbose: 0 : 9264, 4, 2024/04/24, 23:31:04.577, 7419826935977, vstest.console.dll, MulticastDelegateUtilities.SafeInvoke: InternalTestLoggerEvents.SendTestRunMessage: Invoking callback 1/1 for Microsoft.VisualStudio.TestPlatform.CommandLine.Internal.ConsoleLogger., took 0 ms.
TpTrace Warning: 0 : 9264, 5, 2024/04/24, 23:31:04.577, 7419826938424, vstest.console.dll, InferRunSettingsHelper.MakeRunsettingsCompatible: Removing the following settings: TargetPlatform from RunSettings file. To use those settings please move to latest version of Microsoft.NET.Test.Sdk
TpTrace Verbose: 0 : 9264, 13, 2024/04/24, 23:31:04.578, 7419826945282, vstest.console.dll, TestRequestSender.OnExecutionMessageReceived: Received message: {"Version":7,"MessageType":"TestSession.Message","Payload":{"MessageLevel":0,"Message":"Logging TestHost Diagnostics in file: C:\\dotNet\\Day11\\ShoppingAppSolution\\ShoppingAppBLLTests\\bin\\Debug\\net8.0\\fine-code-coverage\\coverage-tool-output\\diagnostics.host.24-04-24_23-31-04_25163_5.log"}}
TpTrace Verbose: 0 : 9264, 13, 2024/04/24, 23:31:04.580, 7419826969192, vstest.console.dll, TestRunRequest:SendTestRunMessage: Starting.
TpTrace Verbose: 0 : 9264, 13, 2024/04/24, 23:31:04.580, 7419826970568, vstest.console.dll, MulticastDelegateUtilities.SafeInvoke: TestRun.LogMessages: Invoking callback 1/1 for Microsoft.VisualStudio.TestPlatform.CommandLine.TestRunResultAggregator., took 0 ms.
TpTrace Information: 0 : 9264, 13, 2024/04/24, 23:31:04.580, 7419826970947, vstest.console.dll, TestRunRequest:SendTestRunMessage: Completed.
TpTrace Verbose: 0 : 9264, 13, 2024/04/24, 23:31:04.580, 7419826971341, vstest.console.dll, MulticastDelegateUtilities.SafeInvoke: LengthPrefixCommunicationChannel: MessageReceived: Invoking callback 1/1 for Microsoft.VisualStudio.TestPlatform.CommunicationUtilities.TestRequestSender+<>c__DisplayClass34_0., took 2 ms.
TpTrace Verbose: 0 : 9264, 13, 2024/04/24, 23:31:04.580, 7419826971724, vstest.console.dll, TcpClientExtensions.MessageLoopAsync: Polling on remoteEndPoint: 127.0.0.1:61008 localEndPoint: 127.0.0.1:61007 after 7 ms
TpTrace Verbose: 0 : 9264, 4, 2024/04/24, 23:31:04.580, 7419826971950, vstest.console.dll, MulticastDelegateUtilities.SafeInvoke: InternalTestLoggerEvents.SendTestRunMessage: Invoking callback 1/1 for Microsoft.VisualStudio.TestPlatform.CommandLine.Internal.ConsoleLogger., took 0 ms.
TpTrace Verbose: 0 : 9264, 5, 2024/04/24, 23:31:04.586, 7419827031578, vstest.console.dll, TestRequestSender.StartTestRun: Sending test run with message: {"Version":7,"MessageType":"TestExecution.StartWithSources","Payload":{"AdapterSourceMap":{"_none_":["C:\\dotNet\\Day11\\ShoppingAppSolution\\ShoppingAppBLLTests\\bin\\Debug\\net8.0\\fine-code-coverage\\build-output\\ShoppingAppBLLTests.dll"]},"RunSettings":"<RunSettings>\r\n  <RunConfiguration>\r\n    <ResultsDirectory>C:\\dotNet\\Day11\\ShoppingAppSolution\\ShoppingAppBLLTests\\bin\\Debug\\net8.0\\fine-code-coverage\\coverage-tool-output</ResultsDirectory>\r\n    <TargetFrameworkVersion>.NETCoreApp,Version=v8.0</TargetFrameworkVersion>\r\n    <DesignMode>False</DesignMode>\r\n    <CollectSourceInformation>False</CollectSourceInformation>\r\n  </RunConfiguration>\r\n  <LoggerRunSettings>\r\n    <Loggers>\r\n      <Logger friendlyName=\"blame\" enabled=\"True\" />\r\n      <Logger friendlyName=\"Console\" uri=\"logger://microsoft/TestPlatform/ConsoleLogger/v1\" assemblyQualifiedName=\"Microsoft.VisualStudio.TestPlatform.CommandLine.Internal.ConsoleLogger, vstest.console, Version=15.0.0.0, Culture=neutral, PublicKeyToken=b03f5f7f11d50a3a\" codeBase=\"C:\\Program Files\\dotnet\\sdk\\8.0.202\\vstest.console.dll\" enabled=\"True\" />\r\n    </Loggers>\r\n  </LoggerRunSettings>\r\n  <DataCollectionRunSettings>\r\n    <DataCollectors>\r\n      <DataCollector friendlyName=\"blame\" enabled=\"True\">\r\n        <Configuration>\r\n          <ResultsDirectory>C:\\dotNet\\Day11\\ShoppingAppSolution\\ShoppingAppBLLTests\\bin\\Debug\\net8.0\\fine-code-coverage\\coverage-tool-output</ResultsDirectory>\r\n        </Configuration>\r\n      </DataCollector>\r\n    </DataCollectors>\r\n  </DataCollectionRunSettings>\r\n</RunSettings>","TestExecutionContext":{"FrequencyOfRunStatsChangeEvent":10,"RunStatsChangeEventTimeout":"00:00:01.5000000","InIsolation":false,"KeepAlive":false,"AreTestCaseLevelEventsRequired":false,"IsDebug":false,"TestCaseFilter":null,"FilterOptions":null},"Package":null}}
TpTrace Verbose: 0 : 9264, 5, 2024/04/24, 23:31:04.587, 7419827034992, vstest.console.dll, ParallelProxyExecutionManager.StartTestRunOnConcurrentManager: Execution started. Started clients: 1
TpTrace Verbose: 0 : 9264, 13, 2024/04/24, 23:31:04.688, 7419828044238, vstest.console.dll, TcpClientExtensions.MessageLoopAsync: NotifyDataAvailable remoteEndPoint: 127.0.0.1:61008 localEndPoint: 127.0.0.1:61007
TpTrace Verbose: 0 : 9264, 13, 2024/04/24, 23:31:04.688, 7419828046137, vstest.console.dll, TestRequestSender.OnExecutionMessageReceived: Received message: {"Version":7,"MessageType":"TestSession.Message","Payload":{"MessageLevel":0,"Message":"NUnit Adapter 4.5.0.0: Test execution started"}}
TpTrace Verbose: 0 : 9264, 13, 2024/04/24, 23:31:04.688, 7419828048088, vstest.console.dll, TestRunRequest:SendTestRunMessage: Starting.
TpTrace Verbose: 0 : 9264, 13, 2024/04/24, 23:31:04.688, 7419828048825, vstest.console.dll, MulticastDelegateUtilities.SafeInvoke: TestRun.LogMessages: Invoking callback 1/1 for Microsoft.VisualStudio.TestPlatform.CommandLine.TestRunResultAggregator., took 0 ms.
TpTrace Information: 0 : 9264, 13, 2024/04/24, 23:31:04.688, 7419828049178, vstest.console.dll, TestRunRequest:SendTestRunMessage: Completed.
TpTrace Verbose: 0 : 9264, 13, 2024/04/24, 23:31:04.688, 7419828049552, vstest.console.dll, MulticastDelegateUtilities.SafeInvoke: LengthPrefixCommunicationChannel: MessageReceived: Invoking callback 1/1 for Microsoft.VisualStudio.TestPlatform.CommunicationUtilities.TestRequestSender+<>c__DisplayClass34_0., took 0 ms.
TpTrace Verbose: 0 : 9264, 4, 2024/04/24, 23:31:04.688, 7419828049674, vstest.console.dll, MulticastDelegateUtilities.SafeInvoke: InternalTestLoggerEvents.SendTestRunMessage: Invoking callback 1/1 for Microsoft.VisualStudio.TestPlatform.CommandLine.Internal.ConsoleLogger., took 0 ms.
TpTrace Verbose: 0 : 9264, 13, 2024/04/24, 23:31:04.688, 7419828049952, vstest.console.dll, TcpClientExtensions.MessageLoopAsync: Polling on remoteEndPoint: 127.0.0.1:61008 localEndPoint: 127.0.0.1:61007 after 107 ms
TpTrace Verbose: 0 : 9264, 13, 2024/04/24, 23:31:04.705, 7419828214490, vstest.console.dll, TcpClientExtensions.MessageLoopAsync: NotifyDataAvailable remoteEndPoint: 127.0.0.1:61008 localEndPoint: 127.0.0.1:61007
TpTrace Verbose: 0 : 9264, 13, 2024/04/24, 23:31:04.705, 7419828216441, vstest.console.dll, TestRequestSender.OnExecutionMessageReceived: Received message: {"Version":7,"MessageType":"TestSession.Message","Payload":{"MessageLevel":0,"Message":"Running all tests in C:\\dotNet\\Day11\\ShoppingAppSolution\\ShoppingAppBLLTests\\bin\\Debug\\net8.0\\fine-code-coverage\\build-output\\ShoppingAppBLLTests.dll"}}
TpTrace Verbose: 0 : 9264, 13, 2024/04/24, 23:31:04.705, 7419828217989, vstest.console.dll, TestRunRequest:SendTestRunMessage: Starting.
TpTrace Verbose: 0 : 9264, 13, 2024/04/24, 23:31:04.705, 7419828218735, vstest.console.dll, MulticastDelegateUtilities.SafeInvoke: TestRun.LogMessages: Invoking callback 1/1 for Microsoft.VisualStudio.TestPlatform.CommandLine.TestRunResultAggregator., took 0 ms.
TpTrace Information: 0 : 9264, 13, 2024/04/24, 23:31:04.705, 7419828219267, vstest.console.dll, TestRunRequest:SendTestRunMessage: Completed.
TpTrace Verbose: 0 : 9264, 13, 2024/04/24, 23:31:04.705, 7419828219661, vstest.console.dll, MulticastDelegateUtilities.SafeInvoke: LengthPrefixCommunicationChannel: MessageReceived: Invoking callback 1/1 for Microsoft.VisualStudio.TestPlatform.CommunicationUtilities.TestRequestSender+<>c__DisplayClass34_0., took 0 ms.
TpTrace Verbose: 0 : 9264, 13, 2024/04/24, 23:31:04.705, 7419828220092, vstest.console.dll, TcpClientExtensions.MessageLoopAsync: Polling on remoteEndPoint: 127.0.0.1:61008 localEndPoint: 127.0.0.1:61007 after 16 ms
TpTrace Verbose: 0 : 9264, 4, 2024/04/24, 23:31:04.705, 7419828220071, vstest.console.dll, MulticastDelegateUtilities.SafeInvoke: InternalTestLoggerEvents.SendTestRunMessage: Invoking callback 1/1 for Microsoft.VisualStudio.TestPlatform.CommandLine.Internal.ConsoleLogger., took 0 ms.
TpTrace Verbose: 0 : 9264, 13, 2024/04/24, 23:31:04.782, 7419828984981, vstest.console.dll, TcpClientExtensions.MessageLoopAsync: NotifyDataAvailable remoteEndPoint: 127.0.0.1:61008 localEndPoint: 127.0.0.1:61007
TpTrace Verbose: 0 : 9264, 13, 2024/04/24, 23:31:04.782, 7419828987600, vstest.console.dll, TestRequestSender.OnExecutionMessageReceived: Received message: {"Version":7,"MessageType":"TestSession.Message","Payload":{"MessageLevel":0,"Message":"   NUnit3TestExecutor discovered 40 of 40 NUnit test cases using Current Discovery mode, Non-Explicit run"}}
TpTrace Verbose: 0 : 9264, 13, 2024/04/24, 23:31:04.782, 7419828989526, vstest.console.dll, TestRunRequest:SendTestRunMessage: Starting.
TpTrace Verbose: 0 : 9264, 13, 2024/04/24, 23:31:04.782, 7419828990455, vstest.console.dll, MulticastDelegateUtilities.SafeInvoke: TestRun.LogMessages: Invoking callback 1/1 for Microsoft.VisualStudio.TestPlatform.CommandLine.TestRunResultAggregator., took 0 ms.
TpTrace Information: 0 : 9264, 13, 2024/04/24, 23:31:04.782, 7419828990921, vstest.console.dll, TestRunRequest:SendTestRunMessage: Completed.
TpTrace Verbose: 0 : 9264, 13, 2024/04/24, 23:31:04.782, 7419828991247, vstest.console.dll, MulticastDelegateUtilities.SafeInvoke: LengthPrefixCommunicationChannel: MessageReceived: Invoking callback 1/1 for Microsoft.VisualStudio.TestPlatform.CommunicationUtilities.TestRequestSender+<>c__DisplayClass34_0., took 0 ms.
TpTrace Verbose: 0 : 9264, 13, 2024/04/24, 23:31:04.782, 7419828991598, vstest.console.dll, TcpClientExtensions.MessageLoopAsync: Polling on remoteEndPoint: 127.0.0.1:61008 localEndPoint: 127.0.0.1:61007 after 77 ms
TpTrace Verbose: 0 : 9264, 4, 2024/04/24, 23:31:04.782, 7419828992011, vstest.console.dll, MulticastDelegateUtilities.SafeInvoke: InternalTestLoggerEvents.SendTestRunMessage: Invoking callback 1/1 for Microsoft.VisualStudio.TestPlatform.CommandLine.Internal.ConsoleLogger., took 0 ms.
TpTrace Verbose: 0 : 9264, 13, 2024/04/24, 23:31:04.930, 7419830466821, vstest.console.dll, TcpClientExtensions.MessageLoopAsync: NotifyDataAvailable remoteEndPoint: 127.0.0.1:61008 localEndPoint: 127.0.0.1:61007
TpTrace Verbose: 0 : 9264, 13, 2024/04/24, 23:31:04.930, 7419830471910, vstest.console.dll, TestRequestSender.OnExecutionMessageReceived: Received message: {"Version":7,"MessageType":"TestExecution.StatsChange","Payload":{"NewTestResults":[{"TestCase":{"Id":"052637c3-744b-8f09-6ca0-ffd6c9aeafc6","FullyQualifiedName":"ShoppingAppBLLTests.CartBLTests.AddCartPassTest","DisplayName":"AddCartPassTest","ExecutorUri":"executor://NUnit3TestExecutor","Source":"C:\\dotNet\\Day11\\ShoppingAppSolution\\ShoppingAppBLLTests\\bin\\Debug\\net8.0\\fine-code-coverage\\build-output\\ShoppingAppBLLTests.dll","CodeFilePath":null,"LineNumber":0,"Properties":[{"Key":{"Id":"NUnit.Seed","Label":"Seed","Category":"","Description":"","Attributes":0,"ValueType":"System.String"},"Value":"136029762"}]},"Attachments":[],"Outcome":1,"ErrorMessage":null,"ErrorStackTrace":null,"DisplayName":"AddCartPassTest","Messages":[],"ComputerName":"853CBX3","Duration":"00:00:00.0181930","StartTime":"2024-04-24T18:01:04.80464+00:00","EndTime":"2024-04-24T18:01:04.8227359+00:00","Properties":[{"Key":{"Id":"NUnit.Seed","Label":"Seed","Category":"","Description":"","Attributes":0,"ValueType":"System.String"},"Value":"136029762"}]},{"TestCase":{"Id":"25514820-3ddb-931b-af6a-3a0e8bef70a6","FullyQualifiedName":"ShoppingAppBLLTests.CartBLTests.CartAlreadyExistsExceptionTest","DisplayName":"CartAlreadyExistsExceptionTest","ExecutorUri":"executor://NUnit3TestExecutor","Source":"C:\\dotNet\\Day11\\ShoppingAppSolution\\ShoppingAppBLLTests\\bin\\Debug\\net8.0\\fine-code-coverage\\build-output\\ShoppingAppBLLTests.dll","CodeFilePath":null,"LineNumber":0,"Properties":[{"Key":{"Id":"NUnit.Seed","Label":"Seed","Category":"","Description":"","Attributes":0,"ValueType":"System.String"},"Value":"1498797036"}]},"Attachments":[],"Outcome":2,"ErrorMessage":"  Expected: <ShoppingAppModelLibrary.CustomExceptions.ObjectAlreadyExistsException>\r\n  But was:  null\r\n","ErrorStackTrace":"   at ShoppingAppBLLTests.CartBLTests.CartAlreadyExistsExceptionTest() in C:\\dotNet\\Day11\\ShoppingAppSolution\\ShoppingAppBLLTests\\CartBLTests.cs:line 51\r\n\n1)    at ShoppingAppBLLTests.CartBLTests.CartAlreadyExistsExceptionTest() in C:\\dotNet\\Day11\\ShoppingAppSolution\\ShoppingAppBLLTests\\CartBLTests.cs:line 51\r\n\n","DisplayName":"CartAlreadyExistsExceptionTest","Messages":[],"ComputerName":"853CBX3","Duration":"00:00:00.0318000","StartTime":"2024-04-24T18:01:04.8246054+00:00","EndTime":"2024-04-24T18:01:04.8564054+00:00","Properties":[{"Key":{"Id":"NUnit.Seed","Label":"Seed","Category":"","Description":"","Attributes":0,"ValueType":"System.String"},"Value":"1498797036"}]},{"TestCase":{"Id":"87376fdb-44bd-ccf7-80f1-11ec464d4222","FullyQualifiedName":"ShoppingAppBLLTests.CartBLTests.CartNotAvailableExceptionTest","DisplayName":"CartNotAvailableExceptionTest","ExecutorUri":"executor://NUnit3TestExecutor","Source":"C:\\dotNet\\Day11\\ShoppingAppSolution\\ShoppingAppBLLTests\\bin\\Debug\\net8.0\\fine-code-coverage\\build-output\\ShoppingAppBLLTests.dll","CodeFilePath":null,"LineNumber":0,"Properties":[{"Key":{"Id":"NUnit.Seed","Label":"Seed","Category":"","Description":"","Attributes":0,"ValueType":"System.String"},"Value":"1125681754"}]},"Attachments":[],"Outcome":2,"ErrorMessage":"  String lengths are both 31. Strings differ at index 21.\r\n  Expected: \"Cart with id - 3 not available!\"\r\n  But was:  \"Cart with id - 3 not Available!\"\r\n  --------------------------------^\r\n","ErrorStackTrace":"   at ShoppingAppBLLTests.CartBLTests.CartNotAvailableExceptionTest() in C:\\dotNet\\Day11\\ShoppingAppSolution\\ShoppingAppBLLTests\\CartBLTests.cs:line 72\r\n\n1)    at ShoppingAppBLLTests.CartBLTests.CartNotAvailableExceptionTest() in C:\\dotNet\\Day11\\ShoppingAppSolution\\ShoppingAppBLLTests\\CartBLTests.cs:line 72\r\n\n","DisplayName":"CartNotAvailableExceptionTest","Messages":[],"ComputerName":"853CBX3","Duration":"00:00:00.0068970","StartTime":"2024-04-24T18:01:04.8565034+00:00","EndTime":"2024-04-24T18:01:04.8633998+00:00","Properties":[{"Key":{"Id":"NUnit.Seed","Label":"Seed","Category":"","Description":"","Attributes":0,"ValueType":"System.String"},"Value":"1125681754"}]},{"TestCase":{"Id":"5ad73642-e668-885d-88c3-7e5ef3b6525a","FullyQualifiedName":"ShoppingAppBLLTests.CartBLTests.DeleteCartNotAvailableExceptionTest","DisplayName":"DeleteCartNotAvailableExceptionTest","ExecutorUri":"executor://NUnit3TestExecutor","Source":"C:\\dotNet\\Day11\\ShoppingAppSolution\\ShoppingAppBLLTests\\bin\\Debug\\net8.0\\fine-code-coverage\\build-output\\ShoppingAppBLLTests.dll","CodeFilePath":null,"LineNumber":0,"Properties":[{"Key":{"Id":"NUnit.Seed","Label":"Seed","Category":"","Description":"","Attributes":0,"ValueType":"System.String"},"Value":"1715326704"}]},"Attachments":[],"Outcome":2,"ErrorMessage":"  String lengths are both 31. Strings differ at index 21.\r\n  Expected: \"Cart with id - 3 not available!\"\r\n  But was:  \"Cart with id - 3 not Available!\"\r\n  --------------------------------^\r\n","ErrorStackTrace":"   at ShoppingAppBLLTests.CartBLTests.DeleteCartNotAvailableExceptionTest() in C:\\dotNet\\Day11\\ShoppingAppSolution\\ShoppingAppBLLTests\\CartBLTests.cs:line 91\r\n\n1)    at ShoppingAppBLLTests.CartBLTests.DeleteCartNotAvailableExceptionTest() in C:\\dotNet\\Day11\\ShoppingAppSolution\\ShoppingAppBLLTests\\CartBLTests.cs:line 91\r\n\n","DisplayName":"DeleteCartNotAvailableExceptionTest","Messages":[],"ComputerName":"853CBX3","Duration":"00:00:00.0009160","StartTime":"2024-04-24T18:01:04.8634246+00:00","EndTime":"2024-04-24T18:01:04.8643408+00:00","Properties":[{"Key":{"Id":"NUnit.Seed","Label":"Seed","Category":"","Description":"","Attributes":0,"ValueType":"System.String"},"Value":"1715326704"}]},{"TestCase":{"Id":"2ea3b032-6906-a301-dc90-80c417baa663","FullyQualifiedName":"ShoppingAppBLLTests.CartBLTests.DeleteCartPassTest","DisplayName":"DeleteCartPassTest","ExecutorUri":"executor://NUnit3TestExecutor","Source":"C:\\dotNet\\Day11\\ShoppingAppSolution\\ShoppingAppBLLTests\\bin\\Debug\\net8.0\\fine-code-coverage\\build-output\\ShoppingAppBLLTests.dll","CodeFilePath":null,"LineNumber":0,"Properties":[{"Key":{"Id":"NUnit.Seed","Label":"Seed","Category":"","Description":"","Attributes":0,"ValueType":"System.String"},"Value":"643200994"}]},"Attachments":[],"Outcome":2,"ErrorMessage":"ShoppingAppModelLibrary.CustomExceptions.ObjectNotAvailableException : Cart with id - 1 not Available!","ErrorStackTrace":"   at ShoppingAppBLLLibrary.CartBL.DeleteCartById(Int32 cartId) in C:\\dotNet\\Day11\\ShoppingAppSolution\\ShoppingAppBLLLibrary\\CartBL.cs:line 49\r\n   at ShoppingAppBLLTests.CartBLTests.DeleteCartPassTest() in C:\\dotNet\\Day11\\ShoppingAppSolution\\ShoppingAppBLLTests\\CartBLTests.cs:line 79\r\n   at System.RuntimeMethodHandle.InvokeMethod(Object target, Void** arguments, Signature sig, Boolean isConstructor)\r\n   at System.Reflection.MethodBaseInvoker.InvokeWithNoArgs(Object obj, BindingFlags invokeAttr)\n","DisplayName":"DeleteCartPassTest","Messages":[],"ComputerName":"853CBX3","Duration":"00:00:00.0023509","StartTime":"2024-04-24T18:01:04.8643572+00:00","EndTime":"2024-04-24T18:01:04.8667075+00:00","Properties":[{"Key":{"Id":"NUnit.Seed","Label":"Seed","Category":"","Description":"","Attributes":0,"ValueType":"System.String"},"Value":"643200994"}]},{"TestCase":{"Id":"d4d3c0c8-0bbf-fca1-19df-23f4a190b5e5","FullyQualifiedName":"ShoppingAppBLLTests.CartBLTests.GetCartPassTest","DisplayName":"GetCartPassTest","ExecutorUri":"executor://NUnit3TestExecutor","Source":"C:\\dotNet\\Day11\\ShoppingAppSolution\\ShoppingAppBLLTests\\bin\\Debug\\net8.0\\fine-code-coverage\\build-output\\ShoppingAppBLLTests.dll","CodeFilePath":null,"LineNumber":0,"Properties":[{"Key":{"Id":"NUnit.Seed","Label":"Seed","Category":"","Description":"","Attributes":0,"ValueType":"System.String"},"Value":"233735895"}]},"Attachments":[],"Outcome":2,"ErrorMessage":"ShoppingAppModelLibrary.CustomExceptions.ObjectNotAvailableException : Cart with id - 1 not Available!","ErrorStackTrace":"   at ShoppingAppBLLLibrary.CartBL.GetCartById(Int32 cartId) in C:\\dotNet\\Day11\\ShoppingAppSolution\\ShoppingAppBLLLibrary\\CartBL.cs:line 39\r\n   at ShoppingAppBLLTests.CartBLTests.GetCartPassTest() in C:\\dotNet\\Day11\\ShoppingAppSolution\\ShoppingAppBLLTests\\CartBLTests.cs:line 60\r\n   at System.RuntimeMethodHandle.InvokeMethod(Object target, Void** arguments, Signature sig, Boolean isConstructor)\r\n   at System.Reflection.MethodBaseInvoker.InvokeWithNoArgs(Object obj, BindingFlags invokeAttr)\n","DisplayName":"GetCartPassTest","Messages":[],"ComputerName":"853CBX3","Duration":"00:00:00.0002400","StartTime":"2024-04-24T18:01:04.8667243+00:00","EndTime":"2024-04-24T18:01:04.8669638+00:00","Properties":[{"Key":{"Id":"NUnit.Seed","Label":"Seed","Category":"","Description":"","Attributes":0,"ValueType":"System.String"},"Value":"233735895"}]},{"TestCase":{"Id":"6a818a15-bdaa-cfa3-ef65-a9f9ff952ef9","FullyQualifiedName":"ShoppingAppBLLTests.CartBLTests.UpdateCartItemExceptionTest","DisplayName":"UpdateCartItemExceptionTest","ExecutorUri":"executor://NUnit3TestExecutor","Source":"C:\\dotNet\\Day11\\ShoppingAppSolution\\ShoppingAppBLLTests\\bin\\Debug\\net8.0\\fine-code-coverage\\build-output\\ShoppingAppBLLTests.dll","CodeFilePath":null,"LineNumber":0,"Properties":[{"Key":{"Id":"NUnit.Seed","Label":"Seed","Category":"","Description":"","Attributes":0,"ValueType":"System.String"},"Value":"620176022"}]},"Attachments":[],"Outcome":2,"ErrorMessage":"  String lengths are both 31. Strings differ at index 21.\r\n  Expected: \"Cart with id - 1 not available!\"\r\n  But was:  \"Cart with id - 1 not Available!\"\r\n  --------------------------------^\r\n","ErrorStackTrace":"   at ShoppingAppBLLTests.CartBLTests.UpdateCartItemExceptionTest() in C:\\dotNet\\Day11\\ShoppingAppSolution\\ShoppingAppBLLTests\\CartBLTests.cs:line 112\r\n\n1)    at ShoppingAppBLLTests.CartBLTests.UpdateCartItemExceptionTest() in C:\\dotNet\\Day11\\ShoppingAppSolution\\ShoppingAppBLLTests\\CartBLTests.cs:line 112\r\n\n","DisplayName":"UpdateCartItemExceptionTest","Messages":[],"ComputerName":"853CBX3","Duration":"00:00:00.0008360","StartTime":"2024-04-24T18:01:04.8669743+00:00","EndTime":"2024-04-24T18:01:04.8678099+00:00","Properties":[{"Key":{"Id":"NUnit.Seed","Label":"Seed","Category":"","Description":"","Attributes":0,"ValueType":"System.String"},"Value":"620176022"}]},{"TestCase":{"Id":"b0d94bb7-d9aa-8f87-8954-93cdbc8dfc6c","FullyQualifiedName":"ShoppingAppBLLTests.CartBLTests.UpdateCartPassTest","DisplayName":"UpdateCartPassTest","ExecutorUri":"executor://NUnit3TestExecutor","Source":"C:\\dotNet\\Day11\\ShoppingAppSolution\\ShoppingAppBLLTests\\bin\\Debug\\net8.0\\fine-code-coverage\\build-output\\ShoppingAppBLLTests.dll","CodeFilePath":null,"LineNumber":0,"Properties":[{"Key":{"Id":"NUnit.Seed","Label":"Seed","Category":"","Description":"","Attributes":0,"ValueType":"System.String"},"Value":"1804798052"}]},"Attachments":[],"Outcome":2,"ErrorMessage":"ShoppingAppModelLibrary.CustomExceptions.ObjectNotAvailableException : Cart with id - 1 not Available!","ErrorStackTrace":"   at ShoppingAppBLLLibrary.CartBL.GetCartById(Int32 cartId) in C:\\dotNet\\Day11\\ShoppingAppSolution\\ShoppingAppBLLLibrary\\CartBL.cs:line 39\r\n   at ShoppingAppBLLTests.CartBLTests.UpdateCartPassTest() in C:\\dotNet\\Day11\\ShoppingAppSolution\\ShoppingAppBLLTests\\CartBLTests.cs:line 98\r\n   at System.RuntimeMethodHandle.InvokeMethod(Object target, Void** arguments, Signature sig, Boolean isConstructor)\r\n   at System.Reflection.MethodBaseInvoker.InvokeWithNoArgs(Object obj, BindingFlags invokeAttr)\n","DisplayName":"UpdateCartPassTest","Messages":[],"ComputerName":"853CBX3","Duration":"00:00:00.0001960","StartTime":"2024-04-24T18:01:04.8678209+00:00","EndTime":"2024-04-24T18:01:04.8680173+00:00","Properties":[{"Key":{"Id":"NUnit.Seed","Label":"Seed","Category":"","Description":"","Attributes":0,"ValueType":"System.String"},"Value":"1804798052"}]},{"TestCase":{"Id":"60f37e67-1bd7-e90a-81af-b351ab35ac85","FullyQualifiedName":"ShoppingAppBLLTests.CartItemBLTests.AddCartItemPassTest","DisplayName":"AddCartItemPassTest","ExecutorUri":"executor://NUnit3TestExecutor","Source":"C:\\dotNet\\Day11\\ShoppingAppSolution\\ShoppingAppBLLTests\\bin\\Debug\\net8.0\\fine-code-coverage\\build-output\\ShoppingAppBLLTests.dll","CodeFilePath":null,"LineNumber":0,"Properties":[{"Key":{"Id":"NUnit.Seed","Label":"Seed","Category":"","Description":"","Attributes":0,"ValueType":"System.String"},"Value":"1218528419"}]},"Attachments":[],"Outcome":1,"ErrorMessage":null,"ErrorStackTrace":null,"DisplayName":"AddCartItemPassTest","Messages":[],"ComputerName":"853CBX3","Duration":"00:00:00.0006759","StartTime":"2024-04-24T18:01:04.8698222+00:00","EndTime":"2024-04-24T18:01:04.8704982+00:00","Properties":[{"Key":{"Id":"NUnit.Seed","Label":"Seed","Category":"","Description":"","Attributes":0,"ValueType":"System.String"},"Value":"1218528419"}]}],"TestRunStatistics":{"ExecutedTests":9,"Stats":{"Passed":2,"Failed":7}},"ActiveTests":[{"Id":"04caccd4-0e84-986b-9691-336bb2f3b87b","FullyQualifiedName":"ShoppingAppBLLTests.CartItemBLTests.CartItemAlreadyExistsExceptionTest","DisplayName":"CartItemAlreadyExistsExceptionTest","ExecutorUri":"executor://NUnit3TestExecutor","Source":"C:\\dotNet\\Day11\\ShoppingAppSolution\\ShoppingAppBLLTests\\bin\\Debug\\net8.0\\fine-code-coverage\\build-output\\ShoppingAppBLLTests.dll","CodeFilePath":null,"LineNumber":0,"Properties":[{"Key":{"Id":"NUnit.Seed","Label":"Seed","Category":"","Description":"","Attributes":0,"ValueType":"System.String"},"Value":"214212346"}]}]}}
TpTrace Verbose: 0 : 9264, 13, 2024/04/24, 23:31:04.955, 7419830719765, vstest.console.dll, TestRunRequest:SendTestRunStatsChange: Starting.
TpTrace Verbose: 0 : 9264, 13, 2024/04/24, 23:31:04.955, 7419830721175, vstest.console.dll, InProgress is CartItemAlreadyExistsExceptionTest
TpTrace Verbose: 0 : 9264, 13, 2024/04/24, 23:31:04.956, 7419830723089, vstest.console.dll, MulticastDelegateUtilities.SafeInvoke: TestRun.RunStatsChanged: Invoking callbacks was skipped because there are no subscribers.
TpTrace Information: 0 : 9264, 13, 2024/04/24, 23:31:04.956, 7419830723438, vstest.console.dll, TestRunRequest:SendTestRunStatsChange: Completed.
TpTrace Verbose: 0 : 9264, 13, 2024/04/24, 23:31:04.956, 7419830723718, vstest.console.dll, MulticastDelegateUtilities.SafeInvoke: LengthPrefixCommunicationChannel: MessageReceived: Invoking callback 1/1 for Microsoft.VisualStudio.TestPlatform.CommunicationUtilities.TestRequestSender+<>c__DisplayClass34_0., took 25 ms.
TpTrace Verbose: 0 : 9264, 13, 2024/04/24, 23:31:04.956, 7419830724037, vstest.console.dll, TcpClientExtensions.MessageLoopAsync: Polling on remoteEndPoint: 127.0.0.1:61008 localEndPoint: 127.0.0.1:61007 after 173 ms
TpTrace Verbose: 0 : 9264, 4, 2024/04/24, 23:31:04.957, 7419830739652, vstest.console.dll, MulticastDelegateUtilities.SafeInvoke: InternalTestLoggerEvents.SendTestResult: Invoking callback 1/1 for Microsoft.VisualStudio.TestPlatform.CommandLine.Internal.ConsoleLogger., took 1 ms.
TpTrace Verbose: 0 : 9264, 4, 2024/04/24, 23:31:04.958, 7419830751683, vstest.console.dll, MulticastDelegateUtilities.SafeInvoke: InternalTestLoggerEvents.SendTestResult: Invoking callback 1/1 for Microsoft.VisualStudio.TestPlatform.CommandLine.Internal.ConsoleLogger., took 0 ms.
TpTrace Verbose: 0 : 9264, 4, 2024/04/24, 23:31:04.959, 7419830755363, vstest.console.dll, MulticastDelegateUtilities.SafeInvoke: InternalTestLoggerEvents.SendTestResult: Invoking callback 1/1 for Microsoft.VisualStudio.TestPlatform.CommandLine.Internal.ConsoleLogger., took 0 ms.
TpTrace Verbose: 0 : 9264, 4, 2024/04/24, 23:31:04.959, 7419830758432, vstest.console.dll, MulticastDelegateUtilities.SafeInvoke: InternalTestLoggerEvents.SendTestResult: Invoking callback 1/1 for Microsoft.VisualStudio.TestPlatform.CommandLine.Internal.ConsoleLogger., took 0 ms.
TpTrace Verbose: 0 : 9264, 4, 2024/04/24, 23:31:04.959, 7419830761293, vstest.console.dll, MulticastDelegateUtilities.SafeInvoke: InternalTestLoggerEvents.SendTestResult: Invoking callback 1/1 for Microsoft.VisualStudio.TestPlatform.CommandLine.Internal.ConsoleLogger., took 0 ms.
TpTrace Verbose: 0 : 9264, 4, 2024/04/24, 23:31:04.960, 7419830764876, vstest.console.dll, MulticastDelegateUtilities.SafeInvoke: InternalTestLoggerEvents.SendTestResult: Invoking callback 1/1 for Microsoft.VisualStudio.TestPlatform.CommandLine.Internal.ConsoleLogger., took 0 ms.
TpTrace Verbose: 0 : 9264, 4, 2024/04/24, 23:31:04.960, 7419830769137, vstest.console.dll, MulticastDelegateUtilities.SafeInvoke: InternalTestLoggerEvents.SendTestResult: Invoking callback 1/1 for Microsoft.VisualStudio.TestPlatform.CommandLine.Internal.ConsoleLogger., took 0 ms.
TpTrace Verbose: 0 : 9264, 4, 2024/04/24, 23:31:04.960, 7419830771846, vstest.console.dll, MulticastDelegateUtilities.SafeInvoke: InternalTestLoggerEvents.SendTestResult: Invoking callback 1/1 for Microsoft.VisualStudio.TestPlatform.CommandLine.Internal.ConsoleLogger., took 0 ms.
TpTrace Verbose: 0 : 9264, 4, 2024/04/24, 23:31:04.961, 7419830773012, vstest.console.dll, MulticastDelegateUtilities.SafeInvoke: InternalTestLoggerEvents.SendTestResult: Invoking callback 1/1 for Microsoft.VisualStudio.TestPlatform.CommandLine.Internal.ConsoleLogger., took 0 ms.
TpTrace Verbose: 0 : 9264, 13, 2024/04/24, 23:31:04.967, 7419830838838, vstest.console.dll, TcpClientExtensions.MessageLoopAsync: NotifyDataAvailable remoteEndPoint: 127.0.0.1:61008 localEndPoint: 127.0.0.1:61007
TpTrace Verbose: 0 : 9264, 13, 2024/04/24, 23:31:04.968, 7419830842776, vstest.console.dll, TestRequestSender.OnExecutionMessageReceived: Received message: {"Version":7,"MessageType":"TestExecution.StatsChange","Payload":{"NewTestResults":[{"TestCase":{"Id":"04caccd4-0e84-986b-9691-336bb2f3b87b","FullyQualifiedName":"ShoppingAppBLLTests.CartItemBLTests.CartItemAlreadyExistsExceptionTest","DisplayName":"CartItemAlreadyExistsExceptionTest","ExecutorUri":"executor://NUnit3TestExecutor","Source":"C:\\dotNet\\Day11\\ShoppingAppSolution\\ShoppingAppBLLTests\\bin\\Debug\\net8.0\\fine-code-coverage\\build-output\\ShoppingAppBLLTests.dll","CodeFilePath":null,"LineNumber":0,"Properties":[{"Key":{"Id":"NUnit.Seed","Label":"Seed","Category":"","Description":"","Attributes":0,"ValueType":"System.String"},"Value":"214212346"}]},"Attachments":[],"Outcome":2,"ErrorMessage":"  Expected: <ShoppingAppModelLibrary.CustomExceptions.ObjectAlreadyExistsException>\r\n  But was:  null\r\n","ErrorStackTrace":"   at ShoppingAppBLLTests.CartItemBLTests.CartItemAlreadyExistsExceptionTest() in C:\\dotNet\\Day11\\ShoppingAppSolution\\ShoppingAppBLLTests\\CartItemBLTests.cs:line 48\r\n\n1)    at ShoppingAppBLLTests.CartItemBLTests.CartItemAlreadyExistsExceptionTest() in C:\\dotNet\\Day11\\ShoppingAppSolution\\ShoppingAppBLLTests\\CartItemBLTests.cs:line 48\r\n\n","DisplayName":"CartItemAlreadyExistsExceptionTest","Messages":[],"ComputerName":"853CBX3","Duration":"00:00:00.0005970","StartTime":"2024-04-24T18:01:04.8705102+00:00","EndTime":"2024-04-24T18:01:04.8711067+00:00","Properties":[{"Key":{"Id":"NUnit.Seed","Label":"Seed","Category":"","Description":"","Attributes":0,"ValueType":"System.String"},"Value":"214212346"}]},{"TestCase":{"Id":"e99306d3-ad62-1d75-2073-68206660c7d8","FullyQualifiedName":"ShoppingAppBLLTests.CartItemBLTests.CartItemNotAvailableExceptionTest","DisplayName":"CartItemNotAvailableExceptionTest","ExecutorUri":"executor://NUnit3TestExecutor","Source":"C:\\dotNet\\Day11\\ShoppingAppSolution\\ShoppingAppBLLTests\\bin\\Debug\\net8.0\\fine-code-coverage\\build-output\\ShoppingAppBLLTests.dll","CodeFilePath":null,"LineNumber":0,"Properties":[{"Key":{"Id":"NUnit.Seed","Label":"Seed","Category":"","Description":"","Attributes":0,"ValueType":"System.String"},"Value":"1036472604"}]},"Attachments":[],"Outcome":2,"ErrorMessage":"  String lengths are both 35. Strings differ at index 25.\r\n  Expected: \"CartItem with id - 3 not available!\"\r\n  But was:  \"CartItem with id - 3 not Available!\"\r\n  ------------------------------------^\r\n","ErrorStackTrace":"   at ShoppingAppBLLTests.CartItemBLTests.CartItemNotAvailableExceptionTest() in C:\\dotNet\\Day11\\ShoppingAppSolution\\ShoppingAppBLLTests\\CartItemBLTests.cs:line 69\r\n\n1)    at ShoppingAppBLLTests.CartItemBLTests.CartItemNotAvailableExceptionTest() in C:\\dotNet\\Day11\\ShoppingAppSolution\\ShoppingAppBLLTests\\CartItemBLTests.cs:line 69\r\n\n","DisplayName":"CartItemNotAvailableExceptionTest","Messages":[],"ComputerName":"853CBX3","Duration":"00:00:00.0008780","StartTime":"2024-04-24T18:01:04.8711188+00:00","EndTime":"2024-04-24T18:01:04.8719967+00:00","Properties":[{"Key":{"Id":"NUnit.Seed","Label":"Seed","Category":"","Description":"","Attributes":0,"ValueType":"System.String"},"Value":"1036472604"}]},{"TestCase":{"Id":"053a6814-efd9-10d1-9d49-b6e017ea4078","FullyQualifiedName":"ShoppingAppBLLTests.CartItemBLTests.DeleteCartItemNotAvailableExceptionTest","DisplayName":"DeleteCartItemNotAvailableExceptionTest","ExecutorUri":"executor://NUnit3TestExecutor","Source":"C:\\dotNet\\Day11\\ShoppingAppSolution\\ShoppingAppBLLTests\\bin\\Debug\\net8.0\\fine-code-coverage\\build-output\\ShoppingAppBLLTests.dll","CodeFilePath":null,"LineNumber":0,"Properties":[{"Key":{"Id":"NUnit.Seed","Label":"Seed","Category":"","Description":"","Attributes":0,"ValueType":"System.String"},"Value":"285385811"}]},"Attachments":[],"Outcome":2,"ErrorMessage":"  String lengths are both 35. Strings differ at index 25.\r\n  Expected: \"CartItem with id - 3 not available!\"\r\n  But was:  \"CartItem with id - 3 not Available!\"\r\n  ------------------------------------^\r\n","ErrorStackTrace":"   at ShoppingAppBLLTests.CartItemBLTests.DeleteCartItemNotAvailableExceptionTest() in C:\\dotNet\\Day11\\ShoppingAppSolution\\ShoppingAppBLLTests\\CartItemBLTests.cs:line 88\r\n\n1)    at ShoppingAppBLLTests.CartItemBLTests.DeleteCartItemNotAvailableExceptionTest() in C:\\dotNet\\Day11\\ShoppingAppSolution\\ShoppingAppBLLTests\\CartItemBLTests.cs:line 88\r\n\n","DisplayName":"DeleteCartItemNotAvailableExceptionTest","Messages":[],"ComputerName":"853CBX3","Duration":"00:00:00.0006260","StartTime":"2024-04-24T18:01:04.8720087+00:00","EndTime":"2024-04-24T18:01:04.8726343+00:00","Properties":[{"Key":{"Id":"NUnit.Seed","Label":"Seed","Category":"","Description":"","Attributes":0,"ValueType":"System.String"},"Value":"285385811"}]},{"TestCase":{"Id":"6fee36dd-ee97-65d2-5fa0-cb36b4255747","FullyQualifiedName":"ShoppingAppBLLTests.CartItemBLTests.DeleteCartItemPassTest","DisplayName":"DeleteCartItemPassTest","ExecutorUri":"executor://NUnit3TestExecutor","Source":"C:\\dotNet\\Day11\\ShoppingAppSolution\\ShoppingAppBLLTests\\bin\\Debug\\net8.0\\fine-code-coverage\\build-output\\ShoppingAppBLLTests.dll","CodeFilePath":null,"LineNumber":0,"Properties":[{"Key":{"Id":"NUnit.Seed","Label":"Seed","Category":"","Description":"","Attributes":0,"ValueType":"System.String"},"Value":"1582629681"}]},"Attachments":[],"Outcome":1,"ErrorMessage":null,"ErrorStackTrace":null,"DisplayName":"DeleteCartItemPassTest","Messages":[],"ComputerName":"853CBX3","Duration":"00:00:00.0000950","StartTime":"2024-04-24T18:01:04.8726466+00:00","EndTime":"2024-04-24T18:01:04.8727417+00:00","Properties":[{"Key":{"Id":"NUnit.Seed","Label":"Seed","Category":"","Description":"","Attributes":0,"ValueType":"System.String"},"Value":"1582629681"}]},{"TestCase":{"Id":"a50530c5-3bd4-4702-8e0c-27539a46796d","FullyQualifiedName":"ShoppingAppBLLTests.CartItemBLTests.GetCartItemtPassTest","DisplayName":"GetCartItemtPassTest","ExecutorUri":"executor://NUnit3TestExecutor","Source":"C:\\dotNet\\Day11\\ShoppingAppSolution\\ShoppingAppBLLTests\\bin\\Debug\\net8.0\\fine-code-coverage\\build-output\\ShoppingAppBLLTests.dll","CodeFilePath":null,"LineNumber":0,"Properties":[{"Key":{"Id":"NUnit.Seed","Label":"Seed","Category":"","Description":"","Attributes":0,"ValueType":"System.String"},"Value":"719034462"}]},"Attachments":[],"Outcome":1,"ErrorMessage":null,"ErrorStackTrace":null,"DisplayName":"GetCartItemtPassTest","Messages":[],"ComputerName":"853CBX3","Duration":"00:00:00.0000780","StartTime":"2024-04-24T18:01:04.8727512+00:00","EndTime":"2024-04-24T18:01:04.8728286+00:00","Properties":[{"Key":{"Id":"NUnit.Seed","Label":"Seed","Category":"","Description":"","Attributes":0,"ValueType":"System.String"},"Value":"719034462"}]},{"TestCase":{"Id":"e43f47c9-e1ee-6da8-a213-5abdffe3240e","FullyQualifiedName":"ShoppingAppBLLTests.CartItemBLTests.UpdateCartItemExceptionTest","DisplayName":"UpdateCartItemExceptionTest","ExecutorUri":"executor://NUnit3TestExecutor","Source":"C:\\dotNet\\Day11\\ShoppingAppSolution\\ShoppingAppBLLTests\\bin\\Debug\\net8.0\\fine-code-coverage\\build-output\\ShoppingAppBLLTests.dll","CodeFilePath":null,"LineNumber":0,"Properties":[{"Key":{"Id":"NUnit.Seed","Label":"Seed","Category":"","Description":"","Attributes":0,"ValueType":"System.String"},"Value":"381565208"}]},"Attachments":[],"Outcome":1,"ErrorMessage":null,"ErrorStackTrace":null,"DisplayName":"UpdateCartItemExceptionTest","Messages":[],"ComputerName":"853CBX3","Duration":"00:00:00.0004540","StartTime":"2024-04-24T18:01:04.8728362+00:00","EndTime":"2024-04-24T18:01:04.8732897+00:00","Properties":[{"Key":{"Id":"NUnit.Seed","Label":"Seed","Category":"","Description":"","Attributes":0,"ValueType":"System.String"},"Value":"381565208"}]},{"TestCase":{"Id":"8cac1978-c133-5ddf-b9ca-bca7baf6600a","FullyQualifiedName":"ShoppingAppBLLTests.CartItemBLTests.UpdateCartItemPassTest","DisplayName":"UpdateCartItemPassTest","ExecutorUri":"executor://NUnit3TestExecutor","Source":"C:\\dotNet\\Day11\\ShoppingAppSolution\\ShoppingAppBLLTests\\bin\\Debug\\net8.0\\fine-code-coverage\\build-output\\ShoppingAppBLLTests.dll","CodeFilePath":null,"LineNumber":0,"Properties":[{"Key":{"Id":"NUnit.Seed","Label":"Seed","Category":"","Description":"","Attributes":0,"ValueType":"System.String"},"Value":"897252577"}]},"Attachments":[],"Outcome":2,"ErrorMessage":"ShoppingAppModelLibrary.CustomExceptions.ObjectNotAvailableException : CartItem with id - 1 not available!","ErrorStackTrace":"   at ShoppingAppBLLLibrary.CartItemBL.UpdateCartItem(CartItem cartItem) in C:\\dotNet\\Day11\\ShoppingAppSolution\\ShoppingAppBLLLibrary\\CartItemBL.cs:line 60\r\n   at ShoppingAppBLLTests.CartItemBLTests.UpdateCartItemPassTest() in C:\\dotNet\\Day11\\ShoppingAppSolution\\ShoppingAppBLLTests\\CartItemBLTests.cs:line 96\r\n   at System.RuntimeMethodHandle.InvokeMethod(Object target, Void** arguments, Signature sig, Boolean isConstructor)\r\n   at System.Reflection.MethodBaseInvoker.InvokeWithNoArgs(Object obj, BindingFlags invokeAttr)\n","DisplayName":"UpdateCartItemPassTest","Messages":[],"ComputerName":"853CBX3","Duration":"00:00:00.0002280","StartTime":"2024-04-24T18:01:04.8733011+00:00","EndTime":"2024-04-24T18:01:04.8735286+00:00","Properties":[{"Key":{"Id":"NUnit.Seed","Label":"Seed","Category":"","Description":"","Attributes":0,"ValueType":"System.String"},"Value":"897252577"}]},{"TestCase":{"Id":"7a464b5f-b1c9-aef9-d3e0-ad97865b29d9","FullyQualifiedName":"ShoppingAppBLLTests.CartItemBLTests.UpdateQuantityExceptionTest","DisplayName":"UpdateQuantityExceptionTest","ExecutorUri":"executor://NUnit3TestExecutor","Source":"C:\\dotNet\\Day11\\ShoppingAppSolution\\ShoppingAppBLLTests\\bin\\Debug\\net8.0\\fine-code-coverage\\build-output\\ShoppingAppBLLTests.dll","CodeFilePath":null,"LineNumber":0,"Properties":[{"Key":{"Id":"NUnit.Seed","Label":"Seed","Category":"","Description":"","Attributes":0,"ValueType":"System.String"},"Value":"631629712"}]},"Attachments":[],"Outcome":1,"ErrorMessage":null,"ErrorStackTrace":null,"DisplayName":"UpdateQuantityExceptionTest","Messages":[],"ComputerName":"853CBX3","Duration":"00:00:00.0002840","StartTime":"2024-04-24T18:01:04.8735458+00:00","EndTime":"2024-04-24T18:01:04.8738295+00:00","Properties":[{"Key":{"Id":"NUnit.Seed","Label":"Seed","Category":"","Description":"","Attributes":0,"ValueType":"System.String"},"Value":"631629712"}]},{"TestCase":{"Id":"a3d399a5-b7ec-797a-ae43-21ae1a5f6402","FullyQualifiedName":"ShoppingAppBLLTests.CartItemBLTests.UpdateQuantityPassTest","DisplayName":"UpdateQuantityPassTest","ExecutorUri":"executor://NUnit3TestExecutor","Source":"C:\\dotNet\\Day11\\ShoppingAppSolution\\ShoppingAppBLLTests\\bin\\Debug\\net8.0\\fine-code-coverage\\build-output\\ShoppingAppBLLTests.dll","CodeFilePath":null,"LineNumber":0,"Properties":[{"Key":{"Id":"NUnit.Seed","Label":"Seed","Category":"","Description":"","Attributes":0,"ValueType":"System.String"},"Value":"1834371226"}]},"Attachments":[],"Outcome":2,"ErrorMessage":"ShoppingAppModelLibrary.CustomExceptions.ObjectNotAvailableException : CartItem with id - 1 not available!","ErrorStackTrace":"   at ShoppingAppBLLLibrary.CartItemBL.UpdateCartItem(CartItem cartItem) in C:\\dotNet\\Day11\\ShoppingAppSolution\\ShoppingAppBLLLibrary\\CartItemBL.cs:line 60\r\n   at ShoppingAppBLLTests.CartItemBLTests.UpdateQuantityPassTest() in C:\\dotNet\\Day11\\ShoppingAppSolution\\ShoppingAppBLLTests\\CartItemBLTests.cs:line 113\r\n   at System.RuntimeMethodHandle.InvokeMethod(Object target, Void** arguments, Signature sig, Boolean isConstructor)\r\n   at System.Reflection.MethodBaseInvoker.InvokeWithNoArgs(Object obj, BindingFlags invokeAttr)\n","DisplayName":"UpdateQuantityPassTest","Messages":[],"ComputerName":"853CBX3","Duration":"00:00:00.0002000","StartTime":"2024-04-24T18:01:04.8738401+00:00","EndTime":"2024-04-24T18:01:04.8740405+00:00","Properties":[{"Key":{"Id":"NUnit.Seed","Label":"Seed","Category":"","Description":"","Attributes":0,"ValueType":"System.String"},"Value":"1834371226"}]}],"TestRunStatistics":{"ExecutedTests":18,"Stats":{"Passed":6,"Failed":12}},"ActiveTests":[{"Id":"4bf03262-1b99-4184-73a3-c3bf8efc35d8","FullyQualifiedName":"ShoppingAppBLLTests.CustomerBLTest.AddCustomerPassTest","DisplayName":"AddCustomerPassTest","ExecutorUri":"executor://NUnit3TestExecutor","Source":"C:\\dotNet\\Day11\\ShoppingAppSolution\\ShoppingAppBLLTests\\bin\\Debug\\net8.0\\fine-code-coverage\\build-output\\ShoppingAppBLLTests.dll","CodeFilePath":null,"LineNumber":0,"Properties":[{"Key":{"Id":"NUnit.Seed","Label":"Seed","Category":"","Description":"","Attributes":0,"ValueType":"System.String"},"Value":"1953282023"}]}]}}
TpTrace Verbose: 0 : 9264, 13, 2024/04/24, 23:31:04.968, 7419830852433, vstest.console.dll, TestRunRequest:SendTestRunStatsChange: Starting.
TpTrace Verbose: 0 : 9264, 13, 2024/04/24, 23:31:04.969, 7419830852903, vstest.console.dll, InProgress is AddCustomerPassTest
TpTrace Verbose: 0 : 9264, 13, 2024/04/24, 23:31:04.969, 7419830853499, vstest.console.dll, MulticastDelegateUtilities.SafeInvoke: TestRun.RunStatsChanged: Invoking callbacks was skipped because there are no subscribers.
TpTrace Information: 0 : 9264, 13, 2024/04/24, 23:31:04.969, 7419830853745, vstest.console.dll, TestRunRequest:SendTestRunStatsChange: Completed.
TpTrace Verbose: 0 : 9264, 13, 2024/04/24, 23:31:04.969, 7419830854005, vstest.console.dll, MulticastDelegateUtilities.SafeInvoke: LengthPrefixCommunicationChannel: MessageReceived: Invoking callback 1/1 for Microsoft.VisualStudio.TestPlatform.CommunicationUtilities.TestRequestSender+<>c__DisplayClass34_0., took 1 ms.
TpTrace Verbose: 0 : 9264, 13, 2024/04/24, 23:31:04.969, 7419830854325, vstest.console.dll, TcpClientExtensions.MessageLoopAsync: Polling on remoteEndPoint: 127.0.0.1:61008 localEndPoint: 127.0.0.1:61007 after 13 ms
TpTrace Verbose: 0 : 9264, 4, 2024/04/24, 23:31:04.969, 7419830856642, vstest.console.dll, MulticastDelegateUtilities.SafeInvoke: InternalTestLoggerEvents.SendTestResult: Invoking callback 1/1 for Microsoft.VisualStudio.TestPlatform.CommandLine.Internal.ConsoleLogger., took 0 ms.
TpTrace Verbose: 0 : 9264, 4, 2024/04/24, 23:31:04.969, 7419830861294, vstest.console.dll, MulticastDelegateUtilities.SafeInvoke: InternalTestLoggerEvents.SendTestResult: Invoking callback 1/1 for Microsoft.VisualStudio.TestPlatform.CommandLine.Internal.ConsoleLogger., took 0 ms.
TpTrace Verbose: 0 : 9264, 4, 2024/04/24, 23:31:04.970, 7419830863475, vstest.console.dll, MulticastDelegateUtilities.SafeInvoke: InternalTestLoggerEvents.SendTestResult: Invoking callback 1/1 for Microsoft.VisualStudio.TestPlatform.CommandLine.Internal.ConsoleLogger., took 0 ms.
TpTrace Verbose: 0 : 9264, 4, 2024/04/24, 23:31:04.970, 7419830864036, vstest.console.dll, MulticastDelegateUtilities.SafeInvoke: InternalTestLoggerEvents.SendTestResult: Invoking callback 1/1 for Microsoft.VisualStudio.TestPlatform.CommandLine.Internal.ConsoleLogger., took 0 ms.
TpTrace Verbose: 0 : 9264, 4, 2024/04/24, 23:31:04.970, 7419830864561, vstest.console.dll, MulticastDelegateUtilities.SafeInvoke: InternalTestLoggerEvents.SendTestResult: Invoking callback 1/1 for Microsoft.VisualStudio.TestPlatform.CommandLine.Internal.ConsoleLogger., took 0 ms.
TpTrace Verbose: 0 : 9264, 4, 2024/04/24, 23:31:04.970, 7419830866280, vstest.console.dll, MulticastDelegateUtilities.SafeInvoke: InternalTestLoggerEvents.SendTestResult: Invoking callback 1/1 for Microsoft.VisualStudio.TestPlatform.CommandLine.Internal.ConsoleLogger., took 0 ms.
TpTrace Verbose: 0 : 9264, 4, 2024/04/24, 23:31:04.970, 7419830868902, vstest.console.dll, MulticastDelegateUtilities.SafeInvoke: InternalTestLoggerEvents.SendTestResult: Invoking callback 1/1 for Microsoft.VisualStudio.TestPlatform.CommandLine.Internal.ConsoleLogger., took 0 ms.
TpTrace Verbose: 0 : 9264, 4, 2024/04/24, 23:31:04.970, 7419830869607, vstest.console.dll, MulticastDelegateUtilities.SafeInvoke: InternalTestLoggerEvents.SendTestResult: Invoking callback 1/1 for Microsoft.VisualStudio.TestPlatform.CommandLine.Internal.ConsoleLogger., took 0 ms.
TpTrace Verbose: 0 : 9264, 4, 2024/04/24, 23:31:04.970, 7419830872180, vstest.console.dll, MulticastDelegateUtilities.SafeInvoke: InternalTestLoggerEvents.SendTestResult: Invoking callback 1/1 for Microsoft.VisualStudio.TestPlatform.CommandLine.Internal.ConsoleLogger., took 0 ms.
TpTrace Verbose: 0 : 9264, 13, 2024/04/24, 23:31:04.990, 7419831062737, vstest.console.dll, TcpClientExtensions.MessageLoopAsync: NotifyDataAvailable remoteEndPoint: 127.0.0.1:61008 localEndPoint: 127.0.0.1:61007
TpTrace Verbose: 0 : 9264, 13, 2024/04/24, 23:31:04.990, 7419831066396, vstest.console.dll, TestRequestSender.OnExecutionMessageReceived: Received message: {"Version":7,"MessageType":"TestExecution.StatsChange","Payload":{"NewTestResults":[{"TestCase":{"Id":"4bf03262-1b99-4184-73a3-c3bf8efc35d8","FullyQualifiedName":"ShoppingAppBLLTests.CustomerBLTest.AddCustomerPassTest","DisplayName":"AddCustomerPassTest","ExecutorUri":"executor://NUnit3TestExecutor","Source":"C:\\dotNet\\Day11\\ShoppingAppSolution\\ShoppingAppBLLTests\\bin\\Debug\\net8.0\\fine-code-coverage\\build-output\\ShoppingAppBLLTests.dll","CodeFilePath":null,"LineNumber":0,"Properties":[{"Key":{"Id":"NUnit.Seed","Label":"Seed","Category":"","Description":"","Attributes":0,"ValueType":"System.String"},"Value":"1953282023"}]},"Attachments":[],"Outcome":1,"ErrorMessage":null,"ErrorStackTrace":null,"DisplayName":"AddCustomerPassTest","Messages":[],"ComputerName":"853CBX3","Duration":"00:00:00.0006750","StartTime":"2024-04-24T18:01:04.8741589+00:00","EndTime":"2024-04-24T18:01:04.8748337+00:00","Properties":[{"Key":{"Id":"NUnit.Seed","Label":"Seed","Category":"","Description":"","Attributes":0,"ValueType":"System.String"},"Value":"1953282023"}]},{"TestCase":{"Id":"e78f3581-62d3-bb60-6657-b1da3ee556bd","FullyQualifiedName":"ShoppingAppBLLTests.CustomerBLTest.CustomerAlreadyExistsExceptionTest","DisplayName":"CustomerAlreadyExistsExceptionTest","ExecutorUri":"executor://NUnit3TestExecutor","Source":"C:\\dotNet\\Day11\\ShoppingAppSolution\\ShoppingAppBLLTests\\bin\\Debug\\net8.0\\fine-code-coverage\\build-output\\ShoppingAppBLLTests.dll","CodeFilePath":null,"LineNumber":0,"Properties":[{"Key":{"Id":"NUnit.Seed","Label":"Seed","Category":"","Description":"","Attributes":0,"ValueType":"System.String"},"Value":"777634386"}]},"Attachments":[],"Outcome":2,"ErrorMessage":"  Expected: <ShoppingAppModelLibrary.CustomExceptions.ObjectAlreadyExistsException>\r\n  But was:  null\r\n","ErrorStackTrace":"   at ShoppingAppBLLTests.CustomerBLTest.CustomerAlreadyExistsExceptionTest() in C:\\dotNet\\Day11\\ShoppingAppSolution\\ShoppingAppBLLTests\\CustomerBLTest.cs:line 44\r\n\n1)    at ShoppingAppBLLTests.CustomerBLTest.CustomerAlreadyExistsExceptionTest() in C:\\dotNet\\Day11\\ShoppingAppSolution\\ShoppingAppBLLTests\\CustomerBLTest.cs:line 44\r\n\n","DisplayName":"CustomerAlreadyExistsExceptionTest","Messages":[],"ComputerName":"853CBX3","Duration":"00:00:00.0005590","StartTime":"2024-04-24T18:01:04.8748463+00:00","EndTime":"2024-04-24T18:01:04.8754054+00:00","Properties":[{"Key":{"Id":"NUnit.Seed","Label":"Seed","Category":"","Description":"","Attributes":0,"ValueType":"System.String"},"Value":"777634386"}]},{"TestCase":{"Id":"977097af-81fc-cac1-c218-648796b8a2ea","FullyQualifiedName":"ShoppingAppBLLTests.CustomerBLTest.CustomerNotAvailableExceptionTest","DisplayName":"CustomerNotAvailableExceptionTest","ExecutorUri":"executor://NUnit3TestExecutor","Source":"C:\\dotNet\\Day11\\ShoppingAppSolution\\ShoppingAppBLLTests\\bin\\Debug\\net8.0\\fine-code-coverage\\build-output\\ShoppingAppBLLTests.dll","CodeFilePath":null,"LineNumber":0,"Properties":[{"Key":{"Id":"NUnit.Seed","Label":"Seed","Category":"","Description":"","Attributes":0,"ValueType":"System.String"},"Value":"2067550718"}]},"Attachments":[],"Outcome":1,"ErrorMessage":null,"ErrorStackTrace":null,"DisplayName":"CustomerNotAvailableExceptionTest","Messages":[],"ComputerName":"853CBX3","Duration":"00:00:00.0009340","StartTime":"2024-04-24T18:01:04.8754173+00:00","EndTime":"2024-04-24T18:01:04.8763516+00:00","Properties":[{"Key":{"Id":"NUnit.Seed","Label":"Seed","Category":"","Description":"","Attributes":0,"ValueType":"System.String"},"Value":"2067550718"}]},{"TestCase":{"Id":"81d53d5a-5334-31ed-af43-55161a6a34b2","FullyQualifiedName":"ShoppingAppBLLTests.CustomerBLTest.DeleteCustomerNotAvailableExceptionTest","DisplayName":"DeleteCustomerNotAvailableExceptionTest","ExecutorUri":"executor://NUnit3TestExecutor","Source":"C:\\dotNet\\Day11\\ShoppingAppSolution\\ShoppingAppBLLTests\\bin\\Debug\\net8.0\\fine-code-coverage\\build-output\\ShoppingAppBLLTests.dll","CodeFilePath":null,"LineNumber":0,"Properties":[{"Key":{"Id":"NUnit.Seed","Label":"Seed","Category":"","Description":"","Attributes":0,"ValueType":"System.String"},"Value":"911327680"}]},"Attachments":[],"Outcome":1,"ErrorMessage":null,"ErrorStackTrace":null,"DisplayName":"DeleteCustomerNotAvailableExceptionTest","Messages":[],"ComputerName":"853CBX3","Duration":"00:00:00.0004500","StartTime":"2024-04-24T18:01:04.8763683+00:00","EndTime":"2024-04-24T18:01:04.8768179+00:00","Properties":[{"Key":{"Id":"NUnit.Seed","Label":"Seed","Category":"","Description":"","Attributes":0,"ValueType":"System.String"},"Value":"911327680"}]},{"TestCase":{"Id":"5fc5df8e-d2b0-3a77-e62d-7635a55ed74f","FullyQualifiedName":"ShoppingAppBLLTests.CustomerBLTest.DeleteCustomerPassTest","DisplayName":"DeleteCustomerPassTest","ExecutorUri":"executor://NUnit3TestExecutor","Source":"C:\\dotNet\\Day11\\ShoppingAppSolution\\ShoppingAppBLLTests\\bin\\Debug\\net8.0\\fine-code-coverage\\build-output\\ShoppingAppBLLTests.dll","CodeFilePath":null,"LineNumber":0,"Properties":[{"Key":{"Id":"NUnit.Seed","Label":"Seed","Category":"","Description":"","Attributes":0,"ValueType":"System.String"},"Value":"1082169386"}]},"Attachments":[],"Outcome":1,"ErrorMessage":null,"ErrorStackTrace":null,"DisplayName":"DeleteCustomerPassTest","Messages":[],"ComputerName":"853CBX3","Duration":"00:00:00.0001000","StartTime":"2024-04-24T18:01:04.8768298+00:00","EndTime":"2024-04-24T18:01:04.8769302+00:00","Properties":[{"Key":{"Id":"NUnit.Seed","Label":"Seed","Category":"","Description":"","Attributes":0,"ValueType":"System.String"},"Value":"1082169386"}]},{"TestCase":{"Id":"7ded3907-584a-d3be-4b77-949b163c2863","FullyQualifiedName":"ShoppingAppBLLTests.CustomerBLTest.GetCustomerPassTest","DisplayName":"GetCustomerPassTest","ExecutorUri":"executor://NUnit3TestExecutor","Source":"C:\\dotNet\\Day11\\ShoppingAppSolution\\ShoppingAppBLLTests\\bin\\Debug\\net8.0\\fine-code-coverage\\build-output\\ShoppingAppBLLTests.dll","CodeFilePath":null,"LineNumber":0,"Properties":[{"Key":{"Id":"NUnit.Seed","Label":"Seed","Category":"","Description":"","Attributes":0,"ValueType":"System.String"},"Value":"56925896"}]},"Attachments":[],"Outcome":1,"ErrorMessage":null,"ErrorStackTrace":null,"DisplayName":"GetCustomerPassTest","Messages":[],"ComputerName":"853CBX3","Duration":"00:00:00.0001100","StartTime":"2024-04-24T18:01:04.8769386+00:00","EndTime":"2024-04-24T18:01:04.877049+00:00","Properties":[{"Key":{"Id":"NUnit.Seed","Label":"Seed","Category":"","Description":"","Attributes":0,"ValueType":"System.String"},"Value":"56925896"}]},{"TestCase":{"Id":"07e402d2-2878-9bbb-42e8-49258a3676a0","FullyQualifiedName":"ShoppingAppBLLTests.CustomerBLTest.UpdateCustomerAddressExceptionTest","DisplayName":"UpdateCustomerAddressExceptionTest","ExecutorUri":"executor://NUnit3TestExecutor","Source":"C:\\dotNet\\Day11\\ShoppingAppSolution\\ShoppingAppBLLTests\\bin\\Debug\\net8.0\\fine-code-coverage\\build-output\\ShoppingAppBLLTests.dll","CodeFilePath":null,"LineNumber":0,"Properties":[{"Key":{"Id":"NUnit.Seed","Label":"Seed","Category":"","Description":"","Attributes":0,"ValueType":"System.String"},"Value":"1468426608"}]},"Attachments":[],"Outcome":1,"ErrorMessage":null,"ErrorStackTrace":null,"DisplayName":"UpdateCustomerAddressExceptionTest","Messages":[],"ComputerName":"853CBX3","Duration":"00:00:00.0004360","StartTime":"2024-04-24T18:01:04.8770576+00:00","EndTime":"2024-04-24T18:01:04.8774935+00:00","Properties":[{"Key":{"Id":"NUnit.Seed","Label":"Seed","Category":"","Description":"","Attributes":0,"ValueType":"System.String"},"Value":"1468426608"}]},{"TestCase":{"Id":"0f640a59-8435-d269-1051-df9335ef10e9","FullyQualifiedName":"ShoppingAppBLLTests.CustomerBLTest.UpdateCustomerAddressPassTest","DisplayName":"UpdateCustomerAddressPassTest","ExecutorUri":"executor://NUnit3TestExecutor","Source":"C:\\dotNet\\Day11\\ShoppingAppSolution\\ShoppingAppBLLTests\\bin\\Debug\\net8.0\\fine-code-coverage\\build-output\\ShoppingAppBLLTests.dll","CodeFilePath":null,"LineNumber":0,"Properties":[{"Key":{"Id":"NUnit.Seed","Label":"Seed","Category":"","Description":"","Attributes":0,"ValueType":"System.String"},"Value":"982427939"}]},"Attachments":[],"Outcome":2,"ErrorMessage":"ShoppingAppModelLibrary.CustomExceptions.ObjectNotAvailableException : Customer with id - 1 not available!","ErrorStackTrace":"   at ShoppingAppBLLLibrary.CustomerBL.UpdateCustomer(Customer customer) in C:\\dotNet\\Day11\\ShoppingAppSolution\\ShoppingAppBLLLibrary\\CustomerBL.cs:line 69\r\n   at ShoppingAppBLLTests.CustomerBLTest.UpdateCustomerAddressPassTest() in C:\\dotNet\\Day11\\ShoppingAppSolution\\ShoppingAppBLLTests\\CustomerBLTest.cs:line 109\r\n   at System.RuntimeMethodHandle.InvokeMethod(Object target, Void** arguments, Signature sig, Boolean isConstructor)\r\n   at System.Reflection.MethodBaseInvoker.InvokeWithNoArgs(Object obj, BindingFlags invokeAttr)\n","DisplayName":"UpdateCustomerAddressPassTest","Messages":[],"ComputerName":"853CBX3","Duration":"00:00:00.0002530","StartTime":"2024-04-24T18:01:04.8775036+00:00","EndTime":"2024-04-24T18:01:04.8777566+00:00","Properties":[{"Key":{"Id":"NUnit.Seed","Label":"Seed","Category":"","Description":"","Attributes":0,"ValueType":"System.String"},"Value":"982427939"}]},{"TestCase":{"Id":"d0fee25a-bc78-54dc-c5aa-d680a93a3fa2","FullyQualifiedName":"ShoppingAppBLLTests.CustomerBLTest.UpdateCustomerExceptionTest","DisplayName":"UpdateCustomerExceptionTest","ExecutorUri":"executor://NUnit3TestExecutor","Source":"C:\\dotNet\\Day11\\ShoppingAppSolution\\ShoppingAppBLLTests\\bin\\Debug\\net8.0\\fine-code-coverage\\build-output\\ShoppingAppBLLTests.dll","CodeFilePath":null,"LineNumber":0,"Properties":[{"Key":{"Id":"NUnit.Seed","Label":"Seed","Category":"","Description":"","Attributes":0,"ValueType":"System.String"},"Value":"1736760827"}]},"Attachments":[],"Outcome":1,"ErrorMessage":null,"ErrorStackTrace":null,"DisplayName":"UpdateCustomerExceptionTest","Messages":[],"ComputerName":"853CBX3","Duration":"00:00:00.0002420","StartTime":"2024-04-24T18:01:04.8777665+00:00","EndTime":"2024-04-24T18:01:04.8780087+00:00","Properties":[{"Key":{"Id":"NUnit.Seed","Label":"Seed","Category":"","Description":"","Attributes":0,"ValueType":"System.String"},"Value":"1736760827"}]}],"TestRunStatistics":{"ExecutedTests":27,"Stats":{"Passed":13,"Failed":14}},"ActiveTests":[{"Id":"28890238-71d2-b5e5-dd26-f0575fe8e60f","FullyQualifiedName":"ShoppingAppBLLTests.CustomerBLTest.UpdateCustomerPassTest","DisplayName":"UpdateCustomerPassTest","ExecutorUri":"executor://NUnit3TestExecutor","Source":"C:\\dotNet\\Day11\\ShoppingAppSolution\\ShoppingAppBLLTests\\bin\\Debug\\net8.0\\fine-code-coverage\\build-output\\ShoppingAppBLLTests.dll","CodeFilePath":null,"LineNumber":0,"Properties":[{"Key":{"Id":"NUnit.Seed","Label":"Seed","Category":"","Description":"","Attributes":0,"ValueType":"System.String"},"Value":"1094121567"}]}]}}
TpTrace Verbose: 0 : 9264, 13, 2024/04/24, 23:31:04.991, 7419831078890, vstest.console.dll, TestRunRequest:SendTestRunStatsChange: Starting.
TpTrace Verbose: 0 : 9264, 13, 2024/04/24, 23:31:04.991, 7419831079711, vstest.console.dll, InProgress is UpdateCustomerPassTest
TpTrace Verbose: 0 : 9264, 13, 2024/04/24, 23:31:04.991, 7419831080713, vstest.console.dll, MulticastDelegateUtilities.SafeInvoke: TestRun.RunStatsChanged: Invoking callbacks was skipped because there are no subscribers.
TpTrace Verbose: 0 : 9264, 4, 2024/04/24, 23:31:04.991, 7419831081129, vstest.console.dll, MulticastDelegateUtilities.SafeInvoke: InternalTestLoggerEvents.SendTestResult: Invoking callback 1/1 for Microsoft.VisualStudio.TestPlatform.CommandLine.Internal.ConsoleLogger., took 0 ms.
TpTrace Information: 0 : 9264, 13, 2024/04/24, 23:31:04.991, 7419831081217, vstest.console.dll, TestRunRequest:SendTestRunStatsChange: Completed.
TpTrace Verbose: 0 : 9264, 13, 2024/04/24, 23:31:04.992, 7419831082725, vstest.console.dll, MulticastDelegateUtilities.SafeInvoke: LengthPrefixCommunicationChannel: MessageReceived: Invoking callback 1/1 for Microsoft.VisualStudio.TestPlatform.CommunicationUtilities.TestRequestSender+<>c__DisplayClass34_0., took 1 ms.
TpTrace Verbose: 0 : 9264, 13, 2024/04/24, 23:31:04.992, 7419831083291, vstest.console.dll, TcpClientExtensions.MessageLoopAsync: Polling on remoteEndPoint: 127.0.0.1:61008 localEndPoint: 127.0.0.1:61007 after 22 ms
TpTrace Verbose: 0 : 9264, 4, 2024/04/24, 23:31:04.992, 7419831083818, vstest.console.dll, MulticastDelegateUtilities.SafeInvoke: InternalTestLoggerEvents.SendTestResult: Invoking callback 1/1 for Microsoft.VisualStudio.TestPlatform.CommandLine.Internal.ConsoleLogger., took 0 ms.
TpTrace Verbose: 0 : 9264, 4, 2024/04/24, 23:31:04.992, 7419831084874, vstest.console.dll, MulticastDelegateUtilities.SafeInvoke: InternalTestLoggerEvents.SendTestResult: Invoking callback 1/1 for Microsoft.VisualStudio.TestPlatform.CommandLine.Internal.ConsoleLogger., took 0 ms.
TpTrace Verbose: 0 : 9264, 4, 2024/04/24, 23:31:04.992, 7419831085333, vstest.console.dll, MulticastDelegateUtilities.SafeInvoke: InternalTestLoggerEvents.SendTestResult: Invoking callback 1/1 for Microsoft.VisualStudio.TestPlatform.CommandLine.Internal.ConsoleLogger., took 0 ms.
TpTrace Verbose: 0 : 9264, 4, 2024/04/24, 23:31:04.992, 7419831085850, vstest.console.dll, MulticastDelegateUtilities.SafeInvoke: InternalTestLoggerEvents.SendTestResult: Invoking callback 1/1 for Microsoft.VisualStudio.TestPlatform.CommandLine.Internal.ConsoleLogger., took 0 ms.
TpTrace Verbose: 0 : 9264, 4, 2024/04/24, 23:31:04.992, 7419831086316, vstest.console.dll, MulticastDelegateUtilities.SafeInvoke: InternalTestLoggerEvents.SendTestResult: Invoking callback 1/1 for Microsoft.VisualStudio.TestPlatform.CommandLine.Internal.ConsoleLogger., took 0 ms.
TpTrace Verbose: 0 : 9264, 4, 2024/04/24, 23:31:04.993, 7419831096641, vstest.console.dll, MulticastDelegateUtilities.SafeInvoke: InternalTestLoggerEvents.SendTestResult: Invoking callback 1/1 for Microsoft.VisualStudio.TestPlatform.CommandLine.Internal.ConsoleLogger., took 0 ms.
TpTrace Verbose: 0 : 9264, 4, 2024/04/24, 23:31:04.993, 7419831099461, vstest.console.dll, MulticastDelegateUtilities.SafeInvoke: InternalTestLoggerEvents.SendTestResult: Invoking callback 1/1 for Microsoft.VisualStudio.TestPlatform.CommandLine.Internal.ConsoleLogger., took 0 ms.
TpTrace Verbose: 0 : 9264, 4, 2024/04/24, 23:31:04.993, 7419831099931, vstest.console.dll, MulticastDelegateUtilities.SafeInvoke: InternalTestLoggerEvents.SendTestResult: Invoking callback 1/1 for Microsoft.VisualStudio.TestPlatform.CommandLine.Internal.ConsoleLogger., took 0 ms.
TpTrace Verbose: 0 : 9264, 13, 2024/04/24, 23:31:05.010, 7419831268546, vstest.console.dll, TcpClientExtensions.MessageLoopAsync: NotifyDataAvailable remoteEndPoint: 127.0.0.1:61008 localEndPoint: 127.0.0.1:61007
TpTrace Verbose: 0 : 9264, 13, 2024/04/24, 23:31:05.011, 7419831272753, vstest.console.dll, TestRequestSender.OnExecutionMessageReceived: Received message: {"Version":7,"MessageType":"TestExecution.StatsChange","Payload":{"NewTestResults":[{"TestCase":{"Id":"28890238-71d2-b5e5-dd26-f0575fe8e60f","FullyQualifiedName":"ShoppingAppBLLTests.CustomerBLTest.UpdateCustomerPassTest","DisplayName":"UpdateCustomerPassTest","ExecutorUri":"executor://NUnit3TestExecutor","Source":"C:\\dotNet\\Day11\\ShoppingAppSolution\\ShoppingAppBLLTests\\bin\\Debug\\net8.0\\fine-code-coverage\\build-output\\ShoppingAppBLLTests.dll","CodeFilePath":null,"LineNumber":0,"Properties":[{"Key":{"Id":"NUnit.Seed","Label":"Seed","Category":"","Description":"","Attributes":0,"ValueType":"System.String"},"Value":"1094121567"}]},"Attachments":[],"Outcome":2,"ErrorMessage":"ShoppingAppModelLibrary.CustomExceptions.ObjectNotAvailableException : Customer with id - 1 not available!","ErrorStackTrace":"   at ShoppingAppBLLLibrary.CustomerBL.UpdateCustomer(Customer customer) in C:\\dotNet\\Day11\\ShoppingAppSolution\\ShoppingAppBLLLibrary\\CustomerBL.cs:line 69\r\n   at ShoppingAppBLLTests.CustomerBLTest.UpdateCustomerPassTest() in C:\\dotNet\\Day11\\ShoppingAppSolution\\ShoppingAppBLLTests\\CustomerBLTest.cs:line 92\r\n   at System.RuntimeMethodHandle.InvokeMethod(Object target, Void** arguments, Signature sig, Boolean isConstructor)\r\n   at System.Reflection.MethodBaseInvoker.InvokeWithNoArgs(Object obj, BindingFlags invokeAttr)\n","DisplayName":"UpdateCustomerPassTest","Messages":[],"ComputerName":"853CBX3","Duration":"00:00:00.0002000","StartTime":"2024-04-24T18:01:04.878018+00:00","EndTime":"2024-04-24T18:01:04.8782177+00:00","Properties":[{"Key":{"Id":"NUnit.Seed","Label":"Seed","Category":"","Description":"","Attributes":0,"ValueType":"System.String"},"Value":"1094121567"}]},{"TestCase":{"Id":"4d45c6fc-f0e2-096e-e5f7-5c7d81fdd7de","FullyQualifiedName":"ShoppingAppBLLTests.CustomerBLTest.UpdateCustomerPhoneNumberExceptionTest","DisplayName":"UpdateCustomerPhoneNumberExceptionTest","ExecutorUri":"executor://NUnit3TestExecutor","Source":"C:\\dotNet\\Day11\\ShoppingAppSolution\\ShoppingAppBLLTests\\bin\\Debug\\net8.0\\fine-code-coverage\\build-output\\ShoppingAppBLLTests.dll","CodeFilePath":null,"LineNumber":0,"Properties":[{"Key":{"Id":"NUnit.Seed","Label":"Seed","Category":"","Description":"","Attributes":0,"ValueType":"System.String"},"Value":"1535974778"}]},"Attachments":[],"Outcome":1,"ErrorMessage":null,"ErrorStackTrace":null,"DisplayName":"UpdateCustomerPhoneNumberExceptionTest","Messages":[],"ComputerName":"853CBX3","Duration":"00:00:00.0002470","StartTime":"2024-04-24T18:01:04.8782268+00:00","EndTime":"2024-04-24T18:01:04.8784739+00:00","Properties":[{"Key":{"Id":"NUnit.Seed","Label":"Seed","Category":"","Description":"","Attributes":0,"ValueType":"System.String"},"Value":"1535974778"}]},{"TestCase":{"Id":"b826bd7a-7a21-dfaa-dacf-d5c5133f913b","FullyQualifiedName":"ShoppingAppBLLTests.CustomerBLTest.UpdateCustomerPhoneNumberPassTest","DisplayName":"UpdateCustomerPhoneNumberPassTest","ExecutorUri":"executor://NUnit3TestExecutor","Source":"C:\\dotNet\\Day11\\ShoppingAppSolution\\ShoppingAppBLLTests\\bin\\Debug\\net8.0\\fine-code-coverage\\build-output\\ShoppingAppBLLTests.dll","CodeFilePath":null,"LineNumber":0,"Properties":[{"Key":{"Id":"NUnit.Seed","Label":"Seed","Category":"","Description":"","Attributes":0,"ValueType":"System.String"},"Value":"1440442898"}]},"Attachments":[],"Outcome":2,"ErrorMessage":"ShoppingAppModelLibrary.CustomExceptions.ObjectNotAvailableException : Customer with id - 1 not available!","ErrorStackTrace":"   at ShoppingAppBLLLibrary.CustomerBL.UpdateCustomer(Customer customer) in C:\\dotNet\\Day11\\ShoppingAppSolution\\ShoppingAppBLLLibrary\\CustomerBL.cs:line 69\r\n   at ShoppingAppBLLTests.CustomerBLTest.UpdateCustomerPhoneNumberPassTest() in C:\\dotNet\\Day11\\ShoppingAppSolution\\ShoppingAppBLLTests\\CustomerBLTest.cs:line 126\r\n   at System.RuntimeMethodHandle.InvokeMethod(Object target, Void** arguments, Signature sig, Boolean isConstructor)\r\n   at System.Reflection.MethodBaseInvoker.InvokeWithNoArgs(Object obj, BindingFlags invokeAttr)\n","DisplayName":"UpdateCustomerPhoneNumberPassTest","Messages":[],"ComputerName":"853CBX3","Duration":"00:00:00.0001770","StartTime":"2024-04-24T18:01:04.8784831+00:00","EndTime":"2024-04-24T18:01:04.8786603+00:00","Properties":[{"Key":{"Id":"NUnit.Seed","Label":"Seed","Category":"","Description":"","Attributes":0,"ValueType":"System.String"},"Value":"1440442898"}]},{"TestCase":{"Id":"d6a316ff-2cb2-948c-59a8-1c270f1b2caa","FullyQualifiedName":"ShoppingAppBLLTests.ProductBLTest.AddProductPassTest","DisplayName":"AddProductPassTest","ExecutorUri":"executor://NUnit3TestExecutor","Source":"C:\\dotNet\\Day11\\ShoppingAppSolution\\ShoppingAppBLLTests\\bin\\Debug\\net8.0\\fine-code-coverage\\build-output\\ShoppingAppBLLTests.dll","CodeFilePath":null,"LineNumber":0,"Properties":[{"Key":{"Id":"NUnit.Seed","Label":"Seed","Category":"","Description":"","Attributes":0,"ValueType":"System.String"},"Value":"1231960607"}]},"Attachments":[],"Outcome":1,"ErrorMessage":null,"ErrorStackTrace":null,"DisplayName":"AddProductPassTest","Messages":[],"ComputerName":"853CBX3","Duration":"00:00:00.0006880","StartTime":"2024-04-24T18:01:04.8787553+00:00","EndTime":"2024-04-24T18:01:04.8794435+00:00","Properties":[{"Key":{"Id":"NUnit.Seed","Label":"Seed","Category":"","Description":"","Attributes":0,"ValueType":"System.String"},"Value":"1231960607"}]},{"TestCase":{"Id":"747dbee0-3f11-f6e0-8535-aa4e2f89e072","FullyQualifiedName":"ShoppingAppBLLTests.ProductBLTest.DeleteProductNotAvailableExceptionTest","DisplayName":"DeleteProductNotAvailableExceptionTest","ExecutorUri":"executor://NUnit3TestExecutor","Source":"C:\\dotNet\\Day11\\ShoppingAppSolution\\ShoppingAppBLLTests\\bin\\Debug\\net8.0\\fine-code-coverage\\build-output\\ShoppingAppBLLTests.dll","CodeFilePath":null,"LineNumber":0,"Properties":[{"Key":{"Id":"NUnit.Seed","Label":"Seed","Category":"","Description":"","Attributes":0,"ValueType":"System.String"},"Value":"2081392342"}]},"Attachments":[],"Outcome":1,"ErrorMessage":null,"ErrorStackTrace":null,"DisplayName":"DeleteProductNotAvailableExceptionTest","Messages":[],"ComputerName":"853CBX3","Duration":"00:00:00.0006669","StartTime":"2024-04-24T18:01:04.8794549+00:00","EndTime":"2024-04-24T18:01:04.8801215+00:00","Properties":[{"Key":{"Id":"NUnit.Seed","Label":"Seed","Category":"","Description":"","Attributes":0,"ValueType":"System.String"},"Value":"2081392342"}]},{"TestCase":{"Id":"7af88fcb-55dc-b63b-7bd1-37b6b5278ba3","FullyQualifiedName":"ShoppingAppBLLTests.ProductBLTest.DeleteProductPassTest","DisplayName":"DeleteProductPassTest","ExecutorUri":"executor://NUnit3TestExecutor","Source":"C:\\dotNet\\Day11\\ShoppingAppSolution\\ShoppingAppBLLTests\\bin\\Debug\\net8.0\\fine-code-coverage\\build-output\\ShoppingAppBLLTests.dll","CodeFilePath":null,"LineNumber":0,"Properties":[{"Key":{"Id":"NUnit.Seed","Label":"Seed","Category":"","Description":"","Attributes":0,"ValueType":"System.String"},"Value":"944208857"}]},"Attachments":[],"Outcome":2,"ErrorMessage":"ShoppingAppModelLibrary.CustomExceptions.ObjectNotAvailableException : Product with id - 1 not available!","ErrorStackTrace":"   at ShoppingAppBLLLibrary.ProductBL.DeleteProductById(Int32 id) in C:\\dotNet\\Day11\\ShoppingAppSolution\\ShoppingAppBLLLibrary\\ProductBL.cs:line 40\r\n   at ShoppingAppBLLTests.ProductBLTest.DeleteProductPassTest() in C:\\dotNet\\Day11\\ShoppingAppSolution\\ShoppingAppBLLTests\\ProductBLTest.cs:line 75\r\n   at System.RuntimeMethodHandle.InvokeMethod(Object target, Void** arguments, Signature sig, Boolean isConstructor)\r\n   at System.Reflection.MethodBaseInvoker.InvokeWithNoArgs(Object obj, BindingFlags invokeAttr)\n","DisplayName":"DeleteProductPassTest","Messages":[],"ComputerName":"853CBX3","Duration":"00:00:00.0001890","StartTime":"2024-04-24T18:01:04.8801319+00:00","EndTime":"2024-04-24T18:01:04.8803206+00:00","Properties":[{"Key":{"Id":"NUnit.Seed","Label":"Seed","Category":"","Description":"","Attributes":0,"ValueType":"System.String"},"Value":"944208857"}]},{"TestCase":{"Id":"ad91c00c-e0d2-0e38-4495-c4cc6dab74a0","FullyQualifiedName":"ShoppingAppBLLTests.ProductBLTest.GetProductPassTest","DisplayName":"GetProductPassTest","ExecutorUri":"executor://NUnit3TestExecutor","Source":"C:\\dotNet\\Day11\\ShoppingAppSolution\\ShoppingAppBLLTests\\bin\\Debug\\net8.0\\fine-code-coverage\\build-output\\ShoppingAppBLLTests.dll","CodeFilePath":null,"LineNumber":0,"Properties":[{"Key":{"Id":"NUnit.Seed","Label":"Seed","Category":"","Description":"","Attributes":0,"ValueType":"System.String"},"Value":"761718993"}]},"Attachments":[],"Outcome":2,"ErrorMessage":"ShoppingAppModelLibrary.CustomExceptions.ObjectNotAvailableException : Product with id - 1 not available!","ErrorStackTrace":"   at ShoppingAppBLLLibrary.ProductBL.GetProductById(Int32 id) in C:\\dotNet\\Day11\\ShoppingAppSolution\\ShoppingAppBLLLibrary\\ProductBL.cs:line 50\r\n   at ShoppingAppBLLTests.ProductBLTest.GetProductPassTest() in C:\\dotNet\\Day11\\ShoppingAppSolution\\ShoppingAppBLLTests\\ProductBLTest.cs:line 56\r\n   at System.RuntimeMethodHandle.InvokeMethod(Object target, Void** arguments, Signature sig, Boolean isConstructor)\r\n   at System.Reflection.MethodBaseInvoker.InvokeWithNoArgs(Object obj, BindingFlags invokeAttr)\n","DisplayName":"GetProductPassTest","Messages":[],"ComputerName":"853CBX3","Duration":"00:00:00.0002730","StartTime":"2024-04-24T18:01:04.880333+00:00","EndTime":"2024-04-24T18:01:04.880606+00:00","Properties":[{"Key":{"Id":"NUnit.Seed","Label":"Seed","Category":"","Description":"","Attributes":0,"ValueType":"System.String"},"Value":"761718993"}]},{"TestCase":{"Id":"ad9f6964-825d-fe71-aafb-0679609b2147","FullyQualifiedName":"ShoppingAppBLLTests.ProductBLTest.ProductAlreadyExistsExceptionTest","DisplayName":"ProductAlreadyExistsExceptionTest","ExecutorUri":"executor://NUnit3TestExecutor","Source":"C:\\dotNet\\Day11\\ShoppingAppSolution\\ShoppingAppBLLTests\\bin\\Debug\\net8.0\\fine-code-coverage\\build-output\\ShoppingAppBLLTests.dll","CodeFilePath":null,"LineNumber":0,"Properties":[{"Key":{"Id":"NUnit.Seed","Label":"Seed","Category":"","Description":"","Attributes":0,"ValueType":"System.String"},"Value":"1711776498"}]},"Attachments":[],"Outcome":2,"ErrorMessage":"  Expected: <ShoppingAppModelLibrary.CustomExceptions.ObjectAlreadyExistsException>\r\n  But was:  null\r\n","ErrorStackTrace":"   at ShoppingAppBLLTests.ProductBLTest.ProductAlreadyExistsExceptionTest() in C:\\dotNet\\Day11\\ShoppingAppSolution\\ShoppingAppBLLTests\\ProductBLTest.cs:line 47\r\n\n1)    at ShoppingAppBLLTests.ProductBLTest.ProductAlreadyExistsExceptionTest() in C:\\dotNet\\Day11\\ShoppingAppSolution\\ShoppingAppBLLTests\\ProductBLTest.cs:line 47\r\n\n","DisplayName":"ProductAlreadyExistsExceptionTest","Messages":[],"ComputerName":"853CBX3","Duration":"00:00:00.0004960","StartTime":"2024-04-24T18:01:04.880616+00:00","EndTime":"2024-04-24T18:01:04.8811123+00:00","Properties":[{"Key":{"Id":"NUnit.Seed","Label":"Seed","Category":"","Description":"","Attributes":0,"ValueType":"System.String"},"Value":"1711776498"}]},{"TestCase":{"Id":"e88630a1-e968-7f9c-ae0a-e33dfce27673","FullyQualifiedName":"ShoppingAppBLLTests.ProductBLTest.ProductNotAvailableExceptionTest","DisplayName":"ProductNotAvailableExceptionTest","ExecutorUri":"executor://NUnit3TestExecutor","Source":"C:\\dotNet\\Day11\\ShoppingAppSolution\\ShoppingAppBLLTests\\bin\\Debug\\net8.0\\fine-code-coverage\\build-output\\ShoppingAppBLLTests.dll","CodeFilePath":null,"LineNumber":0,"Properties":[{"Key":{"Id":"NUnit.Seed","Label":"Seed","Category":"","Description":"","Attributes":0,"ValueType":"System.String"},"Value":"148775158"}]},"Attachments":[],"Outcome":1,"ErrorMessage":null,"ErrorStackTrace":null,"DisplayName":"ProductNotAvailableExceptionTest","Messages":[],"ComputerName":"853CBX3","Duration":"00:00:00.0005019","StartTime":"2024-04-24T18:01:04.8811228+00:00","EndTime":"2024-04-24T18:01:04.8816251+00:00","Properties":[{"Key":{"Id":"NUnit.Seed","Label":"Seed","Category":"","Description":"","Attributes":0,"ValueType":"System.String"},"Value":"148775158"}]}],"TestRunStatistics":{"ExecutedTests":36,"Stats":{"Passed":17,"Failed":19}},"ActiveTests":[{"Id":"f7785650-743e-36dd-bd94-4a0157943750","FullyQualifiedName":"ShoppingAppBLLTests.ProductBLTest.UpdateProductExceptionTest","DisplayName":"UpdateProductExceptionTest","ExecutorUri":"executor://NUnit3TestExecutor","Source":"C:\\dotNet\\Day11\\ShoppingAppSolution\\ShoppingAppBLLTests\\bin\\Debug\\net8.0\\fine-code-coverage\\build-output\\ShoppingAppBLLTests.dll","CodeFilePath":null,"LineNumber":0,"Properties":[{"Key":{"Id":"NUnit.Seed","Label":"Seed","Category":"","Description":"","Attributes":0,"ValueType":"System.String"},"Value":"146007207"}]}]}}
TpTrace Verbose: 0 : 9264, 13, 2024/04/24, 23:31:05.012, 7419831285119, vstest.console.dll, TestRunRequest:SendTestRunStatsChange: Starting.
TpTrace Verbose: 0 : 9264, 13, 2024/04/24, 23:31:05.012, 7419831285786, vstest.console.dll, InProgress is UpdateProductExceptionTest
TpTrace Verbose: 0 : 9264, 13, 2024/04/24, 23:31:05.012, 7419831286393, vstest.console.dll, MulticastDelegateUtilities.SafeInvoke: TestRun.RunStatsChanged: Invoking callbacks was skipped because there are no subscribers.
TpTrace Information: 0 : 9264, 13, 2024/04/24, 23:31:05.012, 7419831287033, vstest.console.dll, TestRunRequest:SendTestRunStatsChange: Completed.
TpTrace Verbose: 0 : 9264, 13, 2024/04/24, 23:31:05.012, 7419831287374, vstest.console.dll, MulticastDelegateUtilities.SafeInvoke: LengthPrefixCommunicationChannel: MessageReceived: Invoking callback 1/1 for Microsoft.VisualStudio.TestPlatform.CommunicationUtilities.TestRequestSender+<>c__DisplayClass34_0., took 1 ms.
TpTrace Verbose: 0 : 9264, 13, 2024/04/24, 23:31:05.012, 7419831287787, vstest.console.dll, TcpClientExtensions.MessageLoopAsync: Polling on remoteEndPoint: 127.0.0.1:61008 localEndPoint: 127.0.0.1:61007 after 20 ms
TpTrace Verbose: 0 : 9264, 4, 2024/04/24, 23:31:05.012, 7419831289240, vstest.console.dll, MulticastDelegateUtilities.SafeInvoke: InternalTestLoggerEvents.SendTestResult: Invoking callback 1/1 for Microsoft.VisualStudio.TestPlatform.CommandLine.Internal.ConsoleLogger., took 0 ms.
TpTrace Verbose: 0 : 9264, 4, 2024/04/24, 23:31:05.012, 7419831289923, vstest.console.dll, MulticastDelegateUtilities.SafeInvoke: InternalTestLoggerEvents.SendTestResult: Invoking callback 1/1 for Microsoft.VisualStudio.TestPlatform.CommandLine.Internal.ConsoleLogger., took 0 ms.
TpTrace Verbose: 0 : 9264, 4, 2024/04/24, 23:31:05.012, 7419831291724, vstest.console.dll, MulticastDelegateUtilities.SafeInvoke: InternalTestLoggerEvents.SendTestResult: Invoking callback 1/1 for Microsoft.VisualStudio.TestPlatform.CommandLine.Internal.ConsoleLogger., took 0 ms.
TpTrace Verbose: 0 : 9264, 4, 2024/04/24, 23:31:05.013, 7419831292666, vstest.console.dll, MulticastDelegateUtilities.SafeInvoke: InternalTestLoggerEvents.SendTestResult: Invoking callback 1/1 for Microsoft.VisualStudio.TestPlatform.CommandLine.Internal.ConsoleLogger., took 0 ms.
TpTrace Verbose: 0 : 9264, 4, 2024/04/24, 23:31:05.013, 7419831293099, vstest.console.dll, MulticastDelegateUtilities.SafeInvoke: InternalTestLoggerEvents.SendTestResult: Invoking callback 1/1 for Microsoft.VisualStudio.TestPlatform.CommandLine.Internal.ConsoleLogger., took 0 ms.
TpTrace Verbose: 0 : 9264, 4, 2024/04/24, 23:31:05.013, 7419831295417, vstest.console.dll, MulticastDelegateUtilities.SafeInvoke: InternalTestLoggerEvents.SendTestResult: Invoking callback 1/1 for Microsoft.VisualStudio.TestPlatform.CommandLine.Internal.ConsoleLogger., took 0 ms.
TpTrace Verbose: 0 : 9264, 4, 2024/04/24, 23:31:05.013, 7419831298274, vstest.console.dll, MulticastDelegateUtilities.SafeInvoke: InternalTestLoggerEvents.SendTestResult: Invoking callback 1/1 for Microsoft.VisualStudio.TestPlatform.CommandLine.Internal.ConsoleLogger., took 0 ms.
TpTrace Verbose: 0 : 9264, 4, 2024/04/24, 23:31:05.013, 7419831300576, vstest.console.dll, MulticastDelegateUtilities.SafeInvoke: InternalTestLoggerEvents.SendTestResult: Invoking callback 1/1 for Microsoft.VisualStudio.TestPlatform.CommandLine.Internal.ConsoleLogger., took 0 ms.
TpTrace Verbose: 0 : 9264, 4, 2024/04/24, 23:31:05.013, 7419831301685, vstest.console.dll, MulticastDelegateUtilities.SafeInvoke: InternalTestLoggerEvents.SendTestResult: Invoking callback 1/1 for Microsoft.VisualStudio.TestPlatform.CommandLine.Internal.ConsoleLogger., took 0 ms.
TpTrace Verbose: 0 : 9264, 13, 2024/04/24, 23:31:05.027, 7419831433359, vstest.console.dll, TcpClientExtensions.MessageLoopAsync: NotifyDataAvailable remoteEndPoint: 127.0.0.1:61008 localEndPoint: 127.0.0.1:61007
TpTrace Verbose: 0 : 9264, 13, 2024/04/24, 23:31:05.027, 7419831434729, vstest.console.dll, TestRequestSender.OnExecutionMessageReceived: Received message: {"Version":7,"MessageType":"TestSession.Message","Payload":{"MessageLevel":0,"Message":"NUnit Adapter 4.5.0.0: Test execution complete"}}
TpTrace Verbose: 0 : 9264, 13, 2024/04/24, 23:31:05.027, 7419831435845, vstest.console.dll, TestRunRequest:SendTestRunMessage: Starting.
TpTrace Verbose: 0 : 9264, 13, 2024/04/24, 23:31:05.027, 7419831436331, vstest.console.dll, MulticastDelegateUtilities.SafeInvoke: TestRun.LogMessages: Invoking callback 1/1 for Microsoft.VisualStudio.TestPlatform.CommandLine.TestRunResultAggregator., took 0 ms.
TpTrace Information: 0 : 9264, 13, 2024/04/24, 23:31:05.027, 7419831436736, vstest.console.dll, TestRunRequest:SendTestRunMessage: Completed.
TpTrace Verbose: 0 : 9264, 13, 2024/04/24, 23:31:05.027, 7419831436982, vstest.console.dll, MulticastDelegateUtilities.SafeInvoke: LengthPrefixCommunicationChannel: MessageReceived: Invoking callback 1/1 for Microsoft.VisualStudio.TestPlatform.CommunicationUtilities.TestRequestSender+<>c__DisplayClass34_0., took 0 ms.
TpTrace Verbose: 0 : 9264, 13, 2024/04/24, 23:31:05.027, 7419831437253, vstest.console.dll, TcpClientExtensions.MessageLoopAsync: Polling on remoteEndPoint: 127.0.0.1:61008 localEndPoint: 127.0.0.1:61007 after 14 ms
TpTrace Verbose: 0 : 9264, 4, 2024/04/24, 23:31:05.027, 7419831437613, vstest.console.dll, MulticastDelegateUtilities.SafeInvoke: InternalTestLoggerEvents.SendTestRunMessage: Invoking callback 1/1 for Microsoft.VisualStudio.TestPlatform.CommandLine.Internal.ConsoleLogger., took 0 ms.
TpTrace Verbose: 0 : 9264, 13, 2024/04/24, 23:31:05.044, 7419831608533, vstest.console.dll, TcpClientExtensions.MessageLoopAsync: NotifyDataAvailable remoteEndPoint: 127.0.0.1:61008 localEndPoint: 127.0.0.1:61007
TpTrace Verbose: 0 : 9264, 13, 2024/04/24, 23:31:05.044, 7419831611687, vstest.console.dll, TestRequestSender.OnExecutionMessageReceived: Received message: {"Version":7,"MessageType":"TestExecution.Completed","Payload":{"TestRunCompleteArgs":{"TestRunStatistics":{"ExecutedTests":40,"Stats":{"Passed":18,"Failed":22}},"IsCanceled":false,"IsAborted":false,"Error":null,"AttachmentSets":[],"InvokedDataCollectors":[],"ElapsedTimeInRunningTests":"00:00:00.3581530","Metrics":{},"DiscoveredExtensions":{"TestDiscoverers":["NUnit.VisualStudio.TestAdapter.NUnit3TestDiscoverer, NUnit3.TestAdapter, Version=4.5.0.0, Culture=neutral, PublicKeyToken=4cb40d35494691ac"],"TestExecutors":["executor://NUnit3TestExecutor"],"TestExecutors2":[],"TestSettingsProviders":[]}},"LastRunTests":{"NewTestResults":[{"TestCase":{"Id":"f7785650-743e-36dd-bd94-4a0157943750","FullyQualifiedName":"ShoppingAppBLLTests.ProductBLTest.UpdateProductExceptionTest","DisplayName":"UpdateProductExceptionTest","ExecutorUri":"executor://NUnit3TestExecutor","Source":"C:\\dotNet\\Day11\\ShoppingAppSolution\\ShoppingAppBLLTests\\bin\\Debug\\net8.0\\fine-code-coverage\\build-output\\ShoppingAppBLLTests.dll","CodeFilePath":null,"LineNumber":0,"Properties":[{"Key":{"Id":"NUnit.Seed","Label":"Seed","Category":"","Description":"","Attributes":0,"ValueType":"System.String"},"Value":"146007207"}]},"Attachments":[],"Outcome":1,"ErrorMessage":null,"ErrorStackTrace":null,"DisplayName":"UpdateProductExceptionTest","Messages":[],"ComputerName":"853CBX3","Duration":"00:00:00.0004680","StartTime":"2024-04-24T18:01:04.8816363+00:00","EndTime":"2024-04-24T18:01:04.8821038+00:00","Properties":[{"Key":{"Id":"NUnit.Seed","Label":"Seed","Category":"","Description":"","Attributes":0,"ValueType":"System.String"},"Value":"146007207"}]},{"TestCase":{"Id":"b7d319aa-a85a-25fc-a1b9-b2f711b496a4","FullyQualifiedName":"ShoppingAppBLLTests.ProductBLTest.UpdateProductPassTest","DisplayName":"UpdateProductPassTest","ExecutorUri":"executor://NUnit3TestExecutor","Source":"C:\\dotNet\\Day11\\ShoppingAppSolution\\ShoppingAppBLLTests\\bin\\Debug\\net8.0\\fine-code-coverage\\build-output\\ShoppingAppBLLTests.dll","CodeFilePath":null,"LineNumber":0,"Properties":[{"Key":{"Id":"NUnit.Seed","Label":"Seed","Category":"","Description":"","Attributes":0,"ValueType":"System.String"},"Value":"1328564363"}]},"Attachments":[],"Outcome":2,"ErrorMessage":"ShoppingAppModelLibrary.CustomExceptions.ObjectNotAvailableException : Product with id - 1 not available!","ErrorStackTrace":"   at ShoppingAppBLLLibrary.ProductBL.UpdateProduct(Product product) in C:\\dotNet\\Day11\\ShoppingAppSolution\\ShoppingAppBLLLibrary\\ProductBL.cs:line 71\r\n   at ShoppingAppBLLTests.ProductBLTest.UpdateProductPassTest() in C:\\dotNet\\Day11\\ShoppingAppSolution\\ShoppingAppBLLTests\\ProductBLTest.cs:line 95\r\n   at System.RuntimeMethodHandle.InvokeMethod(Object target, Void** arguments, Signature sig, Boolean isConstructor)\r\n   at System.Reflection.MethodBaseInvoker.InvokeWithNoArgs(Object obj, BindingFlags invokeAttr)\n","DisplayName":"UpdateProductPassTest","Messages":[],"ComputerName":"853CBX3","Duration":"00:00:00.0002230","StartTime":"2024-04-24T18:01:04.8821147+00:00","EndTime":"2024-04-24T18:01:04.882338+00:00","Properties":[{"Key":{"Id":"NUnit.Seed","Label":"Seed","Category":"","Description":"","Attributes":0,"ValueType":"System.String"},"Value":"1328564363"}]},{"TestCase":{"Id":"1fe55418-0809-84f0-238e-6584218a0f2b","FullyQualifiedName":"ShoppingAppBLLTests.ProductBLTest.UpdateProductPriceExceptionTest","DisplayName":"UpdateProductPriceExceptionTest","ExecutorUri":"executor://NUnit3TestExecutor","Source":"C:\\dotNet\\Day11\\ShoppingAppSolution\\ShoppingAppBLLTests\\bin\\Debug\\net8.0\\fine-code-coverage\\build-output\\ShoppingAppBLLTests.dll","CodeFilePath":null,"LineNumber":0,"Properties":[{"Key":{"Id":"NUnit.Seed","Label":"Seed","Category":"","Description":"","Attributes":0,"ValueType":"System.String"},"Value":"95127056"}]},"Attachments":[],"Outcome":2,"ErrorMessage":"  Expected string length 35 but was 34. Strings differ at index 0.\r\n  Expected: \"Customer with id - 3 not available!\"\r\n  But was:  \"Product with id - 3 not available!\"\r\n  -----------^\r\n","ErrorStackTrace":"   at ShoppingAppBLLTests.ProductBLTest.UpdateProductPriceExceptionTest() in C:\\dotNet\\Day11\\ShoppingAppSolution\\ShoppingAppBLLTests\\ProductBLTest.cs:line 122\r\n\n1)    at ShoppingAppBLLTests.ProductBLTest.UpdateProductPriceExceptionTest() in C:\\dotNet\\Day11\\ShoppingAppSolution\\ShoppingAppBLLTests\\ProductBLTest.cs:line 122\r\n\n","DisplayName":"UpdateProductPriceExceptionTest","Messages":[],"ComputerName":"853CBX3","Duration":"00:00:00.0004860","StartTime":"2024-04-24T18:01:04.8823489+00:00","EndTime":"2024-04-24T18:01:04.8828345+00:00","Properties":[{"Key":{"Id":"NUnit.Seed","Label":"Seed","Category":"","Description":"","Attributes":0,"ValueType":"System.String"},"Value":"95127056"}]},{"TestCase":{"Id":"d6644334-d048-8406-f37c-7cb5a199c8d4","FullyQualifiedName":"ShoppingAppBLLTests.ProductBLTest.UpdateProductPricePassTest","DisplayName":"UpdateProductPricePassTest","ExecutorUri":"executor://NUnit3TestExecutor","Source":"C:\\dotNet\\Day11\\ShoppingAppSolution\\ShoppingAppBLLTests\\bin\\Debug\\net8.0\\fine-code-coverage\\build-output\\ShoppingAppBLLTests.dll","CodeFilePath":null,"LineNumber":0,"Properties":[{"Key":{"Id":"NUnit.Seed","Label":"Seed","Category":"","Description":"","Attributes":0,"ValueType":"System.String"},"Value":"252885715"}]},"Attachments":[],"Outcome":2,"ErrorMessage":"ShoppingAppModelLibrary.CustomExceptions.ObjectNotAvailableException : Product with id - 1 not available!","ErrorStackTrace":"   at ShoppingAppBLLLibrary.ProductBL.UpdateProduct(Product product) in C:\\dotNet\\Day11\\ShoppingAppSolution\\ShoppingAppBLLLibrary\\ProductBL.cs:line 71\r\n   at ShoppingAppBLLTests.ProductBLTest.UpdateProductPricePassTest() in C:\\dotNet\\Day11\\ShoppingAppSolution\\ShoppingAppBLLTests\\ProductBLTest.cs:line 112\r\n   at System.RuntimeMethodHandle.InvokeMethod(Object target, Void** arguments, Signature sig, Boolean isConstructor)\r\n   at System.Reflection.MethodBaseInvoker.InvokeWithNoArgs(Object obj, BindingFlags invokeAttr)\n","DisplayName":"UpdateProductPricePassTest","Messages":[],"ComputerName":"853CBX3","Duration":"00:00:00.0001880","StartTime":"2024-04-24T18:01:04.882845+00:00","EndTime":"2024-04-24T18:01:04.8830325+00:00","Properties":[{"Key":{"Id":"NUnit.Seed","Label":"Seed","Category":"","Description":"","Attributes":0,"ValueType":"System.String"},"Value":"252885715"}]}],"TestRunStatistics":{"ExecutedTests":40,"Stats":{"Passed":18,"Failed":22}},"ActiveTests":[]},"RunAttachments":[],"ExecutorUris":["executor://nunit3testexecutor/"]}}
TpTrace Verbose: 0 : 9264, 13, 2024/04/24, 23:31:05.045, 7419831612941, vstest.console.dll, TestRequestSender.EndSession: Sending end session.
TpTrace Verbose: 0 : 9264, 13, 2024/04/24, 23:31:05.045, 7419831614603, vstest.console.dll, ProxyOperationManager.Close: waiting for test host to exit for 100 ms
TpTrace Verbose: 0 : 9264, 12, 2024/04/24, 23:31:05.076, 7419831930745, vstest.console.dll, TestHostManagerCallbacks.ctor: Experimental forwarding output is disabled.
TpTrace Warning: 0 : 9264, 12, 2024/04/24, 23:31:05.076, 7419831931880, vstest.console.dll, TestHostManagerCallbacks.ErrorReceivedCallback Test host standard error line: 
TpTrace Verbose: 0 : 9264, 12, 2024/04/24, 23:31:05.085, 7419832016076, vstest.console.dll, TestHostProvider.ExitCallBack: Host exited starting callback.
TpTrace Information: 0 : 9264, 12, 2024/04/24, 23:31:05.085, 7419832017746, vstest.console.dll, TestHostManagerCallbacks.ExitCallBack: Testhost processId: 31920 exited with exitcode: 0 error: ''
TpTrace Verbose: 0 : 9264, 12, 2024/04/24, 23:31:05.085, 7419832018149, vstest.console.dll, DotnetTestHostManager.OnHostExited: invoking OnHostExited callback
TpTrace Verbose: 0 : 9264, 12, 2024/04/24, 23:31:05.085, 7419832018726, vstest.console.dll, CrossPlatEngine.TestHostManagerHostExited: calling on client process exit callback.
TpTrace Information: 0 : 9264, 12, 2024/04/24, 23:31:05.085, 7419832019373, vstest.console.dll, TestRequestSender.OnClientProcessExit: Test host process exited. Standard error: 
TpTrace Information: 0 : 9264, 12, 2024/04/24, 23:31:05.085, 7419832019824, vstest.console.dll, SocketServer.Stop: Stop server endPoint: 127.0.0.1:61007
TpTrace Information: 0 : 9264, 12, 2024/04/24, 23:31:05.085, 7419832020161, vstest.console.dll, SocketServer.Stop: Cancellation requested. Stopping message loop.
TpTrace Information: 0 : 9264, 13, 2024/04/24, 23:31:05.085, 7419832019806, vstest.console.dll, SocketServer.Stop: Stop server endPoint: 127.0.0.1:61007
TpTrace Information: 0 : 9264, 13, 2024/04/24, 23:31:05.085, 7419832021696, vstest.console.dll, SocketServer.Stop: Cancellation requested. Stopping message loop.
TpTrace Information: 0 : 9264, 13, 2024/04/24, 23:31:05.085, 7419832022228, vstest.console.dll, Closing the connection
TpTrace Verbose: 0 : 9264, 12, 2024/04/24, 23:31:05.085, 7419832022396, vstest.console.dll, MulticastDelegateUtilities.SafeInvoke: HostProviderEvents.OnHostExited: Invoking callback 1/1 for Microsoft.VisualStudio.TestPlatform.CrossPlatEngine.Client.ProxyOperationManager., took 0 ms.
TpTrace Verbose: 0 : 9264, 13, 2024/04/24, 23:31:05.086, 7419832025336, vstest.console.dll, ProxyDataCollectionManager.InvokeDataCollectionServiceAction: Starting.
TpTrace Information: 0 : 9264, 13, 2024/04/24, 23:31:05.086, 7419832025725, vstest.console.dll, ProxyDataCollectionManager.AfterTestRunEnd: Get attachment set and invoked data collectors processId: 26796 port: 61001
TpTrace Verbose: 0 : 9264, 13, 2024/04/24, 23:31:05.086, 7419832026108, vstest.console.dll, DataCollectionRequestSender.SendAfterTestRunStartAndGetResult: Send AfterTestRunEnd message with isCancelled: False
TpTrace Verbose: 0 : 9264, 13, 2024/04/24, 23:31:05.091, 7419832078047, vstest.console.dll, DataCollectionRequestSender.SendAfterTestRunStartAndGetResult: Received message: (DataCollection.AfterTestRunEndResult) -> {"MessageType":"DataCollection.AfterTestRunEndResult","Payload":{"AttachmentSets":[],"InvokedDataCollectors":[{"Uri":"datacollector://Microsoft/TestPlatform/Extensions/Blame/v1","FriendlyName":"Blame","AssemblyQualifiedName":"Microsoft.TestPlatform.Extensions.BlameDataCollector.BlameCollector, Microsoft.TestPlatform.Extensions.BlameDataCollector, Version=15.0.0.0, Culture=neutral, PublicKeyToken=b03f5f7f11d50a3a","FilePath":"C:\\Program Files\\dotnet\\sdk\\8.0.202\\Extensions\\Microsoft.TestPlatform.Extensions.BlameDataCollector.dll","HasAttachmentProcessor":false}],"Metrics":{}}}
TpTrace Information: 0 : 9264, 13, 2024/04/24, 23:31:05.096, 7419832126061, vstest.console.dll, ProxyDataCollectionManager.InvokeDataCollectionServiceAction: Completed.
TpTrace Warning: 0 : 9264, 10, 2024/04/24, 23:31:05.107, 7419832234314, vstest.console.dll, DataCollectionLauncher.ErrorReceivedCallback datacollector standard error line: 
TpTrace Information: 0 : 9264, 10, 2024/04/24, 23:31:05.113, 7419832299546, vstest.console.dll, DataCollectionLauncher.ExitCallBack: Data collector exited with exitcode: 0 error: ''
TpTrace Verbose: 0 : 9264, 13, 2024/04/24, 23:31:05.120, 7419832365468, vstest.console.dll, TestRunRequest:SendTestRunStatsChange: Starting.
TpTrace Verbose: 0 : 9264, 13, 2024/04/24, 23:31:05.120, 7419832366469, vstest.console.dll, MulticastDelegateUtilities.SafeInvoke: TestRun.RunStatsChanged: Invoking callbacks was skipped because there are no subscribers.
TpTrace Information: 0 : 9264, 13, 2024/04/24, 23:31:05.120, 7419832366714, vstest.console.dll, TestRunRequest:SendTestRunStatsChange: Completed.
TpTrace Verbose: 0 : 9264, 4, 2024/04/24, 23:31:05.120, 7419832367904, vstest.console.dll, MulticastDelegateUtilities.SafeInvoke: InternalTestLoggerEvents.SendTestResult: Invoking callback 1/1 for Microsoft.VisualStudio.TestPlatform.CommandLine.Internal.ConsoleLogger., took 0 ms.
TpTrace Verbose: 0 : 9264, 13, 2024/04/24, 23:31:05.120, 7419832369020, vstest.console.dll, ParallelProxyExecutionManager: HandlePartialRunComplete: Total workloads = 1, Total started clients = 1 Total completed clients = 1, Run complete = True, Run canceled: False.
TpTrace Verbose: 0 : 9264, 13, 2024/04/24, 23:31:05.120, 7419832369376, vstest.console.dll, ParallelProxyExecutionManager: HandlePartialRunComplete: All runs completed stopping all managers.
TpTrace Verbose: 0 : 9264, 13, 2024/04/24, 23:31:05.120, 7419832369849, vstest.console.dll, ParallelOperationManager.StopAllManagers: Stopping all managers.
TpTrace Verbose: 0 : 9264, 13, 2024/04/24, 23:31:05.120, 7419832370114, vstest.console.dll, ParallelOperationManager.ClearSlots: Clearing all slots. Slots should accept more work: False
TpTrace Verbose: 0 : 9264, 13, 2024/04/24, 23:31:05.120, 7419832370540, vstest.console.dll, ParallelOperationManager.SetOccupiedSlotCount: Setting slot counts AvailableSlotCount = 1, OccupiedSlotCount = 0.
TpTrace Verbose: 0 : 9264, 13, 2024/04/24, 23:31:05.120, 7419832370933, vstest.console.dll, Occupied slots:

TpTrace Verbose: 0 : 9264, 4, 2024/04/24, 23:31:05.120, 7419832370907, vstest.console.dll, MulticastDelegateUtilities.SafeInvoke: InternalTestLoggerEvents.SendTestResult: Invoking callback 1/1 for Microsoft.VisualStudio.TestPlatform.CommandLine.Internal.ConsoleLogger., took 0 ms.
TpTrace Verbose: 0 : 9264, 4, 2024/04/24, 23:31:05.121, 7419832374146, vstest.console.dll, MulticastDelegateUtilities.SafeInvoke: InternalTestLoggerEvents.SendTestResult: Invoking callback 1/1 for Microsoft.VisualStudio.TestPlatform.CommandLine.Internal.ConsoleLogger., took 0 ms.
TpTrace Verbose: 0 : 9264, 4, 2024/04/24, 23:31:05.121, 7419832379524, vstest.console.dll, MulticastDelegateUtilities.SafeInvoke: InternalTestLoggerEvents.SendTestResult: Invoking callback 1/1 for Microsoft.VisualStudio.TestPlatform.CommandLine.Internal.ConsoleLogger., took 0 ms.
TpTrace Verbose: 0 : 9264, 4, 2024/04/24, 23:31:05.128, 7419832448651, vstest.console.dll, MulticastDelegateUtilities.SafeInvoke: InternalTestLoggerEvents.SendTestRunComplete: Invoking callback 1/2 for Microsoft.TestPlatform.Extensions.BlameDataCollector.BlameLogger., took 0 ms.
TpTrace Verbose: 0 : 9264, 4, 2024/04/24, 23:31:05.134, 7419832509554, vstest.console.dll, MulticastDelegateUtilities.SafeInvoke: InternalTestLoggerEvents.SendTestRunComplete: Invoking callback 2/2 for Microsoft.VisualStudio.TestPlatform.CommandLine.Internal.ConsoleLogger., took 5 ms.
TpTrace Verbose: 0 : 9264, 13, 2024/04/24, 23:31:05.135, 7419832513371, vstest.console.dll, TestRunRequest:TestRunComplete: Starting. IsAborted:False IsCanceled:False.
TpTrace Verbose: 0 : 9264, 13, 2024/04/24, 23:31:05.135, 7419832514798, vstest.console.dll, ParallelOperationManager.DoActionOnAllManagers: Calling an action on all managers.
TpTrace Verbose: 0 : 9264, 13, 2024/04/24, 23:31:05.135, 7419832521394, vstest.console.dll, TestLoggerManager.HandleTestRunComplete: Ignoring as the object is disposed.
TpTrace Verbose: 0 : 9264, 13, 2024/04/24, 23:31:05.136, 7419832523162, vstest.console.dll, MulticastDelegateUtilities.SafeInvoke: TestRun.TestRunComplete: Invoking callback 1/2 for Microsoft.VisualStudio.TestPlatform.CommandLine.TestRunResultAggregator., took 0 ms.
TpTrace Verbose: 0 : 9264, 13, 2024/04/24, 23:31:05.136, 7419832524145, vstest.console.dll, MulticastDelegateUtilities.SafeInvoke: TestRun.TestRunComplete: Invoking callback 2/2 for Microsoft.VisualStudio.TestPlatform.CommandLine.Processors.RunTestsArgumentExecutor+TestRunRequestEventsRegistrar., took 0 ms.
TpTrace Information: 0 : 9264, 13, 2024/04/24, 23:31:05.136, 7419832525247, vstest.console.dll, TestRunRequest:TestRunComplete: Completed.
TpTrace Verbose: 0 : 9264, 1, 2024/04/24, 23:31:05.136, 7419832525615, vstest.console.dll, TestRunRequest.Dispose: Starting.
TpTrace Verbose: 0 : 9264, 13, 2024/04/24, 23:31:05.136, 7419832525679, vstest.console.dll, TestRequestSender.SetOperationComplete: Setting operation complete.
TpTrace Information: 0 : 9264, 1, 2024/04/24, 23:31:05.136, 7419832526375, vstest.console.dll, TestRunRequest.Dispose: Completed.
TpTrace Information: 0 : 9264, 13, 2024/04/24, 23:31:05.136, 7419832526776, vstest.console.dll, SocketServer.Stop: Stop server endPoint: 127.0.0.1:61007
TpTrace Information: 0 : 9264, 1, 2024/04/24, 23:31:05.136, 7419832527333, vstest.console.dll, TestRequestManager.RunTests: run tests completed.
TpTrace Information: 0 : 9264, 13, 2024/04/24, 23:31:05.136, 7419832527620, vstest.console.dll, SocketServer.Stop: Cancellation requested. Stopping message loop.
TpTrace Verbose: 0 : 9264, 13, 2024/04/24, 23:31:05.136, 7419832529909, vstest.console.dll, MulticastDelegateUtilities.SafeInvoke: LengthPrefixCommunicationChannel: MessageReceived: Invoking callback 1/1 for Microsoft.VisualStudio.TestPlatform.CommunicationUtilities.TestRequestSender+<>c__DisplayClass34_0., took 91 ms.
TpTrace Information: 0 : 9264, 13, 2024/04/24, 23:31:05.136, 7419832530433, vstest.console.dll, SocketServer.PrivateStop: Stopping server endPoint: 127.0.0.1:61007 error: 
TpTrace Information: 0 : 9264, 1, 2024/04/24, 23:31:05.136, 7419832530399, vstest.console.dll, RunTestsArgumentProcessor:Execute: Test run is completed.
TpTrace Verbose: 0 : 9264, 1, 2024/04/24, 23:31:05.137, 7419832533611, vstest.console.dll, Executor.Execute: Exiting with exit code of 1
TpTrace Verbose: 0 : 9264, 13, 2024/04/24, 23:31:05.137, 7419832534252, vstest.console.dll, LengthPrefixCommunicationChannel.Dispose: Dispose reader and writer.
TpTrace Information: 0 : 9264, 13, 2024/04/24, 23:31:05.137, 7419832535031, vstest.console.dll, SocketServer.Stop: Raise disconnected event endPoint: 127.0.0.1:61007 error: 
TpTrace Verbose: 0 : 9264, 13, 2024/04/24, 23:31:05.137, 7419832535960, vstest.console.dll, TestRequestSender: OnTestRunAbort: Operation is already complete. Skip error message.
TpTrace Verbose: 0 : 9264, 13, 2024/04/24, 23:31:05.137, 7419832536388, vstest.console.dll, MulticastDelegateUtilities.SafeInvoke: SocketServer: ClientDisconnected: Invoking callback 1/1 for Microsoft.VisualStudio.TestPlatform.CommunicationUtilities.TestRequestSender., took 0 ms.
TpTrace Verbose: 0 : 9264, 13, 2024/04/24, 23:31:05.137, 7419832536683, vstest.console.dll, TcpClientExtensions.MessageLoopAsync: exiting MessageLoopAsync remoteEndPoint: 127.0.0.1:61008 localEndPoint: 127.0.0.1:61007
